[1.959s] Invoking command in '/home/choi/angchicken_ros2_ws/build/color_detection': PYTHONPATH=/home/choi/angchicken_ros2_ws/build/color_detection/prefix_override:/home/choi/angchicken_ros2_ws/install/color_detection/lib/python3.8/site-packages:${PYTHONPATH} /usr/bin/python3 setup.py develop --uninstall --editable --build-directory /home/choi/angchicken_ros2_ws/build/color_detection/build
[2.426s] running develop
[2.798s] Invoked command in '/home/choi/angchicken_ros2_ws/build/color_detection' returned '0': PYTHONPATH=/home/choi/angchicken_ros2_ws/build/color_detection/prefix_override:/home/choi/angchicken_ros2_ws/install/color_detection/lib/python3.8/site-packages:${PYTHONPATH} /usr/bin/python3 setup.py develop --uninstall --editable --build-directory /home/choi/angchicken_ros2_ws/build/color_detection/build
[2.799s] Invoking command in '/home/choi/angchicken_ros2_ws/src/color_detection': PYTHONPATH=/home/choi/angchicken_ros2_ws/build/color_detection/prefix_override:/home/choi/angchicken_ros2_ws/install/color_detection/lib/python3.8/site-packages:${PYTHONPATH} /usr/bin/python3 setup.py egg_info --egg-base ../../build/color_detection build --build-base /home/choi/angchicken_ros2_ws/build/color_detection/build install --record /home/choi/angchicken_ros2_ws/build/color_detection/install.log --install-scripts $base/lib/color_detection --single-version-externally-managed
[3.210s] running egg_info
[3.212s] writing ../../build/color_detection/color_detection.egg-info/PKG-INFO
[3.212s] writing dependency_links to ../../build/color_detection/color_detection.egg-info/dependency_links.txt
[3.213s] writing entry points to ../../build/color_detection/color_detection.egg-info/entry_points.txt
[3.213s] writing requirements to ../../build/color_detection/color_detection.egg-info/requires.txt
[3.213s] writing top-level names to ../../build/color_detection/color_detection.egg-info/top_level.txt
[3.267s] reading manifest file '../../build/color_detection/color_detection.egg-info/SOURCES.txt'
[3.267s] writing manifest file '../../build/color_detection/color_detection.egg-info/SOURCES.txt'
[3.268s] running build
[3.268s] running build_py
[3.268s] running install
[3.271s] running install_lib
[3.273s] running install_data
[3.274s] running install_egg_info
[3.279s] removing '/home/choi/angchicken_ros2_ws/install/color_detection/lib/python3.8/site-packages/color_detection-0.0.0-py3.8.egg-info' (and everything under it)
[3.279s] Copying ../../build/color_detection/color_detection.egg-info to /home/choi/angchicken_ros2_ws/install/color_detection/lib/python3.8/site-packages/color_detection-0.0.0-py3.8.egg-info
[3.279s] running install_scripts
[3.298s] Installing color_detection_node script to /home/choi/angchicken_ros2_ws/install/color_detection/lib/color_detection
[3.298s] writing list of installed files to '/home/choi/angchicken_ros2_ws/build/color_detection/install.log'
[3.341s] Invoked command in '/home/choi/angchicken_ros2_ws/src/color_detection' returned '0': PYTHONPATH=/home/choi/angchicken_ros2_ws/build/color_detection/prefix_override:/home/choi/angchicken_ros2_ws/install/color_detection/lib/python3.8/site-packages:${PYTHONPATH} /usr/bin/python3 setup.py egg_info --egg-base ../../build/color_detection build --build-base /home/choi/angchicken_ros2_ws/build/color_detection/build install --record /home/choi/angchicken_ros2_ws/build/color_detection/install.log --install-scripts $base/lib/color_detection --single-version-externally-managed
