[1.249s] Invoking command in '/home/choi/angchicken_ros2_ws/build/pump_track': PYTHONPATH=/home/choi/angchicken_ros2_ws/build/pump_track/prefix_override:/home/choi/angchicken_ros2_ws/install/pump_track/lib/python3.8/site-packages:${PYTHONPATH} /usr/bin/python3 setup.py develop --editable --build-directory /home/choi/angchicken_ros2_ws/build/pump_track/build --no-deps install_data
[1.576s] running develop
[1.777s] running egg_info
[1.778s] writing pump_track.egg-info/PKG-INFO
[1.779s] writing dependency_links to pump_track.egg-info/dependency_links.txt
[1.779s] writing entry points to pump_track.egg-info/entry_points.txt
[1.780s] writing requirements to pump_track.egg-info/requires.txt
[1.780s] writing top-level names to pump_track.egg-info/top_level.txt
[1.811s] reading manifest file 'pump_track.egg-info/SOURCES.txt'
[1.812s] writing manifest file 'pump_track.egg-info/SOURCES.txt'
[1.852s] running build_ext
[1.853s] Creating /home/choi/angchicken_ros2_ws/install/pump_track/lib/python3.8/site-packages/pump-track.egg-link (link to .)
[1.854s] Installing army_detect script to /home/choi/angchicken_ros2_ws/install/pump_track/lib/pump_track
[1.855s] Installing diffbot_cont script to /home/choi/angchicken_ros2_ws/install/pump_track/lib/pump_track
[1.855s] Installing pump_pub script to /home/choi/angchicken_ros2_ws/install/pump_track/lib/pump_track
[1.855s] Installing usb_cam script to /home/choi/angchicken_ros2_ws/install/pump_track/lib/pump_track
[1.855s] 
[1.855s] Installed /home/choi/angchicken_ros2_ws/build/pump_track
[1.856s] running install_data
[1.892s] Invoked command in '/home/choi/angchicken_ros2_ws/build/pump_track' returned '0': PYTHONPATH=/home/choi/angchicken_ros2_ws/build/pump_track/prefix_override:/home/choi/angchicken_ros2_ws/install/pump_track/lib/python3.8/site-packages:${PYTHONPATH} /usr/bin/python3 setup.py develop --editable --build-directory /home/choi/angchicken_ros2_ws/build/pump_track/build --no-deps install_data
