[1.513s] Invoking command in '/home/choi/angchicken_ros2_ws/build/text_detection': PYTHONPATH=/home/choi/angchicken_ros2_ws/build/text_detection/prefix_override:/home/choi/angchicken_ros2_ws/install/text_detection/lib/python3.8/site-packages:${PYTHONPATH} /usr/bin/python3 setup.py develop --uninstall --editable --build-directory /home/choi/angchicken_ros2_ws/build/text_detection/build
[1.819s] running develop
[2.048s] Invoked command in '/home/choi/angchicken_ros2_ws/build/text_detection' returned '0': PYTHONPATH=/home/choi/angchicken_ros2_ws/build/text_detection/prefix_override:/home/choi/angchicken_ros2_ws/install/text_detection/lib/python3.8/site-packages:${PYTHONPATH} /usr/bin/python3 setup.py develop --uninstall --editable --build-directory /home/choi/angchicken_ros2_ws/build/text_detection/build
[2.050s] Invoking command in '/home/choi/angchicken_ros2_ws/src/text_detection': PYTHONPATH=/home/choi/angchicken_ros2_ws/build/text_detection/prefix_override:/home/choi/angchicken_ros2_ws/install/text_detection/lib/python3.8/site-packages:${PYTHONPATH} /usr/bin/python3 setup.py egg_info --egg-base ../../build/text_detection build --build-base /home/choi/angchicken_ros2_ws/build/text_detection/build install --record /home/choi/angchicken_ros2_ws/build/text_detection/install.log --install-scripts $base/lib/text_detection --single-version-externally-managed
[2.335s] running egg_info
[2.336s] writing ../../build/text_detection/text_detection.egg-info/PKG-INFO
[2.336s] writing dependency_links to ../../build/text_detection/text_detection.egg-info/dependency_links.txt
[2.336s] writing entry points to ../../build/text_detection/text_detection.egg-info/entry_points.txt
[2.336s] writing requirements to ../../build/text_detection/text_detection.egg-info/requires.txt
[2.336s] writing top-level names to ../../build/text_detection/text_detection.egg-info/top_level.txt
[2.370s] reading manifest file '../../build/text_detection/text_detection.egg-info/SOURCES.txt'
[2.371s] writing manifest file '../../build/text_detection/text_detection.egg-info/SOURCES.txt'
[2.371s] running build
[2.371s] running build_py
[2.371s] running install
[2.372s] running install_lib
[2.374s] running install_data
[2.374s] running install_egg_info
[2.382s] removing '/home/choi/angchicken_ros2_ws/install/text_detection/lib/python3.8/site-packages/text_detection-0.0.0-py3.8.egg-info' (and everything under it)
[2.382s] Copying ../../build/text_detection/text_detection.egg-info to /home/choi/angchicken_ros2_ws/install/text_detection/lib/python3.8/site-packages/text_detection-0.0.0-py3.8.egg-info
[2.382s] running install_scripts
[2.396s] writing list of installed files to '/home/choi/angchicken_ros2_ws/build/text_detection/install.log'
[2.427s] Invoked command in '/home/choi/angchicken_ros2_ws/src/text_detection' returned '0': PYTHONPATH=/home/choi/angchicken_ros2_ws/build/text_detection/prefix_override:/home/choi/angchicken_ros2_ws/install/text_detection/lib/python3.8/site-packages:${PYTHONPATH} /usr/bin/python3 setup.py egg_info --egg-base ../../build/text_detection build --build-base /home/choi/angchicken_ros2_ws/build/text_detection/build install --record /home/choi/angchicken_ros2_ws/build/text_detection/install.log --install-scripts $base/lib/text_detection --single-version-externally-managed
