running egg_info
creating ../../build/line_following_bot/line_following_bot.egg-info
writing ../../build/line_following_bot/line_following_bot.egg-info/PKG-INFO
writing dependency_links to ../../build/line_following_bot/line_following_bot.egg-info/dependency_links.txt
writing entry points to ../../build/line_following_bot/line_following_bot.egg-info/entry_points.txt
writing requirements to ../../build/line_following_bot/line_following_bot.egg-info/requires.txt
writing top-level names to ../../build/line_following_bot/line_following_bot.egg-info/top_level.txt
writing manifest file '../../build/line_following_bot/line_following_bot.egg-info/SOURCES.txt'
reading manifest file '../../build/line_following_bot/line_following_bot.egg-info/SOURCES.txt'
writing manifest file '../../build/line_following_bot/line_following_bot.egg-info/SOURCES.txt'
running build
running build_py
creating /home/choi/angchicken_ros2_ws/build/line_following_bot/build
creating /home/choi/angchicken_ros2_ws/build/line_following_bot/build/lib
creating /home/choi/angchicken_ros2_ws/build/line_following_bot/build/lib/line_following_bot
copying line_following_bot/image_acquisition_node.py -> /home/choi/angchicken_ros2_ws/build/line_following_bot/build/lib/line_following_bot
copying line_following_bot/__init__.py -> /home/choi/angchicken_ros2_ws/build/line_following_bot/build/lib/line_following_bot
running install
running install_lib
creating /home/choi/angchicken_ros2_ws/install/line_following_bot/lib/python3.8/site-packages/line_following_bot
copying /home/choi/angchicken_ros2_ws/build/line_following_bot/build/lib/line_following_bot/image_acquisition_node.py -> /home/choi/angchicken_ros2_ws/install/line_following_bot/lib/python3.8/site-packages/line_following_bot
copying /home/choi/angchicken_ros2_ws/build/line_following_bot/build/lib/line_following_bot/__init__.py -> /home/choi/angchicken_ros2_ws/install/line_following_bot/lib/python3.8/site-packages/line_following_bot
byte-compiling /home/choi/angchicken_ros2_ws/install/line_following_bot/lib/python3.8/site-packages/line_following_bot/image_acquisition_node.py to image_acquisition_node.cpython-38.pyc
byte-compiling /home/choi/angchicken_ros2_ws/install/line_following_bot/lib/python3.8/site-packages/line_following_bot/__init__.py to __init__.cpython-38.pyc
running install_data
creating /home/choi/angchicken_ros2_ws/install/line_following_bot/share/ament_index
creating /home/choi/angchicken_ros2_ws/install/line_following_bot/share/ament_index/resource_index
creating /home/choi/angchicken_ros2_ws/install/line_following_bot/share/ament_index/resource_index/packages
copying resource/line_following_bot -> /home/choi/angchicken_ros2_ws/install/line_following_bot/share/ament_index/resource_index/packages
copying package.xml -> /home/choi/angchicken_ros2_ws/install/line_following_bot/share/line_following_bot
running install_egg_info
Copying ../../build/line_following_bot/line_following_bot.egg-info to /home/choi/angchicken_ros2_ws/install/line_following_bot/lib/python3.8/site-packages/line_following_bot-0.0.0-py3.8.egg-info
running install_scripts
writing list of installed files to '/home/choi/angchicken_ros2_ws/build/line_following_bot/install.log'
