running egg_info
creating ../../build/lane_detection_pkg/lane_detection_pkg.egg-info
writing ../../build/lane_detection_pkg/lane_detection_pkg.egg-info/PKG-INFO
writing dependency_links to ../../build/lane_detection_pkg/lane_detection_pkg.egg-info/dependency_links.txt
writing entry points to ../../build/lane_detection_pkg/lane_detection_pkg.egg-info/entry_points.txt
writing requirements to ../../build/lane_detection_pkg/lane_detection_pkg.egg-info/requires.txt
writing top-level names to ../../build/lane_detection_pkg/lane_detection_pkg.egg-info/top_level.txt
writing manifest file '../../build/lane_detection_pkg/lane_detection_pkg.egg-info/SOURCES.txt'
reading manifest file '../../build/lane_detection_pkg/lane_detection_pkg.egg-info/SOURCES.txt'
writing manifest file '../../build/lane_detection_pkg/lane_detection_pkg.egg-info/SOURCES.txt'
running build
running build_py
creating /home/choi/angchicken_ros2_ws/build/lane_detection_pkg/build
creating /home/choi/angchicken_ros2_ws/build/lane_detection_pkg/build/lib
creating /home/choi/angchicken_ros2_ws/build/lane_detection_pkg/build/lib/lane_detection_pkg
copying lane_detection_pkg/__init__.py -> /home/choi/angchicken_ros2_ws/build/lane_detection_pkg/build/lib/lane_detection_pkg
running install
running install_lib
creating /home/choi/angchicken_ros2_ws/install/lane_detection_pkg/lib/python3.8/site-packages/lane_detection_pkg
copying /home/choi/angchicken_ros2_ws/build/lane_detection_pkg/build/lib/lane_detection_pkg/__init__.py -> /home/choi/angchicken_ros2_ws/install/lane_detection_pkg/lib/python3.8/site-packages/lane_detection_pkg
byte-compiling /home/choi/angchicken_ros2_ws/install/lane_detection_pkg/lib/python3.8/site-packages/lane_detection_pkg/__init__.py to __init__.cpython-38.pyc
running install_data
creating /home/choi/angchicken_ros2_ws/install/lane_detection_pkg/share/ament_index
creating /home/choi/angchicken_ros2_ws/install/lane_detection_pkg/share/ament_index/resource_index
creating /home/choi/angchicken_ros2_ws/install/lane_detection_pkg/share/ament_index/resource_index/packages
copying resource/lane_detection_pkg -> /home/choi/angchicken_ros2_ws/install/lane_detection_pkg/share/ament_index/resource_index/packages
copying package.xml -> /home/choi/angchicken_ros2_ws/install/lane_detection_pkg/share/lane_detection_pkg
running install_egg_info
Copying ../../build/lane_detection_pkg/lane_detection_pkg.egg-info to /home/choi/angchicken_ros2_ws/install/lane_detection_pkg/lib/python3.8/site-packages/lane_detection_pkg-0.0.0-py3.8.egg-info
running install_scripts
writing list of installed files to '/home/choi/angchicken_ros2_ws/build/lane_detection_pkg/install.log'
