[1.192s] Invoking command in '/home/choi/angchicken_ros2_ws/build/pump_track': PYTHONPATH=/home/choi/angchicken_ros2_ws/build/pump_track/prefix_override:/home/choi/angchicken_ros2_ws/install/pump_track/lib/python3.8/site-packages:${PYTHONPATH} /usr/bin/python3 setup.py develop --editable --build-directory /home/choi/angchicken_ros2_ws/build/pump_track/build --no-deps install_data
[1.484s] running develop
[1.672s] running egg_info
[1.672s] creating pump_track.egg-info
[1.672s] writing pump_track.egg-info/PKG-INFO
[1.672s] writing dependency_links to pump_track.egg-info/dependency_links.txt
[1.672s] writing entry points to pump_track.egg-info/entry_points.txt
[1.673s] writing requirements to pump_track.egg-info/requires.txt
[1.673s] writing top-level names to pump_track.egg-info/top_level.txt
[1.674s] writing manifest file 'pump_track.egg-info/SOURCES.txt'
[1.703s] reading manifest file 'pump_track.egg-info/SOURCES.txt'
[1.704s] writing manifest file 'pump_track.egg-info/SOURCES.txt'
[1.740s] running build_ext
[1.740s] Creating /home/choi/angchicken_ros2_ws/install/pump_track/lib/python3.8/site-packages/site.py
[1.742s] Creating /home/choi/angchicken_ros2_ws/install/pump_track/lib/python3.8/site-packages/pump-track.egg-link (link to .)
[1.743s] 
[1.743s] Installed /home/choi/angchicken_ros2_ws/build/pump_track
[1.743s] running install_data
[1.744s] creating /home/choi/angchicken_ros2_ws/install/pump_track/share/ament_index
[1.744s] creating /home/choi/angchicken_ros2_ws/install/pump_track/share/ament_index/resource_index
[1.744s] creating /home/choi/angchicken_ros2_ws/install/pump_track/share/ament_index/resource_index/packages
[1.744s] copying resource/pump_track -> /home/choi/angchicken_ros2_ws/install/pump_track/share/ament_index/resource_index/packages
[1.745s] copying package.xml -> /home/choi/angchicken_ros2_ws/install/pump_track/share/pump_track
[1.774s] Invoked command in '/home/choi/angchicken_ros2_ws/build/pump_track' returned '0': PYTHONPATH=/home/choi/angchicken_ros2_ws/build/pump_track/prefix_override:/home/choi/angchicken_ros2_ws/install/pump_track/lib/python3.8/site-packages:${PYTHONPATH} /usr/bin/python3 setup.py develop --editable --build-directory /home/choi/angchicken_ros2_ws/build/pump_track/build --no-deps install_data
