[1.541s] Invoking command in '/home/choi/angchicken_ros2_ws/build/color_detection': PYTHONPATH=/home/choi/angchicken_ros2_ws/build/color_detection/prefix_override:/home/choi/angchicken_ros2_ws/install/color_detection/lib/python3.8/site-packages:${PYTHONPATH} /usr/bin/python3 setup.py develop --uninstall --editable --build-directory /home/choi/angchicken_ros2_ws/build/color_detection/build
[1.855s] running develop
[2.061s] Removing /home/choi/angchicken_ros2_ws/install/color_detection/lib/python3.8/site-packages/color-detection.egg-link (link to .)
[2.100s] Invoked command in '/home/choi/angchicken_ros2_ws/build/color_detection' returned '0': PYTHONPATH=/home/choi/angchicken_ros2_ws/build/color_detection/prefix_override:/home/choi/angchicken_ros2_ws/install/color_detection/lib/python3.8/site-packages:${PYTHONPATH} /usr/bin/python3 setup.py develop --uninstall --editable --build-directory /home/choi/angchicken_ros2_ws/build/color_detection/build
[2.101s] Invoking command in '/home/choi/angchicken_ros2_ws/src/color_detection': PYTHONPATH=/home/choi/angchicken_ros2_ws/build/color_detection/prefix_override:/home/choi/angchicken_ros2_ws/install/color_detection/lib/python3.8/site-packages:${PYTHONPATH} /usr/bin/python3 setup.py egg_info --egg-base ../../build/color_detection build --build-base /home/choi/angchicken_ros2_ws/build/color_detection/build install --record /home/choi/angchicken_ros2_ws/build/color_detection/install.log --install-scripts $base/lib/color_detection --single-version-externally-managed
[2.408s] running egg_info
[2.408s] writing ../../build/color_detection/color_detection.egg-info/PKG-INFO
[2.408s] writing dependency_links to ../../build/color_detection/color_detection.egg-info/dependency_links.txt
[2.409s] writing entry points to ../../build/color_detection/color_detection.egg-info/entry_points.txt
[2.409s] writing requirements to ../../build/color_detection/color_detection.egg-info/requires.txt
[2.410s] writing top-level names to ../../build/color_detection/color_detection.egg-info/top_level.txt
[2.451s] reading manifest file '../../build/color_detection/color_detection.egg-info/SOURCES.txt'
[2.452s] writing manifest file '../../build/color_detection/color_detection.egg-info/SOURCES.txt'
[2.453s] running build
[2.453s] running build_py
[2.454s] running install
[2.455s] running install_lib
[2.456s] creating /home/choi/angchicken_ros2_ws/install/color_detection/lib/python3.8/site-packages/color_detection
[2.457s] copying /home/choi/angchicken_ros2_ws/build/color_detection/build/lib/color_detection/__init__.py -> /home/choi/angchicken_ros2_ws/install/color_detection/lib/python3.8/site-packages/color_detection
[2.457s] copying /home/choi/angchicken_ros2_ws/build/color_detection/build/lib/color_detection/color_detection.py -> /home/choi/angchicken_ros2_ws/install/color_detection/lib/python3.8/site-packages/color_detection
[2.459s] byte-compiling /home/choi/angchicken_ros2_ws/install/color_detection/lib/python3.8/site-packages/color_detection/__init__.py to __init__.cpython-38.pyc
[2.461s] byte-compiling /home/choi/angchicken_ros2_ws/install/color_detection/lib/python3.8/site-packages/color_detection/color_detection.py to color_detection.cpython-38.pyc
[2.462s] running install_data
[2.463s] running install_egg_info
[2.465s] Copying ../../build/color_detection/color_detection.egg-info to /home/choi/angchicken_ros2_ws/install/color_detection/lib/python3.8/site-packages/color_detection-0.0.0-py3.8.egg-info
[2.471s] running install_scripts
[2.491s] Installing color_detection_node script to /home/choi/angchicken_ros2_ws/install/color_detection/lib/color_detection
[2.491s] writing list of installed files to '/home/choi/angchicken_ros2_ws/build/color_detection/install.log'
[2.521s] Invoked command in '/home/choi/angchicken_ros2_ws/src/color_detection' returned '0': PYTHONPATH=/home/choi/angchicken_ros2_ws/build/color_detection/prefix_override:/home/choi/angchicken_ros2_ws/install/color_detection/lib/python3.8/site-packages:${PYTHONPATH} /usr/bin/python3 setup.py egg_info --egg-base ../../build/color_detection build --build-base /home/choi/angchicken_ros2_ws/build/color_detection/build install --record /home/choi/angchicken_ros2_ws/build/color_detection/install.log --install-scripts $base/lib/color_detection --single-version-externally-managed
