[1.608s] Invoking command in '/home/choi/angchicken_ros2_ws/build/pump_track': PYTHONPATH=/home/choi/angchicken_ros2_ws/build/pump_track/prefix_override:/home/choi/angchicken_ros2_ws/install/pump_track/lib/python3.8/site-packages:${PYTHONPATH} /usr/bin/python3 setup.py develop --editable --build-directory /home/choi/angchicken_ros2_ws/build/pump_track/build --no-deps install_data
[1.968s] running develop
[2.169s] running egg_info
[2.170s] writing pump_track.egg-info/PKG-INFO
[2.170s] writing dependency_links to pump_track.egg-info/dependency_links.txt
[2.171s] writing entry points to pump_track.egg-info/entry_points.txt
[2.171s] writing requirements to pump_track.egg-info/requires.txt
[2.172s] writing top-level names to pump_track.egg-info/top_level.txt
[2.203s] reading manifest file 'pump_track.egg-info/SOURCES.txt'
[2.204s] writing manifest file 'pump_track.egg-info/SOURCES.txt'
[2.241s] running build_ext
[2.242s] Creating /home/choi/angchicken_ros2_ws/install/pump_track/lib/python3.8/site-packages/pump-track.egg-link (link to .)
[2.243s] Installing army_detect script to /home/choi/angchicken_ros2_ws/install/pump_track/lib/pump_track
[2.244s] Installing diffbot_cont script to /home/choi/angchicken_ros2_ws/install/pump_track/lib/pump_track
[2.244s] Installing pump_pub script to /home/choi/angchicken_ros2_ws/install/pump_track/lib/pump_track
[2.245s] Installing usb_cam script to /home/choi/angchicken_ros2_ws/install/pump_track/lib/pump_track
[2.246s] 
[2.246s] Installed /home/choi/angchicken_ros2_ws/build/pump_track
[2.246s] running install_data
[2.508s] Invoked command in '/home/choi/angchicken_ros2_ws/build/pump_track' returned '0': PYTHONPATH=/home/choi/angchicken_ros2_ws/build/pump_track/prefix_override:/home/choi/angchicken_ros2_ws/install/pump_track/lib/python3.8/site-packages:${PYTHONPATH} /usr/bin/python3 setup.py develop --editable --build-directory /home/choi/angchicken_ros2_ws/build/pump_track/build --no-deps install_data
