running develop
running egg_info
writing ../../build/pump_track_2/pump_track_2.egg-info/PKG-INFO
writing dependency_links to ../../build/pump_track_2/pump_track_2.egg-info/dependency_links.txt
writing entry points to ../../build/pump_track_2/pump_track_2.egg-info/entry_points.txt
writing requirements to ../../build/pump_track_2/pump_track_2.egg-info/requires.txt
writing top-level names to ../../build/pump_track_2/pump_track_2.egg-info/top_level.txt
reading manifest file '../../build/pump_track_2/pump_track_2.egg-info/SOURCES.txt'
writing manifest file '../../build/pump_track_2/pump_track_2.egg-info/SOURCES.txt'
running build
running build_py
copying pump_track_2/marker_detection.py -> /home/choi/angchicken_ros2_ws/build/pump_track_2/build/lib/pump_track_2
running install
running install_lib
copying /home/choi/angchicken_ros2_ws/build/pump_track_2/build/lib/pump_track_2/marker_detection.py -> /home/choi/angchicken_ros2_ws/install/pump_track_2/lib/python3.8/site-packages/pump_track_2
byte-compiling /home/choi/angchicken_ros2_ws/install/pump_track_2/lib/python3.8/site-packages/pump_track_2/marker_detection.py to marker_detection.cpython-38.pyc
running install_data
running install_egg_info
removing '/home/choi/angchicken_ros2_ws/install/pump_track_2/lib/python3.8/site-packages/pump_track_2-0.0.0-py3.8.egg-info' (and everything under it)
Copying ../../build/pump_track_2/pump_track_2.egg-info to /home/choi/angchicken_ros2_ws/install/pump_track_2/lib/python3.8/site-packages/pump_track_2-0.0.0-py3.8.egg-info
running install_scripts
Installing marker_detect script to /home/choi/angchicken_ros2_ws/install/pump_track_2/lib/pump_track_2
Installing usb_cam script to /home/choi/angchicken_ros2_ws/install/pump_track_2/lib/pump_track_2
writing list of installed files to '/home/choi/angchicken_ros2_ws/build/pump_track_2/install.log'
