[0.641s] Invoking command in '/home/choi/angchicken_ros2_ws/build/lidar_pkg': CMAKE_PREFIX_PATH=${CMAKE_PREFIX_PATH}:/home/choi/angchicken_ros2_ws/install/text_detection:/home/choi/angchicken_ros2_ws/install/move_py:/home/choi/angchicken_ros2_ws/install/lane_detection_py:/home/choi/angchicken_ros2_ws/install/color_detection:/home/choi/my_bot_ws/install/two_wheel_demo:/home/choi/my_bot_ws/install/ros2_control_test_nodes:/home/choi/my_bot_ws/install/py_pubsub:/home/choi/my_bot_ws/install/odrive_driver:/home/choi/my_bot_ws/install/joy_tester:/home/choi/my_bot_ws/install/diffbot_control_node:/home/choi/my_bot_ws/install/cv_basics /usr/bin/cmake /home/choi/angchicken_ros2_ws/src/lidar_pkg -DAMENT_CMAKE_SYMLINK_INSTALL=1 -DCMAKE_INSTALL_PREFIX=/home/choi/angchicken_ros2_ws/install/lidar_pkg
[0.662s] -- Found ament_cmake: 0.9.12 (/opt/ros/foxy/share/ament_cmake/cmake)
[0.702s] -- Using PYTHON_EXECUTABLE: /usr/bin/python3
[0.935s] -- Override CMake install command with custom implementation using symlinks instead of copying resources
[0.945s] -- Found rclcpp: 2.4.3 (/opt/ros/foxy/share/rclcpp/cmake)
[1.021s] -- Found rmw_implementation_cmake: 1.0.4 (/opt/ros/foxy/share/rmw_implementation_cmake/cmake)
[1.024s] CMake Error at /opt/ros/foxy/share/rmw_implementation/cmake/rmw_implementation-extras.cmake:54 (message):
[1.024s]   The RMW implementation has been specified as 'rmw_fastrtps_cpp' via
[1.024s]   environment variable 'RMW_IMPLEMENTATION', but it is not available at this
[1.024s]   time.
[1.024s] 
[1.024s]   
[1.024s] 
[1.024s]   Currently available middlewares:
[1.024s] 
[1.024s]   ''
[1.025s] Call Stack (most recent call first):
[1.025s]   /opt/ros/foxy/share/rmw_implementation/cmake/rmw_implementationConfig.cmake:41 (include)
[1.025s]   /opt/ros/foxy/share/rcl/cmake/ament_cmake_export_dependencies-extras.cmake:21 (find_package)
[1.025s]   /opt/ros/foxy/share/rcl/cmake/rclConfig.cmake:41 (include)
[1.025s]   /opt/ros/foxy/share/libstatistics_collector/cmake/ament_cmake_export_dependencies-extras.cmake:21 (find_package)
[1.025s]   /opt/ros/foxy/share/libstatistics_collector/cmake/libstatistics_collectorConfig.cmake:41 (include)
[1.025s]   /opt/ros/foxy/share/rclcpp/cmake/ament_cmake_export_dependencies-extras.cmake:21 (find_package)
[1.025s]   /opt/ros/foxy/share/rclcpp/cmake/rclcppConfig.cmake:41 (include)
[1.025s]   CMakeLists.txt:20 (find_package)
[1.025s] 
[1.025s] 
[1.025s] -- Configuring incomplete, errors occurred!
[1.025s] See also "/home/choi/angchicken_ros2_ws/build/lidar_pkg/CMakeFiles/CMakeOutput.log".
[1.025s] See also "/home/choi/angchicken_ros2_ws/build/lidar_pkg/CMakeFiles/CMakeError.log".
[1.034s] Invoked command in '/home/choi/angchicken_ros2_ws/build/lidar_pkg' returned '1': CMAKE_PREFIX_PATH=${CMAKE_PREFIX_PATH}:/home/choi/angchicken_ros2_ws/install/text_detection:/home/choi/angchicken_ros2_ws/install/move_py:/home/choi/angchicken_ros2_ws/install/lane_detection_py:/home/choi/angchicken_ros2_ws/install/color_detection:/home/choi/my_bot_ws/install/two_wheel_demo:/home/choi/my_bot_ws/install/ros2_control_test_nodes:/home/choi/my_bot_ws/install/py_pubsub:/home/choi/my_bot_ws/install/odrive_driver:/home/choi/my_bot_ws/install/joy_tester:/home/choi/my_bot_ws/install/diffbot_control_node:/home/choi/my_bot_ws/install/cv_basics /usr/bin/cmake /home/choi/angchicken_ros2_ws/src/lidar_pkg -DAMENT_CMAKE_SYMLINK_INSTALL=1 -DCMAKE_INSTALL_PREFIX=/home/choi/angchicken_ros2_ws/install/lidar_pkg
