[2.984s] DEBUG:colcon:Command line arguments: ['/usr/bin/colcon', 'build', '--symlink-install']
[2.984s] DEBUG:colcon:Parsed command line arguments: Namespace(allow_overriding=[], ament_cmake_args=None, base_paths=['.'], build_base='build', catkin_cmake_args=None, catkin_skip_building_tests=False, cmake_args=None, cmake_clean_cache=False, cmake_clean_first=False, cmake_force_configure=False, cmake_target=None, cmake_target_skip_unavailable=False, continue_on_error=False, event_handlers=None, executor='parallel', ignore_user_meta=False, install_base='install', log_base=None, log_level=None, main=<bound method BuildVerb.main of <colcon_core.verb.build.BuildVerb object at 0x7f5ec299e490>>, merge_install=False, metas=['./colcon.meta'], packages_above=None, packages_above_and_dependencies=None, packages_above_depth=None, packages_end=None, packages_ignore=None, packages_ignore_regex=None, packages_select=None, packages_select_build_failed=False, packages_select_by_dep=None, packages_select_regex=None, packages_select_test_failures=False, packages_skip=None, packages_skip_build_finished=False, packages_skip_by_dep=None, packages_skip_regex=None, packages_skip_test_passed=False, packages_skip_up_to=None, packages_start=None, packages_up_to=None, packages_up_to_regex=None, parallel_workers=4, paths=None, symlink_install=True, test_result_base=None, verb_extension=<colcon_core.verb.build.BuildVerb object at 0x7f5ec299e490>, verb_name='build', verb_parser=<colcon_defaults.argument_parser.defaults.DefaultArgumentsDecorator object at 0x7f5ec299e9d0>)
[3.262s] Level 1:colcon.colcon_core.package_discovery:discover_packages(colcon_meta) check parameters
[3.262s] Level 1:colcon.colcon_core.package_discovery:discover_packages(recursive) check parameters
[3.262s] Level 1:colcon.colcon_core.package_discovery:discover_packages(ignore) check parameters
[3.262s] Level 1:colcon.colcon_core.package_discovery:discover_packages(path) check parameters
[3.262s] Level 1:colcon.colcon_core.package_discovery:discover_packages(colcon_meta) discover
[3.262s] Level 1:colcon.colcon_core.package_discovery:discover_packages(recursive) discover
[3.262s] INFO:colcon.colcon_core.package_discovery:Crawling recursively for packages in '/home/junwoo/angchicken_ros2_ws'
[3.262s] Level 1:colcon.colcon_core.package_identification:_identify(.) by extensions ['ignore', 'ignore_ament_install']
[3.263s] Level 1:colcon.colcon_core.package_identification:_identify(.) by extension 'ignore'
[3.263s] Level 1:colcon.colcon_core.package_identification:_identify(.) by extension 'ignore_ament_install'
[3.263s] Level 1:colcon.colcon_core.package_identification:_identify(.) by extensions ['colcon_pkg']
[3.263s] Level 1:colcon.colcon_core.package_identification:_identify(.) by extension 'colcon_pkg'
[3.263s] Level 1:colcon.colcon_core.package_identification:_identify(.) by extensions ['colcon_meta']
[3.263s] Level 1:colcon.colcon_core.package_identification:_identify(.) by extension 'colcon_meta'
[3.263s] Level 1:colcon.colcon_core.package_identification:_identify(.) by extensions ['ros']
[3.263s] Level 1:colcon.colcon_core.package_identification:_identify(.) by extension 'ros'
[3.374s] Level 1:colcon.colcon_core.package_identification:_identify(.) by extensions ['cmake', 'python']
[3.375s] Level 1:colcon.colcon_core.package_identification:_identify(.) by extension 'cmake'
[3.375s] Level 1:colcon.colcon_core.package_identification:_identify(.) by extension 'python'
[3.375s] Level 1:colcon.colcon_core.package_identification:_identify(.) by extensions ['python_setup_py']
[3.375s] Level 1:colcon.colcon_core.package_identification:_identify(.) by extension 'python_setup_py'
[3.375s] Level 1:colcon.colcon_core.package_identification:_identify(build) by extensions ['ignore', 'ignore_ament_install']
[3.375s] Level 1:colcon.colcon_core.package_identification:_identify(build) by extension 'ignore'
[3.375s] Level 1:colcon.colcon_core.package_identification:_identify(build) ignored
[3.376s] Level 1:colcon.colcon_core.package_identification:_identify(install) by extensions ['ignore', 'ignore_ament_install']
[3.376s] Level 1:colcon.colcon_core.package_identification:_identify(install) by extension 'ignore'
[3.376s] Level 1:colcon.colcon_core.package_identification:_identify(install) ignored
[3.376s] Level 1:colcon.colcon_core.package_identification:_identify(log) by extensions ['ignore', 'ignore_ament_install']
[3.376s] Level 1:colcon.colcon_core.package_identification:_identify(log) by extension 'ignore'
[3.376s] Level 1:colcon.colcon_core.package_identification:_identify(log) ignored
[3.377s] Level 1:colcon.colcon_core.package_identification:_identify(src) by extensions ['ignore', 'ignore_ament_install']
[3.377s] Level 1:colcon.colcon_core.package_identification:_identify(src) by extension 'ignore'
[3.377s] Level 1:colcon.colcon_core.package_identification:_identify(src) by extension 'ignore_ament_install'
[3.377s] Level 1:colcon.colcon_core.package_identification:_identify(src) by extensions ['colcon_pkg']
[3.377s] Level 1:colcon.colcon_core.package_identification:_identify(src) by extension 'colcon_pkg'
[3.377s] Level 1:colcon.colcon_core.package_identification:_identify(src) by extensions ['colcon_meta']
[3.377s] Level 1:colcon.colcon_core.package_identification:_identify(src) by extension 'colcon_meta'
[3.377s] Level 1:colcon.colcon_core.package_identification:_identify(src) by extensions ['ros']
[3.377s] Level 1:colcon.colcon_core.package_identification:_identify(src) by extension 'ros'
[3.378s] Level 1:colcon.colcon_core.package_identification:_identify(src) by extensions ['cmake', 'python']
[3.378s] Level 1:colcon.colcon_core.package_identification:_identify(src) by extension 'cmake'
[3.378s] Level 1:colcon.colcon_core.package_identification:_identify(src) by extension 'python'
[3.378s] Level 1:colcon.colcon_core.package_identification:_identify(src) by extensions ['python_setup_py']
[3.378s] Level 1:colcon.colcon_core.package_identification:_identify(src) by extension 'python_setup_py'
[3.378s] Level 1:colcon.colcon_core.package_identification:_identify(src/git_test) by extensions ['ignore', 'ignore_ament_install']
[3.378s] Level 1:colcon.colcon_core.package_identification:_identify(src/git_test) by extension 'ignore'
[3.378s] Level 1:colcon.colcon_core.package_identification:_identify(src/git_test) by extension 'ignore_ament_install'
[3.378s] Level 1:colcon.colcon_core.package_identification:_identify(src/git_test) by extensions ['colcon_pkg']
[3.378s] Level 1:colcon.colcon_core.package_identification:_identify(src/git_test) by extension 'colcon_pkg'
[3.379s] Level 1:colcon.colcon_core.package_identification:_identify(src/git_test) by extensions ['colcon_meta']
[3.379s] Level 1:colcon.colcon_core.package_identification:_identify(src/git_test) by extension 'colcon_meta'
[3.379s] Level 1:colcon.colcon_core.package_identification:_identify(src/git_test) by extensions ['ros']
[3.379s] Level 1:colcon.colcon_core.package_identification:_identify(src/git_test) by extension 'ros'
[3.386s] DEBUG:colcon.colcon_core.package_identification:Package 'src/git_test' with type 'ros.ament_python' and name 'git_test'
[3.387s] Level 1:colcon.colcon_core.package_discovery:discover_packages(recursive) using defaults
[3.387s] Level 1:colcon.colcon_core.package_discovery:discover_packages(ignore) discover
[3.387s] Level 1:colcon.colcon_core.package_discovery:discover_packages(ignore) using defaults
[3.387s] Level 1:colcon.colcon_core.package_discovery:discover_packages(path) discover
[3.387s] Level 1:colcon.colcon_core.package_discovery:discover_packages(path) using defaults
[3.454s] Level 1:colcon.colcon_core.package_discovery:discover_packages(prefix_path) check parameters
[3.454s] Level 1:colcon.colcon_core.package_discovery:discover_packages(prefix_path) discover
[3.472s] DEBUG:colcon.colcon_installed_package_information.package_discovery:Found 1 installed packages in /home/junwoo/angchicken_ros2_ws/install
[3.474s] DEBUG:colcon.colcon_installed_package_information.package_discovery:Found 18 installed packages in /home/junwoo/robot_ws/install
[3.476s] DEBUG:colcon.colcon_installed_package_information.package_discovery:Found 373 installed packages in /opt/ros/foxy
[3.478s] Level 1:colcon.colcon_core.package_discovery:discover_packages(prefix_path) using defaults
[3.976s] Level 5:colcon.colcon_core.verb:set package 'git_test' build argument 'cmake_args' from command line to 'None'
[3.976s] Level 5:colcon.colcon_core.verb:set package 'git_test' build argument 'cmake_target' from command line to 'None'
[3.976s] Level 5:colcon.colcon_core.verb:set package 'git_test' build argument 'cmake_target_skip_unavailable' from command line to 'False'
[3.976s] Level 5:colcon.colcon_core.verb:set package 'git_test' build argument 'cmake_clean_cache' from command line to 'False'
[3.976s] Level 5:colcon.colcon_core.verb:set package 'git_test' build argument 'cmake_clean_first' from command line to 'False'
[3.976s] Level 5:colcon.colcon_core.verb:set package 'git_test' build argument 'cmake_force_configure' from command line to 'False'
[3.976s] Level 5:colcon.colcon_core.verb:set package 'git_test' build argument 'ament_cmake_args' from command line to 'None'
[3.976s] Level 5:colcon.colcon_core.verb:set package 'git_test' build argument 'catkin_cmake_args' from command line to 'None'
[3.976s] Level 5:colcon.colcon_core.verb:set package 'git_test' build argument 'catkin_skip_building_tests' from command line to 'False'
[3.976s] DEBUG:colcon.colcon_core.verb:Building package 'git_test' with the following arguments: {'ament_cmake_args': None, 'build_base': '/home/junwoo/angchicken_ros2_ws/build/git_test', 'catkin_cmake_args': None, 'catkin_skip_building_tests': False, 'cmake_args': None, 'cmake_clean_cache': False, 'cmake_clean_first': False, 'cmake_force_configure': False, 'cmake_target': None, 'cmake_target_skip_unavailable': False, 'install_base': '/home/junwoo/angchicken_ros2_ws/install/git_test', 'merge_install': False, 'path': '/home/junwoo/angchicken_ros2_ws/src/git_test', 'symlink_install': True, 'test_result_base': None}
[3.977s] INFO:colcon.colcon_core.executor:Executing jobs using 'parallel' executor
[3.983s] DEBUG:colcon.colcon_parallel_executor.executor.parallel:run_until_complete
[3.984s] INFO:colcon.colcon_ros.task.ament_python.build:Building ROS package in '/home/junwoo/angchicken_ros2_ws/src/git_test' with build type 'ament_python'
[3.984s] Level 1:colcon.colcon_core.shell:create_environment_hook('git_test', 'ament_prefix_path')
[4.013s] INFO:colcon.colcon_core.plugin_system:Skipping extension 'colcon_core.shell.bat': Not used on non-Windows systems
[4.013s] INFO:colcon.colcon_core.shell:Creating environment hook '/home/junwoo/angchicken_ros2_ws/install/git_test/share/git_test/hook/ament_prefix_path.ps1'
[4.015s] INFO:colcon.colcon_core.shell:Creating environment descriptor '/home/junwoo/angchicken_ros2_ws/install/git_test/share/git_test/hook/ament_prefix_path.dsv'
[4.023s] INFO:colcon.colcon_core.shell:Creating environment hook '/home/junwoo/angchicken_ros2_ws/install/git_test/share/git_test/hook/ament_prefix_path.sh'
[4.030s] INFO:colcon.colcon_core.shell:Skip shell extension 'powershell' for command environment: Not usable outside of PowerShell
[4.030s] DEBUG:colcon.colcon_core.shell:Skip shell extension 'dsv' for command environment
[4.309s] INFO:colcon.colcon_core.task.python.build:Building Python package in '/home/junwoo/angchicken_ros2_ws/src/git_test'
[4.313s] INFO:colcon.colcon_core.shell:Skip shell extension 'powershell' for command environment: Not usable outside of PowerShell
[4.313s] DEBUG:colcon.colcon_core.shell:Skip shell extension 'dsv' for command environment
[5.274s] DEBUG:colcon.colcon_core.event_handler.log_command:Invoking command in '/home/junwoo/angchicken_ros2_ws/build/git_test': PYTHONPATH=/home/junwoo/angchicken_ros2_ws/build/git_test/prefix_override:/home/junwoo/angchicken_ros2_ws/install/git_test/lib/python3.8/site-packages:${PYTHONPATH} /usr/bin/python3 setup.py develop --editable --build-directory /home/junwoo/angchicken_ros2_ws/build/git_test/build --no-deps install_data
[5.782s] Level 1:colcon.colcon_core.shell:create_environment_hook('git_test', 'pythonpath_develop')
[5.785s] INFO:colcon.colcon_core.shell:Creating environment hook '/home/junwoo/angchicken_ros2_ws/build/git_test/share/git_test/hook/pythonpath_develop.ps1'
[5.786s] DEBUG:colcon.colcon_core.event_handler.log_command:Invoked command in '/home/junwoo/angchicken_ros2_ws/build/git_test' returned '0': PYTHONPATH=/home/junwoo/angchicken_ros2_ws/build/git_test/prefix_override:/home/junwoo/angchicken_ros2_ws/install/git_test/lib/python3.8/site-packages:${PYTHONPATH} /usr/bin/python3 setup.py develop --editable --build-directory /home/junwoo/angchicken_ros2_ws/build/git_test/build --no-deps install_data
[5.786s] INFO:colcon.colcon_core.shell:Creating environment descriptor '/home/junwoo/angchicken_ros2_ws/build/git_test/share/git_test/hook/pythonpath_develop.dsv'
[5.787s] INFO:colcon.colcon_core.shell:Creating environment hook '/home/junwoo/angchicken_ros2_ws/build/git_test/share/git_test/hook/pythonpath_develop.sh'
[5.839s] Level 1:colcon.colcon_core.environment:checking '/home/junwoo/angchicken_ros2_ws/install/git_test' for CMake module files
[5.839s] Level 1:colcon.colcon_core.environment:checking '/home/junwoo/angchicken_ros2_ws/install/git_test' for CMake config files
[5.840s] Level 1:colcon.colcon_core.environment:checking '/home/junwoo/angchicken_ros2_ws/install/git_test/lib'
[5.840s] Level 1:colcon.colcon_core.environment:checking '/home/junwoo/angchicken_ros2_ws/install/git_test/bin'
[5.840s] Level 1:colcon.colcon_core.environment:checking '/home/junwoo/angchicken_ros2_ws/install/git_test/lib/pkgconfig/git_test.pc'
[5.840s] Level 1:colcon.colcon_core.environment:checking '/home/junwoo/angchicken_ros2_ws/install/git_test/lib/python3.8/site-packages'
[5.840s] Level 1:colcon.colcon_core.shell:create_environment_hook('git_test', 'pythonpath')
[5.842s] INFO:colcon.colcon_core.shell:Creating environment hook '/home/junwoo/angchicken_ros2_ws/install/git_test/share/git_test/hook/pythonpath.ps1'
[5.843s] INFO:colcon.colcon_core.shell:Creating environment descriptor '/home/junwoo/angchicken_ros2_ws/install/git_test/share/git_test/hook/pythonpath.dsv'
[5.843s] INFO:colcon.colcon_core.shell:Creating environment hook '/home/junwoo/angchicken_ros2_ws/install/git_test/share/git_test/hook/pythonpath.sh'
[5.844s] Level 1:colcon.colcon_core.environment:checking '/home/junwoo/angchicken_ros2_ws/install/git_test/bin'
[5.844s] Level 1:colcon.colcon_core.environment:create_environment_scripts_only(git_test)
[5.846s] INFO:colcon.colcon_core.shell:Creating package script '/home/junwoo/angchicken_ros2_ws/install/git_test/share/git_test/package.ps1'
[5.849s] INFO:colcon.colcon_core.shell:Creating package descriptor '/home/junwoo/angchicken_ros2_ws/install/git_test/share/git_test/package.dsv'
[5.850s] INFO:colcon.colcon_core.shell:Creating package script '/home/junwoo/angchicken_ros2_ws/install/git_test/share/git_test/package.sh'
[5.852s] INFO:colcon.colcon_core.shell:Creating package script '/home/junwoo/angchicken_ros2_ws/install/git_test/share/git_test/package.bash'
[5.854s] INFO:colcon.colcon_core.shell:Creating package script '/home/junwoo/angchicken_ros2_ws/install/git_test/share/git_test/package.zsh'
[5.855s] Level 1:colcon.colcon_core.environment:create_file_with_runtime_dependencies(/home/junwoo/angchicken_ros2_ws/install/git_test/share/colcon-core/packages/git_test)
[5.856s] DEBUG:colcon.colcon_parallel_executor.executor.parallel:closing loop
[5.856s] DEBUG:colcon.colcon_parallel_executor.executor.parallel:loop closed
[5.857s] DEBUG:colcon.colcon_parallel_executor.executor.parallel:run_until_complete finished with '0'
[5.857s] DEBUG:colcon.colcon_core.event_reactor:joining thread
[5.878s] INFO:colcon.colcon_core.plugin_system:Skipping extension 'colcon_notification.desktop_notification.terminal_notifier': Not used on non-Darwin systems
[5.878s] INFO:colcon.colcon_core.plugin_system:Skipping extension 'colcon_notification.desktop_notification.win32': Not used on non-Windows systems
[5.878s] INFO:colcon.colcon_notification.desktop_notification:Sending desktop notification using 'notify2'
[6.252s] DEBUG:colcon.colcon_core.event_reactor:joined thread
[6.256s] INFO:colcon.colcon_core.shell:Creating prefix script '/home/junwoo/angchicken_ros2_ws/install/local_setup.ps1'
[6.258s] INFO:colcon.colcon_core.shell:Creating prefix util module '/home/junwoo/angchicken_ros2_ws/install/_local_setup_util_ps1.py'
[6.261s] INFO:colcon.colcon_core.shell:Creating prefix chain script '/home/junwoo/angchicken_ros2_ws/install/setup.ps1'
[6.264s] INFO:colcon.colcon_core.shell:Creating prefix script '/home/junwoo/angchicken_ros2_ws/install/local_setup.sh'
[6.266s] INFO:colcon.colcon_core.shell:Creating prefix util module '/home/junwoo/angchicken_ros2_ws/install/_local_setup_util_sh.py'
[6.266s] INFO:colcon.colcon_core.shell:Creating prefix chain script '/home/junwoo/angchicken_ros2_ws/install/setup.sh'
[6.269s] INFO:colcon.colcon_core.shell:Creating prefix script '/home/junwoo/angchicken_ros2_ws/install/local_setup.bash'
[6.271s] INFO:colcon.colcon_core.shell:Creating prefix chain script '/home/junwoo/angchicken_ros2_ws/install/setup.bash'
[6.274s] INFO:colcon.colcon_core.shell:Creating prefix script '/home/junwoo/angchicken_ros2_ws/install/local_setup.zsh'
[6.284s] INFO:colcon.colcon_core.shell:Creating prefix chain script '/home/junwoo/angchicken_ros2_ws/install/setup.zsh'
