[1.166s] Invoking command in '/home/choi/angchicken_ros2_ws/build/pump_track': PYTHONPATH=/home/choi/angchicken_ros2_ws/build/pump_track/prefix_override:/home/choi/angchicken_ros2_ws/install/pump_track/lib/python3.8/site-packages:${PYTHONPATH} /usr/bin/python3 setup.py develop --editable --build-directory /home/choi/angchicken_ros2_ws/build/pump_track/build --no-deps install_data
[1.457s] running develop
[1.647s] running egg_info
[1.647s] writing pump_track.egg-info/PKG-INFO
[1.647s] writing dependency_links to pump_track.egg-info/dependency_links.txt
[1.648s] writing entry points to pump_track.egg-info/entry_points.txt
[1.648s] writing requirements to pump_track.egg-info/requires.txt
[1.648s] writing top-level names to pump_track.egg-info/top_level.txt
[1.678s] reading manifest file 'pump_track.egg-info/SOURCES.txt'
[1.679s] writing manifest file 'pump_track.egg-info/SOURCES.txt'
[1.715s] running build_ext
[1.715s] Creating /home/choi/angchicken_ros2_ws/install/pump_track/lib/python3.8/site-packages/pump-track.egg-link (link to .)
[1.717s] Installing diffbot_cont script to /home/choi/angchicken_ros2_ws/install/pump_track/lib/pump_track
[1.717s] Installing pump_pub script to /home/choi/angchicken_ros2_ws/install/pump_track/lib/pump_track
[1.717s] 
[1.717s] Installed /home/choi/angchicken_ros2_ws/build/pump_track
[1.717s] running install_data
[1.717s] creating /home/choi/angchicken_ros2_ws/install/pump_track/share/pump_track/launch
[1.718s] copying launch/launch.py -> /home/choi/angchicken_ros2_ws/install/pump_track/share/pump_track/launch
[1.748s] Invoked command in '/home/choi/angchicken_ros2_ws/build/pump_track' returned '0': PYTHONPATH=/home/choi/angchicken_ros2_ws/build/pump_track/prefix_override:/home/choi/angchicken_ros2_ws/install/pump_track/lib/python3.8/site-packages:${PYTHONPATH} /usr/bin/python3 setup.py develop --editable --build-directory /home/choi/angchicken_ros2_ws/build/pump_track/build --no-deps install_data
