[1.276s] Invoking command in '/home/choi/angchicken_ros2_ws/build/pump_track': PYTHONPATH=/home/choi/angchicken_ros2_ws/build/pump_track/prefix_override:/home/choi/angchicken_ros2_ws/install/pump_track/lib/python3.8/site-packages:${PYTHONPATH} /usr/bin/python3 setup.py develop --editable --build-directory /home/choi/angchicken_ros2_ws/build/pump_track/build --no-deps install_data
[1.715s] running develop
[2.010s] running egg_info
[2.026s] writing pump_track.egg-info/PKG-INFO
[2.026s] writing dependency_links to pump_track.egg-info/dependency_links.txt
[2.026s] writing entry points to pump_track.egg-info/entry_points.txt
[2.026s] writing requirements to pump_track.egg-info/requires.txt
[2.026s] writing top-level names to pump_track.egg-info/top_level.txt
[2.072s] reading manifest file 'pump_track.egg-info/SOURCES.txt'
[2.072s] writing manifest file 'pump_track.egg-info/SOURCES.txt'
[2.139s] running build_ext
[2.139s] Creating /home/choi/angchicken_ros2_ws/install/pump_track/lib/python3.8/site-packages/pump-track.egg-link (link to .)
[2.140s] Installing army_detect script to /home/choi/angchicken_ros2_ws/install/pump_track/lib/pump_track
[2.140s] Installing diffbot_cont script to /home/choi/angchicken_ros2_ws/install/pump_track/lib/pump_track
[2.140s] Installing pump_pub script to /home/choi/angchicken_ros2_ws/install/pump_track/lib/pump_track
[2.140s] Installing usb_cam script to /home/choi/angchicken_ros2_ws/install/pump_track/lib/pump_track
[2.140s] 
[2.140s] Installed /home/choi/angchicken_ros2_ws/build/pump_track
[2.141s] running install_data
[2.189s] Invoked command in '/home/choi/angchicken_ros2_ws/build/pump_track' returned '0': PYTHONPATH=/home/choi/angchicken_ros2_ws/build/pump_track/prefix_override:/home/choi/angchicken_ros2_ws/install/pump_track/lib/python3.8/site-packages:${PYTHONPATH} /usr/bin/python3 setup.py develop --editable --build-directory /home/choi/angchicken_ros2_ws/build/pump_track/build --no-deps install_data
