[1.187s] Invoking command in '/home/choi/angchicken_ros2_ws/build/move_py': PYTHONPATH=/home/choi/angchicken_ros2_ws/build/move_py/prefix_override:/home/choi/angchicken_ros2_ws/install/move_py/lib/python3.8/site-packages:${PYTHONPATH} /usr/bin/python3 setup.py develop --uninstall --editable --build-directory /home/choi/angchicken_ros2_ws/build/move_py/build
[1.502s] running develop
[1.718s] Removing /home/choi/angchicken_ros2_ws/install/move_py/lib/python3.8/site-packages/move-py.egg-link (link to .)
[1.755s] Invoked command in '/home/choi/angchicken_ros2_ws/build/move_py' returned '0': PYTHONPATH=/home/choi/angchicken_ros2_ws/build/move_py/prefix_override:/home/choi/angchicken_ros2_ws/install/move_py/lib/python3.8/site-packages:${PYTHONPATH} /usr/bin/python3 setup.py develop --uninstall --editable --build-directory /home/choi/angchicken_ros2_ws/build/move_py/build
[1.756s] Invoking command in '/home/choi/angchicken_ros2_ws/src/move_py': PYTHONPATH=/home/choi/angchicken_ros2_ws/build/move_py/prefix_override:/home/choi/angchicken_ros2_ws/install/move_py/lib/python3.8/site-packages:${PYTHONPATH} /usr/bin/python3 setup.py egg_info --egg-base ../../build/move_py build --build-base /home/choi/angchicken_ros2_ws/build/move_py/build install --record /home/choi/angchicken_ros2_ws/build/move_py/install.log --install-scripts $base/lib/move_py --single-version-externally-managed
[2.068s] running egg_info
[2.069s] writing ../../build/move_py/move_py.egg-info/PKG-INFO
[2.069s] writing dependency_links to ../../build/move_py/move_py.egg-info/dependency_links.txt
[2.069s] writing entry points to ../../build/move_py/move_py.egg-info/entry_points.txt
[2.070s] writing requirements to ../../build/move_py/move_py.egg-info/requires.txt
[2.071s] writing top-level names to ../../build/move_py/move_py.egg-info/top_level.txt
[2.107s] reading manifest file '../../build/move_py/move_py.egg-info/SOURCES.txt'
[2.108s] writing manifest file '../../build/move_py/move_py.egg-info/SOURCES.txt'
[2.108s] running build
[2.109s] running build_py
[2.109s] running install
[2.111s] running install_lib
[2.113s] creating /home/choi/angchicken_ros2_ws/install/move_py/lib/python3.8/site-packages/move_py
[2.113s] copying /home/choi/angchicken_ros2_ws/build/move_py/build/lib/move_py/robot_motion_node.py -> /home/choi/angchicken_ros2_ws/install/move_py/lib/python3.8/site-packages/move_py
[2.114s] copying /home/choi/angchicken_ros2_ws/build/move_py/build/lib/move_py/__init__.py -> /home/choi/angchicken_ros2_ws/install/move_py/lib/python3.8/site-packages/move_py
[2.115s] byte-compiling /home/choi/angchicken_ros2_ws/install/move_py/lib/python3.8/site-packages/move_py/robot_motion_node.py to robot_motion_node.cpython-38.pyc
[2.118s] byte-compiling /home/choi/angchicken_ros2_ws/install/move_py/lib/python3.8/site-packages/move_py/__init__.py to __init__.cpython-38.pyc
[2.118s] running install_data
[2.120s] running install_egg_info
[2.124s] Copying ../../build/move_py/move_py.egg-info to /home/choi/angchicken_ros2_ws/install/move_py/lib/python3.8/site-packages/move_py-0.0.0-py3.8.egg-info
[2.125s] running install_scripts
[2.146s] Installing robot_motion_node script to /home/choi/angchicken_ros2_ws/install/move_py/lib/move_py
[2.147s] writing list of installed files to '/home/choi/angchicken_ros2_ws/build/move_py/install.log'
[2.177s] Invoked command in '/home/choi/angchicken_ros2_ws/src/move_py' returned '0': PYTHONPATH=/home/choi/angchicken_ros2_ws/build/move_py/prefix_override:/home/choi/angchicken_ros2_ws/install/move_py/lib/python3.8/site-packages:${PYTHONPATH} /usr/bin/python3 setup.py egg_info --egg-base ../../build/move_py build --build-base /home/choi/angchicken_ros2_ws/build/move_py/build install --record /home/choi/angchicken_ros2_ws/build/move_py/install.log --install-scripts $base/lib/move_py --single-version-externally-managed
