[0.066s] Invoking command in '/home/choi/angchicken_ros2_ws/build/my_bot': CMAKE_PREFIX_PATH=${CMAKE_PREFIX_PATH}:/home/choi/angchicken_ros2_ws/install/text_detection:/home/choi/angchicken_ros2_ws/install/pump_track:/home/choi/angchicken_ros2_ws/install/move_py:/home/choi/angchicken_ros2_ws/install/line_following_bot:/home/choi/angchicken_ros2_ws/install/lane_detection_py:/home/choi/angchicken_ros2_ws/install/lane_detection_pkg:/home/choi/angchicken_ros2_ws/install/color_detection:/home/choi/my_bot_ws/install/two_wheel_demo:/home/choi/my_bot_ws/install/ros2_control_test_nodes:/home/choi/my_bot_ws/install/py_pubsub:/home/choi/my_bot_ws/install/pump_track:/home/choi/my_bot_ws/install/odrive_driver:/home/choi/my_bot_ws/install/joy_tester:/home/choi/my_bot_ws/install/diffbot_control_node:/home/choi/my_bot_ws/install/cv_basics:/opt/ros/foxy /home/choi/.local/bin/cmake /home/choi/angchicken_ros2_ws/src/my_bot -DCMAKE_INSTALL_PREFIX=/home/choi/angchicken_ros2_ws/install/my_bot
[0.726s] -- Found ament_cmake: 0.9.12 (/opt/ros/foxy/share/ament_cmake/cmake)
[0.727s] -- Using PYTHON_EXECUTABLE: /usr/bin/python3
[0.727s] -- Override CMake install command with custom implementation using symlinks instead of copying resources
[0.730s] -- Found ament_lint_auto: 0.9.8 (/opt/ros/foxy/share/ament_lint_auto/cmake)
[0.730s] -- Added test 'copyright' to check source files copyright and LICENSE
[0.731s] -- Added test 'flake8' to check Python code syntax and style conventions
[0.731s] -- Added test 'lint_cmake' to check CMake code style
[0.733s] -- Added test 'pep257' to check Python code against some of the style conventions in PEP 257
[0.734s] -- Added test 'xmllint' to check XML markup files
[0.734s] -- Configuring done (0.4s)
[0.734s] -- Generating done (0.0s)
[0.734s] -- Build files have been written to: /home/choi/angchicken_ros2_ws/build/my_bot
[0.734s] [33mCMake Warning (dev) at /opt/ros/foxy/share/ament_cmake_core/cmake/core/python.cmake:22 (find_package):
[0.734s]   Policy CMP0148 is not set: The FindPythonInterp and FindPythonLibs modules
[0.734s]   are removed.  Run "cmake --help-policy CMP0148" for policy details.  Use
[0.734s]   the cmake_policy command to set the policy and suppress this warning.
[0.734s] 
[0.734s] Call Stack (most recent call first):
[0.734s]   /opt/ros/foxy/share/ament_cmake_core/cmake/core/all.cmake:53 (include)
[0.735s]   /opt/ros/foxy/share/ament_cmake_core/cmake/ament_cmake_core-extras.cmake:17 (include)
[0.735s]   /opt/ros/foxy/share/ament_cmake_core/cmake/ament_cmake_coreConfig.cmake:41 (include)
[0.735s]   /opt/ros/foxy/share/ament_cmake/cmake/ament_cmake_export_dependencies-extras.cmake:15 (find_package)
[0.735s]   /opt/ros/foxy/share/ament_cmake/cmake/ament_cmakeConfig.cmake:41 (include)
[0.735s]   CMakeLists.txt:19 (find_package)
[0.735s] This warning is for project developers.  Use -Wno-dev to suppress it.
[0.735s] [0m
[0.736s] Invoked command in '/home/choi/angchicken_ros2_ws/build/my_bot' returned '0': CMAKE_PREFIX_PATH=${CMAKE_PREFIX_PATH}:/home/choi/angchicken_ros2_ws/install/text_detection:/home/choi/angchicken_ros2_ws/install/pump_track:/home/choi/angchicken_ros2_ws/install/move_py:/home/choi/angchicken_ros2_ws/install/line_following_bot:/home/choi/angchicken_ros2_ws/install/lane_detection_py:/home/choi/angchicken_ros2_ws/install/lane_detection_pkg:/home/choi/angchicken_ros2_ws/install/color_detection:/home/choi/my_bot_ws/install/two_wheel_demo:/home/choi/my_bot_ws/install/ros2_control_test_nodes:/home/choi/my_bot_ws/install/py_pubsub:/home/choi/my_bot_ws/install/pump_track:/home/choi/my_bot_ws/install/odrive_driver:/home/choi/my_bot_ws/install/joy_tester:/home/choi/my_bot_ws/install/diffbot_control_node:/home/choi/my_bot_ws/install/cv_basics:/opt/ros/foxy /home/choi/.local/bin/cmake /home/choi/angchicken_ros2_ws/src/my_bot -DCMAKE_INSTALL_PREFIX=/home/choi/angchicken_ros2_ws/install/my_bot
[0.736s] Invoking command in '/home/choi/angchicken_ros2_ws/build/my_bot': CMAKE_PREFIX_PATH=${CMAKE_PREFIX_PATH}:/home/choi/angchicken_ros2_ws/install/text_detection:/home/choi/angchicken_ros2_ws/install/pump_track:/home/choi/angchicken_ros2_ws/install/move_py:/home/choi/angchicken_ros2_ws/install/line_following_bot:/home/choi/angchicken_ros2_ws/install/lane_detection_py:/home/choi/angchicken_ros2_ws/install/lane_detection_pkg:/home/choi/angchicken_ros2_ws/install/color_detection:/home/choi/my_bot_ws/install/two_wheel_demo:/home/choi/my_bot_ws/install/ros2_control_test_nodes:/home/choi/my_bot_ws/install/py_pubsub:/home/choi/my_bot_ws/install/pump_track:/home/choi/my_bot_ws/install/odrive_driver:/home/choi/my_bot_ws/install/joy_tester:/home/choi/my_bot_ws/install/diffbot_control_node:/home/choi/my_bot_ws/install/cv_basics:/opt/ros/foxy /home/choi/.local/bin/cmake --build /home/choi/angchicken_ros2_ws/build/my_bot -- -j4 -l4
[0.812s] Invoked command in '/home/choi/angchicken_ros2_ws/build/my_bot' returned '0': CMAKE_PREFIX_PATH=${CMAKE_PREFIX_PATH}:/home/choi/angchicken_ros2_ws/install/text_detection:/home/choi/angchicken_ros2_ws/install/pump_track:/home/choi/angchicken_ros2_ws/install/move_py:/home/choi/angchicken_ros2_ws/install/line_following_bot:/home/choi/angchicken_ros2_ws/install/lane_detection_py:/home/choi/angchicken_ros2_ws/install/lane_detection_pkg:/home/choi/angchicken_ros2_ws/install/color_detection:/home/choi/my_bot_ws/install/two_wheel_demo:/home/choi/my_bot_ws/install/ros2_control_test_nodes:/home/choi/my_bot_ws/install/py_pubsub:/home/choi/my_bot_ws/install/pump_track:/home/choi/my_bot_ws/install/odrive_driver:/home/choi/my_bot_ws/install/joy_tester:/home/choi/my_bot_ws/install/diffbot_control_node:/home/choi/my_bot_ws/install/cv_basics:/opt/ros/foxy /home/choi/.local/bin/cmake --build /home/choi/angchicken_ros2_ws/build/my_bot -- -j4 -l4
[0.888s] Invoking command in '/home/choi/angchicken_ros2_ws/build/my_bot': CMAKE_PREFIX_PATH=${CMAKE_PREFIX_PATH}:/home/choi/angchicken_ros2_ws/install/text_detection:/home/choi/angchicken_ros2_ws/install/pump_track:/home/choi/angchicken_ros2_ws/install/move_py:/home/choi/angchicken_ros2_ws/install/line_following_bot:/home/choi/angchicken_ros2_ws/install/lane_detection_py:/home/choi/angchicken_ros2_ws/install/lane_detection_pkg:/home/choi/angchicken_ros2_ws/install/color_detection:/home/choi/my_bot_ws/install/two_wheel_demo:/home/choi/my_bot_ws/install/ros2_control_test_nodes:/home/choi/my_bot_ws/install/py_pubsub:/home/choi/my_bot_ws/install/pump_track:/home/choi/my_bot_ws/install/odrive_driver:/home/choi/my_bot_ws/install/joy_tester:/home/choi/my_bot_ws/install/diffbot_control_node:/home/choi/my_bot_ws/install/cv_basics:/opt/ros/foxy /home/choi/.local/bin/cmake --install /home/choi/angchicken_ros2_ws/build/my_bot
[0.939s] -- Install configuration: ""
[0.940s] -- Execute custom install script
[0.940s] -- Up-to-date symlink: /home/choi/angchicken_ros2_ws/install/my_bot/share/my_bot/config/drive_bot.rviz
[0.941s] -- Up-to-date symlink: /home/choi/angchicken_ros2_ws/install/my_bot/share/my_bot/config/empty.yaml
[0.942s] -- Up-to-date symlink: /home/choi/angchicken_ros2_ws/install/my_bot/share/my_bot/config/gaz_ros2_ctl_use_sim.yaml
[0.942s] -- Up-to-date symlink: /home/choi/angchicken_ros2_ws/install/my_bot/share/my_bot/config/gazebo_params.yaml
[0.943s] -- Up-to-date symlink: /home/choi/angchicken_ros2_ws/install/my_bot/share/my_bot/config/joystick.yaml
[0.944s] -- Up-to-date symlink: /home/choi/angchicken_ros2_ws/install/my_bot/share/my_bot/config/main.rviz
[0.944s] -- Up-to-date symlink: /home/choi/angchicken_ros2_ws/install/my_bot/share/my_bot/config/mapper_params_online_async.yaml
[0.945s] -- Up-to-date symlink: /home/choi/angchicken_ros2_ws/install/my_bot/share/my_bot/config/my_controllers.yaml
[0.945s] -- Up-to-date symlink: /home/choi/angchicken_ros2_ws/install/my_bot/share/my_bot/config/view_bot.rviz
[0.945s] -- Up-to-date symlink: /home/choi/angchicken_ros2_ws/install/my_bot/share/my_bot/description/camera.xacro
[0.946s] -- Up-to-date symlink: /home/choi/angchicken_ros2_ws/install/my_bot/share/my_bot/description/gazebo_control.xacro
[0.946s] -- Up-to-date symlink: /home/choi/angchicken_ros2_ws/install/my_bot/share/my_bot/description/inertial_macros.xacro
[0.946s] -- Up-to-date symlink: /home/choi/angchicken_ros2_ws/install/my_bot/share/my_bot/description/lidar.xacro
[0.947s] -- Up-to-date symlink: /home/choi/angchicken_ros2_ws/install/my_bot/share/my_bot/description/robot.urdf.xacro
[0.947s] -- Up-to-date symlink: /home/choi/angchicken_ros2_ws/install/my_bot/share/my_bot/description/robot_core.xacro
[0.948s] -- Up-to-date symlink: /home/choi/angchicken_ros2_ws/install/my_bot/share/my_bot/description/ros2_control.xacro
[0.948s] -- Up-to-date symlink: /home/choi/angchicken_ros2_ws/install/my_bot/share/my_bot/launch/joystick.launch.py
[0.948s] -- Up-to-date symlink: /home/choi/angchicken_ros2_ws/install/my_bot/share/my_bot/launch/launch_sim.launch.py
[0.949s] -- Up-to-date symlink: /home/choi/angchicken_ros2_ws/install/my_bot/share/my_bot/launch/rsp.launch.py
[0.949s] -- Up-to-date symlink: /home/choi/angchicken_ros2_ws/install/my_bot/share/my_bot/worlds/empty.world
[0.949s] -- Up-to-date symlink: /home/choi/angchicken_ros2_ws/install/my_bot/share/my_bot/worlds/obstacles.world
[0.950s] -- Up-to-date symlink: /home/choi/angchicken_ros2_ws/install/my_bot/share/ament_index/resource_index/package_run_dependencies/my_bot
[0.950s] -- Up-to-date symlink: /home/choi/angchicken_ros2_ws/install/my_bot/share/ament_index/resource_index/parent_prefix_path/my_bot
[0.950s] -- Up-to-date symlink: /home/choi/angchicken_ros2_ws/install/my_bot/share/my_bot/environment/ament_prefix_path.sh
[0.951s] -- Up-to-date symlink: /home/choi/angchicken_ros2_ws/install/my_bot/share/my_bot/environment/ament_prefix_path.dsv
[0.951s] -- Up-to-date symlink: /home/choi/angchicken_ros2_ws/install/my_bot/share/my_bot/environment/path.sh
[0.952s] -- Up-to-date symlink: /home/choi/angchicken_ros2_ws/install/my_bot/share/my_bot/environment/path.dsv
[0.952s] -- Up-to-date symlink: /home/choi/angchicken_ros2_ws/install/my_bot/share/my_bot/local_setup.bash
[0.952s] -- Up-to-date symlink: /home/choi/angchicken_ros2_ws/install/my_bot/share/my_bot/local_setup.sh
[0.953s] -- Up-to-date symlink: /home/choi/angchicken_ros2_ws/install/my_bot/share/my_bot/local_setup.zsh
[0.953s] -- Up-to-date symlink: /home/choi/angchicken_ros2_ws/install/my_bot/share/my_bot/local_setup.dsv
[0.955s] -- Symlinking: /home/choi/angchicken_ros2_ws/install/my_bot/share/my_bot/package.dsv
[0.960s] -- Up-to-date symlink: /home/choi/angchicken_ros2_ws/install/my_bot/share/ament_index/resource_index/packages/my_bot
[0.960s] -- Up-to-date symlink: /home/choi/angchicken_ros2_ws/install/my_bot/share/my_bot/cmake/my_botConfig.cmake
[0.961s] -- Up-to-date symlink: /home/choi/angchicken_ros2_ws/install/my_bot/share/my_bot/cmake/my_botConfig-version.cmake
[0.961s] -- Up-to-date symlink: /home/choi/angchicken_ros2_ws/install/my_bot/share/my_bot/package.xml
[0.972s] Invoked command in '/home/choi/angchicken_ros2_ws/build/my_bot' returned '0': CMAKE_PREFIX_PATH=${CMAKE_PREFIX_PATH}:/home/choi/angchicken_ros2_ws/install/text_detection:/home/choi/angchicken_ros2_ws/install/pump_track:/home/choi/angchicken_ros2_ws/install/move_py:/home/choi/angchicken_ros2_ws/install/line_following_bot:/home/choi/angchicken_ros2_ws/install/lane_detection_py:/home/choi/angchicken_ros2_ws/install/lane_detection_pkg:/home/choi/angchicken_ros2_ws/install/color_detection:/home/choi/my_bot_ws/install/two_wheel_demo:/home/choi/my_bot_ws/install/ros2_control_test_nodes:/home/choi/my_bot_ws/install/py_pubsub:/home/choi/my_bot_ws/install/pump_track:/home/choi/my_bot_ws/install/odrive_driver:/home/choi/my_bot_ws/install/joy_tester:/home/choi/my_bot_ws/install/diffbot_control_node:/home/choi/my_bot_ws/install/cv_basics:/opt/ros/foxy /home/choi/.local/bin/cmake --install /home/choi/angchicken_ros2_ws/build/my_bot
