[1.618s] Invoking command in '/home/choi/angchicken_ros2_ws/build/lane_detection_py': PYTHONPATH=/home/choi/angchicken_ros2_ws/build/lane_detection_py/prefix_override:/home/choi/angchicken_ros2_ws/install/lane_detection_py/lib/python3.8/site-packages:${PYTHONPATH} /usr/bin/python3 setup.py develop --uninstall --editable --build-directory /home/choi/angchicken_ros2_ws/build/lane_detection_py/build
[2.002s] running develop
[2.241s] Invoked command in '/home/choi/angchicken_ros2_ws/build/lane_detection_py' returned '0': PYTHONPATH=/home/choi/angchicken_ros2_ws/build/lane_detection_py/prefix_override:/home/choi/angchicken_ros2_ws/install/lane_detection_py/lib/python3.8/site-packages:${PYTHONPATH} /usr/bin/python3 setup.py develop --uninstall --editable --build-directory /home/choi/angchicken_ros2_ws/build/lane_detection_py/build
[2.243s] Invoking command in '/home/choi/angchicken_ros2_ws/src/lane_detection_py': PYTHONPATH=/home/choi/angchicken_ros2_ws/build/lane_detection_py/prefix_override:/home/choi/angchicken_ros2_ws/install/lane_detection_py/lib/python3.8/site-packages:${PYTHONPATH} /usr/bin/python3 setup.py egg_info --egg-base ../../build/lane_detection_py build --build-base /home/choi/angchicken_ros2_ws/build/lane_detection_py/build install --record /home/choi/angchicken_ros2_ws/build/lane_detection_py/install.log --install-scripts $base/lib/lane_detection_py --single-version-externally-managed
[2.546s] running egg_info
[2.547s] writing ../../build/lane_detection_py/lane_detection_py.egg-info/PKG-INFO
[2.548s] writing dependency_links to ../../build/lane_detection_py/lane_detection_py.egg-info/dependency_links.txt
[2.548s] writing entry points to ../../build/lane_detection_py/lane_detection_py.egg-info/entry_points.txt
[2.548s] writing requirements to ../../build/lane_detection_py/lane_detection_py.egg-info/requires.txt
[2.548s] writing top-level names to ../../build/lane_detection_py/lane_detection_py.egg-info/top_level.txt
[2.584s] reading manifest file '../../build/lane_detection_py/lane_detection_py.egg-info/SOURCES.txt'
[2.585s] writing manifest file '../../build/lane_detection_py/lane_detection_py.egg-info/SOURCES.txt'
[2.585s] running build
[2.585s] running build_py
[2.586s] running install
[2.587s] running install_lib
[2.588s] running install_data
[2.589s] running install_egg_info
[2.592s] removing '/home/choi/angchicken_ros2_ws/install/lane_detection_py/lib/python3.8/site-packages/lane_detection_py-0.0.0-py3.8.egg-info' (and everything under it)
[2.596s] Copying ../../build/lane_detection_py/lane_detection_py.egg-info to /home/choi/angchicken_ros2_ws/install/lane_detection_py/lib/python3.8/site-packages/lane_detection_py-0.0.0-py3.8.egg-info
[2.599s] running install_scripts
[2.618s] Installing lane_detection_node script to /home/choi/angchicken_ros2_ws/install/lane_detection_py/lib/lane_detection_py
[2.618s] writing list of installed files to '/home/choi/angchicken_ros2_ws/build/lane_detection_py/install.log'
[3.019s] Invoked command in '/home/choi/angchicken_ros2_ws/src/lane_detection_py' returned '0': PYTHONPATH=/home/choi/angchicken_ros2_ws/build/lane_detection_py/prefix_override:/home/choi/angchicken_ros2_ws/install/lane_detection_py/lib/python3.8/site-packages:${PYTHONPATH} /usr/bin/python3 setup.py egg_info --egg-base ../../build/lane_detection_py build --build-base /home/choi/angchicken_ros2_ws/build/lane_detection_py/build install --record /home/choi/angchicken_ros2_ws/build/lane_detection_py/install.log --install-scripts $base/lib/lane_detection_py --single-version-externally-managed
