[1.543s] Invoking command in '/home/choi/angchicken_ros2_ws/build/pump_track': PYTHONPATH=/home/choi/angchicken_ros2_ws/build/pump_track/prefix_override:/home/choi/angchicken_ros2_ws/install/pump_track/lib/python3.8/site-packages:${PYTHONPATH} /usr/bin/python3 setup.py develop --editable --build-directory /home/choi/angchicken_ros2_ws/build/pump_track/build --no-deps install_data
[2.058s] running develop
[2.275s] running egg_info
[2.276s] writing pump_track.egg-info/PKG-INFO
[2.276s] writing dependency_links to pump_track.egg-info/dependency_links.txt
[2.277s] writing entry points to pump_track.egg-info/entry_points.txt
[2.278s] writing requirements to pump_track.egg-info/requires.txt
[2.278s] writing top-level names to pump_track.egg-info/top_level.txt
[2.312s] reading manifest file 'pump_track.egg-info/SOURCES.txt'
[2.313s] writing manifest file 'pump_track.egg-info/SOURCES.txt'
[2.355s] running build_ext
[2.365s] Creating /home/choi/angchicken_ros2_ws/install/pump_track/lib/python3.8/site-packages/pump-track.egg-link (link to .)
[2.367s] Installing army_detect script to /home/choi/angchicken_ros2_ws/install/pump_track/lib/pump_track
[2.367s] Installing diffbot_cont script to /home/choi/angchicken_ros2_ws/install/pump_track/lib/pump_track
[2.367s] Installing pump_pub script to /home/choi/angchicken_ros2_ws/install/pump_track/lib/pump_track
[2.367s] Installing usb_cam script to /home/choi/angchicken_ros2_ws/install/pump_track/lib/pump_track
[2.367s] 
[2.367s] Installed /home/choi/angchicken_ros2_ws/build/pump_track
[2.367s] running install_data
[2.782s] Invoked command in '/home/choi/angchicken_ros2_ws/build/pump_track' returned '0': PYTHONPATH=/home/choi/angchicken_ros2_ws/build/pump_track/prefix_override:/home/choi/angchicken_ros2_ws/install/pump_track/lib/python3.8/site-packages:${PYTHONPATH} /usr/bin/python3 setup.py develop --editable --build-directory /home/choi/angchicken_ros2_ws/build/pump_track/build --no-deps install_data
