[1.582s] Invoking command in '/home/choi/angchicken_ros2_ws/build/pump_track': PYTHONPATH=/home/choi/angchicken_ros2_ws/build/pump_track/prefix_override:/home/choi/angchicken_ros2_ws/install/pump_track/lib/python3.8/site-packages:${PYTHONPATH} /usr/bin/python3 setup.py develop --editable --build-directory /home/choi/angchicken_ros2_ws/build/pump_track/build --no-deps install_data
[1.912s] running develop
[2.112s] running egg_info
[2.112s] writing pump_track.egg-info/PKG-INFO
[2.113s] writing dependency_links to pump_track.egg-info/dependency_links.txt
[2.113s] writing entry points to pump_track.egg-info/entry_points.txt
[2.113s] writing requirements to pump_track.egg-info/requires.txt
[2.113s] writing top-level names to pump_track.egg-info/top_level.txt
[2.144s] reading manifest file 'pump_track.egg-info/SOURCES.txt'
[2.144s] writing manifest file 'pump_track.egg-info/SOURCES.txt'
[2.181s] running build_ext
[2.181s] Creating /home/choi/angchicken_ros2_ws/install/pump_track/lib/python3.8/site-packages/pump-track.egg-link (link to .)
[2.182s] Installing army_detect script to /home/choi/angchicken_ros2_ws/install/pump_track/lib/pump_track
[2.182s] Installing diffbot_cont script to /home/choi/angchicken_ros2_ws/install/pump_track/lib/pump_track
[2.182s] Installing pump_pub script to /home/choi/angchicken_ros2_ws/install/pump_track/lib/pump_track
[2.182s] Installing usb_cam script to /home/choi/angchicken_ros2_ws/install/pump_track/lib/pump_track
[2.183s] 
[2.183s] Installed /home/choi/angchicken_ros2_ws/build/pump_track
[2.183s] running install_data
[2.183s] copying launch/launch.py -> /home/choi/angchicken_ros2_ws/install/pump_track/share/pump_track/launch
[2.219s] Invoked command in '/home/choi/angchicken_ros2_ws/build/pump_track' returned '0': PYTHONPATH=/home/choi/angchicken_ros2_ws/build/pump_track/prefix_override:/home/choi/angchicken_ros2_ws/install/pump_track/lib/python3.8/site-packages:${PYTHONPATH} /usr/bin/python3 setup.py develop --editable --build-directory /home/choi/angchicken_ros2_ws/build/pump_track/build --no-deps install_data
