[1.448s] Invoking command in '/home/choi/angchicken_ros2_ws/build/line_following_bot': PYTHONPATH=/home/choi/angchicken_ros2_ws/build/line_following_bot/prefix_override:/home/choi/angchicken_ros2_ws/install/line_following_bot/lib/python3.8/site-packages:${PYTHONPATH} /usr/bin/python3 setup.py develop --uninstall --editable --build-directory /home/choi/angchicken_ros2_ws/build/line_following_bot/build
[1.777s] running develop
[1.994s] Removing /home/choi/angchicken_ros2_ws/install/line_following_bot/lib/python3.8/site-packages/line-following-bot.egg-link (link to .)
[2.039s] Invoked command in '/home/choi/angchicken_ros2_ws/build/line_following_bot' returned '0': PYTHONPATH=/home/choi/angchicken_ros2_ws/build/line_following_bot/prefix_override:/home/choi/angchicken_ros2_ws/install/line_following_bot/lib/python3.8/site-packages:${PYTHONPATH} /usr/bin/python3 setup.py develop --uninstall --editable --build-directory /home/choi/angchicken_ros2_ws/build/line_following_bot/build
[2.040s] Invoking command in '/home/choi/angchicken_ros2_ws/src/line_following_bot': PYTHONPATH=/home/choi/angchicken_ros2_ws/build/line_following_bot/prefix_override:/home/choi/angchicken_ros2_ws/install/line_following_bot/lib/python3.8/site-packages:${PYTHONPATH} /usr/bin/python3 setup.py egg_info --egg-base ../../build/line_following_bot build --build-base /home/choi/angchicken_ros2_ws/build/line_following_bot/build install --record /home/choi/angchicken_ros2_ws/build/line_following_bot/install.log --install-scripts $base/lib/line_following_bot --single-version-externally-managed
[2.354s] running egg_info
[2.355s] writing ../../build/line_following_bot/line_following_bot.egg-info/PKG-INFO
[2.355s] writing dependency_links to ../../build/line_following_bot/line_following_bot.egg-info/dependency_links.txt
[2.356s] writing entry points to ../../build/line_following_bot/line_following_bot.egg-info/entry_points.txt
[2.356s] writing requirements to ../../build/line_following_bot/line_following_bot.egg-info/requires.txt
[2.356s] writing top-level names to ../../build/line_following_bot/line_following_bot.egg-info/top_level.txt
[2.391s] reading manifest file '../../build/line_following_bot/line_following_bot.egg-info/SOURCES.txt'
[2.391s] writing manifest file '../../build/line_following_bot/line_following_bot.egg-info/SOURCES.txt'
[2.392s] running build
[2.392s] running build_py
[2.393s] running install
[2.393s] running install_lib
[2.400s] creating /home/choi/angchicken_ros2_ws/install/line_following_bot/lib/python3.8/site-packages/line_following_bot
[2.401s] copying /home/choi/angchicken_ros2_ws/build/line_following_bot/build/lib/line_following_bot/fog_detection.py -> /home/choi/angchicken_ros2_ws/install/line_following_bot/lib/python3.8/site-packages/line_following_bot
[2.401s] copying /home/choi/angchicken_ros2_ws/build/line_following_bot/build/lib/line_following_bot/hough.py -> /home/choi/angchicken_ros2_ws/install/line_following_bot/lib/python3.8/site-packages/line_following_bot
[2.401s] copying /home/choi/angchicken_ros2_ws/build/line_following_bot/build/lib/line_following_bot/warping.py -> /home/choi/angchicken_ros2_ws/install/line_following_bot/lib/python3.8/site-packages/line_following_bot
[2.401s] copying /home/choi/angchicken_ros2_ws/build/line_following_bot/build/lib/line_following_bot/hvs.py -> /home/choi/angchicken_ros2_ws/install/line_following_bot/lib/python3.8/site-packages/line_following_bot
[2.401s] copying /home/choi/angchicken_ros2_ws/build/line_following_bot/build/lib/line_following_bot/message.py -> /home/choi/angchicken_ros2_ws/install/line_following_bot/lib/python3.8/site-packages/line_following_bot
[2.401s] copying /home/choi/angchicken_ros2_ws/build/line_following_bot/build/lib/line_following_bot/lane_tutorial.py -> /home/choi/angchicken_ros2_ws/install/line_following_bot/lib/python3.8/site-packages/line_following_bot
[2.402s] copying /home/choi/angchicken_ros2_ws/build/line_following_bot/build/lib/line_following_bot/blur.py -> /home/choi/angchicken_ros2_ws/install/line_following_bot/lib/python3.8/site-packages/line_following_bot
[2.402s] copying /home/choi/angchicken_ros2_ws/build/line_following_bot/build/lib/line_following_bot/lane_tutorial2.py -> /home/choi/angchicken_ros2_ws/install/line_following_bot/lib/python3.8/site-packages/line_following_bot
[2.402s] copying /home/choi/angchicken_ros2_ws/build/line_following_bot/build/lib/line_following_bot/lane_detection_node_1.py -> /home/choi/angchicken_ros2_ws/install/line_following_bot/lib/python3.8/site-packages/line_following_bot
[2.402s] copying /home/choi/angchicken_ros2_ws/build/line_following_bot/build/lib/line_following_bot/pumptrack_tracking.py -> /home/choi/angchicken_ros2_ws/install/line_following_bot/lib/python3.8/site-packages/line_following_bot
[2.402s] copying /home/choi/angchicken_ros2_ws/build/line_following_bot/build/lib/line_following_bot/image_acquisition_node.py -> /home/choi/angchicken_ros2_ws/install/line_following_bot/lib/python3.8/site-packages/line_following_bot
[2.402s] copying /home/choi/angchicken_ros2_ws/build/line_following_bot/build/lib/line_following_bot/army.py -> /home/choi/angchicken_ros2_ws/install/line_following_bot/lib/python3.8/site-packages/line_following_bot
[2.402s] copying /home/choi/angchicken_ros2_ws/build/line_following_bot/build/lib/line_following_bot/wapper.py -> /home/choi/angchicken_ros2_ws/install/line_following_bot/lib/python3.8/site-packages/line_following_bot
[2.402s] copying /home/choi/angchicken_ros2_ws/build/line_following_bot/build/lib/line_following_bot/combine.py -> /home/choi/angchicken_ros2_ws/install/line_following_bot/lib/python3.8/site-packages/line_following_bot
[2.402s] copying /home/choi/angchicken_ros2_ws/build/line_following_bot/build/lib/line_following_bot/__init__.py -> /home/choi/angchicken_ros2_ws/install/line_following_bot/lib/python3.8/site-packages/line_following_bot
[2.402s] copying /home/choi/angchicken_ros2_ws/build/line_following_bot/build/lib/line_following_bot/hvs_test.py -> /home/choi/angchicken_ros2_ws/install/line_following_bot/lib/python3.8/site-packages/line_following_bot
[2.402s] copying /home/choi/angchicken_ros2_ws/build/line_following_bot/build/lib/line_following_bot/ir_camera.py -> /home/choi/angchicken_ros2_ws/install/line_following_bot/lib/python3.8/site-packages/line_following_bot
[2.402s] copying /home/choi/angchicken_ros2_ws/build/line_following_bot/build/lib/line_following_bot/test.py -> /home/choi/angchicken_ros2_ws/install/line_following_bot/lib/python3.8/site-packages/line_following_bot
[2.402s] copying /home/choi/angchicken_ros2_ws/build/line_following_bot/build/lib/line_following_bot/depth_capture.py -> /home/choi/angchicken_ros2_ws/install/line_following_bot/lib/python3.8/site-packages/line_following_bot
[2.402s] copying /home/choi/angchicken_ros2_ws/build/line_following_bot/build/lib/line_following_bot/lane_detection_node.py -> /home/choi/angchicken_ros2_ws/install/line_following_bot/lib/python3.8/site-packages/line_following_bot
[2.403s] byte-compiling /home/choi/angchicken_ros2_ws/install/line_following_bot/lib/python3.8/site-packages/line_following_bot/fog_detection.py to fog_detection.cpython-38.pyc
[2.403s] byte-compiling /home/choi/angchicken_ros2_ws/install/line_following_bot/lib/python3.8/site-packages/line_following_bot/hough.py to hough.cpython-38.pyc
[2.403s] byte-compiling /home/choi/angchicken_ros2_ws/install/line_following_bot/lib/python3.8/site-packages/line_following_bot/warping.py to warping.cpython-38.pyc
[2.403s] byte-compiling /home/choi/angchicken_ros2_ws/install/line_following_bot/lib/python3.8/site-packages/line_following_bot/hvs.py to hvs.cpython-38.pyc
[2.403s] byte-compiling /home/choi/angchicken_ros2_ws/install/line_following_bot/lib/python3.8/site-packages/line_following_bot/message.py to message.cpython-38.pyc
[2.403s] byte-compiling /home/choi/angchicken_ros2_ws/install/line_following_bot/lib/python3.8/site-packages/line_following_bot/lane_tutorial.py to lane_tutorial.cpython-38.pyc
[2.403s] byte-compiling /home/choi/angchicken_ros2_ws/install/line_following_bot/lib/python3.8/site-packages/line_following_bot/blur.py to blur.cpython-38.pyc
[2.403s] byte-compiling /home/choi/angchicken_ros2_ws/install/line_following_bot/lib/python3.8/site-packages/line_following_bot/lane_tutorial2.py to lane_tutorial2.cpython-38.pyc
[2.403s] byte-compiling /home/choi/angchicken_ros2_ws/install/line_following_bot/lib/python3.8/site-packages/line_following_bot/lane_detection_node_1.py to lane_detection_node_1.cpython-38.pyc
[2.403s] byte-compiling /home/choi/angchicken_ros2_ws/install/line_following_bot/lib/python3.8/site-packages/line_following_bot/pumptrack_tracking.py to pumptrack_tracking.cpython-38.pyc
[2.404s] byte-compiling /home/choi/angchicken_ros2_ws/install/line_following_bot/lib/python3.8/site-packages/line_following_bot/image_acquisition_node.py to image_acquisition_node.cpython-38.pyc
[2.404s] byte-compiling /home/choi/angchicken_ros2_ws/install/line_following_bot/lib/python3.8/site-packages/line_following_bot/army.py to army.cpython-38.pyc
[2.405s] byte-compiling /home/choi/angchicken_ros2_ws/install/line_following_bot/lib/python3.8/site-packages/line_following_bot/wapper.py to wapper.cpython-38.pyc
[2.405s] byte-compiling /home/choi/angchicken_ros2_ws/install/line_following_bot/lib/python3.8/site-packages/line_following_bot/combine.py to combine.cpython-38.pyc
[2.406s] byte-compiling /home/choi/angchicken_ros2_ws/install/line_following_bot/lib/python3.8/site-packages/line_following_bot/__init__.py to __init__.cpython-38.pyc
[2.406s] byte-compiling /home/choi/angchicken_ros2_ws/install/line_following_bot/lib/python3.8/site-packages/line_following_bot/hvs_test.py to hvs_test.cpython-38.pyc
[2.406s] byte-compiling /home/choi/angchicken_ros2_ws/install/line_following_bot/lib/python3.8/site-packages/line_following_bot/ir_camera.py to ir_camera.cpython-38.pyc
[2.407s] byte-compiling /home/choi/angchicken_ros2_ws/install/line_following_bot/lib/python3.8/site-packages/line_following_bot/test.py to test.cpython-38.pyc
[2.407s] byte-compiling /home/choi/angchicken_ros2_ws/install/line_following_bot/lib/python3.8/site-packages/line_following_bot/depth_capture.py to depth_capture.cpython-38.pyc
[2.408s] byte-compiling /home/choi/angchicken_ros2_ws/install/line_following_bot/lib/python3.8/site-packages/line_following_bot/lane_detection_node.py to lane_detection_node.cpython-38.pyc
[2.408s] running install_data
[2.409s] running install_egg_info
[2.410s] Copying ../../build/line_following_bot/line_following_bot.egg-info to /home/choi/angchicken_ros2_ws/install/line_following_bot/lib/python3.8/site-packages/line_following_bot-0.0.0-py3.8.egg-info
[2.411s] running install_scripts
[2.429s] Installing image_acquisition_node script to /home/choi/angchicken_ros2_ws/install/line_following_bot/lib/line_following_bot
[2.429s] Installing lane_detection_node script to /home/choi/angchicken_ros2_ws/install/line_following_bot/lib/line_following_bot
[2.429s] writing list of installed files to '/home/choi/angchicken_ros2_ws/build/line_following_bot/install.log'
[2.598s] Invoked command in '/home/choi/angchicken_ros2_ws/src/line_following_bot' returned '0': PYTHONPATH=/home/choi/angchicken_ros2_ws/build/line_following_bot/prefix_override:/home/choi/angchicken_ros2_ws/install/line_following_bot/lib/python3.8/site-packages:${PYTHONPATH} /usr/bin/python3 setup.py egg_info --egg-base ../../build/line_following_bot build --build-base /home/choi/angchicken_ros2_ws/build/line_following_bot/build install --record /home/choi/angchicken_ros2_ws/build/line_following_bot/install.log --install-scripts $base/lib/line_following_bot --single-version-externally-managed
