[1.490s] Invoking command in '/home/choi/angchicken_ros2_ws/build/lane_detection_py': PYTHONPATH=/home/choi/angchicken_ros2_ws/build/lane_detection_py/prefix_override:/home/choi/angchicken_ros2_ws/install/lane_detection_py/lib/python3.8/site-packages:${PYTHONPATH} /usr/bin/python3 setup.py develop --uninstall --editable --build-directory /home/choi/angchicken_ros2_ws/build/lane_detection_py/build
[1.824s] running develop
[2.090s] Invoked command in '/home/choi/angchicken_ros2_ws/build/lane_detection_py' returned '0': PYTHONPATH=/home/choi/angchicken_ros2_ws/build/lane_detection_py/prefix_override:/home/choi/angchicken_ros2_ws/install/lane_detection_py/lib/python3.8/site-packages:${PYTHONPATH} /usr/bin/python3 setup.py develop --uninstall --editable --build-directory /home/choi/angchicken_ros2_ws/build/lane_detection_py/build
[2.094s] Invoking command in '/home/choi/angchicken_ros2_ws/src/lane_detection_py': PYTHONPATH=/home/choi/angchicken_ros2_ws/build/lane_detection_py/prefix_override:/home/choi/angchicken_ros2_ws/install/lane_detection_py/lib/python3.8/site-packages:${PYTHONPATH} /usr/bin/python3 setup.py egg_info --egg-base ../../build/lane_detection_py build --build-base /home/choi/angchicken_ros2_ws/build/lane_detection_py/build install --record /home/choi/angchicken_ros2_ws/build/lane_detection_py/install.log --install-scripts $base/lib/lane_detection_py --single-version-externally-managed
[2.397s] running egg_info
[2.398s] writing ../../build/lane_detection_py/lane_detection_py.egg-info/PKG-INFO
[2.398s] writing dependency_links to ../../build/lane_detection_py/lane_detection_py.egg-info/dependency_links.txt
[2.398s] writing entry points to ../../build/lane_detection_py/lane_detection_py.egg-info/entry_points.txt
[2.399s] writing requirements to ../../build/lane_detection_py/lane_detection_py.egg-info/requires.txt
[2.399s] writing top-level names to ../../build/lane_detection_py/lane_detection_py.egg-info/top_level.txt
[2.433s] reading manifest file '../../build/lane_detection_py/lane_detection_py.egg-info/SOURCES.txt'
[2.433s] writing manifest file '../../build/lane_detection_py/lane_detection_py.egg-info/SOURCES.txt'
[2.433s] running build
[2.433s] running build_py
[2.434s] running install
[2.435s] running install_lib
[2.436s] running install_data
[2.437s] running install_egg_info
[2.439s] removing '/home/choi/angchicken_ros2_ws/install/lane_detection_py/lib/python3.8/site-packages/lane_detection_py-0.0.0-py3.8.egg-info' (and everything under it)
[2.439s] Copying ../../build/lane_detection_py/lane_detection_py.egg-info to /home/choi/angchicken_ros2_ws/install/lane_detection_py/lib/python3.8/site-packages/lane_detection_py-0.0.0-py3.8.egg-info
[2.440s] running install_scripts
[2.458s] Installing lane_detection_node script to /home/choi/angchicken_ros2_ws/install/lane_detection_py/lib/lane_detection_py
[2.458s] writing list of installed files to '/home/choi/angchicken_ros2_ws/build/lane_detection_py/install.log'
[2.529s] Invoked command in '/home/choi/angchicken_ros2_ws/src/lane_detection_py' returned '0': PYTHONPATH=/home/choi/angchicken_ros2_ws/build/lane_detection_py/prefix_override:/home/choi/angchicken_ros2_ws/install/lane_detection_py/lib/python3.8/site-packages:${PYTHONPATH} /usr/bin/python3 setup.py egg_info --egg-base ../../build/lane_detection_py build --build-base /home/choi/angchicken_ros2_ws/build/lane_detection_py/build install --record /home/choi/angchicken_ros2_ws/build/lane_detection_py/install.log --install-scripts $base/lib/lane_detection_py --single-version-externally-managed
