[0.065s] Invoking command in '/home/choi/angchicken_ros2_ws/build/my_bot': CMAKE_PREFIX_PATH=${CMAKE_PREFIX_PATH}:/home/choi/angchicken_ros2_ws/install/text_detection:/home/choi/angchicken_ros2_ws/install/pump_track:/home/choi/angchicken_ros2_ws/install/move_py:/home/choi/angchicken_ros2_ws/install/line_following_bot:/home/choi/angchicken_ros2_ws/install/lane_detection_py:/home/choi/angchicken_ros2_ws/install/lane_detection_pkg:/home/choi/angchicken_ros2_ws/install/color_detection:/home/choi/my_bot_ws/install/two_wheel_demo:/home/choi/my_bot_ws/install/ros2_control_test_nodes:/home/choi/my_bot_ws/install/py_pubsub:/home/choi/my_bot_ws/install/pump_track:/home/choi/my_bot_ws/install/odrive_driver:/home/choi/my_bot_ws/install/joy_tester:/home/choi/my_bot_ws/install/diffbot_control_node:/home/choi/my_bot_ws/install/cv_basics:/opt/ros/foxy /home/choi/.local/bin/cmake --build /home/choi/angchicken_ros2_ws/build/my_bot -- -j4 -l4
[0.773s] Invoked command in '/home/choi/angchicken_ros2_ws/build/my_bot' returned '0': CMAKE_PREFIX_PATH=${CMAKE_PREFIX_PATH}:/home/choi/angchicken_ros2_ws/install/text_detection:/home/choi/angchicken_ros2_ws/install/pump_track:/home/choi/angchicken_ros2_ws/install/move_py:/home/choi/angchicken_ros2_ws/install/line_following_bot:/home/choi/angchicken_ros2_ws/install/lane_detection_py:/home/choi/angchicken_ros2_ws/install/lane_detection_pkg:/home/choi/angchicken_ros2_ws/install/color_detection:/home/choi/my_bot_ws/install/two_wheel_demo:/home/choi/my_bot_ws/install/ros2_control_test_nodes:/home/choi/my_bot_ws/install/py_pubsub:/home/choi/my_bot_ws/install/pump_track:/home/choi/my_bot_ws/install/odrive_driver:/home/choi/my_bot_ws/install/joy_tester:/home/choi/my_bot_ws/install/diffbot_control_node:/home/choi/my_bot_ws/install/cv_basics:/opt/ros/foxy /home/choi/.local/bin/cmake --build /home/choi/angchicken_ros2_ws/build/my_bot -- -j4 -l4
[0.904s] Invoking command in '/home/choi/angchicken_ros2_ws/build/my_bot': CMAKE_PREFIX_PATH=${CMAKE_PREFIX_PATH}:/home/choi/angchicken_ros2_ws/install/text_detection:/home/choi/angchicken_ros2_ws/install/pump_track:/home/choi/angchicken_ros2_ws/install/move_py:/home/choi/angchicken_ros2_ws/install/line_following_bot:/home/choi/angchicken_ros2_ws/install/lane_detection_py:/home/choi/angchicken_ros2_ws/install/lane_detection_pkg:/home/choi/angchicken_ros2_ws/install/color_detection:/home/choi/my_bot_ws/install/two_wheel_demo:/home/choi/my_bot_ws/install/ros2_control_test_nodes:/home/choi/my_bot_ws/install/py_pubsub:/home/choi/my_bot_ws/install/pump_track:/home/choi/my_bot_ws/install/odrive_driver:/home/choi/my_bot_ws/install/joy_tester:/home/choi/my_bot_ws/install/diffbot_control_node:/home/choi/my_bot_ws/install/cv_basics:/opt/ros/foxy /home/choi/.local/bin/cmake --install /home/choi/angchicken_ros2_ws/build/my_bot
[1.020s] -- Install configuration: ""
[1.021s] -- Execute custom install script
[1.021s] -- Up-to-date symlink: /home/choi/angchicken_ros2_ws/install/my_bot/share/my_bot/config/drive_bot.rviz
[1.021s] -- Up-to-date symlink: /home/choi/angchicken_ros2_ws/install/my_bot/share/my_bot/config/empty.yaml
[1.022s] -- Up-to-date symlink: /home/choi/angchicken_ros2_ws/install/my_bot/share/my_bot/config/gaz_ros2_ctl_use_sim.yaml
[1.022s] -- Up-to-date symlink: /home/choi/angchicken_ros2_ws/install/my_bot/share/my_bot/config/gazebo_params.yaml
[1.022s] -- Up-to-date symlink: /home/choi/angchicken_ros2_ws/install/my_bot/share/my_bot/config/joystick.yaml
[1.023s] -- Up-to-date symlink: /home/choi/angchicken_ros2_ws/install/my_bot/share/my_bot/config/main.rviz
[1.023s] -- Up-to-date symlink: /home/choi/angchicken_ros2_ws/install/my_bot/share/my_bot/config/mapper_params_online_async.yaml
[1.023s] -- Up-to-date symlink: /home/choi/angchicken_ros2_ws/install/my_bot/share/my_bot/config/my_controllers.yaml
[1.023s] -- Up-to-date symlink: /home/choi/angchicken_ros2_ws/install/my_bot/share/my_bot/config/view_bot.rviz
[1.023s] -- Up-to-date symlink: /home/choi/angchicken_ros2_ws/install/my_bot/share/my_bot/description/camera.xacro
[1.023s] -- Up-to-date symlink: /home/choi/angchicken_ros2_ws/install/my_bot/share/my_bot/description/gazebo_control.xacro
[1.023s] -- Up-to-date symlink: /home/choi/angchicken_ros2_ws/install/my_bot/share/my_bot/description/inertial_macros.xacro
[1.023s] -- Up-to-date symlink: /home/choi/angchicken_ros2_ws/install/my_bot/share/my_bot/description/lidar.xacro
[1.023s] -- Up-to-date symlink: /home/choi/angchicken_ros2_ws/install/my_bot/share/my_bot/description/robot.urdf.xacro
[1.024s] -- Up-to-date symlink: /home/choi/angchicken_ros2_ws/install/my_bot/share/my_bot/description/robot_core.xacro
[1.024s] -- Up-to-date symlink: /home/choi/angchicken_ros2_ws/install/my_bot/share/my_bot/description/ros2_control.xacro
[1.024s] -- Up-to-date symlink: /home/choi/angchicken_ros2_ws/install/my_bot/share/my_bot/launch/joystick.launch.py
[1.024s] -- Up-to-date symlink: /home/choi/angchicken_ros2_ws/install/my_bot/share/my_bot/launch/launch_sim.launch.py
[1.026s] -- Up-to-date symlink: /home/choi/angchicken_ros2_ws/install/my_bot/share/my_bot/launch/rsp.launch.py
[1.027s] -- Up-to-date symlink: /home/choi/angchicken_ros2_ws/install/my_bot/share/my_bot/worlds/empty.world
[1.027s] -- Up-to-date symlink: /home/choi/angchicken_ros2_ws/install/my_bot/share/my_bot/worlds/obstacles.world
[1.028s] -- Up-to-date symlink: /home/choi/angchicken_ros2_ws/install/my_bot/share/ament_index/resource_index/package_run_dependencies/my_bot
[1.031s] -- Up-to-date symlink: /home/choi/angchicken_ros2_ws/install/my_bot/share/ament_index/resource_index/parent_prefix_path/my_bot
[1.032s] -- Up-to-date symlink: /home/choi/angchicken_ros2_ws/install/my_bot/share/my_bot/environment/ament_prefix_path.sh
[1.032s] -- Up-to-date symlink: /home/choi/angchicken_ros2_ws/install/my_bot/share/my_bot/environment/ament_prefix_path.dsv
[1.033s] -- Up-to-date symlink: /home/choi/angchicken_ros2_ws/install/my_bot/share/my_bot/environment/path.sh
[1.035s] -- Up-to-date symlink: /home/choi/angchicken_ros2_ws/install/my_bot/share/my_bot/environment/path.dsv
[1.037s] -- Up-to-date symlink: /home/choi/angchicken_ros2_ws/install/my_bot/share/my_bot/local_setup.bash
[1.037s] -- Up-to-date symlink: /home/choi/angchicken_ros2_ws/install/my_bot/share/my_bot/local_setup.sh
[1.038s] -- Up-to-date symlink: /home/choi/angchicken_ros2_ws/install/my_bot/share/my_bot/local_setup.zsh
[1.041s] -- Up-to-date symlink: /home/choi/angchicken_ros2_ws/install/my_bot/share/my_bot/local_setup.dsv
[1.042s] -- Symlinking: /home/choi/angchicken_ros2_ws/install/my_bot/share/my_bot/package.dsv
[1.052s] -- Up-to-date symlink: /home/choi/angchicken_ros2_ws/install/my_bot/share/ament_index/resource_index/packages/my_bot
[1.053s] -- Up-to-date symlink: /home/choi/angchicken_ros2_ws/install/my_bot/share/my_bot/cmake/my_botConfig.cmake
[1.054s] -- Up-to-date symlink: /home/choi/angchicken_ros2_ws/install/my_bot/share/my_bot/cmake/my_botConfig-version.cmake
[1.054s] -- Up-to-date symlink: /home/choi/angchicken_ros2_ws/install/my_bot/share/my_bot/package.xml
[1.073s] Invoked command in '/home/choi/angchicken_ros2_ws/build/my_bot' returned '0': CMAKE_PREFIX_PATH=${CMAKE_PREFIX_PATH}:/home/choi/angchicken_ros2_ws/install/text_detection:/home/choi/angchicken_ros2_ws/install/pump_track:/home/choi/angchicken_ros2_ws/install/move_py:/home/choi/angchicken_ros2_ws/install/line_following_bot:/home/choi/angchicken_ros2_ws/install/lane_detection_py:/home/choi/angchicken_ros2_ws/install/lane_detection_pkg:/home/choi/angchicken_ros2_ws/install/color_detection:/home/choi/my_bot_ws/install/two_wheel_demo:/home/choi/my_bot_ws/install/ros2_control_test_nodes:/home/choi/my_bot_ws/install/py_pubsub:/home/choi/my_bot_ws/install/pump_track:/home/choi/my_bot_ws/install/odrive_driver:/home/choi/my_bot_ws/install/joy_tester:/home/choi/my_bot_ws/install/diffbot_control_node:/home/choi/my_bot_ws/install/cv_basics:/opt/ros/foxy /home/choi/.local/bin/cmake --install /home/choi/angchicken_ros2_ws/build/my_bot
