[1.568s] Invoking command in '/home/choi/angchicken_ros2_ws/build/line_following_bot': PYTHONPATH=/home/choi/angchicken_ros2_ws/build/line_following_bot/prefix_override:/home/choi/angchicken_ros2_ws/install/line_following_bot/lib/python3.8/site-packages:${PYTHONPATH} /usr/bin/python3 setup.py develop --uninstall --editable --build-directory /home/choi/angchicken_ros2_ws/build/line_following_bot/build
[1.908s] running develop
[2.119s] Removing /home/choi/angchicken_ros2_ws/install/line_following_bot/lib/python3.8/site-packages/line-following-bot.egg-link (link to .)
[2.154s] Invoked command in '/home/choi/angchicken_ros2_ws/build/line_following_bot' returned '0': PYTHONPATH=/home/choi/angchicken_ros2_ws/build/line_following_bot/prefix_override:/home/choi/angchicken_ros2_ws/install/line_following_bot/lib/python3.8/site-packages:${PYTHONPATH} /usr/bin/python3 setup.py develop --uninstall --editable --build-directory /home/choi/angchicken_ros2_ws/build/line_following_bot/build
[2.155s] Invoking command in '/home/choi/angchicken_ros2_ws/src/line_following_bot': PYTHONPATH=/home/choi/angchicken_ros2_ws/build/line_following_bot/prefix_override:/home/choi/angchicken_ros2_ws/install/line_following_bot/lib/python3.8/site-packages:${PYTHONPATH} /usr/bin/python3 setup.py egg_info --egg-base ../../build/line_following_bot build --build-base /home/choi/angchicken_ros2_ws/build/line_following_bot/build install --record /home/choi/angchicken_ros2_ws/build/line_following_bot/install.log --install-scripts $base/lib/line_following_bot --single-version-externally-managed
[2.471s] running egg_info
[2.472s] writing ../../build/line_following_bot/line_following_bot.egg-info/PKG-INFO
[2.472s] writing dependency_links to ../../build/line_following_bot/line_following_bot.egg-info/dependency_links.txt
[2.472s] writing entry points to ../../build/line_following_bot/line_following_bot.egg-info/entry_points.txt
[2.473s] writing requirements to ../../build/line_following_bot/line_following_bot.egg-info/requires.txt
[2.473s] writing top-level names to ../../build/line_following_bot/line_following_bot.egg-info/top_level.txt
[2.517s] reading manifest file '../../build/line_following_bot/line_following_bot.egg-info/SOURCES.txt'
[2.518s] writing manifest file '../../build/line_following_bot/line_following_bot.egg-info/SOURCES.txt'
[2.518s] running build
[2.518s] running build_py
[2.519s] copying line_following_bot/fog_detection.py -> /home/choi/angchicken_ros2_ws/build/line_following_bot/build/lib/line_following_bot
[2.523s] copying line_following_bot/hough.py -> /home/choi/angchicken_ros2_ws/build/line_following_bot/build/lib/line_following_bot
[2.523s] copying line_following_bot/warping.py -> /home/choi/angchicken_ros2_ws/build/line_following_bot/build/lib/line_following_bot
[2.524s] copying line_following_bot/hvs.py -> /home/choi/angchicken_ros2_ws/build/line_following_bot/build/lib/line_following_bot
[2.524s] copying line_following_bot/message.py -> /home/choi/angchicken_ros2_ws/build/line_following_bot/build/lib/line_following_bot
[2.524s] copying line_following_bot/lane_tutorial.py -> /home/choi/angchicken_ros2_ws/build/line_following_bot/build/lib/line_following_bot
[2.524s] copying line_following_bot/blur.py -> /home/choi/angchicken_ros2_ws/build/line_following_bot/build/lib/line_following_bot
[2.524s] copying line_following_bot/lane_tutorial2.py -> /home/choi/angchicken_ros2_ws/build/line_following_bot/build/lib/line_following_bot
[2.524s] copying line_following_bot/lane_detection_node_1.py -> /home/choi/angchicken_ros2_ws/build/line_following_bot/build/lib/line_following_bot
[2.524s] copying line_following_bot/pumptrack_tracking.py -> /home/choi/angchicken_ros2_ws/build/line_following_bot/build/lib/line_following_bot
[2.524s] copying line_following_bot/army.py -> /home/choi/angchicken_ros2_ws/build/line_following_bot/build/lib/line_following_bot
[2.524s] copying line_following_bot/wapper.py -> /home/choi/angchicken_ros2_ws/build/line_following_bot/build/lib/line_following_bot
[2.524s] copying line_following_bot/combine.py -> /home/choi/angchicken_ros2_ws/build/line_following_bot/build/lib/line_following_bot
[2.524s] copying line_following_bot/hvs_test.py -> /home/choi/angchicken_ros2_ws/build/line_following_bot/build/lib/line_following_bot
[2.524s] copying line_following_bot/ir_camera.py -> /home/choi/angchicken_ros2_ws/build/line_following_bot/build/lib/line_following_bot
[2.525s] copying line_following_bot/test.py -> /home/choi/angchicken_ros2_ws/build/line_following_bot/build/lib/line_following_bot
[2.525s] copying line_following_bot/depth_capture.py -> /home/choi/angchicken_ros2_ws/build/line_following_bot/build/lib/line_following_bot
[2.525s] copying line_following_bot/lane_detection_node.py -> /home/choi/angchicken_ros2_ws/build/line_following_bot/build/lib/line_following_bot
[2.525s] running install
[2.525s] running install_lib
[2.525s] creating /home/choi/angchicken_ros2_ws/install/line_following_bot/lib/python3.8/site-packages/line_following_bot
[2.525s] copying /home/choi/angchicken_ros2_ws/build/line_following_bot/build/lib/line_following_bot/fog_detection.py -> /home/choi/angchicken_ros2_ws/install/line_following_bot/lib/python3.8/site-packages/line_following_bot
[2.525s] copying /home/choi/angchicken_ros2_ws/build/line_following_bot/build/lib/line_following_bot/hough.py -> /home/choi/angchicken_ros2_ws/install/line_following_bot/lib/python3.8/site-packages/line_following_bot
[2.525s] copying /home/choi/angchicken_ros2_ws/build/line_following_bot/build/lib/line_following_bot/warping.py -> /home/choi/angchicken_ros2_ws/install/line_following_bot/lib/python3.8/site-packages/line_following_bot
[2.525s] copying /home/choi/angchicken_ros2_ws/build/line_following_bot/build/lib/line_following_bot/hvs.py -> /home/choi/angchicken_ros2_ws/install/line_following_bot/lib/python3.8/site-packages/line_following_bot
[2.525s] copying /home/choi/angchicken_ros2_ws/build/line_following_bot/build/lib/line_following_bot/message.py -> /home/choi/angchicken_ros2_ws/install/line_following_bot/lib/python3.8/site-packages/line_following_bot
[2.525s] copying /home/choi/angchicken_ros2_ws/build/line_following_bot/build/lib/line_following_bot/lane_tutorial.py -> /home/choi/angchicken_ros2_ws/install/line_following_bot/lib/python3.8/site-packages/line_following_bot
[2.525s] copying /home/choi/angchicken_ros2_ws/build/line_following_bot/build/lib/line_following_bot/blur.py -> /home/choi/angchicken_ros2_ws/install/line_following_bot/lib/python3.8/site-packages/line_following_bot
[2.526s] copying /home/choi/angchicken_ros2_ws/build/line_following_bot/build/lib/line_following_bot/lane_tutorial2.py -> /home/choi/angchicken_ros2_ws/install/line_following_bot/lib/python3.8/site-packages/line_following_bot
[2.526s] copying /home/choi/angchicken_ros2_ws/build/line_following_bot/build/lib/line_following_bot/lane_detection_node_1.py -> /home/choi/angchicken_ros2_ws/install/line_following_bot/lib/python3.8/site-packages/line_following_bot
[2.526s] copying /home/choi/angchicken_ros2_ws/build/line_following_bot/build/lib/line_following_bot/pumptrack_tracking.py -> /home/choi/angchicken_ros2_ws/install/line_following_bot/lib/python3.8/site-packages/line_following_bot
[2.526s] copying /home/choi/angchicken_ros2_ws/build/line_following_bot/build/lib/line_following_bot/image_acquisition_node.py -> /home/choi/angchicken_ros2_ws/install/line_following_bot/lib/python3.8/site-packages/line_following_bot
[2.526s] copying /home/choi/angchicken_ros2_ws/build/line_following_bot/build/lib/line_following_bot/army.py -> /home/choi/angchicken_ros2_ws/install/line_following_bot/lib/python3.8/site-packages/line_following_bot
[2.526s] copying /home/choi/angchicken_ros2_ws/build/line_following_bot/build/lib/line_following_bot/wapper.py -> /home/choi/angchicken_ros2_ws/install/line_following_bot/lib/python3.8/site-packages/line_following_bot
[2.526s] copying /home/choi/angchicken_ros2_ws/build/line_following_bot/build/lib/line_following_bot/combine.py -> /home/choi/angchicken_ros2_ws/install/line_following_bot/lib/python3.8/site-packages/line_following_bot
[2.526s] copying /home/choi/angchicken_ros2_ws/build/line_following_bot/build/lib/line_following_bot/__init__.py -> /home/choi/angchicken_ros2_ws/install/line_following_bot/lib/python3.8/site-packages/line_following_bot
[2.526s] copying /home/choi/angchicken_ros2_ws/build/line_following_bot/build/lib/line_following_bot/hvs_test.py -> /home/choi/angchicken_ros2_ws/install/line_following_bot/lib/python3.8/site-packages/line_following_bot
[2.526s] copying /home/choi/angchicken_ros2_ws/build/line_following_bot/build/lib/line_following_bot/ir_camera.py -> /home/choi/angchicken_ros2_ws/install/line_following_bot/lib/python3.8/site-packages/line_following_bot
[2.526s] copying /home/choi/angchicken_ros2_ws/build/line_following_bot/build/lib/line_following_bot/test.py -> /home/choi/angchicken_ros2_ws/install/line_following_bot/lib/python3.8/site-packages/line_following_bot
[2.526s] copying /home/choi/angchicken_ros2_ws/build/line_following_bot/build/lib/line_following_bot/depth_capture.py -> /home/choi/angchicken_ros2_ws/install/line_following_bot/lib/python3.8/site-packages/line_following_bot
[2.526s] copying /home/choi/angchicken_ros2_ws/build/line_following_bot/build/lib/line_following_bot/lane_detection_node.py -> /home/choi/angchicken_ros2_ws/install/line_following_bot/lib/python3.8/site-packages/line_following_bot
[2.526s] byte-compiling /home/choi/angchicken_ros2_ws/install/line_following_bot/lib/python3.8/site-packages/line_following_bot/fog_detection.py to fog_detection.cpython-38.pyc
[2.528s] byte-compiling /home/choi/angchicken_ros2_ws/install/line_following_bot/lib/python3.8/site-packages/line_following_bot/hough.py to hough.cpython-38.pyc
[2.529s] byte-compiling /home/choi/angchicken_ros2_ws/install/line_following_bot/lib/python3.8/site-packages/line_following_bot/warping.py to warping.cpython-38.pyc
[2.530s] byte-compiling /home/choi/angchicken_ros2_ws/install/line_following_bot/lib/python3.8/site-packages/line_following_bot/hvs.py to hvs.cpython-38.pyc
[2.530s] byte-compiling /home/choi/angchicken_ros2_ws/install/line_following_bot/lib/python3.8/site-packages/line_following_bot/message.py to message.cpython-38.pyc
[2.531s] byte-compiling /home/choi/angchicken_ros2_ws/install/line_following_bot/lib/python3.8/site-packages/line_following_bot/lane_tutorial.py to lane_tutorial.cpython-38.pyc
[2.532s] byte-compiling /home/choi/angchicken_ros2_ws/install/line_following_bot/lib/python3.8/site-packages/line_following_bot/blur.py to blur.cpython-38.pyc
[2.532s] byte-compiling /home/choi/angchicken_ros2_ws/install/line_following_bot/lib/python3.8/site-packages/line_following_bot/lane_tutorial2.py to lane_tutorial2.cpython-38.pyc
[2.533s] byte-compiling /home/choi/angchicken_ros2_ws/install/line_following_bot/lib/python3.8/site-packages/line_following_bot/lane_detection_node_1.py to lane_detection_node_1.cpython-38.pyc
[2.533s] byte-compiling /home/choi/angchicken_ros2_ws/install/line_following_bot/lib/python3.8/site-packages/line_following_bot/pumptrack_tracking.py to pumptrack_tracking.cpython-38.pyc
[2.534s] byte-compiling /home/choi/angchicken_ros2_ws/install/line_following_bot/lib/python3.8/site-packages/line_following_bot/image_acquisition_node.py to image_acquisition_node.cpython-38.pyc
[2.534s] byte-compiling /home/choi/angchicken_ros2_ws/install/line_following_bot/lib/python3.8/site-packages/line_following_bot/army.py to army.cpython-38.pyc
[2.535s] byte-compiling /home/choi/angchicken_ros2_ws/install/line_following_bot/lib/python3.8/site-packages/line_following_bot/wapper.py to wapper.cpython-38.pyc
[2.535s] byte-compiling /home/choi/angchicken_ros2_ws/install/line_following_bot/lib/python3.8/site-packages/line_following_bot/combine.py to combine.cpython-38.pyc
[2.537s] byte-compiling /home/choi/angchicken_ros2_ws/install/line_following_bot/lib/python3.8/site-packages/line_following_bot/__init__.py to __init__.cpython-38.pyc
[2.537s] byte-compiling /home/choi/angchicken_ros2_ws/install/line_following_bot/lib/python3.8/site-packages/line_following_bot/hvs_test.py to hvs_test.cpython-38.pyc
[2.537s] byte-compiling /home/choi/angchicken_ros2_ws/install/line_following_bot/lib/python3.8/site-packages/line_following_bot/ir_camera.py to ir_camera.cpython-38.pyc
[2.538s] byte-compiling /home/choi/angchicken_ros2_ws/install/line_following_bot/lib/python3.8/site-packages/line_following_bot/test.py to test.cpython-38.pyc
[2.538s] byte-compiling /home/choi/angchicken_ros2_ws/install/line_following_bot/lib/python3.8/site-packages/line_following_bot/depth_capture.py to depth_capture.cpython-38.pyc
[2.539s] byte-compiling /home/choi/angchicken_ros2_ws/install/line_following_bot/lib/python3.8/site-packages/line_following_bot/lane_detection_node.py to lane_detection_node.cpython-38.pyc
[2.539s] running install_data
[2.540s] running install_egg_info
[2.542s] Copying ../../build/line_following_bot/line_following_bot.egg-info to /home/choi/angchicken_ros2_ws/install/line_following_bot/lib/python3.8/site-packages/line_following_bot-0.0.0-py3.8.egg-info
[2.543s] running install_scripts
[2.563s] Installing image_acquisition_node script to /home/choi/angchicken_ros2_ws/install/line_following_bot/lib/line_following_bot
[2.563s] Installing lane_detection_node script to /home/choi/angchicken_ros2_ws/install/line_following_bot/lib/line_following_bot
[2.564s] writing list of installed files to '/home/choi/angchicken_ros2_ws/build/line_following_bot/install.log'
[2.624s] Invoked command in '/home/choi/angchicken_ros2_ws/src/line_following_bot' returned '0': PYTHONPATH=/home/choi/angchicken_ros2_ws/build/line_following_bot/prefix_override:/home/choi/angchicken_ros2_ws/install/line_following_bot/lib/python3.8/site-packages:${PYTHONPATH} /usr/bin/python3 setup.py egg_info --egg-base ../../build/line_following_bot build --build-base /home/choi/angchicken_ros2_ws/build/line_following_bot/build install --record /home/choi/angchicken_ros2_ws/build/line_following_bot/install.log --install-scripts $base/lib/line_following_bot --single-version-externally-managed
