[1.769s] Invoking command in '/home/choi/angchicken_ros2_ws/build/pump_track': PYTHONPATH=/home/choi/angchicken_ros2_ws/build/pump_track/prefix_override:/home/choi/angchicken_ros2_ws/install/pump_track/lib/python3.8/site-packages:${PYTHONPATH} /usr/bin/python3 setup.py develop --uninstall --editable --build-directory /home/choi/angchicken_ros2_ws/build/pump_track/build
[2.359s] running develop
[3.033s] Removing /home/choi/angchicken_ros2_ws/install/pump_track/lib/python3.8/site-packages/pump-track.egg-link (link to .)
[3.094s] Invoked command in '/home/choi/angchicken_ros2_ws/build/pump_track' returned '0': PYTHONPATH=/home/choi/angchicken_ros2_ws/build/pump_track/prefix_override:/home/choi/angchicken_ros2_ws/install/pump_track/lib/python3.8/site-packages:${PYTHONPATH} /usr/bin/python3 setup.py develop --uninstall --editable --build-directory /home/choi/angchicken_ros2_ws/build/pump_track/build
[3.096s] Invoking command in '/home/choi/angchicken_ros2_ws/src/pump_track': PYTHONPATH=/home/choi/angchicken_ros2_ws/build/pump_track/prefix_override:/home/choi/angchicken_ros2_ws/install/pump_track/lib/python3.8/site-packages:${PYTHONPATH} /usr/bin/python3 setup.py egg_info --egg-base ../../build/pump_track build --build-base /home/choi/angchicken_ros2_ws/build/pump_track/build install --record /home/choi/angchicken_ros2_ws/build/pump_track/install.log --install-scripts $base/lib/pump_track --single-version-externally-managed
[3.859s] running egg_info
[3.860s] writing ../../build/pump_track/pump_track.egg-info/PKG-INFO
[3.860s] writing dependency_links to ../../build/pump_track/pump_track.egg-info/dependency_links.txt
[3.860s] writing entry points to ../../build/pump_track/pump_track.egg-info/entry_points.txt
[3.861s] writing requirements to ../../build/pump_track/pump_track.egg-info/requires.txt
[3.861s] writing top-level names to ../../build/pump_track/pump_track.egg-info/top_level.txt
[3.979s] reading manifest file '../../build/pump_track/pump_track.egg-info/SOURCES.txt'
[3.979s] writing manifest file '../../build/pump_track/pump_track.egg-info/SOURCES.txt'
[3.979s] running build
[3.979s] running build_py
[3.979s] copying pump_track/army_detection.py -> /home/choi/angchicken_ros2_ws/build/pump_track/build/lib/pump_track
[3.979s] running install
[3.979s] running install_lib
[3.995s] copying /home/choi/angchicken_ros2_ws/build/pump_track/build/lib/pump_track/diffbot_control.py -> /home/choi/angchicken_ros2_ws/install/pump_track/lib/python3.8/site-packages/pump_track
[3.995s] copying /home/choi/angchicken_ros2_ws/build/pump_track/build/lib/pump_track/army_detection.py -> /home/choi/angchicken_ros2_ws/install/pump_track/lib/python3.8/site-packages/pump_track
[3.995s] copying /home/choi/angchicken_ros2_ws/build/pump_track/build/lib/pump_track/pump_publisher.py -> /home/choi/angchicken_ros2_ws/install/pump_track/lib/python3.8/site-packages/pump_track
[3.995s] copying /home/choi/angchicken_ros2_ws/build/pump_track/build/lib/pump_track/__init__.py -> /home/choi/angchicken_ros2_ws/install/pump_track/lib/python3.8/site-packages/pump_track
[3.995s] copying /home/choi/angchicken_ros2_ws/build/pump_track/build/lib/pump_track/usb_camera_node.py -> /home/choi/angchicken_ros2_ws/install/pump_track/lib/python3.8/site-packages/pump_track
[3.995s] byte-compiling /home/choi/angchicken_ros2_ws/install/pump_track/lib/python3.8/site-packages/pump_track/diffbot_control.py to diffbot_control.cpython-38.pyc
[3.995s] byte-compiling /home/choi/angchicken_ros2_ws/install/pump_track/lib/python3.8/site-packages/pump_track/army_detection.py to army_detection.cpython-38.pyc
[4.000s] byte-compiling /home/choi/angchicken_ros2_ws/install/pump_track/lib/python3.8/site-packages/pump_track/pump_publisher.py to pump_publisher.cpython-38.pyc
[4.001s] byte-compiling /home/choi/angchicken_ros2_ws/install/pump_track/lib/python3.8/site-packages/pump_track/__init__.py to __init__.cpython-38.pyc
[4.001s] byte-compiling /home/choi/angchicken_ros2_ws/install/pump_track/lib/python3.8/site-packages/pump_track/usb_camera_node.py to usb_camera_node.cpython-38.pyc
[4.002s] running install_data
[4.002s] running install_egg_info
[4.017s] Copying ../../build/pump_track/pump_track.egg-info to /home/choi/angchicken_ros2_ws/install/pump_track/lib/python3.8/site-packages/pump_track-0.0.0-py3.8.egg-info
[4.018s] running install_scripts
[4.073s] Installing army_detect script to /home/choi/angchicken_ros2_ws/install/pump_track/lib/pump_track
[4.073s] Installing diffbot_cont script to /home/choi/angchicken_ros2_ws/install/pump_track/lib/pump_track
[4.074s] Installing pump_pub script to /home/choi/angchicken_ros2_ws/install/pump_track/lib/pump_track
[4.074s] Installing usb_cam script to /home/choi/angchicken_ros2_ws/install/pump_track/lib/pump_track
[4.075s] writing list of installed files to '/home/choi/angchicken_ros2_ws/build/pump_track/install.log'
[4.168s] Invoked command in '/home/choi/angchicken_ros2_ws/src/pump_track' returned '0': PYTHONPATH=/home/choi/angchicken_ros2_ws/build/pump_track/prefix_override:/home/choi/angchicken_ros2_ws/install/pump_track/lib/python3.8/site-packages:${PYTHONPATH} /usr/bin/python3 setup.py egg_info --egg-base ../../build/pump_track build --build-base /home/choi/angchicken_ros2_ws/build/pump_track/build install --record /home/choi/angchicken_ros2_ws/build/pump_track/install.log --install-scripts $base/lib/pump_track --single-version-externally-managed
