-- Found ament_cmake: 0.9.12 (/opt/ros/foxy/share/ament_cmake/cmake)
-- Using PYTHON_EXECUTABLE: /usr/bin/python3
-- Override CMake install command with custom implementation using symlinks instead of copying resources
-- Found ament_lint_auto: 0.9.8 (/opt/ros/foxy/share/ament_lint_auto/cmake)
-- Added test 'copyright' to check source files copyright and LICENSE
-- Added test 'flake8' to check Python code syntax and style conventions
-- Added test 'lint_cmake' to check CMake code style
-- Added test 'pep257' to check Python code against some of the style conventions in PEP 257
-- Added test 'xmllint' to check XML markup files
-- Configuring done (0.5s)
-- Generating done (0.0s)
-- Build files have been written to: /home/choi/angchicken_ros2_ws/build/my_bot
[33mCMake Warning (dev) at /opt/ros/foxy/share/ament_cmake_core/cmake/core/python.cmake:22 (find_package):
  Policy CMP0148 is not set: The FindPythonInterp and FindPythonLibs modules
  are removed.  Run "cmake --help-policy CMP0148" for policy details.  Use
  the cmake_policy command to set the policy and suppress this warning.

Call Stack (most recent call first):
  /opt/ros/foxy/share/ament_cmake_core/cmake/core/all.cmake:53 (include)
  /opt/ros/foxy/share/ament_cmake_core/cmake/ament_cmake_core-extras.cmake:17 (include)
  /opt/ros/foxy/share/ament_cmake_core/cmake/ament_cmake_coreConfig.cmake:41 (include)
  /opt/ros/foxy/share/ament_cmake/cmake/ament_cmake_export_dependencies-extras.cmake:15 (find_package)
  /opt/ros/foxy/share/ament_cmake/cmake/ament_cmakeConfig.cmake:41 (include)
  CMakeLists.txt:19 (find_package)
This warning is for project developers.  Use -Wno-dev to suppress it.
[0m
-- Install configuration: ""
-- Execute custom install script
-- Up-to-date symlink: /home/choi/angchicken_ros2_ws/install/my_bot/share/my_bot/config/drive_bot.rviz
-- Up-to-date symlink: /home/choi/angchicken_ros2_ws/install/my_bot/share/my_bot/config/empty.yaml
-- Up-to-date symlink: /home/choi/angchicken_ros2_ws/install/my_bot/share/my_bot/config/gaz_ros2_ctl_use_sim.yaml
-- Up-to-date symlink: /home/choi/angchicken_ros2_ws/install/my_bot/share/my_bot/config/gazebo_params.yaml
-- Up-to-date symlink: /home/choi/angchicken_ros2_ws/install/my_bot/share/my_bot/config/joystick.yaml
-- Up-to-date symlink: /home/choi/angchicken_ros2_ws/install/my_bot/share/my_bot/config/main.rviz
-- Up-to-date symlink: /home/choi/angchicken_ros2_ws/install/my_bot/share/my_bot/config/mapper_params_online_async.yaml
-- Up-to-date symlink: /home/choi/angchicken_ros2_ws/install/my_bot/share/my_bot/config/my_controllers.yaml
-- Up-to-date symlink: /home/choi/angchicken_ros2_ws/install/my_bot/share/my_bot/config/view_bot.rviz
-- Up-to-date symlink: /home/choi/angchicken_ros2_ws/install/my_bot/share/my_bot/description/camera.xacro
-- Up-to-date symlink: /home/choi/angchicken_ros2_ws/install/my_bot/share/my_bot/description/gazebo_control.xacro
-- Up-to-date symlink: /home/choi/angchicken_ros2_ws/install/my_bot/share/my_bot/description/inertial_macros.xacro
-- Up-to-date symlink: /home/choi/angchicken_ros2_ws/install/my_bot/share/my_bot/description/lidar.xacro
-- Up-to-date symlink: /home/choi/angchicken_ros2_ws/install/my_bot/share/my_bot/description/robot.urdf.xacro
-- Up-to-date symlink: /home/choi/angchicken_ros2_ws/install/my_bot/share/my_bot/description/robot_core.xacro
-- Up-to-date symlink: /home/choi/angchicken_ros2_ws/install/my_bot/share/my_bot/description/ros2_control.xacro
-- Up-to-date symlink: /home/choi/angchicken_ros2_ws/install/my_bot/share/my_bot/launch/joystick.launch.py
-- Up-to-date symlink: /home/choi/angchicken_ros2_ws/install/my_bot/share/my_bot/launch/launch_sim.launch.py
-- Up-to-date symlink: /home/choi/angchicken_ros2_ws/install/my_bot/share/my_bot/launch/rsp.launch.py
-- Up-to-date symlink: /home/choi/angchicken_ros2_ws/install/my_bot/share/my_bot/worlds/empty.world
-- Up-to-date symlink: /home/choi/angchicken_ros2_ws/install/my_bot/share/my_bot/worlds/obstacles.world
-- Up-to-date symlink: /home/choi/angchicken_ros2_ws/install/my_bot/share/ament_index/resource_index/package_run_dependencies/my_bot
-- Up-to-date symlink: /home/choi/angchicken_ros2_ws/install/my_bot/share/ament_index/resource_index/parent_prefix_path/my_bot
-- Up-to-date symlink: /home/choi/angchicken_ros2_ws/install/my_bot/share/my_bot/environment/ament_prefix_path.sh
-- Up-to-date symlink: /home/choi/angchicken_ros2_ws/install/my_bot/share/my_bot/environment/ament_prefix_path.dsv
-- Up-to-date symlink: /home/choi/angchicken_ros2_ws/install/my_bot/share/my_bot/environment/path.sh
-- Up-to-date symlink: /home/choi/angchicken_ros2_ws/install/my_bot/share/my_bot/environment/path.dsv
-- Up-to-date symlink: /home/choi/angchicken_ros2_ws/install/my_bot/share/my_bot/local_setup.bash
-- Up-to-date symlink: /home/choi/angchicken_ros2_ws/install/my_bot/share/my_bot/local_setup.sh
-- Up-to-date symlink: /home/choi/angchicken_ros2_ws/install/my_bot/share/my_bot/local_setup.zsh
-- Up-to-date symlink: /home/choi/angchicken_ros2_ws/install/my_bot/share/my_bot/local_setup.dsv
-- Symlinking: /home/choi/angchicken_ros2_ws/install/my_bot/share/my_bot/package.dsv
-- Up-to-date symlink: /home/choi/angchicken_ros2_ws/install/my_bot/share/ament_index/resource_index/packages/my_bot
-- Up-to-date symlink: /home/choi/angchicken_ros2_ws/install/my_bot/share/my_bot/cmake/my_botConfig.cmake
-- Up-to-date symlink: /home/choi/angchicken_ros2_ws/install/my_bot/share/my_bot/cmake/my_botConfig-version.cmake
-- Up-to-date symlink: /home/choi/angchicken_ros2_ws/install/my_bot/share/my_bot/package.xml
