[0.873s] Invoking command in '/home/choi/angchicken_ros2_ws/build/move_py': PYTHONPATH=/home/choi/angchicken_ros2_ws/build/move_py/prefix_override:/home/choi/angchicken_ros2_ws/install/move_py/lib/python3.8/site-packages:${PYTHONPATH} /usr/bin/python3 setup.py develop --uninstall --editable --build-directory /home/choi/angchicken_ros2_ws/build/move_py/build
[1.200s] running develop
[1.749s] Invoked command in '/home/choi/angchicken_ros2_ws/build/move_py' returned '0': PYTHONPATH=/home/choi/angchicken_ros2_ws/build/move_py/prefix_override:/home/choi/angchicken_ros2_ws/install/move_py/lib/python3.8/site-packages:${PYTHONPATH} /usr/bin/python3 setup.py develop --uninstall --editable --build-directory /home/choi/angchicken_ros2_ws/build/move_py/build
[1.752s] Invoking command in '/home/choi/angchicken_ros2_ws/src/move_py': PYTHONPATH=/home/choi/angchicken_ros2_ws/build/move_py/prefix_override:/home/choi/angchicken_ros2_ws/install/move_py/lib/python3.8/site-packages:${PYTHONPATH} /usr/bin/python3 setup.py egg_info --egg-base ../../build/move_py build --build-base /home/choi/angchicken_ros2_ws/build/move_py/build install --record /home/choi/angchicken_ros2_ws/build/move_py/install.log --install-scripts $base/lib/move_py --single-version-externally-managed
[2.048s] running egg_info
[2.049s] writing ../../build/move_py/move_py.egg-info/PKG-INFO
[2.049s] writing dependency_links to ../../build/move_py/move_py.egg-info/dependency_links.txt
[2.049s] writing entry points to ../../build/move_py/move_py.egg-info/entry_points.txt
[2.050s] writing requirements to ../../build/move_py/move_py.egg-info/requires.txt
[2.050s] writing top-level names to ../../build/move_py/move_py.egg-info/top_level.txt
[2.083s] reading manifest file '../../build/move_py/move_py.egg-info/SOURCES.txt'
[2.083s] writing manifest file '../../build/move_py/move_py.egg-info/SOURCES.txt'
[2.084s] running build
[2.084s] running build_py
[2.084s] running install
[2.085s] running install_lib
[2.087s] running install_data
[2.087s] running install_egg_info
[2.089s] removing '/home/choi/angchicken_ros2_ws/install/move_py/lib/python3.8/site-packages/move_py-0.0.0-py3.8.egg-info' (and everything under it)
[2.089s] Copying ../../build/move_py/move_py.egg-info to /home/choi/angchicken_ros2_ws/install/move_py/lib/python3.8/site-packages/move_py-0.0.0-py3.8.egg-info
[2.091s] running install_scripts
[2.108s] Installing robot_motion_node script to /home/choi/angchicken_ros2_ws/install/move_py/lib/move_py
[2.108s] writing list of installed files to '/home/choi/angchicken_ros2_ws/build/move_py/install.log'
[2.135s] Invoked command in '/home/choi/angchicken_ros2_ws/src/move_py' returned '0': PYTHONPATH=/home/choi/angchicken_ros2_ws/build/move_py/prefix_override:/home/choi/angchicken_ros2_ws/install/move_py/lib/python3.8/site-packages:${PYTHONPATH} /usr/bin/python3 setup.py egg_info --egg-base ../../build/move_py build --build-base /home/choi/angchicken_ros2_ws/build/move_py/build install --record /home/choi/angchicken_ros2_ws/build/move_py/install.log --install-scripts $base/lib/move_py --single-version-externally-managed
