[1.648s] Invoking command in '/home/choi/angchicken_ros2_ws/build/move_py': PYTHONPATH=/home/choi/angchicken_ros2_ws/build/move_py/prefix_override:/home/choi/angchicken_ros2_ws/install/move_py/lib/python3.8/site-packages:${PYTHONPATH} /usr/bin/python3 setup.py develop --uninstall --editable --build-directory /home/choi/angchicken_ros2_ws/build/move_py/build
[2.043s] running develop
[2.284s] Removing /home/choi/angchicken_ros2_ws/install/move_py/lib/python3.8/site-packages/move-py.egg-link (link to .)
[2.393s] Invoked command in '/home/choi/angchicken_ros2_ws/build/move_py' returned '0': PYTHONPATH=/home/choi/angchicken_ros2_ws/build/move_py/prefix_override:/home/choi/angchicken_ros2_ws/install/move_py/lib/python3.8/site-packages:${PYTHONPATH} /usr/bin/python3 setup.py develop --uninstall --editable --build-directory /home/choi/angchicken_ros2_ws/build/move_py/build
[2.397s] Invoking command in '/home/choi/angchicken_ros2_ws/src/move_py': PYTHONPATH=/home/choi/angchicken_ros2_ws/build/move_py/prefix_override:/home/choi/angchicken_ros2_ws/install/move_py/lib/python3.8/site-packages:${PYTHONPATH} /usr/bin/python3 setup.py egg_info --egg-base ../../build/move_py build --build-base /home/choi/angchicken_ros2_ws/build/move_py/build install --record /home/choi/angchicken_ros2_ws/build/move_py/install.log --install-scripts $base/lib/move_py --single-version-externally-managed
[2.712s] running egg_info
[2.712s] writing ../../build/move_py/move_py.egg-info/PKG-INFO
[2.713s] writing dependency_links to ../../build/move_py/move_py.egg-info/dependency_links.txt
[2.713s] writing entry points to ../../build/move_py/move_py.egg-info/entry_points.txt
[2.714s] writing requirements to ../../build/move_py/move_py.egg-info/requires.txt
[2.714s] writing top-level names to ../../build/move_py/move_py.egg-info/top_level.txt
[2.765s] reading manifest file '../../build/move_py/move_py.egg-info/SOURCES.txt'
[2.767s] writing manifest file '../../build/move_py/move_py.egg-info/SOURCES.txt'
[2.768s] running build
[2.768s] running build_py
[2.770s] running install
[2.771s] running install_lib
[2.775s] creating /home/choi/angchicken_ros2_ws/install/move_py/lib/python3.8/site-packages/move_py
[2.775s] copying /home/choi/angchicken_ros2_ws/build/move_py/build/lib/move_py/robot_motion_node.py -> /home/choi/angchicken_ros2_ws/install/move_py/lib/python3.8/site-packages/move_py
[2.776s] copying /home/choi/angchicken_ros2_ws/build/move_py/build/lib/move_py/__init__.py -> /home/choi/angchicken_ros2_ws/install/move_py/lib/python3.8/site-packages/move_py
[2.778s] byte-compiling /home/choi/angchicken_ros2_ws/install/move_py/lib/python3.8/site-packages/move_py/robot_motion_node.py to robot_motion_node.cpython-38.pyc
[2.781s] byte-compiling /home/choi/angchicken_ros2_ws/install/move_py/lib/python3.8/site-packages/move_py/__init__.py to __init__.cpython-38.pyc
[2.782s] running install_data
[2.783s] running install_egg_info
[2.785s] Copying ../../build/move_py/move_py.egg-info to /home/choi/angchicken_ros2_ws/install/move_py/lib/python3.8/site-packages/move_py-0.0.0-py3.8.egg-info
[2.791s] running install_scripts
[2.812s] Installing robot_motion_node script to /home/choi/angchicken_ros2_ws/install/move_py/lib/move_py
[2.812s] writing list of installed files to '/home/choi/angchicken_ros2_ws/build/move_py/install.log'
[2.847s] Invoked command in '/home/choi/angchicken_ros2_ws/src/move_py' returned '0': PYTHONPATH=/home/choi/angchicken_ros2_ws/build/move_py/prefix_override:/home/choi/angchicken_ros2_ws/install/move_py/lib/python3.8/site-packages:${PYTHONPATH} /usr/bin/python3 setup.py egg_info --egg-base ../../build/move_py build --build-base /home/choi/angchicken_ros2_ws/build/move_py/build install --record /home/choi/angchicken_ros2_ws/build/move_py/install.log --install-scripts $base/lib/move_py --single-version-externally-managed
