[1.378s] Invoking command in '/home/choi/angchicken_ros2_ws/build/pump_track': PYTHONPATH=/home/choi/angchicken_ros2_ws/build/pump_track/prefix_override:/home/choi/angchicken_ros2_ws/install/pump_track/lib/python3.8/site-packages:${PYTHONPATH} /usr/bin/python3 setup.py develop --editable --build-directory /home/choi/angchicken_ros2_ws/build/pump_track/build --no-deps install_data
[1.816s] running develop
[2.024s] running egg_info
[2.024s] writing pump_track.egg-info/PKG-INFO
[2.024s] writing dependency_links to pump_track.egg-info/dependency_links.txt
[2.024s] writing entry points to pump_track.egg-info/entry_points.txt
[2.024s] writing requirements to pump_track.egg-info/requires.txt
[2.024s] writing top-level names to pump_track.egg-info/top_level.txt
[2.062s] reading manifest file 'pump_track.egg-info/SOURCES.txt'
[2.063s] writing manifest file 'pump_track.egg-info/SOURCES.txt'
[2.103s] running build_ext
[2.104s] Creating /home/choi/angchicken_ros2_ws/install/pump_track/lib/python3.8/site-packages/pump-track.egg-link (link to .)
[2.105s] Installing army_detect script to /home/choi/angchicken_ros2_ws/install/pump_track/lib/pump_track
[2.105s] Installing diffbot_cont script to /home/choi/angchicken_ros2_ws/install/pump_track/lib/pump_track
[2.105s] Installing pump_pub script to /home/choi/angchicken_ros2_ws/install/pump_track/lib/pump_track
[2.105s] Installing usb_cam script to /home/choi/angchicken_ros2_ws/install/pump_track/lib/pump_track
[2.105s] 
[2.105s] Installed /home/choi/angchicken_ros2_ws/build/pump_track
[2.106s] running install_data
[2.264s] Invoked command in '/home/choi/angchicken_ros2_ws/build/pump_track' returned '0': PYTHONPATH=/home/choi/angchicken_ros2_ws/build/pump_track/prefix_override:/home/choi/angchicken_ros2_ws/install/pump_track/lib/python3.8/site-packages:${PYTHONPATH} /usr/bin/python3 setup.py develop --editable --build-directory /home/choi/angchicken_ros2_ws/build/pump_track/build --no-deps install_data
