[1.876s] Invoking command in '/home/choi/angchicken_ros2_ws/build/pump_track_2': PYTHONPATH=/home/choi/angchicken_ros2_ws/build/pump_track_2/prefix_override:/home/choi/angchicken_ros2_ws/install/pump_track_2/lib/python3.8/site-packages:${PYTHONPATH} /usr/bin/python3 setup.py develop --uninstall --editable --build-directory /home/choi/angchicken_ros2_ws/build/pump_track_2/build
[2.309s] running develop
[2.541s] Invoked command in '/home/choi/angchicken_ros2_ws/build/pump_track_2' returned '0': PYTHONPATH=/home/choi/angchicken_ros2_ws/build/pump_track_2/prefix_override:/home/choi/angchicken_ros2_ws/install/pump_track_2/lib/python3.8/site-packages:${PYTHONPATH} /usr/bin/python3 setup.py develop --uninstall --editable --build-directory /home/choi/angchicken_ros2_ws/build/pump_track_2/build
[2.542s] Invoking command in '/home/choi/angchicken_ros2_ws/src/pump_track_2': PYTHONPATH=/home/choi/angchicken_ros2_ws/build/pump_track_2/prefix_override:/home/choi/angchicken_ros2_ws/install/pump_track_2/lib/python3.8/site-packages:${PYTHONPATH} /usr/bin/python3 setup.py egg_info --egg-base ../../build/pump_track_2 build --build-base /home/choi/angchicken_ros2_ws/build/pump_track_2/build install --record /home/choi/angchicken_ros2_ws/build/pump_track_2/install.log --install-scripts $base/lib/pump_track_2 --single-version-externally-managed
[2.852s] running egg_info
[2.853s] writing ../../build/pump_track_2/pump_track_2.egg-info/PKG-INFO
[2.853s] writing dependency_links to ../../build/pump_track_2/pump_track_2.egg-info/dependency_links.txt
[2.853s] writing entry points to ../../build/pump_track_2/pump_track_2.egg-info/entry_points.txt
[2.853s] writing requirements to ../../build/pump_track_2/pump_track_2.egg-info/requires.txt
[2.853s] writing top-level names to ../../build/pump_track_2/pump_track_2.egg-info/top_level.txt
[2.887s] reading manifest file '../../build/pump_track_2/pump_track_2.egg-info/SOURCES.txt'
[2.888s] writing manifest file '../../build/pump_track_2/pump_track_2.egg-info/SOURCES.txt'
[2.888s] running build
[2.888s] running build_py
[2.888s] running install
[2.889s] running install_lib
[2.891s] running install_data
[2.891s] running install_egg_info
[2.893s] removing '/home/choi/angchicken_ros2_ws/install/pump_track_2/lib/python3.8/site-packages/pump_track_2-0.0.0-py3.8.egg-info' (and everything under it)
[2.894s] Copying ../../build/pump_track_2/pump_track_2.egg-info to /home/choi/angchicken_ros2_ws/install/pump_track_2/lib/python3.8/site-packages/pump_track_2-0.0.0-py3.8.egg-info
[2.894s] running install_scripts
[2.912s] Installing marker_detect script to /home/choi/angchicken_ros2_ws/install/pump_track_2/lib/pump_track_2
[2.912s] Installing usb_cam script to /home/choi/angchicken_ros2_ws/install/pump_track_2/lib/pump_track_2
[2.913s] writing list of installed files to '/home/choi/angchicken_ros2_ws/build/pump_track_2/install.log'
[2.941s] Invoked command in '/home/choi/angchicken_ros2_ws/src/pump_track_2' returned '0': PYTHONPATH=/home/choi/angchicken_ros2_ws/build/pump_track_2/prefix_override:/home/choi/angchicken_ros2_ws/install/pump_track_2/lib/python3.8/site-packages:${PYTHONPATH} /usr/bin/python3 setup.py egg_info --egg-base ../../build/pump_track_2 build --build-base /home/choi/angchicken_ros2_ws/build/pump_track_2/build install --record /home/choi/angchicken_ros2_ws/build/pump_track_2/install.log --install-scripts $base/lib/pump_track_2 --single-version-externally-managed
