[1.187s] Invoking command in '/home/choi/angchicken_ros2_ws/build/move_py': PYTHONPATH=/home/choi/angchicken_ros2_ws/build/move_py/prefix_override:/home/choi/angchicken_ros2_ws/install/move_py/lib/python3.8/site-packages:${PYTHONPATH} /usr/bin/python3 setup.py develop --uninstall --editable --build-directory /home/choi/angchicken_ros2_ws/build/move_py/build
[1.511s] running develop
[1.742s] Removing /home/choi/angchicken_ros2_ws/install/move_py/lib/python3.8/site-packages/move-py.egg-link (link to .)
[1.779s] Invoked command in '/home/choi/angchicken_ros2_ws/build/move_py' returned '0': PYTHONPATH=/home/choi/angchicken_ros2_ws/build/move_py/prefix_override:/home/choi/angchicken_ros2_ws/install/move_py/lib/python3.8/site-packages:${PYTHONPATH} /usr/bin/python3 setup.py develop --uninstall --editable --build-directory /home/choi/angchicken_ros2_ws/build/move_py/build
[1.780s] Invoking command in '/home/choi/angchicken_ros2_ws/src/move_py': PYTHONPATH=/home/choi/angchicken_ros2_ws/build/move_py/prefix_override:/home/choi/angchicken_ros2_ws/install/move_py/lib/python3.8/site-packages:${PYTHONPATH} /usr/bin/python3 setup.py egg_info --egg-base ../../build/move_py build --build-base /home/choi/angchicken_ros2_ws/build/move_py/build install --record /home/choi/angchicken_ros2_ws/build/move_py/install.log --install-scripts $base/lib/move_py --single-version-externally-managed
[2.085s] running egg_info
[2.088s] writing ../../build/move_py/move_py.egg-info/PKG-INFO
[2.088s] writing dependency_links to ../../build/move_py/move_py.egg-info/dependency_links.txt
[2.088s] writing entry points to ../../build/move_py/move_py.egg-info/entry_points.txt
[2.088s] writing requirements to ../../build/move_py/move_py.egg-info/requires.txt
[2.088s] writing top-level names to ../../build/move_py/move_py.egg-info/top_level.txt
[2.123s] reading manifest file '../../build/move_py/move_py.egg-info/SOURCES.txt'
[2.124s] writing manifest file '../../build/move_py/move_py.egg-info/SOURCES.txt'
[2.124s] running build
[2.124s] running build_py
[2.125s] running install
[2.125s] running install_lib
[2.126s] creating /home/choi/angchicken_ros2_ws/install/move_py/lib/python3.8/site-packages/move_py
[2.126s] copying /home/choi/angchicken_ros2_ws/build/move_py/build/lib/move_py/robot_motion_node.py -> /home/choi/angchicken_ros2_ws/install/move_py/lib/python3.8/site-packages/move_py
[2.126s] copying /home/choi/angchicken_ros2_ws/build/move_py/build/lib/move_py/__init__.py -> /home/choi/angchicken_ros2_ws/install/move_py/lib/python3.8/site-packages/move_py
[2.126s] byte-compiling /home/choi/angchicken_ros2_ws/install/move_py/lib/python3.8/site-packages/move_py/robot_motion_node.py to robot_motion_node.cpython-38.pyc
[2.129s] byte-compiling /home/choi/angchicken_ros2_ws/install/move_py/lib/python3.8/site-packages/move_py/__init__.py to __init__.cpython-38.pyc
[2.129s] running install_data
[2.132s] running install_egg_info
[2.132s] Copying ../../build/move_py/move_py.egg-info to /home/choi/angchicken_ros2_ws/install/move_py/lib/python3.8/site-packages/move_py-0.0.0-py3.8.egg-info
[2.133s] running install_scripts
[2.151s] Installing robot_motion_node script to /home/choi/angchicken_ros2_ws/install/move_py/lib/move_py
[2.152s] writing list of installed files to '/home/choi/angchicken_ros2_ws/build/move_py/install.log'
[2.181s] Invoked command in '/home/choi/angchicken_ros2_ws/src/move_py' returned '0': PYTHONPATH=/home/choi/angchicken_ros2_ws/build/move_py/prefix_override:/home/choi/angchicken_ros2_ws/install/move_py/lib/python3.8/site-packages:${PYTHONPATH} /usr/bin/python3 setup.py egg_info --egg-base ../../build/move_py build --build-base /home/choi/angchicken_ros2_ws/build/move_py/build install --record /home/choi/angchicken_ros2_ws/build/move_py/install.log --install-scripts $base/lib/move_py --single-version-externally-managed
