[0.362s] DEBUG:colcon:Command line arguments: ['/usr/bin/colcon', 'build', '--symlink-install']
[0.362s] DEBUG:colcon:Parsed command line arguments: Namespace(allow_overriding=[], ament_cmake_args=None, base_paths=['.'], build_base='build', catkin_cmake_args=None, catkin_skip_building_tests=False, cmake_args=None, cmake_clean_cache=False, cmake_clean_first=False, cmake_force_configure=False, cmake_target=None, cmake_target_skip_unavailable=False, continue_on_error=False, event_handlers=None, executor='parallel', ignore_user_meta=False, install_base='install', log_base=None, log_level=None, main=<bound method BuildVerb.main of <colcon_core.verb.build.BuildVerb object at 0x7fa636475eb0>>, merge_install=False, metas=['./colcon.meta'], packages_above=None, packages_above_and_dependencies=None, packages_above_depth=None, packages_end=None, packages_ignore=None, packages_ignore_regex=None, packages_select=None, packages_select_build_failed=False, packages_select_by_dep=None, packages_select_regex=None, packages_select_test_failures=False, packages_skip=None, packages_skip_build_finished=False, packages_skip_by_dep=None, packages_skip_regex=None, packages_skip_test_passed=False, packages_skip_up_to=None, packages_start=None, packages_up_to=None, packages_up_to_regex=None, parallel_workers=4, paths=None, symlink_install=True, test_result_base=None, verb_extension=<colcon_core.verb.build.BuildVerb object at 0x7fa636475eb0>, verb_name='build', verb_parser=<colcon_defaults.argument_parser.defaults.DefaultArgumentsDecorator object at 0x7fa636483460>)
[0.399s] Level 1:colcon.colcon_core.package_discovery:discover_packages(colcon_meta) check parameters
[0.399s] Level 1:colcon.colcon_core.package_discovery:discover_packages(recursive) check parameters
[0.399s] Level 1:colcon.colcon_core.package_discovery:discover_packages(ignore) check parameters
[0.399s] Level 1:colcon.colcon_core.package_discovery:discover_packages(path) check parameters
[0.399s] Level 1:colcon.colcon_core.package_discovery:discover_packages(colcon_meta) discover
[0.400s] Level 1:colcon.colcon_core.package_discovery:discover_packages(recursive) discover
[0.400s] INFO:colcon.colcon_core.package_discovery:Crawling recursively for packages in '/home/choi/angchicken_ros2_ws'
[0.400s] Level 1:colcon.colcon_core.package_identification:_identify(.) by extensions ['ignore', 'ignore_ament_install']
[0.400s] Level 1:colcon.colcon_core.package_identification:_identify(.) by extension 'ignore'
[0.400s] Level 1:colcon.colcon_core.package_identification:_identify(.) by extension 'ignore_ament_install'
[0.400s] Level 1:colcon.colcon_core.package_identification:_identify(.) by extensions ['colcon_pkg']
[0.400s] Level 1:colcon.colcon_core.package_identification:_identify(.) by extension 'colcon_pkg'
[0.400s] Level 1:colcon.colcon_core.package_identification:_identify(.) by extensions ['colcon_meta']
[0.400s] Level 1:colcon.colcon_core.package_identification:_identify(.) by extension 'colcon_meta'
[0.400s] Level 1:colcon.colcon_core.package_identification:_identify(.) by extensions ['ros']
[0.400s] Level 1:colcon.colcon_core.package_identification:_identify(.) by extension 'ros'
[0.413s] Level 1:colcon.colcon_core.package_identification:_identify(.) by extensions ['cmake', 'python']
[0.414s] Level 1:colcon.colcon_core.package_identification:_identify(.) by extension 'cmake'
[0.414s] Level 1:colcon.colcon_core.package_identification:_identify(.) by extension 'python'
[0.414s] Level 1:colcon.colcon_core.package_identification:_identify(.) by extensions ['python_setup_py']
[0.414s] Level 1:colcon.colcon_core.package_identification:_identify(.) by extension 'python_setup_py'
[0.414s] Level 1:colcon.colcon_core.package_identification:_identify(build) by extensions ['ignore', 'ignore_ament_install']
[0.414s] Level 1:colcon.colcon_core.package_identification:_identify(build) by extension 'ignore'
[0.414s] Level 1:colcon.colcon_core.package_identification:_identify(build) ignored
[0.414s] Level 1:colcon.colcon_core.package_identification:_identify(gazebo_models) by extensions ['ignore', 'ignore_ament_install']
[0.414s] Level 1:colcon.colcon_core.package_identification:_identify(gazebo_models) by extension 'ignore'
[0.415s] Level 1:colcon.colcon_core.package_identification:_identify(gazebo_models) by extension 'ignore_ament_install'
[0.415s] Level 1:colcon.colcon_core.package_identification:_identify(gazebo_models) by extensions ['colcon_pkg']
[0.415s] Level 1:colcon.colcon_core.package_identification:_identify(gazebo_models) by extension 'colcon_pkg'
[0.415s] Level 1:colcon.colcon_core.package_identification:_identify(gazebo_models) by extensions ['colcon_meta']
[0.415s] Level 1:colcon.colcon_core.package_identification:_identify(gazebo_models) by extension 'colcon_meta'
[0.415s] Level 1:colcon.colcon_core.package_identification:_identify(gazebo_models) by extensions ['ros']
[0.415s] Level 1:colcon.colcon_core.package_identification:_identify(gazebo_models) by extension 'ros'
[0.415s] Level 1:colcon.colcon_core.package_identification:_identify(gazebo_models) by extensions ['cmake', 'python']
[0.415s] Level 1:colcon.colcon_core.package_identification:_identify(gazebo_models) by extension 'cmake'
[0.415s] Level 1:colcon.colcon_core.package_identification:_identify(gazebo_models) by extension 'python'
[0.415s] Level 1:colcon.colcon_core.package_identification:_identify(gazebo_models) by extensions ['python_setup_py']
[0.415s] Level 1:colcon.colcon_core.package_identification:_identify(gazebo_models) by extension 'python_setup_py'
[0.415s] Level 1:colcon.colcon_core.package_identification:_identify(gazebo_models/track_ground) by extensions ['ignore', 'ignore_ament_install']
[0.415s] Level 1:colcon.colcon_core.package_identification:_identify(gazebo_models/track_ground) by extension 'ignore'
[0.415s] Level 1:colcon.colcon_core.package_identification:_identify(gazebo_models/track_ground) by extension 'ignore_ament_install'
[0.415s] Level 1:colcon.colcon_core.package_identification:_identify(gazebo_models/track_ground) by extensions ['colcon_pkg']
[0.415s] Level 1:colcon.colcon_core.package_identification:_identify(gazebo_models/track_ground) by extension 'colcon_pkg'
[0.415s] Level 1:colcon.colcon_core.package_identification:_identify(gazebo_models/track_ground) by extensions ['colcon_meta']
[0.416s] Level 1:colcon.colcon_core.package_identification:_identify(gazebo_models/track_ground) by extension 'colcon_meta'
[0.416s] Level 1:colcon.colcon_core.package_identification:_identify(gazebo_models/track_ground) by extensions ['ros']
[0.416s] Level 1:colcon.colcon_core.package_identification:_identify(gazebo_models/track_ground) by extension 'ros'
[0.416s] Level 1:colcon.colcon_core.package_identification:_identify(gazebo_models/track_ground) by extensions ['cmake', 'python']
[0.416s] Level 1:colcon.colcon_core.package_identification:_identify(gazebo_models/track_ground) by extension 'cmake'
[0.416s] Level 1:colcon.colcon_core.package_identification:_identify(gazebo_models/track_ground) by extension 'python'
[0.416s] Level 1:colcon.colcon_core.package_identification:_identify(gazebo_models/track_ground) by extensions ['python_setup_py']
[0.416s] Level 1:colcon.colcon_core.package_identification:_identify(gazebo_models/track_ground) by extension 'python_setup_py'
[0.416s] Level 1:colcon.colcon_core.package_identification:_identify(gazebo_models/track_sample) by extensions ['ignore', 'ignore_ament_install']
[0.416s] Level 1:colcon.colcon_core.package_identification:_identify(gazebo_models/track_sample) by extension 'ignore'
[0.416s] Level 1:colcon.colcon_core.package_identification:_identify(gazebo_models/track_sample) by extension 'ignore_ament_install'
[0.416s] Level 1:colcon.colcon_core.package_identification:_identify(gazebo_models/track_sample) by extensions ['colcon_pkg']
[0.416s] Level 1:colcon.colcon_core.package_identification:_identify(gazebo_models/track_sample) by extension 'colcon_pkg'
[0.416s] Level 1:colcon.colcon_core.package_identification:_identify(gazebo_models/track_sample) by extensions ['colcon_meta']
[0.416s] Level 1:colcon.colcon_core.package_identification:_identify(gazebo_models/track_sample) by extension 'colcon_meta'
[0.416s] Level 1:colcon.colcon_core.package_identification:_identify(gazebo_models/track_sample) by extensions ['ros']
[0.416s] Level 1:colcon.colcon_core.package_identification:_identify(gazebo_models/track_sample) by extension 'ros'
[0.417s] Level 1:colcon.colcon_core.package_identification:_identify(gazebo_models/track_sample) by extensions ['cmake', 'python']
[0.417s] Level 1:colcon.colcon_core.package_identification:_identify(gazebo_models/track_sample) by extension 'cmake'
[0.417s] Level 1:colcon.colcon_core.package_identification:_identify(gazebo_models/track_sample) by extension 'python'
[0.417s] Level 1:colcon.colcon_core.package_identification:_identify(gazebo_models/track_sample) by extensions ['python_setup_py']
[0.417s] Level 1:colcon.colcon_core.package_identification:_identify(gazebo_models/track_sample) by extension 'python_setup_py'
[0.417s] Level 1:colcon.colcon_core.package_identification:_identify(gazebo_models/track_sample/materials) by extensions ['ignore', 'ignore_ament_install']
[0.417s] Level 1:colcon.colcon_core.package_identification:_identify(gazebo_models/track_sample/materials) by extension 'ignore'
[0.417s] Level 1:colcon.colcon_core.package_identification:_identify(gazebo_models/track_sample/materials) by extension 'ignore_ament_install'
[0.417s] Level 1:colcon.colcon_core.package_identification:_identify(gazebo_models/track_sample/materials) by extensions ['colcon_pkg']
[0.417s] Level 1:colcon.colcon_core.package_identification:_identify(gazebo_models/track_sample/materials) by extension 'colcon_pkg'
[0.417s] Level 1:colcon.colcon_core.package_identification:_identify(gazebo_models/track_sample/materials) by extensions ['colcon_meta']
[0.417s] Level 1:colcon.colcon_core.package_identification:_identify(gazebo_models/track_sample/materials) by extension 'colcon_meta'
[0.417s] Level 1:colcon.colcon_core.package_identification:_identify(gazebo_models/track_sample/materials) by extensions ['ros']
[0.417s] Level 1:colcon.colcon_core.package_identification:_identify(gazebo_models/track_sample/materials) by extension 'ros'
[0.417s] Level 1:colcon.colcon_core.package_identification:_identify(gazebo_models/track_sample/materials) by extensions ['cmake', 'python']
[0.417s] Level 1:colcon.colcon_core.package_identification:_identify(gazebo_models/track_sample/materials) by extension 'cmake'
[0.417s] Level 1:colcon.colcon_core.package_identification:_identify(gazebo_models/track_sample/materials) by extension 'python'
[0.418s] Level 1:colcon.colcon_core.package_identification:_identify(gazebo_models/track_sample/materials) by extensions ['python_setup_py']
[0.418s] Level 1:colcon.colcon_core.package_identification:_identify(gazebo_models/track_sample/materials) by extension 'python_setup_py'
[0.418s] Level 1:colcon.colcon_core.package_identification:_identify(gazebo_models/track_sample/materials/scripts) by extensions ['ignore', 'ignore_ament_install']
[0.418s] Level 1:colcon.colcon_core.package_identification:_identify(gazebo_models/track_sample/materials/scripts) by extension 'ignore'
[0.418s] Level 1:colcon.colcon_core.package_identification:_identify(gazebo_models/track_sample/materials/scripts) by extension 'ignore_ament_install'
[0.418s] Level 1:colcon.colcon_core.package_identification:_identify(gazebo_models/track_sample/materials/scripts) by extensions ['colcon_pkg']
[0.418s] Level 1:colcon.colcon_core.package_identification:_identify(gazebo_models/track_sample/materials/scripts) by extension 'colcon_pkg'
[0.418s] Level 1:colcon.colcon_core.package_identification:_identify(gazebo_models/track_sample/materials/scripts) by extensions ['colcon_meta']
[0.418s] Level 1:colcon.colcon_core.package_identification:_identify(gazebo_models/track_sample/materials/scripts) by extension 'colcon_meta'
[0.418s] Level 1:colcon.colcon_core.package_identification:_identify(gazebo_models/track_sample/materials/scripts) by extensions ['ros']
[0.418s] Level 1:colcon.colcon_core.package_identification:_identify(gazebo_models/track_sample/materials/scripts) by extension 'ros'
[0.418s] Level 1:colcon.colcon_core.package_identification:_identify(gazebo_models/track_sample/materials/scripts) by extensions ['cmake', 'python']
[0.418s] Level 1:colcon.colcon_core.package_identification:_identify(gazebo_models/track_sample/materials/scripts) by extension 'cmake'
[0.418s] Level 1:colcon.colcon_core.package_identification:_identify(gazebo_models/track_sample/materials/scripts) by extension 'python'
[0.418s] Level 1:colcon.colcon_core.package_identification:_identify(gazebo_models/track_sample/materials/scripts) by extensions ['python_setup_py']
[0.418s] Level 1:colcon.colcon_core.package_identification:_identify(gazebo_models/track_sample/materials/scripts) by extension 'python_setup_py'
[0.418s] Level 1:colcon.colcon_core.package_identification:_identify(gazebo_models/track_sample/materials/textures) by extensions ['ignore', 'ignore_ament_install']
[0.419s] Level 1:colcon.colcon_core.package_identification:_identify(gazebo_models/track_sample/materials/textures) by extension 'ignore'
[0.419s] Level 1:colcon.colcon_core.package_identification:_identify(gazebo_models/track_sample/materials/textures) by extension 'ignore_ament_install'
[0.419s] Level 1:colcon.colcon_core.package_identification:_identify(gazebo_models/track_sample/materials/textures) by extensions ['colcon_pkg']
[0.419s] Level 1:colcon.colcon_core.package_identification:_identify(gazebo_models/track_sample/materials/textures) by extension 'colcon_pkg'
[0.419s] Level 1:colcon.colcon_core.package_identification:_identify(gazebo_models/track_sample/materials/textures) by extensions ['colcon_meta']
[0.419s] Level 1:colcon.colcon_core.package_identification:_identify(gazebo_models/track_sample/materials/textures) by extension 'colcon_meta'
[0.419s] Level 1:colcon.colcon_core.package_identification:_identify(gazebo_models/track_sample/materials/textures) by extensions ['ros']
[0.419s] Level 1:colcon.colcon_core.package_identification:_identify(gazebo_models/track_sample/materials/textures) by extension 'ros'
[0.419s] Level 1:colcon.colcon_core.package_identification:_identify(gazebo_models/track_sample/materials/textures) by extensions ['cmake', 'python']
[0.419s] Level 1:colcon.colcon_core.package_identification:_identify(gazebo_models/track_sample/materials/textures) by extension 'cmake'
[0.419s] Level 1:colcon.colcon_core.package_identification:_identify(gazebo_models/track_sample/materials/textures) by extension 'python'
[0.419s] Level 1:colcon.colcon_core.package_identification:_identify(gazebo_models/track_sample/materials/textures) by extensions ['python_setup_py']
[0.419s] Level 1:colcon.colcon_core.package_identification:_identify(gazebo_models/track_sample/materials/textures) by extension 'python_setup_py'
[0.419s] Level 1:colcon.colcon_core.package_identification:_identify(install) by extensions ['ignore', 'ignore_ament_install']
[0.419s] Level 1:colcon.colcon_core.package_identification:_identify(install) by extension 'ignore'
[0.419s] Level 1:colcon.colcon_core.package_identification:_identify(install) ignored
[0.420s] Level 1:colcon.colcon_core.package_identification:_identify(log) by extensions ['ignore', 'ignore_ament_install']
[0.420s] Level 1:colcon.colcon_core.package_identification:_identify(log) by extension 'ignore'
[0.420s] Level 1:colcon.colcon_core.package_identification:_identify(log) ignored
[0.420s] Level 1:colcon.colcon_core.package_identification:_identify(src) by extensions ['ignore', 'ignore_ament_install']
[0.420s] Level 1:colcon.colcon_core.package_identification:_identify(src) by extension 'ignore'
[0.420s] Level 1:colcon.colcon_core.package_identification:_identify(src) by extension 'ignore_ament_install'
[0.420s] Level 1:colcon.colcon_core.package_identification:_identify(src) by extensions ['colcon_pkg']
[0.420s] Level 1:colcon.colcon_core.package_identification:_identify(src) by extension 'colcon_pkg'
[0.420s] Level 1:colcon.colcon_core.package_identification:_identify(src) by extensions ['colcon_meta']
[0.420s] Level 1:colcon.colcon_core.package_identification:_identify(src) by extension 'colcon_meta'
[0.420s] Level 1:colcon.colcon_core.package_identification:_identify(src) by extensions ['ros']
[0.420s] Level 1:colcon.colcon_core.package_identification:_identify(src) by extension 'ros'
[0.420s] Level 1:colcon.colcon_core.package_identification:_identify(src) by extensions ['cmake', 'python']
[0.420s] Level 1:colcon.colcon_core.package_identification:_identify(src) by extension 'cmake'
[0.421s] Level 1:colcon.colcon_core.package_identification:_identify(src) by extension 'python'
[0.421s] Level 1:colcon.colcon_core.package_identification:_identify(src) by extensions ['python_setup_py']
[0.421s] Level 1:colcon.colcon_core.package_identification:_identify(src) by extension 'python_setup_py'
[0.421s] Level 1:colcon.colcon_core.package_identification:_identify(src/color_detection) by extensions ['ignore', 'ignore_ament_install']
[0.421s] Level 1:colcon.colcon_core.package_identification:_identify(src/color_detection) by extension 'ignore'
[0.421s] Level 1:colcon.colcon_core.package_identification:_identify(src/color_detection) by extension 'ignore_ament_install'
[0.421s] Level 1:colcon.colcon_core.package_identification:_identify(src/color_detection) by extensions ['colcon_pkg']
[0.421s] Level 1:colcon.colcon_core.package_identification:_identify(src/color_detection) by extension 'colcon_pkg'
[0.421s] Level 1:colcon.colcon_core.package_identification:_identify(src/color_detection) by extensions ['colcon_meta']
[0.421s] Level 1:colcon.colcon_core.package_identification:_identify(src/color_detection) by extension 'colcon_meta'
[0.421s] Level 1:colcon.colcon_core.package_identification:_identify(src/color_detection) by extensions ['ros']
[0.421s] Level 1:colcon.colcon_core.package_identification:_identify(src/color_detection) by extension 'ros'
[0.424s] DEBUG:colcon.colcon_core.package_identification:Package 'src/color_detection' with type 'ros.ament_python' and name 'color_detection'
[0.424s] Level 1:colcon.colcon_core.package_identification:_identify(src/lane_detection_py) by extensions ['ignore', 'ignore_ament_install']
[0.424s] Level 1:colcon.colcon_core.package_identification:_identify(src/lane_detection_py) by extension 'ignore'
[0.424s] Level 1:colcon.colcon_core.package_identification:_identify(src/lane_detection_py) by extension 'ignore_ament_install'
[0.424s] Level 1:colcon.colcon_core.package_identification:_identify(src/lane_detection_py) by extensions ['colcon_pkg']
[0.424s] Level 1:colcon.colcon_core.package_identification:_identify(src/lane_detection_py) by extension 'colcon_pkg'
[0.424s] Level 1:colcon.colcon_core.package_identification:_identify(src/lane_detection_py) by extensions ['colcon_meta']
[0.424s] Level 1:colcon.colcon_core.package_identification:_identify(src/lane_detection_py) by extension 'colcon_meta'
[0.424s] Level 1:colcon.colcon_core.package_identification:_identify(src/lane_detection_py) by extensions ['ros']
[0.424s] Level 1:colcon.colcon_core.package_identification:_identify(src/lane_detection_py) by extension 'ros'
[0.425s] DEBUG:colcon.colcon_core.package_identification:Package 'src/lane_detection_py' with type 'ros.ament_python' and name 'lane_detection_py'
[0.425s] Level 1:colcon.colcon_core.package_identification:_identify(src/lidar_pkg) by extensions ['ignore', 'ignore_ament_install']
[0.425s] Level 1:colcon.colcon_core.package_identification:_identify(src/lidar_pkg) by extension 'ignore'
[0.425s] Level 1:colcon.colcon_core.package_identification:_identify(src/lidar_pkg) by extension 'ignore_ament_install'
[0.425s] Level 1:colcon.colcon_core.package_identification:_identify(src/lidar_pkg) by extensions ['colcon_pkg']
[0.425s] Level 1:colcon.colcon_core.package_identification:_identify(src/lidar_pkg) by extension 'colcon_pkg'
[0.426s] Level 1:colcon.colcon_core.package_identification:_identify(src/lidar_pkg) by extensions ['colcon_meta']
[0.426s] Level 1:colcon.colcon_core.package_identification:_identify(src/lidar_pkg) by extension 'colcon_meta'
[0.426s] Level 1:colcon.colcon_core.package_identification:_identify(src/lidar_pkg) by extensions ['ros']
[0.426s] Level 1:colcon.colcon_core.package_identification:_identify(src/lidar_pkg) by extension 'ros'
[0.426s] DEBUG:colcon.colcon_core.package_identification:Package 'src/lidar_pkg' with type 'ros.ament_cmake' and name 'lidar_pkg'
[0.427s] Level 1:colcon.colcon_core.package_identification:_identify(src/line_following_bot) by extensions ['ignore', 'ignore_ament_install']
[0.427s] Level 1:colcon.colcon_core.package_identification:_identify(src/line_following_bot) by extension 'ignore'
[0.427s] Level 1:colcon.colcon_core.package_identification:_identify(src/line_following_bot) by extension 'ignore_ament_install'
[0.427s] Level 1:colcon.colcon_core.package_identification:_identify(src/line_following_bot) by extensions ['colcon_pkg']
[0.427s] Level 1:colcon.colcon_core.package_identification:_identify(src/line_following_bot) by extension 'colcon_pkg'
[0.427s] Level 1:colcon.colcon_core.package_identification:_identify(src/line_following_bot) by extensions ['colcon_meta']
[0.427s] Level 1:colcon.colcon_core.package_identification:_identify(src/line_following_bot) by extension 'colcon_meta'
[0.427s] Level 1:colcon.colcon_core.package_identification:_identify(src/line_following_bot) by extensions ['ros']
[0.427s] Level 1:colcon.colcon_core.package_identification:_identify(src/line_following_bot) by extension 'ros'
[0.427s] DEBUG:colcon.colcon_core.package_identification:Package 'src/line_following_bot' with type 'ros.ament_python' and name 'line_following_bot'
[0.427s] Level 1:colcon.colcon_core.package_identification:_identify(src/move_py) by extensions ['ignore', 'ignore_ament_install']
[0.428s] Level 1:colcon.colcon_core.package_identification:_identify(src/move_py) by extension 'ignore'
[0.428s] Level 1:colcon.colcon_core.package_identification:_identify(src/move_py) by extension 'ignore_ament_install'
[0.428s] Level 1:colcon.colcon_core.package_identification:_identify(src/move_py) by extensions ['colcon_pkg']
[0.428s] Level 1:colcon.colcon_core.package_identification:_identify(src/move_py) by extension 'colcon_pkg'
[0.428s] Level 1:colcon.colcon_core.package_identification:_identify(src/move_py) by extensions ['colcon_meta']
[0.428s] Level 1:colcon.colcon_core.package_identification:_identify(src/move_py) by extension 'colcon_meta'
[0.428s] Level 1:colcon.colcon_core.package_identification:_identify(src/move_py) by extensions ['ros']
[0.428s] Level 1:colcon.colcon_core.package_identification:_identify(src/move_py) by extension 'ros'
[0.429s] DEBUG:colcon.colcon_core.package_identification:Package 'src/move_py' with type 'ros.ament_python' and name 'move_py'
[0.430s] Level 1:colcon.colcon_core.package_identification:_identify(src/my_bot) by extensions ['ignore', 'ignore_ament_install']
[0.430s] Level 1:colcon.colcon_core.package_identification:_identify(src/my_bot) by extension 'ignore'
[0.430s] Level 1:colcon.colcon_core.package_identification:_identify(src/my_bot) by extension 'ignore_ament_install'
[0.430s] Level 1:colcon.colcon_core.package_identification:_identify(src/my_bot) by extensions ['colcon_pkg']
[0.430s] Level 1:colcon.colcon_core.package_identification:_identify(src/my_bot) by extension 'colcon_pkg'
[0.430s] Level 1:colcon.colcon_core.package_identification:_identify(src/my_bot) by extensions ['colcon_meta']
[0.430s] Level 1:colcon.colcon_core.package_identification:_identify(src/my_bot) by extension 'colcon_meta'
[0.430s] Level 1:colcon.colcon_core.package_identification:_identify(src/my_bot) by extensions ['ros']
[0.430s] Level 1:colcon.colcon_core.package_identification:_identify(src/my_bot) by extension 'ros'
[0.430s] DEBUG:colcon.colcon_core.package_identification:Package 'src/my_bot' with type 'ros.ament_cmake' and name 'my_bot'
[0.431s] Level 1:colcon.colcon_core.package_identification:_identify(src/people_detect) by extensions ['ignore', 'ignore_ament_install']
[0.431s] Level 1:colcon.colcon_core.package_identification:_identify(src/people_detect) by extension 'ignore'
[0.431s] Level 1:colcon.colcon_core.package_identification:_identify(src/people_detect) by extension 'ignore_ament_install'
[0.431s] Level 1:colcon.colcon_core.package_identification:_identify(src/people_detect) by extensions ['colcon_pkg']
[0.431s] Level 1:colcon.colcon_core.package_identification:_identify(src/people_detect) by extension 'colcon_pkg'
[0.431s] Level 1:colcon.colcon_core.package_identification:_identify(src/people_detect) by extensions ['colcon_meta']
[0.431s] Level 1:colcon.colcon_core.package_identification:_identify(src/people_detect) by extension 'colcon_meta'
[0.431s] Level 1:colcon.colcon_core.package_identification:_identify(src/people_detect) by extensions ['ros']
[0.431s] Level 1:colcon.colcon_core.package_identification:_identify(src/people_detect) by extension 'ros'
[0.431s] Level 1:colcon.colcon_core.package_identification:_identify(src/people_detect) by extensions ['cmake', 'python']
[0.431s] Level 1:colcon.colcon_core.package_identification:_identify(src/people_detect) by extension 'cmake'
[0.431s] Level 1:colcon.colcon_core.package_identification:_identify(src/people_detect) by extension 'python'
[0.431s] Level 1:colcon.colcon_core.package_identification:_identify(src/people_detect) by extensions ['python_setup_py']
[0.431s] Level 1:colcon.colcon_core.package_identification:_identify(src/people_detect) by extension 'python_setup_py'
[0.431s] Level 1:colcon.colcon_core.package_identification:_identify(src/pump_track) by extensions ['ignore', 'ignore_ament_install']
[0.432s] Level 1:colcon.colcon_core.package_identification:_identify(src/pump_track) by extension 'ignore'
[0.432s] Level 1:colcon.colcon_core.package_identification:_identify(src/pump_track) by extension 'ignore_ament_install'
[0.432s] Level 1:colcon.colcon_core.package_identification:_identify(src/pump_track) by extensions ['colcon_pkg']
[0.432s] Level 1:colcon.colcon_core.package_identification:_identify(src/pump_track) by extension 'colcon_pkg'
[0.432s] Level 1:colcon.colcon_core.package_identification:_identify(src/pump_track) by extensions ['colcon_meta']
[0.432s] Level 1:colcon.colcon_core.package_identification:_identify(src/pump_track) by extension 'colcon_meta'
[0.432s] Level 1:colcon.colcon_core.package_identification:_identify(src/pump_track) by extensions ['ros']
[0.432s] Level 1:colcon.colcon_core.package_identification:_identify(src/pump_track) by extension 'ros'
[0.432s] DEBUG:colcon.colcon_core.package_identification:Package 'src/pump_track' with type 'ros.ament_python' and name 'pump_track'
[0.432s] Level 1:colcon.colcon_core.package_identification:_identify(src/text_detection) by extensions ['ignore', 'ignore_ament_install']
[0.432s] Level 1:colcon.colcon_core.package_identification:_identify(src/text_detection) by extension 'ignore'
[0.433s] Level 1:colcon.colcon_core.package_identification:_identify(src/text_detection) by extension 'ignore_ament_install'
[0.433s] Level 1:colcon.colcon_core.package_identification:_identify(src/text_detection) by extensions ['colcon_pkg']
[0.433s] Level 1:colcon.colcon_core.package_identification:_identify(src/text_detection) by extension 'colcon_pkg'
[0.433s] Level 1:colcon.colcon_core.package_identification:_identify(src/text_detection) by extensions ['colcon_meta']
[0.433s] Level 1:colcon.colcon_core.package_identification:_identify(src/text_detection) by extension 'colcon_meta'
[0.433s] Level 1:colcon.colcon_core.package_identification:_identify(src/text_detection) by extensions ['ros']
[0.433s] Level 1:colcon.colcon_core.package_identification:_identify(src/text_detection) by extension 'ros'
[0.433s] DEBUG:colcon.colcon_core.package_identification:Package 'src/text_detection' with type 'ros.ament_python' and name 'text_detection'
[0.433s] Level 1:colcon.colcon_core.package_discovery:discover_packages(recursive) using defaults
[0.433s] Level 1:colcon.colcon_core.package_discovery:discover_packages(ignore) discover
[0.433s] Level 1:colcon.colcon_core.package_discovery:discover_packages(ignore) using defaults
[0.433s] Level 1:colcon.colcon_core.package_discovery:discover_packages(path) discover
[0.433s] Level 1:colcon.colcon_core.package_discovery:discover_packages(path) using defaults
[0.461s] Level 1:colcon.colcon_core.package_discovery:discover_packages(prefix_path) check parameters
[0.461s] Level 1:colcon.colcon_core.package_discovery:discover_packages(prefix_path) discover
[0.466s] DEBUG:colcon.colcon_installed_package_information.package_discovery:Found 11 installed packages in /home/choi/angchicken_ros2_ws/install
[0.468s] DEBUG:colcon.colcon_installed_package_information.package_discovery:Found 22 installed packages in /home/choi/my_bot_ws/install
[0.472s] DEBUG:colcon.colcon_installed_package_information.package_discovery:Found 398 installed packages in /opt/ros/foxy
[0.474s] Level 1:colcon.colcon_core.package_discovery:discover_packages(prefix_path) using defaults
[0.558s] Level 5:colcon.colcon_core.verb:set package 'color_detection' build argument 'cmake_args' from command line to 'None'
[0.558s] Level 5:colcon.colcon_core.verb:set package 'color_detection' build argument 'cmake_target' from command line to 'None'
[0.558s] Level 5:colcon.colcon_core.verb:set package 'color_detection' build argument 'cmake_target_skip_unavailable' from command line to 'False'
[0.558s] Level 5:colcon.colcon_core.verb:set package 'color_detection' build argument 'cmake_clean_cache' from command line to 'False'
[0.558s] Level 5:colcon.colcon_core.verb:set package 'color_detection' build argument 'cmake_clean_first' from command line to 'False'
[0.558s] Level 5:colcon.colcon_core.verb:set package 'color_detection' build argument 'cmake_force_configure' from command line to 'False'
[0.558s] Level 5:colcon.colcon_core.verb:set package 'color_detection' build argument 'ament_cmake_args' from command line to 'None'
[0.558s] Level 5:colcon.colcon_core.verb:set package 'color_detection' build argument 'catkin_cmake_args' from command line to 'None'
[0.558s] Level 5:colcon.colcon_core.verb:set package 'color_detection' build argument 'catkin_skip_building_tests' from command line to 'False'
[0.558s] DEBUG:colcon.colcon_core.verb:Building package 'color_detection' with the following arguments: {'ament_cmake_args': None, 'build_base': '/home/choi/angchicken_ros2_ws/build/color_detection', 'catkin_cmake_args': None, 'catkin_skip_building_tests': False, 'cmake_args': None, 'cmake_clean_cache': False, 'cmake_clean_first': False, 'cmake_force_configure': False, 'cmake_target': None, 'cmake_target_skip_unavailable': False, 'install_base': '/home/choi/angchicken_ros2_ws/install/color_detection', 'merge_install': False, 'path': '/home/choi/angchicken_ros2_ws/src/color_detection', 'symlink_install': True, 'test_result_base': None}
[0.560s] Level 5:colcon.colcon_core.verb:set package 'lane_detection_py' build argument 'cmake_args' from command line to 'None'
[0.560s] Level 5:colcon.colcon_core.verb:set package 'lane_detection_py' build argument 'cmake_target' from command line to 'None'
[0.560s] Level 5:colcon.colcon_core.verb:set package 'lane_detection_py' build argument 'cmake_target_skip_unavailable' from command line to 'False'
[0.560s] Level 5:colcon.colcon_core.verb:set package 'lane_detection_py' build argument 'cmake_clean_cache' from command line to 'False'
[0.560s] Level 5:colcon.colcon_core.verb:set package 'lane_detection_py' build argument 'cmake_clean_first' from command line to 'False'
[0.560s] Level 5:colcon.colcon_core.verb:set package 'lane_detection_py' build argument 'cmake_force_configure' from command line to 'False'
[0.560s] Level 5:colcon.colcon_core.verb:set package 'lane_detection_py' build argument 'ament_cmake_args' from command line to 'None'
[0.560s] Level 5:colcon.colcon_core.verb:set package 'lane_detection_py' build argument 'catkin_cmake_args' from command line to 'None'
[0.560s] Level 5:colcon.colcon_core.verb:set package 'lane_detection_py' build argument 'catkin_skip_building_tests' from command line to 'False'
[0.560s] DEBUG:colcon.colcon_core.verb:Building package 'lane_detection_py' with the following arguments: {'ament_cmake_args': None, 'build_base': '/home/choi/angchicken_ros2_ws/build/lane_detection_py', 'catkin_cmake_args': None, 'catkin_skip_building_tests': False, 'cmake_args': None, 'cmake_clean_cache': False, 'cmake_clean_first': False, 'cmake_force_configure': False, 'cmake_target': None, 'cmake_target_skip_unavailable': False, 'install_base': '/home/choi/angchicken_ros2_ws/install/lane_detection_py', 'merge_install': False, 'path': '/home/choi/angchicken_ros2_ws/src/lane_detection_py', 'symlink_install': True, 'test_result_base': None}
[0.561s] Level 5:colcon.colcon_core.verb:set package 'lidar_pkg' build argument 'cmake_args' from command line to 'None'
[0.561s] Level 5:colcon.colcon_core.verb:set package 'lidar_pkg' build argument 'cmake_target' from command line to 'None'
[0.561s] Level 5:colcon.colcon_core.verb:set package 'lidar_pkg' build argument 'cmake_target_skip_unavailable' from command line to 'False'
[0.561s] Level 5:colcon.colcon_core.verb:set package 'lidar_pkg' build argument 'cmake_clean_cache' from command line to 'False'
[0.561s] Level 5:colcon.colcon_core.verb:set package 'lidar_pkg' build argument 'cmake_clean_first' from command line to 'False'
[0.561s] Level 5:colcon.colcon_core.verb:set package 'lidar_pkg' build argument 'cmake_force_configure' from command line to 'False'
[0.561s] Level 5:colcon.colcon_core.verb:set package 'lidar_pkg' build argument 'ament_cmake_args' from command line to 'None'
[0.561s] Level 5:colcon.colcon_core.verb:set package 'lidar_pkg' build argument 'catkin_cmake_args' from command line to 'None'
[0.561s] Level 5:colcon.colcon_core.verb:set package 'lidar_pkg' build argument 'catkin_skip_building_tests' from command line to 'False'
[0.562s] DEBUG:colcon.colcon_core.verb:Building package 'lidar_pkg' with the following arguments: {'ament_cmake_args': None, 'build_base': '/home/choi/angchicken_ros2_ws/build/lidar_pkg', 'catkin_cmake_args': None, 'catkin_skip_building_tests': False, 'cmake_args': None, 'cmake_clean_cache': False, 'cmake_clean_first': False, 'cmake_force_configure': False, 'cmake_target': None, 'cmake_target_skip_unavailable': False, 'install_base': '/home/choi/angchicken_ros2_ws/install/lidar_pkg', 'merge_install': False, 'path': '/home/choi/angchicken_ros2_ws/src/lidar_pkg', 'symlink_install': True, 'test_result_base': None}
[0.563s] Level 5:colcon.colcon_core.verb:set package 'line_following_bot' build argument 'cmake_args' from command line to 'None'
[0.563s] Level 5:colcon.colcon_core.verb:set package 'line_following_bot' build argument 'cmake_target' from command line to 'None'
[0.563s] Level 5:colcon.colcon_core.verb:set package 'line_following_bot' build argument 'cmake_target_skip_unavailable' from command line to 'False'
[0.563s] Level 5:colcon.colcon_core.verb:set package 'line_following_bot' build argument 'cmake_clean_cache' from command line to 'False'
[0.563s] Level 5:colcon.colcon_core.verb:set package 'line_following_bot' build argument 'cmake_clean_first' from command line to 'False'
[0.563s] Level 5:colcon.colcon_core.verb:set package 'line_following_bot' build argument 'cmake_force_configure' from command line to 'False'
[0.563s] Level 5:colcon.colcon_core.verb:set package 'line_following_bot' build argument 'ament_cmake_args' from command line to 'None'
[0.563s] Level 5:colcon.colcon_core.verb:set package 'line_following_bot' build argument 'catkin_cmake_args' from command line to 'None'
[0.563s] Level 5:colcon.colcon_core.verb:set package 'line_following_bot' build argument 'catkin_skip_building_tests' from command line to 'False'
[0.563s] DEBUG:colcon.colcon_core.verb:Building package 'line_following_bot' with the following arguments: {'ament_cmake_args': None, 'build_base': '/home/choi/angchicken_ros2_ws/build/line_following_bot', 'catkin_cmake_args': None, 'catkin_skip_building_tests': False, 'cmake_args': None, 'cmake_clean_cache': False, 'cmake_clean_first': False, 'cmake_force_configure': False, 'cmake_target': None, 'cmake_target_skip_unavailable': False, 'install_base': '/home/choi/angchicken_ros2_ws/install/line_following_bot', 'merge_install': False, 'path': '/home/choi/angchicken_ros2_ws/src/line_following_bot', 'symlink_install': True, 'test_result_base': None}
[0.565s] Level 5:colcon.colcon_core.verb:set package 'move_py' build argument 'cmake_args' from command line to 'None'
[0.565s] Level 5:colcon.colcon_core.verb:set package 'move_py' build argument 'cmake_target' from command line to 'None'
[0.565s] Level 5:colcon.colcon_core.verb:set package 'move_py' build argument 'cmake_target_skip_unavailable' from command line to 'False'
[0.565s] Level 5:colcon.colcon_core.verb:set package 'move_py' build argument 'cmake_clean_cache' from command line to 'False'
[0.565s] Level 5:colcon.colcon_core.verb:set package 'move_py' build argument 'cmake_clean_first' from command line to 'False'
[0.565s] Level 5:colcon.colcon_core.verb:set package 'move_py' build argument 'cmake_force_configure' from command line to 'False'
[0.565s] Level 5:colcon.colcon_core.verb:set package 'move_py' build argument 'ament_cmake_args' from command line to 'None'
[0.565s] Level 5:colcon.colcon_core.verb:set package 'move_py' build argument 'catkin_cmake_args' from command line to 'None'
[0.565s] Level 5:colcon.colcon_core.verb:set package 'move_py' build argument 'catkin_skip_building_tests' from command line to 'False'
[0.565s] DEBUG:colcon.colcon_core.verb:Building package 'move_py' with the following arguments: {'ament_cmake_args': None, 'build_base': '/home/choi/angchicken_ros2_ws/build/move_py', 'catkin_cmake_args': None, 'catkin_skip_building_tests': False, 'cmake_args': None, 'cmake_clean_cache': False, 'cmake_clean_first': False, 'cmake_force_configure': False, 'cmake_target': None, 'cmake_target_skip_unavailable': False, 'install_base': '/home/choi/angchicken_ros2_ws/install/move_py', 'merge_install': False, 'path': '/home/choi/angchicken_ros2_ws/src/move_py', 'symlink_install': True, 'test_result_base': None}
[0.566s] Level 5:colcon.colcon_core.verb:set package 'my_bot' build argument 'cmake_args' from command line to 'None'
[0.566s] Level 5:colcon.colcon_core.verb:set package 'my_bot' build argument 'cmake_target' from command line to 'None'
[0.566s] Level 5:colcon.colcon_core.verb:set package 'my_bot' build argument 'cmake_target_skip_unavailable' from command line to 'False'
[0.567s] Level 5:colcon.colcon_core.verb:set package 'my_bot' build argument 'cmake_clean_cache' from command line to 'False'
[0.567s] Level 5:colcon.colcon_core.verb:set package 'my_bot' build argument 'cmake_clean_first' from command line to 'False'
[0.567s] Level 5:colcon.colcon_core.verb:set package 'my_bot' build argument 'cmake_force_configure' from command line to 'False'
[0.567s] Level 5:colcon.colcon_core.verb:set package 'my_bot' build argument 'ament_cmake_args' from command line to 'None'
[0.567s] Level 5:colcon.colcon_core.verb:set package 'my_bot' build argument 'catkin_cmake_args' from command line to 'None'
[0.567s] Level 5:colcon.colcon_core.verb:set package 'my_bot' build argument 'catkin_skip_building_tests' from command line to 'False'
[0.567s] DEBUG:colcon.colcon_core.verb:Building package 'my_bot' with the following arguments: {'ament_cmake_args': None, 'build_base': '/home/choi/angchicken_ros2_ws/build/my_bot', 'catkin_cmake_args': None, 'catkin_skip_building_tests': False, 'cmake_args': None, 'cmake_clean_cache': False, 'cmake_clean_first': False, 'cmake_force_configure': False, 'cmake_target': None, 'cmake_target_skip_unavailable': False, 'install_base': '/home/choi/angchicken_ros2_ws/install/my_bot', 'merge_install': False, 'path': '/home/choi/angchicken_ros2_ws/src/my_bot', 'symlink_install': True, 'test_result_base': None}
[0.568s] Level 5:colcon.colcon_core.verb:set package 'pump_track' build argument 'cmake_args' from command line to 'None'
[0.568s] Level 5:colcon.colcon_core.verb:set package 'pump_track' build argument 'cmake_target' from command line to 'None'
[0.568s] Level 5:colcon.colcon_core.verb:set package 'pump_track' build argument 'cmake_target_skip_unavailable' from command line to 'False'
[0.568s] Level 5:colcon.colcon_core.verb:set package 'pump_track' build argument 'cmake_clean_cache' from command line to 'False'
[0.568s] Level 5:colcon.colcon_core.verb:set package 'pump_track' build argument 'cmake_clean_first' from command line to 'False'
[0.568s] Level 5:colcon.colcon_core.verb:set package 'pump_track' build argument 'cmake_force_configure' from command line to 'False'
[0.568s] Level 5:colcon.colcon_core.verb:set package 'pump_track' build argument 'ament_cmake_args' from command line to 'None'
[0.568s] Level 5:colcon.colcon_core.verb:set package 'pump_track' build argument 'catkin_cmake_args' from command line to 'None'
[0.568s] Level 5:colcon.colcon_core.verb:set package 'pump_track' build argument 'catkin_skip_building_tests' from command line to 'False'
[0.568s] DEBUG:colcon.colcon_core.verb:Building package 'pump_track' with the following arguments: {'ament_cmake_args': None, 'build_base': '/home/choi/angchicken_ros2_ws/build/pump_track', 'catkin_cmake_args': None, 'catkin_skip_building_tests': False, 'cmake_args': None, 'cmake_clean_cache': False, 'cmake_clean_first': False, 'cmake_force_configure': False, 'cmake_target': None, 'cmake_target_skip_unavailable': False, 'install_base': '/home/choi/angchicken_ros2_ws/install/pump_track', 'merge_install': False, 'path': '/home/choi/angchicken_ros2_ws/src/pump_track', 'symlink_install': True, 'test_result_base': None}
[0.570s] Level 5:colcon.colcon_core.verb:set package 'text_detection' build argument 'cmake_args' from command line to 'None'
[0.570s] Level 5:colcon.colcon_core.verb:set package 'text_detection' build argument 'cmake_target' from command line to 'None'
[0.570s] Level 5:colcon.colcon_core.verb:set package 'text_detection' build argument 'cmake_target_skip_unavailable' from command line to 'False'
[0.570s] Level 5:colcon.colcon_core.verb:set package 'text_detection' build argument 'cmake_clean_cache' from command line to 'False'
[0.570s] Level 5:colcon.colcon_core.verb:set package 'text_detection' build argument 'cmake_clean_first' from command line to 'False'
[0.570s] Level 5:colcon.colcon_core.verb:set package 'text_detection' build argument 'cmake_force_configure' from command line to 'False'
[0.570s] Level 5:colcon.colcon_core.verb:set package 'text_detection' build argument 'ament_cmake_args' from command line to 'None'
[0.570s] Level 5:colcon.colcon_core.verb:set package 'text_detection' build argument 'catkin_cmake_args' from command line to 'None'
[0.570s] Level 5:colcon.colcon_core.verb:set package 'text_detection' build argument 'catkin_skip_building_tests' from command line to 'False'
[0.570s] DEBUG:colcon.colcon_core.verb:Building package 'text_detection' with the following arguments: {'ament_cmake_args': None, 'build_base': '/home/choi/angchicken_ros2_ws/build/text_detection', 'catkin_cmake_args': None, 'catkin_skip_building_tests': False, 'cmake_args': None, 'cmake_clean_cache': False, 'cmake_clean_first': False, 'cmake_force_configure': False, 'cmake_target': None, 'cmake_target_skip_unavailable': False, 'install_base': '/home/choi/angchicken_ros2_ws/install/text_detection', 'merge_install': False, 'path': '/home/choi/angchicken_ros2_ws/src/text_detection', 'symlink_install': True, 'test_result_base': None}
[0.571s] INFO:colcon.colcon_core.executor:Executing jobs using 'parallel' executor
[0.577s] DEBUG:colcon.colcon_parallel_executor.executor.parallel:run_until_complete
[0.577s] INFO:colcon.colcon_ros.task.ament_python.build:Building ROS package in '/home/choi/angchicken_ros2_ws/src/color_detection' with build type 'ament_python'
[0.578s] Level 1:colcon.colcon_core.shell:create_environment_hook('color_detection', 'ament_prefix_path')
[0.584s] INFO:colcon.colcon_core.plugin_system:Skipping extension 'colcon_core.shell.bat': Not used on non-Windows systems
[0.584s] INFO:colcon.colcon_core.shell:Creating environment hook '/home/choi/angchicken_ros2_ws/install/color_detection/share/color_detection/hook/ament_prefix_path.ps1'
[0.585s] INFO:colcon.colcon_core.shell:Creating environment descriptor '/home/choi/angchicken_ros2_ws/install/color_detection/share/color_detection/hook/ament_prefix_path.dsv'
[0.586s] INFO:colcon.colcon_core.shell:Creating environment hook '/home/choi/angchicken_ros2_ws/install/color_detection/share/color_detection/hook/ament_prefix_path.sh'
[0.588s] INFO:colcon.colcon_core.shell:Skip shell extension 'powershell' for command environment: Not usable outside of PowerShell
[0.589s] DEBUG:colcon.colcon_core.shell:Skip shell extension 'dsv' for command environment
[0.601s] INFO:colcon.colcon_ros.task.ament_python.build:Building ROS package in '/home/choi/angchicken_ros2_ws/src/lane_detection_py' with build type 'ament_python'
[0.601s] Level 1:colcon.colcon_core.shell:create_environment_hook('lane_detection_py', 'ament_prefix_path')
[0.605s] INFO:colcon.colcon_core.shell:Creating environment hook '/home/choi/angchicken_ros2_ws/install/lane_detection_py/share/lane_detection_py/hook/ament_prefix_path.ps1'
[0.606s] INFO:colcon.colcon_core.shell:Creating environment descriptor '/home/choi/angchicken_ros2_ws/install/lane_detection_py/share/lane_detection_py/hook/ament_prefix_path.dsv'
[0.607s] INFO:colcon.colcon_core.shell:Creating environment hook '/home/choi/angchicken_ros2_ws/install/lane_detection_py/share/lane_detection_py/hook/ament_prefix_path.sh'
[0.610s] INFO:colcon.colcon_core.shell:Skip shell extension 'powershell' for command environment: Not usable outside of PowerShell
[0.610s] DEBUG:colcon.colcon_core.shell:Skip shell extension 'dsv' for command environment
[0.621s] INFO:colcon.colcon_ros.task.ament_cmake.build:Building ROS package in '/home/choi/angchicken_ros2_ws/src/lidar_pkg' with build type 'ament_cmake'
[0.622s] INFO:colcon.colcon_cmake.task.cmake.build:Building CMake package in '/home/choi/angchicken_ros2_ws/src/lidar_pkg'
[0.625s] INFO:colcon.colcon_core.shell:Skip shell extension 'powershell' for command environment: Not usable outside of PowerShell
[0.626s] DEBUG:colcon.colcon_core.shell:Skip shell extension 'dsv' for command environment
[0.638s] INFO:colcon.colcon_ros.task.ament_python.build:Building ROS package in '/home/choi/angchicken_ros2_ws/src/line_following_bot' with build type 'ament_python'
[0.638s] Level 1:colcon.colcon_core.shell:create_environment_hook('line_following_bot', 'ament_prefix_path')
[0.642s] INFO:colcon.colcon_core.shell:Creating environment hook '/home/choi/angchicken_ros2_ws/install/line_following_bot/share/line_following_bot/hook/ament_prefix_path.ps1'
[0.644s] INFO:colcon.colcon_core.shell:Creating environment descriptor '/home/choi/angchicken_ros2_ws/install/line_following_bot/share/line_following_bot/hook/ament_prefix_path.dsv'
[0.644s] INFO:colcon.colcon_core.shell:Creating environment hook '/home/choi/angchicken_ros2_ws/install/line_following_bot/share/line_following_bot/hook/ament_prefix_path.sh'
[0.647s] INFO:colcon.colcon_core.shell:Skip shell extension 'powershell' for command environment: Not usable outside of PowerShell
[0.647s] DEBUG:colcon.colcon_core.shell:Skip shell extension 'dsv' for command environment
[0.962s] INFO:colcon.colcon_core.task.python.build:Building Python package in '/home/choi/angchicken_ros2_ws/src/color_detection'
[0.966s] INFO:colcon.colcon_core.shell:Skip shell extension 'powershell' for command environment: Not usable outside of PowerShell
[0.966s] DEBUG:colcon.colcon_core.shell:Skip shell extension 'dsv' for command environment
[1.295s] INFO:colcon.colcon_core.task.python.build:Building Python package in '/home/choi/angchicken_ros2_ws/src/lane_detection_py'
[1.298s] INFO:colcon.colcon_core.shell:Skip shell extension 'powershell' for command environment: Not usable outside of PowerShell
[1.298s] DEBUG:colcon.colcon_core.shell:Skip shell extension 'dsv' for command environment
[1.314s] DEBUG:colcon.colcon_core.event_handler.log_command:Invoking command in '/home/choi/angchicken_ros2_ws/build/lidar_pkg': CMAKE_PREFIX_PATH=${CMAKE_PREFIX_PATH}:/home/choi/angchicken_ros2_ws/install/text_detection:/home/choi/angchicken_ros2_ws/install/pump_track:/home/choi/angchicken_ros2_ws/install/move_py:/home/choi/angchicken_ros2_ws/install/line_following_bot:/home/choi/angchicken_ros2_ws/install/lane_detection_py:/home/choi/angchicken_ros2_ws/install/lane_detection_pkg:/home/choi/angchicken_ros2_ws/install/color_detection:/home/choi/my_bot_ws/install/two_wheel_demo:/home/choi/my_bot_ws/install/ros2_control_test_nodes:/home/choi/my_bot_ws/install/py_pubsub:/home/choi/my_bot_ws/install/pump_track:/home/choi/my_bot_ws/install/odrive_driver:/home/choi/my_bot_ws/install/joy_tester:/home/choi/my_bot_ws/install/diffbot_control_node:/home/choi/my_bot_ws/install/cv_basics:/opt/ros/foxy /home/choi/.local/bin/cmake --build /home/choi/angchicken_ros2_ws/build/lidar_pkg -- -j4 -l4
[1.612s] INFO:colcon.colcon_core.task.python.build:Building Python package in '/home/choi/angchicken_ros2_ws/src/line_following_bot'
[1.615s] INFO:colcon.colcon_core.shell:Skip shell extension 'powershell' for command environment: Not usable outside of PowerShell
[1.615s] DEBUG:colcon.colcon_core.shell:Skip shell extension 'dsv' for command environment
[1.632s] DEBUG:colcon.colcon_core.event_handler.log_command:Invoked command in '/home/choi/angchicken_ros2_ws/build/lidar_pkg' returned '0': CMAKE_PREFIX_PATH=${CMAKE_PREFIX_PATH}:/home/choi/angchicken_ros2_ws/install/text_detection:/home/choi/angchicken_ros2_ws/install/pump_track:/home/choi/angchicken_ros2_ws/install/move_py:/home/choi/angchicken_ros2_ws/install/line_following_bot:/home/choi/angchicken_ros2_ws/install/lane_detection_py:/home/choi/angchicken_ros2_ws/install/lane_detection_pkg:/home/choi/angchicken_ros2_ws/install/color_detection:/home/choi/my_bot_ws/install/two_wheel_demo:/home/choi/my_bot_ws/install/ros2_control_test_nodes:/home/choi/my_bot_ws/install/py_pubsub:/home/choi/my_bot_ws/install/pump_track:/home/choi/my_bot_ws/install/odrive_driver:/home/choi/my_bot_ws/install/joy_tester:/home/choi/my_bot_ws/install/diffbot_control_node:/home/choi/my_bot_ws/install/cv_basics:/opt/ros/foxy /home/choi/.local/bin/cmake --build /home/choi/angchicken_ros2_ws/build/lidar_pkg -- -j4 -l4
[1.769s] DEBUG:colcon.colcon_core.event_handler.log_command:Invoking command in '/home/choi/angchicken_ros2_ws/build/lidar_pkg': CMAKE_PREFIX_PATH=${CMAKE_PREFIX_PATH}:/home/choi/angchicken_ros2_ws/install/text_detection:/home/choi/angchicken_ros2_ws/install/pump_track:/home/choi/angchicken_ros2_ws/install/move_py:/home/choi/angchicken_ros2_ws/install/line_following_bot:/home/choi/angchicken_ros2_ws/install/lane_detection_py:/home/choi/angchicken_ros2_ws/install/lane_detection_pkg:/home/choi/angchicken_ros2_ws/install/color_detection:/home/choi/my_bot_ws/install/two_wheel_demo:/home/choi/my_bot_ws/install/ros2_control_test_nodes:/home/choi/my_bot_ws/install/py_pubsub:/home/choi/my_bot_ws/install/pump_track:/home/choi/my_bot_ws/install/odrive_driver:/home/choi/my_bot_ws/install/joy_tester:/home/choi/my_bot_ws/install/diffbot_control_node:/home/choi/my_bot_ws/install/cv_basics:/opt/ros/foxy /home/choi/.local/bin/cmake --install /home/choi/angchicken_ros2_ws/build/lidar_pkg
[1.837s] Level 1:colcon.colcon_core.environment:create_environment_scripts_only(lidar_pkg)
[1.846s] Level 1:colcon.colcon_core.environment:checking '/home/choi/angchicken_ros2_ws/install/lidar_pkg' for CMake module files
[1.846s] DEBUG:colcon.colcon_core.event_handler.log_command:Invoked command in '/home/choi/angchicken_ros2_ws/build/lidar_pkg' returned '0': CMAKE_PREFIX_PATH=${CMAKE_PREFIX_PATH}:/home/choi/angchicken_ros2_ws/install/text_detection:/home/choi/angchicken_ros2_ws/install/pump_track:/home/choi/angchicken_ros2_ws/install/move_py:/home/choi/angchicken_ros2_ws/install/line_following_bot:/home/choi/angchicken_ros2_ws/install/lane_detection_py:/home/choi/angchicken_ros2_ws/install/lane_detection_pkg:/home/choi/angchicken_ros2_ws/install/color_detection:/home/choi/my_bot_ws/install/two_wheel_demo:/home/choi/my_bot_ws/install/ros2_control_test_nodes:/home/choi/my_bot_ws/install/py_pubsub:/home/choi/my_bot_ws/install/pump_track:/home/choi/my_bot_ws/install/odrive_driver:/home/choi/my_bot_ws/install/joy_tester:/home/choi/my_bot_ws/install/diffbot_control_node:/home/choi/my_bot_ws/install/cv_basics:/opt/ros/foxy /home/choi/.local/bin/cmake --install /home/choi/angchicken_ros2_ws/build/lidar_pkg
[1.847s] Level 1:colcon.colcon_core.environment:checking '/home/choi/angchicken_ros2_ws/install/lidar_pkg' for CMake config files
[1.847s] Level 1:colcon.colcon_core.shell:create_environment_hook('lidar_pkg', 'cmake_prefix_path')
[1.850s] INFO:colcon.colcon_core.shell:Creating environment hook '/home/choi/angchicken_ros2_ws/install/lidar_pkg/share/lidar_pkg/hook/cmake_prefix_path.ps1'
[1.851s] INFO:colcon.colcon_core.shell:Creating environment descriptor '/home/choi/angchicken_ros2_ws/install/lidar_pkg/share/lidar_pkg/hook/cmake_prefix_path.dsv'
[1.852s] INFO:colcon.colcon_core.shell:Creating environment hook '/home/choi/angchicken_ros2_ws/install/lidar_pkg/share/lidar_pkg/hook/cmake_prefix_path.sh'
[1.853s] Level 1:colcon.colcon_core.environment:checking '/home/choi/angchicken_ros2_ws/install/lidar_pkg/lib'
[1.853s] Level 1:colcon.colcon_core.environment:checking '/home/choi/angchicken_ros2_ws/install/lidar_pkg/bin'
[1.853s] Level 1:colcon.colcon_core.environment:checking '/home/choi/angchicken_ros2_ws/install/lidar_pkg/lib/pkgconfig/lidar_pkg.pc'
[1.853s] Level 1:colcon.colcon_core.environment:checking '/home/choi/angchicken_ros2_ws/install/lidar_pkg/lib/python3.8/site-packages'
[1.854s] Level 1:colcon.colcon_core.environment:checking '/home/choi/angchicken_ros2_ws/install/lidar_pkg/bin'
[1.857s] INFO:colcon.colcon_core.shell:Creating package script '/home/choi/angchicken_ros2_ws/install/lidar_pkg/share/lidar_pkg/package.ps1'
[1.858s] INFO:colcon.colcon_core.shell:Creating package descriptor '/home/choi/angchicken_ros2_ws/install/lidar_pkg/share/lidar_pkg/package.dsv'
[1.858s] INFO:colcon.colcon_core.shell:Creating package script '/home/choi/angchicken_ros2_ws/install/lidar_pkg/share/lidar_pkg/package.sh'
[1.859s] INFO:colcon.colcon_core.shell:Creating package script '/home/choi/angchicken_ros2_ws/install/lidar_pkg/share/lidar_pkg/package.bash'
[1.860s] INFO:colcon.colcon_core.shell:Creating package script '/home/choi/angchicken_ros2_ws/install/lidar_pkg/share/lidar_pkg/package.zsh'
[1.861s] Level 1:colcon.colcon_core.environment:create_file_with_runtime_dependencies(/home/choi/angchicken_ros2_ws/install/lidar_pkg/share/colcon-core/packages/lidar_pkg)
[1.937s] Level 1:colcon.colcon_core.environment:create_environment_scripts_only(lidar_pkg)
[1.941s] Level 1:colcon.colcon_core.environment:checking '/home/choi/angchicken_ros2_ws/install/lidar_pkg' for CMake module files
[1.942s] Level 1:colcon.colcon_core.environment:checking '/home/choi/angchicken_ros2_ws/install/lidar_pkg' for CMake config files
[1.942s] Level 1:colcon.colcon_core.shell:create_environment_hook('lidar_pkg', 'cmake_prefix_path')
[1.945s] INFO:colcon.colcon_core.shell:Creating environment hook '/home/choi/angchicken_ros2_ws/install/lidar_pkg/share/lidar_pkg/hook/cmake_prefix_path.ps1'
[1.946s] INFO:colcon.colcon_core.shell:Creating environment descriptor '/home/choi/angchicken_ros2_ws/install/lidar_pkg/share/lidar_pkg/hook/cmake_prefix_path.dsv'
[1.947s] INFO:colcon.colcon_core.shell:Creating environment hook '/home/choi/angchicken_ros2_ws/install/lidar_pkg/share/lidar_pkg/hook/cmake_prefix_path.sh'
[1.948s] Level 1:colcon.colcon_core.environment:checking '/home/choi/angchicken_ros2_ws/install/lidar_pkg/lib'
[1.948s] Level 1:colcon.colcon_core.environment:checking '/home/choi/angchicken_ros2_ws/install/lidar_pkg/bin'
[1.948s] Level 1:colcon.colcon_core.environment:checking '/home/choi/angchicken_ros2_ws/install/lidar_pkg/lib/pkgconfig/lidar_pkg.pc'
[1.948s] Level 1:colcon.colcon_core.environment:checking '/home/choi/angchicken_ros2_ws/install/lidar_pkg/lib/python3.8/site-packages'
[1.949s] Level 1:colcon.colcon_core.environment:checking '/home/choi/angchicken_ros2_ws/install/lidar_pkg/bin'
[1.952s] INFO:colcon.colcon_core.shell:Creating package script '/home/choi/angchicken_ros2_ws/install/lidar_pkg/share/lidar_pkg/package.ps1'
[1.952s] INFO:colcon.colcon_core.shell:Creating package descriptor '/home/choi/angchicken_ros2_ws/install/lidar_pkg/share/lidar_pkg/package.dsv'
[1.953s] INFO:colcon.colcon_core.shell:Creating package script '/home/choi/angchicken_ros2_ws/install/lidar_pkg/share/lidar_pkg/package.sh'
[1.954s] INFO:colcon.colcon_core.shell:Creating package script '/home/choi/angchicken_ros2_ws/install/lidar_pkg/share/lidar_pkg/package.bash'
[1.954s] INFO:colcon.colcon_core.shell:Creating package script '/home/choi/angchicken_ros2_ws/install/lidar_pkg/share/lidar_pkg/package.zsh'
[1.955s] Level 1:colcon.colcon_core.environment:create_file_with_runtime_dependencies(/home/choi/angchicken_ros2_ws/install/lidar_pkg/share/colcon-core/packages/lidar_pkg)
[1.956s] INFO:colcon.colcon_ros.task.ament_python.build:Building ROS package in '/home/choi/angchicken_ros2_ws/src/move_py' with build type 'ament_python'
[1.957s] Level 1:colcon.colcon_core.shell:create_environment_hook('move_py', 'ament_prefix_path')
[1.960s] INFO:colcon.colcon_core.shell:Creating environment hook '/home/choi/angchicken_ros2_ws/install/move_py/share/move_py/hook/ament_prefix_path.ps1'
[1.961s] INFO:colcon.colcon_core.shell:Creating environment descriptor '/home/choi/angchicken_ros2_ws/install/move_py/share/move_py/hook/ament_prefix_path.dsv'
[1.961s] INFO:colcon.colcon_core.shell:Creating environment hook '/home/choi/angchicken_ros2_ws/install/move_py/share/move_py/hook/ament_prefix_path.sh'
[1.965s] INFO:colcon.colcon_core.shell:Skip shell extension 'powershell' for command environment: Not usable outside of PowerShell
[1.965s] DEBUG:colcon.colcon_core.shell:Skip shell extension 'dsv' for command environment
[2.293s] INFO:colcon.colcon_core.task.python.build:Building Python package in '/home/choi/angchicken_ros2_ws/src/move_py'
[2.297s] INFO:colcon.colcon_core.shell:Skip shell extension 'powershell' for command environment: Not usable outside of PowerShell
[2.297s] DEBUG:colcon.colcon_core.shell:Skip shell extension 'dsv' for command environment
[2.314s] DEBUG:colcon.colcon_core.event_handler.log_command:Invoking command in '/home/choi/angchicken_ros2_ws/build/lane_detection_py': PYTHONPATH=/home/choi/angchicken_ros2_ws/build/lane_detection_py/prefix_override:/home/choi/angchicken_ros2_ws/install/lane_detection_py/lib/python3.8/site-packages:${PYTHONPATH} /usr/bin/python3 setup.py develop --editable --build-directory /home/choi/angchicken_ros2_ws/build/lane_detection_py/build --no-deps install_data
[2.318s] DEBUG:colcon.colcon_core.event_handler.log_command:Invoking command in '/home/choi/angchicken_ros2_ws/build/color_detection': PYTHONPATH=/home/choi/angchicken_ros2_ws/build/color_detection/prefix_override:/home/choi/angchicken_ros2_ws/install/color_detection/lib/python3.8/site-packages:${PYTHONPATH} /usr/bin/python3 setup.py develop --editable --build-directory /home/choi/angchicken_ros2_ws/build/color_detection/build --no-deps install_data
[2.322s] DEBUG:colcon.colcon_core.event_handler.log_command:Invoking command in '/home/choi/angchicken_ros2_ws/build/line_following_bot': PYTHONPATH=/home/choi/angchicken_ros2_ws/build/line_following_bot/prefix_override:/home/choi/angchicken_ros2_ws/install/line_following_bot/lib/python3.8/site-packages:${PYTHONPATH} /usr/bin/python3 setup.py develop --editable --build-directory /home/choi/angchicken_ros2_ws/build/line_following_bot/build --no-deps install_data
[2.828s] DEBUG:colcon.colcon_core.event_handler.log_command:Invoking command in '/home/choi/angchicken_ros2_ws/build/move_py': PYTHONPATH=/home/choi/angchicken_ros2_ws/build/move_py/prefix_override:/home/choi/angchicken_ros2_ws/install/move_py/lib/python3.8/site-packages:${PYTHONPATH} /usr/bin/python3 setup.py develop --editable --build-directory /home/choi/angchicken_ros2_ws/build/move_py/build --no-deps install_data
[2.956s] Level 1:colcon.colcon_core.shell:create_environment_hook('lane_detection_py', 'pythonpath_develop')
[2.960s] INFO:colcon.colcon_core.shell:Creating environment hook '/home/choi/angchicken_ros2_ws/build/lane_detection_py/share/lane_detection_py/hook/pythonpath_develop.ps1'
[2.960s] DEBUG:colcon.colcon_core.event_handler.log_command:Invoked command in '/home/choi/angchicken_ros2_ws/build/lane_detection_py' returned '0': PYTHONPATH=/home/choi/angchicken_ros2_ws/build/lane_detection_py/prefix_override:/home/choi/angchicken_ros2_ws/install/lane_detection_py/lib/python3.8/site-packages:${PYTHONPATH} /usr/bin/python3 setup.py develop --editable --build-directory /home/choi/angchicken_ros2_ws/build/lane_detection_py/build --no-deps install_data
[2.961s] INFO:colcon.colcon_core.shell:Creating environment descriptor '/home/choi/angchicken_ros2_ws/build/lane_detection_py/share/lane_detection_py/hook/pythonpath_develop.dsv'
[2.962s] INFO:colcon.colcon_core.shell:Creating environment hook '/home/choi/angchicken_ros2_ws/build/lane_detection_py/share/lane_detection_py/hook/pythonpath_develop.sh'
[2.967s] Level 1:colcon.colcon_core.environment:checking '/home/choi/angchicken_ros2_ws/install/lane_detection_py' for CMake module files
[2.967s] Level 1:colcon.colcon_core.environment:checking '/home/choi/angchicken_ros2_ws/install/lane_detection_py' for CMake config files
[2.968s] Level 1:colcon.colcon_core.environment:checking '/home/choi/angchicken_ros2_ws/install/lane_detection_py/lib'
[2.968s] Level 1:colcon.colcon_core.environment:checking '/home/choi/angchicken_ros2_ws/install/lane_detection_py/bin'
[2.968s] Level 1:colcon.colcon_core.environment:checking '/home/choi/angchicken_ros2_ws/install/lane_detection_py/lib/pkgconfig/lane_detection_py.pc'
[2.969s] Level 1:colcon.colcon_core.environment:checking '/home/choi/angchicken_ros2_ws/install/lane_detection_py/lib/python3.8/site-packages'
[2.969s] Level 1:colcon.colcon_core.shell:create_environment_hook('lane_detection_py', 'pythonpath')
[2.972s] INFO:colcon.colcon_core.shell:Creating environment hook '/home/choi/angchicken_ros2_ws/install/lane_detection_py/share/lane_detection_py/hook/pythonpath.ps1'
[2.973s] INFO:colcon.colcon_core.shell:Creating environment descriptor '/home/choi/angchicken_ros2_ws/install/lane_detection_py/share/lane_detection_py/hook/pythonpath.dsv'
[2.973s] INFO:colcon.colcon_core.shell:Creating environment hook '/home/choi/angchicken_ros2_ws/install/lane_detection_py/share/lane_detection_py/hook/pythonpath.sh'
[2.974s] Level 1:colcon.colcon_core.environment:checking '/home/choi/angchicken_ros2_ws/install/lane_detection_py/bin'
[2.974s] Level 1:colcon.colcon_core.environment:create_environment_scripts_only(lane_detection_py)
[2.978s] INFO:colcon.colcon_core.shell:Creating package script '/home/choi/angchicken_ros2_ws/install/lane_detection_py/share/lane_detection_py/package.ps1'
[2.979s] INFO:colcon.colcon_core.shell:Creating package descriptor '/home/choi/angchicken_ros2_ws/install/lane_detection_py/share/lane_detection_py/package.dsv'
[2.980s] INFO:colcon.colcon_core.shell:Creating package script '/home/choi/angchicken_ros2_ws/install/lane_detection_py/share/lane_detection_py/package.sh'
[2.980s] INFO:colcon.colcon_core.shell:Creating package script '/home/choi/angchicken_ros2_ws/install/lane_detection_py/share/lane_detection_py/package.bash'
[2.981s] INFO:colcon.colcon_core.shell:Creating package script '/home/choi/angchicken_ros2_ws/install/lane_detection_py/share/lane_detection_py/package.zsh'
[2.985s] Level 1:colcon.colcon_core.environment:create_file_with_runtime_dependencies(/home/choi/angchicken_ros2_ws/install/lane_detection_py/share/colcon-core/packages/lane_detection_py)
[2.987s] INFO:colcon.colcon_ros.task.ament_cmake.build:Building ROS package in '/home/choi/angchicken_ros2_ws/src/my_bot' with build type 'ament_cmake'
[2.988s] INFO:colcon.colcon_cmake.task.cmake.build:Building CMake package in '/home/choi/angchicken_ros2_ws/src/my_bot'
[2.991s] INFO:colcon.colcon_core.shell:Skip shell extension 'powershell' for command environment: Not usable outside of PowerShell
[2.992s] DEBUG:colcon.colcon_core.shell:Skip shell extension 'dsv' for command environment
[3.011s] Level 1:colcon.colcon_core.shell:create_environment_hook('line_following_bot', 'pythonpath_develop')
[3.012s] DEBUG:colcon.colcon_core.event_handler.log_command:Invoked command in '/home/choi/angchicken_ros2_ws/build/line_following_bot' returned '0': PYTHONPATH=/home/choi/angchicken_ros2_ws/build/line_following_bot/prefix_override:/home/choi/angchicken_ros2_ws/install/line_following_bot/lib/python3.8/site-packages:${PYTHONPATH} /usr/bin/python3 setup.py develop --editable --build-directory /home/choi/angchicken_ros2_ws/build/line_following_bot/build --no-deps install_data
[3.016s] INFO:colcon.colcon_core.shell:Creating environment hook '/home/choi/angchicken_ros2_ws/build/line_following_bot/share/line_following_bot/hook/pythonpath_develop.ps1'
[3.017s] INFO:colcon.colcon_core.shell:Creating environment descriptor '/home/choi/angchicken_ros2_ws/build/line_following_bot/share/line_following_bot/hook/pythonpath_develop.dsv'
[3.018s] INFO:colcon.colcon_core.shell:Creating environment hook '/home/choi/angchicken_ros2_ws/build/line_following_bot/share/line_following_bot/hook/pythonpath_develop.sh'
[3.025s] Level 1:colcon.colcon_core.environment:checking '/home/choi/angchicken_ros2_ws/install/line_following_bot' for CMake module files
[3.025s] Level 1:colcon.colcon_core.environment:checking '/home/choi/angchicken_ros2_ws/install/line_following_bot' for CMake config files
[3.026s] Level 1:colcon.colcon_core.environment:checking '/home/choi/angchicken_ros2_ws/install/line_following_bot/lib'
[3.026s] Level 1:colcon.colcon_core.environment:checking '/home/choi/angchicken_ros2_ws/install/line_following_bot/bin'
[3.026s] Level 1:colcon.colcon_core.environment:checking '/home/choi/angchicken_ros2_ws/install/line_following_bot/lib/pkgconfig/line_following_bot.pc'
[3.027s] Level 1:colcon.colcon_core.environment:checking '/home/choi/angchicken_ros2_ws/install/line_following_bot/lib/python3.8/site-packages'
[3.027s] Level 1:colcon.colcon_core.shell:create_environment_hook('line_following_bot', 'pythonpath')
[3.029s] INFO:colcon.colcon_core.shell:Creating environment hook '/home/choi/angchicken_ros2_ws/install/line_following_bot/share/line_following_bot/hook/pythonpath.ps1'
[3.030s] INFO:colcon.colcon_core.shell:Creating environment descriptor '/home/choi/angchicken_ros2_ws/install/line_following_bot/share/line_following_bot/hook/pythonpath.dsv'
[3.030s] INFO:colcon.colcon_core.shell:Creating environment hook '/home/choi/angchicken_ros2_ws/install/line_following_bot/share/line_following_bot/hook/pythonpath.sh'
[3.031s] Level 1:colcon.colcon_core.environment:checking '/home/choi/angchicken_ros2_ws/install/line_following_bot/bin'
[3.031s] Level 1:colcon.colcon_core.environment:create_environment_scripts_only(line_following_bot)
[3.034s] INFO:colcon.colcon_core.shell:Creating package script '/home/choi/angchicken_ros2_ws/install/line_following_bot/share/line_following_bot/package.ps1'
[3.034s] INFO:colcon.colcon_core.shell:Creating package descriptor '/home/choi/angchicken_ros2_ws/install/line_following_bot/share/line_following_bot/package.dsv'
[3.035s] INFO:colcon.colcon_core.shell:Creating package script '/home/choi/angchicken_ros2_ws/install/line_following_bot/share/line_following_bot/package.sh'
[3.035s] INFO:colcon.colcon_core.shell:Creating package script '/home/choi/angchicken_ros2_ws/install/line_following_bot/share/line_following_bot/package.bash'
[3.036s] INFO:colcon.colcon_core.shell:Creating package script '/home/choi/angchicken_ros2_ws/install/line_following_bot/share/line_following_bot/package.zsh'
[3.036s] Level 1:colcon.colcon_core.environment:create_file_with_runtime_dependencies(/home/choi/angchicken_ros2_ws/install/line_following_bot/share/colcon-core/packages/line_following_bot)
[3.037s] INFO:colcon.colcon_ros.task.ament_python.build:Building ROS package in '/home/choi/angchicken_ros2_ws/src/pump_track' with build type 'ament_python'
[3.038s] Level 1:colcon.colcon_core.shell:create_environment_hook('pump_track', 'ament_prefix_path')
[3.041s] INFO:colcon.colcon_core.shell:Creating environment hook '/home/choi/angchicken_ros2_ws/install/pump_track/share/pump_track/hook/ament_prefix_path.ps1'
[3.042s] INFO:colcon.colcon_core.shell:Creating environment descriptor '/home/choi/angchicken_ros2_ws/install/pump_track/share/pump_track/hook/ament_prefix_path.dsv'
[3.042s] INFO:colcon.colcon_core.shell:Creating environment hook '/home/choi/angchicken_ros2_ws/install/pump_track/share/pump_track/hook/ament_prefix_path.sh'
[3.047s] INFO:colcon.colcon_core.shell:Skip shell extension 'powershell' for command environment: Not usable outside of PowerShell
[3.047s] DEBUG:colcon.colcon_core.shell:Skip shell extension 'dsv' for command environment
[3.060s] Level 1:colcon.colcon_core.shell:create_environment_hook('color_detection', 'pythonpath_develop')
[3.064s] INFO:colcon.colcon_core.shell:Creating environment hook '/home/choi/angchicken_ros2_ws/build/color_detection/share/color_detection/hook/pythonpath_develop.ps1'
[3.065s] DEBUG:colcon.colcon_core.event_handler.log_command:Invoked command in '/home/choi/angchicken_ros2_ws/build/color_detection' returned '0': PYTHONPATH=/home/choi/angchicken_ros2_ws/build/color_detection/prefix_override:/home/choi/angchicken_ros2_ws/install/color_detection/lib/python3.8/site-packages:${PYTHONPATH} /usr/bin/python3 setup.py develop --editable --build-directory /home/choi/angchicken_ros2_ws/build/color_detection/build --no-deps install_data
[3.066s] INFO:colcon.colcon_core.shell:Creating environment descriptor '/home/choi/angchicken_ros2_ws/build/color_detection/share/color_detection/hook/pythonpath_develop.dsv'
[3.066s] INFO:colcon.colcon_core.shell:Creating environment hook '/home/choi/angchicken_ros2_ws/build/color_detection/share/color_detection/hook/pythonpath_develop.sh'
[3.070s] Level 1:colcon.colcon_core.environment:checking '/home/choi/angchicken_ros2_ws/install/color_detection' for CMake module files
[3.071s] Level 1:colcon.colcon_core.environment:checking '/home/choi/angchicken_ros2_ws/install/color_detection' for CMake config files
[3.071s] Level 1:colcon.colcon_core.environment:checking '/home/choi/angchicken_ros2_ws/install/color_detection/lib'
[3.072s] Level 1:colcon.colcon_core.environment:checking '/home/choi/angchicken_ros2_ws/install/color_detection/bin'
[3.072s] Level 1:colcon.colcon_core.environment:checking '/home/choi/angchicken_ros2_ws/install/color_detection/lib/pkgconfig/color_detection.pc'
[3.072s] Level 1:colcon.colcon_core.environment:checking '/home/choi/angchicken_ros2_ws/install/color_detection/lib/python3.8/site-packages'
[3.072s] Level 1:colcon.colcon_core.shell:create_environment_hook('color_detection', 'pythonpath')
[3.075s] INFO:colcon.colcon_core.shell:Creating environment hook '/home/choi/angchicken_ros2_ws/install/color_detection/share/color_detection/hook/pythonpath.ps1'
[3.075s] INFO:colcon.colcon_core.shell:Creating environment descriptor '/home/choi/angchicken_ros2_ws/install/color_detection/share/color_detection/hook/pythonpath.dsv'
[3.076s] INFO:colcon.colcon_core.shell:Creating environment hook '/home/choi/angchicken_ros2_ws/install/color_detection/share/color_detection/hook/pythonpath.sh'
[3.076s] Level 1:colcon.colcon_core.environment:checking '/home/choi/angchicken_ros2_ws/install/color_detection/bin'
[3.076s] Level 1:colcon.colcon_core.environment:create_environment_scripts_only(color_detection)
[3.079s] INFO:colcon.colcon_core.shell:Creating package script '/home/choi/angchicken_ros2_ws/install/color_detection/share/color_detection/package.ps1'
[3.080s] INFO:colcon.colcon_core.shell:Creating package descriptor '/home/choi/angchicken_ros2_ws/install/color_detection/share/color_detection/package.dsv'
[3.080s] INFO:colcon.colcon_core.shell:Creating package script '/home/choi/angchicken_ros2_ws/install/color_detection/share/color_detection/package.sh'
[3.081s] INFO:colcon.colcon_core.shell:Creating package script '/home/choi/angchicken_ros2_ws/install/color_detection/share/color_detection/package.bash'
[3.081s] INFO:colcon.colcon_core.shell:Creating package script '/home/choi/angchicken_ros2_ws/install/color_detection/share/color_detection/package.zsh'
[3.081s] Level 1:colcon.colcon_core.environment:create_file_with_runtime_dependencies(/home/choi/angchicken_ros2_ws/install/color_detection/share/colcon-core/packages/color_detection)
[3.088s] DEBUG:colcon.colcon_core.event_handler.log_command:Invoking command in '/home/choi/angchicken_ros2_ws/build/my_bot': CMAKE_PREFIX_PATH=${CMAKE_PREFIX_PATH}:/home/choi/angchicken_ros2_ws/install/text_detection:/home/choi/angchicken_ros2_ws/install/pump_track:/home/choi/angchicken_ros2_ws/install/move_py:/home/choi/angchicken_ros2_ws/install/line_following_bot:/home/choi/angchicken_ros2_ws/install/lane_detection_py:/home/choi/angchicken_ros2_ws/install/lane_detection_pkg:/home/choi/angchicken_ros2_ws/install/color_detection:/home/choi/my_bot_ws/install/two_wheel_demo:/home/choi/my_bot_ws/install/ros2_control_test_nodes:/home/choi/my_bot_ws/install/py_pubsub:/home/choi/my_bot_ws/install/pump_track:/home/choi/my_bot_ws/install/odrive_driver:/home/choi/my_bot_ws/install/joy_tester:/home/choi/my_bot_ws/install/diffbot_control_node:/home/choi/my_bot_ws/install/cv_basics:/opt/ros/foxy /home/choi/.local/bin/cmake --build /home/choi/angchicken_ros2_ws/build/my_bot -- -j4 -l4
[3.088s] INFO:colcon.colcon_ros.task.ament_python.build:Building ROS package in '/home/choi/angchicken_ros2_ws/src/text_detection' with build type 'ament_python'
[3.089s] Level 1:colcon.colcon_core.shell:create_environment_hook('text_detection', 'ament_prefix_path')
[3.092s] INFO:colcon.colcon_core.shell:Creating environment hook '/home/choi/angchicken_ros2_ws/install/text_detection/share/text_detection/hook/ament_prefix_path.ps1'
[3.094s] INFO:colcon.colcon_core.shell:Creating environment descriptor '/home/choi/angchicken_ros2_ws/install/text_detection/share/text_detection/hook/ament_prefix_path.dsv'
[3.094s] INFO:colcon.colcon_core.shell:Creating environment hook '/home/choi/angchicken_ros2_ws/install/text_detection/share/text_detection/hook/ament_prefix_path.sh'
[3.098s] INFO:colcon.colcon_core.shell:Skip shell extension 'powershell' for command environment: Not usable outside of PowerShell
[3.098s] DEBUG:colcon.colcon_core.shell:Skip shell extension 'dsv' for command environment
[3.421s] INFO:colcon.colcon_core.task.python.build:Building Python package in '/home/choi/angchicken_ros2_ws/src/pump_track'
[3.425s] INFO:colcon.colcon_core.shell:Skip shell extension 'powershell' for command environment: Not usable outside of PowerShell
[3.425s] DEBUG:colcon.colcon_core.shell:Skip shell extension 'dsv' for command environment
[3.730s] INFO:colcon.colcon_core.task.python.build:Building Python package in '/home/choi/angchicken_ros2_ws/src/text_detection'
[3.733s] INFO:colcon.colcon_core.shell:Skip shell extension 'powershell' for command environment: Not usable outside of PowerShell
[3.733s] DEBUG:colcon.colcon_core.shell:Skip shell extension 'dsv' for command environment
[3.747s] DEBUG:colcon.colcon_core.event_handler.log_command:Invoked command in '/home/choi/angchicken_ros2_ws/build/my_bot' returned '0': CMAKE_PREFIX_PATH=${CMAKE_PREFIX_PATH}:/home/choi/angchicken_ros2_ws/install/text_detection:/home/choi/angchicken_ros2_ws/install/pump_track:/home/choi/angchicken_ros2_ws/install/move_py:/home/choi/angchicken_ros2_ws/install/line_following_bot:/home/choi/angchicken_ros2_ws/install/lane_detection_py:/home/choi/angchicken_ros2_ws/install/lane_detection_pkg:/home/choi/angchicken_ros2_ws/install/color_detection:/home/choi/my_bot_ws/install/two_wheel_demo:/home/choi/my_bot_ws/install/ros2_control_test_nodes:/home/choi/my_bot_ws/install/py_pubsub:/home/choi/my_bot_ws/install/pump_track:/home/choi/my_bot_ws/install/odrive_driver:/home/choi/my_bot_ws/install/joy_tester:/home/choi/my_bot_ws/install/diffbot_control_node:/home/choi/my_bot_ws/install/cv_basics:/opt/ros/foxy /home/choi/.local/bin/cmake --build /home/choi/angchicken_ros2_ws/build/my_bot -- -j4 -l4
[3.756s] Level 1:colcon.colcon_core.shell:create_environment_hook('move_py', 'pythonpath_develop')
[3.760s] INFO:colcon.colcon_core.shell:Creating environment hook '/home/choi/angchicken_ros2_ws/build/move_py/share/move_py/hook/pythonpath_develop.ps1'
[3.761s] DEBUG:colcon.colcon_core.event_handler.log_command:Invoked command in '/home/choi/angchicken_ros2_ws/build/move_py' returned '0': PYTHONPATH=/home/choi/angchicken_ros2_ws/build/move_py/prefix_override:/home/choi/angchicken_ros2_ws/install/move_py/lib/python3.8/site-packages:${PYTHONPATH} /usr/bin/python3 setup.py develop --editable --build-directory /home/choi/angchicken_ros2_ws/build/move_py/build --no-deps install_data
[3.761s] INFO:colcon.colcon_core.shell:Creating environment descriptor '/home/choi/angchicken_ros2_ws/build/move_py/share/move_py/hook/pythonpath_develop.dsv'
[3.762s] INFO:colcon.colcon_core.shell:Creating environment hook '/home/choi/angchicken_ros2_ws/build/move_py/share/move_py/hook/pythonpath_develop.sh'
[3.766s] Level 1:colcon.colcon_core.environment:checking '/home/choi/angchicken_ros2_ws/install/move_py' for CMake module files
[3.766s] Level 1:colcon.colcon_core.environment:checking '/home/choi/angchicken_ros2_ws/install/move_py' for CMake config files
[3.767s] Level 1:colcon.colcon_core.environment:checking '/home/choi/angchicken_ros2_ws/install/move_py/lib'
[3.767s] Level 1:colcon.colcon_core.environment:checking '/home/choi/angchicken_ros2_ws/install/move_py/bin'
[3.767s] Level 1:colcon.colcon_core.environment:checking '/home/choi/angchicken_ros2_ws/install/move_py/lib/pkgconfig/move_py.pc'
[3.767s] Level 1:colcon.colcon_core.environment:checking '/home/choi/angchicken_ros2_ws/install/move_py/lib/python3.8/site-packages'
[3.768s] Level 1:colcon.colcon_core.shell:create_environment_hook('move_py', 'pythonpath')
[3.770s] INFO:colcon.colcon_core.shell:Creating environment hook '/home/choi/angchicken_ros2_ws/install/move_py/share/move_py/hook/pythonpath.ps1'
[3.771s] INFO:colcon.colcon_core.shell:Creating environment descriptor '/home/choi/angchicken_ros2_ws/install/move_py/share/move_py/hook/pythonpath.dsv'
[3.771s] INFO:colcon.colcon_core.shell:Creating environment hook '/home/choi/angchicken_ros2_ws/install/move_py/share/move_py/hook/pythonpath.sh'
[3.772s] Level 1:colcon.colcon_core.environment:checking '/home/choi/angchicken_ros2_ws/install/move_py/bin'
[3.772s] Level 1:colcon.colcon_core.environment:create_environment_scripts_only(move_py)
[3.775s] INFO:colcon.colcon_core.shell:Creating package script '/home/choi/angchicken_ros2_ws/install/move_py/share/move_py/package.ps1'
[3.775s] INFO:colcon.colcon_core.shell:Creating package descriptor '/home/choi/angchicken_ros2_ws/install/move_py/share/move_py/package.dsv'
[3.776s] INFO:colcon.colcon_core.shell:Creating package script '/home/choi/angchicken_ros2_ws/install/move_py/share/move_py/package.sh'
[3.777s] INFO:colcon.colcon_core.shell:Creating package script '/home/choi/angchicken_ros2_ws/install/move_py/share/move_py/package.bash'
[3.777s] INFO:colcon.colcon_core.shell:Creating package script '/home/choi/angchicken_ros2_ws/install/move_py/share/move_py/package.zsh'
[3.777s] Level 1:colcon.colcon_core.environment:create_file_with_runtime_dependencies(/home/choi/angchicken_ros2_ws/install/move_py/share/colcon-core/packages/move_py)
[3.824s] DEBUG:colcon.colcon_core.event_handler.log_command:Invoking command in '/home/choi/angchicken_ros2_ws/build/my_bot': CMAKE_PREFIX_PATH=${CMAKE_PREFIX_PATH}:/home/choi/angchicken_ros2_ws/install/text_detection:/home/choi/angchicken_ros2_ws/install/pump_track:/home/choi/angchicken_ros2_ws/install/move_py:/home/choi/angchicken_ros2_ws/install/line_following_bot:/home/choi/angchicken_ros2_ws/install/lane_detection_py:/home/choi/angchicken_ros2_ws/install/lane_detection_pkg:/home/choi/angchicken_ros2_ws/install/color_detection:/home/choi/my_bot_ws/install/two_wheel_demo:/home/choi/my_bot_ws/install/ros2_control_test_nodes:/home/choi/my_bot_ws/install/py_pubsub:/home/choi/my_bot_ws/install/pump_track:/home/choi/my_bot_ws/install/odrive_driver:/home/choi/my_bot_ws/install/joy_tester:/home/choi/my_bot_ws/install/diffbot_control_node:/home/choi/my_bot_ws/install/cv_basics:/opt/ros/foxy /home/choi/.local/bin/cmake --install /home/choi/angchicken_ros2_ws/build/my_bot
[3.889s] Level 1:colcon.colcon_core.environment:create_environment_scripts_only(my_bot)
[3.894s] Level 1:colcon.colcon_core.environment:checking '/home/choi/angchicken_ros2_ws/install/my_bot' for CMake module files
[3.894s] DEBUG:colcon.colcon_core.event_handler.log_command:Invoked command in '/home/choi/angchicken_ros2_ws/build/my_bot' returned '0': CMAKE_PREFIX_PATH=${CMAKE_PREFIX_PATH}:/home/choi/angchicken_ros2_ws/install/text_detection:/home/choi/angchicken_ros2_ws/install/pump_track:/home/choi/angchicken_ros2_ws/install/move_py:/home/choi/angchicken_ros2_ws/install/line_following_bot:/home/choi/angchicken_ros2_ws/install/lane_detection_py:/home/choi/angchicken_ros2_ws/install/lane_detection_pkg:/home/choi/angchicken_ros2_ws/install/color_detection:/home/choi/my_bot_ws/install/two_wheel_demo:/home/choi/my_bot_ws/install/ros2_control_test_nodes:/home/choi/my_bot_ws/install/py_pubsub:/home/choi/my_bot_ws/install/pump_track:/home/choi/my_bot_ws/install/odrive_driver:/home/choi/my_bot_ws/install/joy_tester:/home/choi/my_bot_ws/install/diffbot_control_node:/home/choi/my_bot_ws/install/cv_basics:/opt/ros/foxy /home/choi/.local/bin/cmake --install /home/choi/angchicken_ros2_ws/build/my_bot
[3.895s] Level 1:colcon.colcon_core.environment:checking '/home/choi/angchicken_ros2_ws/install/my_bot' for CMake config files
[3.895s] Level 1:colcon.colcon_core.shell:create_environment_hook('my_bot', 'cmake_prefix_path')
[3.898s] INFO:colcon.colcon_core.shell:Creating environment hook '/home/choi/angchicken_ros2_ws/install/my_bot/share/my_bot/hook/cmake_prefix_path.ps1'
[3.899s] INFO:colcon.colcon_core.shell:Creating environment descriptor '/home/choi/angchicken_ros2_ws/install/my_bot/share/my_bot/hook/cmake_prefix_path.dsv'
[3.899s] INFO:colcon.colcon_core.shell:Creating environment hook '/home/choi/angchicken_ros2_ws/install/my_bot/share/my_bot/hook/cmake_prefix_path.sh'
[3.900s] Level 1:colcon.colcon_core.environment:checking '/home/choi/angchicken_ros2_ws/install/my_bot/bin'
[3.900s] Level 1:colcon.colcon_core.environment:checking '/home/choi/angchicken_ros2_ws/install/my_bot/lib/pkgconfig/my_bot.pc'
[3.900s] Level 1:colcon.colcon_core.environment:checking '/home/choi/angchicken_ros2_ws/install/my_bot/lib/python3.8/site-packages'
[3.900s] Level 1:colcon.colcon_core.environment:checking '/home/choi/angchicken_ros2_ws/install/my_bot/bin'
[3.903s] INFO:colcon.colcon_core.shell:Creating package script '/home/choi/angchicken_ros2_ws/install/my_bot/share/my_bot/package.ps1'
[3.904s] INFO:colcon.colcon_core.shell:Creating package descriptor '/home/choi/angchicken_ros2_ws/install/my_bot/share/my_bot/package.dsv'
[3.905s] INFO:colcon.colcon_core.shell:Creating package script '/home/choi/angchicken_ros2_ws/install/my_bot/share/my_bot/package.sh'
[3.905s] INFO:colcon.colcon_core.shell:Creating package script '/home/choi/angchicken_ros2_ws/install/my_bot/share/my_bot/package.bash'
[3.906s] INFO:colcon.colcon_core.shell:Creating package script '/home/choi/angchicken_ros2_ws/install/my_bot/share/my_bot/package.zsh'
[3.906s] Level 1:colcon.colcon_core.environment:create_file_with_runtime_dependencies(/home/choi/angchicken_ros2_ws/install/my_bot/share/colcon-core/packages/my_bot)
[3.988s] Level 1:colcon.colcon_core.environment:create_environment_scripts_only(my_bot)
[3.992s] Level 1:colcon.colcon_core.environment:checking '/home/choi/angchicken_ros2_ws/install/my_bot' for CMake module files
[3.992s] Level 1:colcon.colcon_core.environment:checking '/home/choi/angchicken_ros2_ws/install/my_bot' for CMake config files
[3.993s] Level 1:colcon.colcon_core.shell:create_environment_hook('my_bot', 'cmake_prefix_path')
[3.996s] INFO:colcon.colcon_core.shell:Creating environment hook '/home/choi/angchicken_ros2_ws/install/my_bot/share/my_bot/hook/cmake_prefix_path.ps1'
[3.998s] INFO:colcon.colcon_core.shell:Creating environment descriptor '/home/choi/angchicken_ros2_ws/install/my_bot/share/my_bot/hook/cmake_prefix_path.dsv'
[3.998s] INFO:colcon.colcon_core.shell:Creating environment hook '/home/choi/angchicken_ros2_ws/install/my_bot/share/my_bot/hook/cmake_prefix_path.sh'
[3.999s] Level 1:colcon.colcon_core.environment:checking '/home/choi/angchicken_ros2_ws/install/my_bot/bin'
[3.999s] Level 1:colcon.colcon_core.environment:checking '/home/choi/angchicken_ros2_ws/install/my_bot/lib/pkgconfig/my_bot.pc'
[3.999s] Level 1:colcon.colcon_core.environment:checking '/home/choi/angchicken_ros2_ws/install/my_bot/lib/python3.8/site-packages'
[3.999s] Level 1:colcon.colcon_core.environment:checking '/home/choi/angchicken_ros2_ws/install/my_bot/bin'
[4.002s] INFO:colcon.colcon_core.shell:Creating package script '/home/choi/angchicken_ros2_ws/install/my_bot/share/my_bot/package.ps1'
[4.003s] INFO:colcon.colcon_core.shell:Creating package descriptor '/home/choi/angchicken_ros2_ws/install/my_bot/share/my_bot/package.dsv'
[4.003s] INFO:colcon.colcon_core.shell:Creating package script '/home/choi/angchicken_ros2_ws/install/my_bot/share/my_bot/package.sh'
[4.004s] INFO:colcon.colcon_core.shell:Creating package script '/home/choi/angchicken_ros2_ws/install/my_bot/share/my_bot/package.bash'
[4.004s] INFO:colcon.colcon_core.shell:Creating package script '/home/choi/angchicken_ros2_ws/install/my_bot/share/my_bot/package.zsh'
[4.004s] Level 1:colcon.colcon_core.environment:create_file_with_runtime_dependencies(/home/choi/angchicken_ros2_ws/install/my_bot/share/colcon-core/packages/my_bot)
[4.245s] DEBUG:colcon.colcon_core.event_handler.log_command:Invoking command in '/home/choi/angchicken_ros2_ws/build/pump_track': PYTHONPATH=/home/choi/angchicken_ros2_ws/build/pump_track/prefix_override:/home/choi/angchicken_ros2_ws/install/pump_track/lib/python3.8/site-packages:${PYTHONPATH} /usr/bin/python3 setup.py develop --editable --build-directory /home/choi/angchicken_ros2_ws/build/pump_track/build --no-deps install_data
[4.259s] DEBUG:colcon.colcon_core.event_handler.log_command:Invoking command in '/home/choi/angchicken_ros2_ws/build/text_detection': PYTHONPATH=/home/choi/angchicken_ros2_ws/build/text_detection/prefix_override:/home/choi/angchicken_ros2_ws/install/text_detection/lib/python3.8/site-packages:${PYTHONPATH} /usr/bin/python3 setup.py develop --editable --build-directory /home/choi/angchicken_ros2_ws/build/text_detection/build --no-deps install_data
[4.837s] Level 1:colcon.colcon_core.shell:create_environment_hook('pump_track', 'pythonpath_develop')
[4.838s] DEBUG:colcon.colcon_core.event_handler.log_command:Invoked command in '/home/choi/angchicken_ros2_ws/build/pump_track' returned '0': PYTHONPATH=/home/choi/angchicken_ros2_ws/build/pump_track/prefix_override:/home/choi/angchicken_ros2_ws/install/pump_track/lib/python3.8/site-packages:${PYTHONPATH} /usr/bin/python3 setup.py develop --editable --build-directory /home/choi/angchicken_ros2_ws/build/pump_track/build --no-deps install_data
[4.841s] INFO:colcon.colcon_core.shell:Creating environment hook '/home/choi/angchicken_ros2_ws/build/pump_track/share/pump_track/hook/pythonpath_develop.ps1'
[4.842s] INFO:colcon.colcon_core.shell:Creating environment descriptor '/home/choi/angchicken_ros2_ws/build/pump_track/share/pump_track/hook/pythonpath_develop.dsv'
[4.843s] INFO:colcon.colcon_core.shell:Creating environment hook '/home/choi/angchicken_ros2_ws/build/pump_track/share/pump_track/hook/pythonpath_develop.sh'
[4.847s] Level 1:colcon.colcon_core.environment:checking '/home/choi/angchicken_ros2_ws/install/pump_track' for CMake module files
[4.847s] Level 1:colcon.colcon_core.environment:checking '/home/choi/angchicken_ros2_ws/install/pump_track' for CMake config files
[4.848s] Level 1:colcon.colcon_core.environment:checking '/home/choi/angchicken_ros2_ws/install/pump_track/lib'
[4.848s] Level 1:colcon.colcon_core.environment:checking '/home/choi/angchicken_ros2_ws/install/pump_track/bin'
[4.848s] Level 1:colcon.colcon_core.environment:checking '/home/choi/angchicken_ros2_ws/install/pump_track/lib/pkgconfig/pump_track.pc'
[4.849s] Level 1:colcon.colcon_core.environment:checking '/home/choi/angchicken_ros2_ws/install/pump_track/lib/python3.8/site-packages'
[4.849s] Level 1:colcon.colcon_core.shell:create_environment_hook('pump_track', 'pythonpath')
[4.851s] INFO:colcon.colcon_core.shell:Creating environment hook '/home/choi/angchicken_ros2_ws/install/pump_track/share/pump_track/hook/pythonpath.ps1'
[4.852s] INFO:colcon.colcon_core.shell:Creating environment descriptor '/home/choi/angchicken_ros2_ws/install/pump_track/share/pump_track/hook/pythonpath.dsv'
[4.852s] INFO:colcon.colcon_core.shell:Creating environment hook '/home/choi/angchicken_ros2_ws/install/pump_track/share/pump_track/hook/pythonpath.sh'
[4.853s] Level 1:colcon.colcon_core.environment:checking '/home/choi/angchicken_ros2_ws/install/pump_track/bin'
[4.853s] Level 1:colcon.colcon_core.environment:create_environment_scripts_only(pump_track)
[4.856s] INFO:colcon.colcon_core.shell:Creating package script '/home/choi/angchicken_ros2_ws/install/pump_track/share/pump_track/package.ps1'
[4.856s] INFO:colcon.colcon_core.shell:Creating package descriptor '/home/choi/angchicken_ros2_ws/install/pump_track/share/pump_track/package.dsv'
[4.857s] INFO:colcon.colcon_core.shell:Creating package script '/home/choi/angchicken_ros2_ws/install/pump_track/share/pump_track/package.sh'
[4.857s] INFO:colcon.colcon_core.shell:Creating package script '/home/choi/angchicken_ros2_ws/install/pump_track/share/pump_track/package.bash'
[4.858s] INFO:colcon.colcon_core.shell:Creating package script '/home/choi/angchicken_ros2_ws/install/pump_track/share/pump_track/package.zsh'
[4.858s] Level 1:colcon.colcon_core.environment:create_file_with_runtime_dependencies(/home/choi/angchicken_ros2_ws/install/pump_track/share/colcon-core/packages/pump_track)
[4.860s] Level 1:colcon.colcon_core.shell:create_environment_hook('text_detection', 'pythonpath_develop')
[4.862s] INFO:colcon.colcon_core.shell:Creating environment hook '/home/choi/angchicken_ros2_ws/build/text_detection/share/text_detection/hook/pythonpath_develop.ps1'
[4.863s] DEBUG:colcon.colcon_core.event_handler.log_command:Invoked command in '/home/choi/angchicken_ros2_ws/build/text_detection' returned '0': PYTHONPATH=/home/choi/angchicken_ros2_ws/build/text_detection/prefix_override:/home/choi/angchicken_ros2_ws/install/text_detection/lib/python3.8/site-packages:${PYTHONPATH} /usr/bin/python3 setup.py develop --editable --build-directory /home/choi/angchicken_ros2_ws/build/text_detection/build --no-deps install_data
[4.863s] INFO:colcon.colcon_core.shell:Creating environment descriptor '/home/choi/angchicken_ros2_ws/build/text_detection/share/text_detection/hook/pythonpath_develop.dsv'
[4.864s] INFO:colcon.colcon_core.shell:Creating environment hook '/home/choi/angchicken_ros2_ws/build/text_detection/share/text_detection/hook/pythonpath_develop.sh'
[4.868s] Level 1:colcon.colcon_core.environment:checking '/home/choi/angchicken_ros2_ws/install/text_detection' for CMake module files
[4.868s] Level 1:colcon.colcon_core.environment:checking '/home/choi/angchicken_ros2_ws/install/text_detection' for CMake config files
[4.868s] Level 1:colcon.colcon_core.environment:checking '/home/choi/angchicken_ros2_ws/install/text_detection/lib'
[4.868s] Level 1:colcon.colcon_core.environment:checking '/home/choi/angchicken_ros2_ws/install/text_detection/bin'
[4.869s] Level 1:colcon.colcon_core.environment:checking '/home/choi/angchicken_ros2_ws/install/text_detection/lib/pkgconfig/text_detection.pc'
[4.869s] Level 1:colcon.colcon_core.environment:checking '/home/choi/angchicken_ros2_ws/install/text_detection/lib/python3.8/site-packages'
[4.869s] Level 1:colcon.colcon_core.shell:create_environment_hook('text_detection', 'pythonpath')
[4.871s] INFO:colcon.colcon_core.shell:Creating environment hook '/home/choi/angchicken_ros2_ws/install/text_detection/share/text_detection/hook/pythonpath.ps1'
[4.872s] INFO:colcon.colcon_core.shell:Creating environment descriptor '/home/choi/angchicken_ros2_ws/install/text_detection/share/text_detection/hook/pythonpath.dsv'
[4.872s] INFO:colcon.colcon_core.shell:Creating environment hook '/home/choi/angchicken_ros2_ws/install/text_detection/share/text_detection/hook/pythonpath.sh'
[4.873s] Level 1:colcon.colcon_core.environment:checking '/home/choi/angchicken_ros2_ws/install/text_detection/bin'
[4.873s] Level 1:colcon.colcon_core.environment:create_environment_scripts_only(text_detection)
[4.876s] INFO:colcon.colcon_core.shell:Creating package script '/home/choi/angchicken_ros2_ws/install/text_detection/share/text_detection/package.ps1'
[4.876s] INFO:colcon.colcon_core.shell:Creating package descriptor '/home/choi/angchicken_ros2_ws/install/text_detection/share/text_detection/package.dsv'
[4.877s] INFO:colcon.colcon_core.shell:Creating package script '/home/choi/angchicken_ros2_ws/install/text_detection/share/text_detection/package.sh'
[4.877s] INFO:colcon.colcon_core.shell:Creating package script '/home/choi/angchicken_ros2_ws/install/text_detection/share/text_detection/package.bash'
[4.878s] INFO:colcon.colcon_core.shell:Creating package script '/home/choi/angchicken_ros2_ws/install/text_detection/share/text_detection/package.zsh'
[4.878s] Level 1:colcon.colcon_core.environment:create_file_with_runtime_dependencies(/home/choi/angchicken_ros2_ws/install/text_detection/share/colcon-core/packages/text_detection)
[4.878s] DEBUG:colcon.colcon_parallel_executor.executor.parallel:closing loop
[4.879s] DEBUG:colcon.colcon_parallel_executor.executor.parallel:loop closed
[4.879s] DEBUG:colcon.colcon_parallel_executor.executor.parallel:run_until_complete finished with '0'
[4.879s] DEBUG:colcon.colcon_core.event_reactor:joining thread
[4.885s] INFO:colcon.colcon_core.plugin_system:Skipping extension 'colcon_notification.desktop_notification.terminal_notifier': Not used on non-Darwin systems
[4.885s] INFO:colcon.colcon_core.plugin_system:Skipping extension 'colcon_notification.desktop_notification.win32': Not used on non-Windows systems
[4.886s] INFO:colcon.colcon_notification.desktop_notification:Sending desktop notification using 'notify2'
[4.900s] DEBUG:colcon.colcon_core.event_reactor:joined thread
[4.903s] INFO:colcon.colcon_core.shell:Creating prefix script '/home/choi/angchicken_ros2_ws/install/local_setup.ps1'
[4.904s] INFO:colcon.colcon_core.shell:Creating prefix util module '/home/choi/angchicken_ros2_ws/install/_local_setup_util_ps1.py'
[4.905s] INFO:colcon.colcon_core.shell:Creating prefix chain script '/home/choi/angchicken_ros2_ws/install/setup.ps1'
[4.908s] INFO:colcon.colcon_core.shell:Creating prefix script '/home/choi/angchicken_ros2_ws/install/local_setup.sh'
[4.908s] INFO:colcon.colcon_core.shell:Creating prefix util module '/home/choi/angchicken_ros2_ws/install/_local_setup_util_sh.py'
[4.909s] INFO:colcon.colcon_core.shell:Creating prefix chain script '/home/choi/angchicken_ros2_ws/install/setup.sh'
[4.912s] INFO:colcon.colcon_core.shell:Creating prefix script '/home/choi/angchicken_ros2_ws/install/local_setup.bash'
[4.912s] INFO:colcon.colcon_core.shell:Creating prefix chain script '/home/choi/angchicken_ros2_ws/install/setup.bash'
[4.915s] INFO:colcon.colcon_core.shell:Creating prefix script '/home/choi/angchicken_ros2_ws/install/local_setup.zsh'
[4.915s] INFO:colcon.colcon_core.shell:Creating prefix chain script '/home/choi/angchicken_ros2_ws/install/setup.zsh'
