[1.443s] Invoking command in '/home/choi/angchicken_ros2_ws/build/color_detection': PYTHONPATH=/home/choi/angchicken_ros2_ws/build/color_detection/prefix_override:/home/choi/angchicken_ros2_ws/install/color_detection/lib/python3.8/site-packages:${PYTHONPATH} /usr/bin/python3 setup.py develop --editable --build-directory /home/choi/angchicken_ros2_ws/build/color_detection/build --no-deps install_data
[1.740s] running develop
[1.929s] running egg_info
[1.929s] creating color_detection.egg-info
[1.929s] writing color_detection.egg-info/PKG-INFO
[1.929s] writing dependency_links to color_detection.egg-info/dependency_links.txt
[1.929s] writing entry points to color_detection.egg-info/entry_points.txt
[1.929s] writing requirements to color_detection.egg-info/requires.txt
[1.930s] writing top-level names to color_detection.egg-info/top_level.txt
[1.936s] writing manifest file 'color_detection.egg-info/SOURCES.txt'
[1.965s] reading manifest file 'color_detection.egg-info/SOURCES.txt'
[1.965s] writing manifest file 'color_detection.egg-info/SOURCES.txt'
[2.004s] running build_ext
[2.005s] Creating /home/choi/angchicken_ros2_ws/install/color_detection/lib/python3.8/site-packages/site.py
[2.008s] Creating /home/choi/angchicken_ros2_ws/install/color_detection/lib/python3.8/site-packages/color-detection.egg-link (link to .)
[2.009s] Installing color_detection_node script to /home/choi/angchicken_ros2_ws/install/color_detection/lib/color_detection
[2.009s] 
[2.009s] Installed /home/choi/angchicken_ros2_ws/build/color_detection
[2.009s] running install_data
[2.009s] creating /home/choi/angchicken_ros2_ws/install/color_detection/share/ament_index
[2.009s] creating /home/choi/angchicken_ros2_ws/install/color_detection/share/ament_index/resource_index
[2.010s] creating /home/choi/angchicken_ros2_ws/install/color_detection/share/ament_index/resource_index/packages
[2.010s] copying resource/color_detection -> /home/choi/angchicken_ros2_ws/install/color_detection/share/ament_index/resource_index/packages
[2.010s] copying package.xml -> /home/choi/angchicken_ros2_ws/install/color_detection/share/color_detection
[2.091s] Invoked command in '/home/choi/angchicken_ros2_ws/build/color_detection' returned '0': PYTHONPATH=/home/choi/angchicken_ros2_ws/build/color_detection/prefix_override:/home/choi/angchicken_ros2_ws/install/color_detection/lib/python3.8/site-packages:${PYTHONPATH} /usr/bin/python3 setup.py develop --editable --build-directory /home/choi/angchicken_ros2_ws/build/color_detection/build --no-deps install_data
