[0.903s] Invoking command in '/home/choi/angchicken_ros2_ws/build/text_detection': PYTHONPATH=/home/choi/angchicken_ros2_ws/build/text_detection/prefix_override:/home/choi/angchicken_ros2_ws/install/text_detection/lib/python3.8/site-packages:${PYTHONPATH} /usr/bin/python3 setup.py develop --uninstall --editable --build-directory /home/choi/angchicken_ros2_ws/build/text_detection/build
[1.192s] running develop
[1.373s] Removing /home/choi/angchicken_ros2_ws/install/text_detection/lib/python3.8/site-packages/text-detection.egg-link (link to .)
[1.397s] Invoked command in '/home/choi/angchicken_ros2_ws/build/text_detection' returned '0': PYTHONPATH=/home/choi/angchicken_ros2_ws/build/text_detection/prefix_override:/home/choi/angchicken_ros2_ws/install/text_detection/lib/python3.8/site-packages:${PYTHONPATH} /usr/bin/python3 setup.py develop --uninstall --editable --build-directory /home/choi/angchicken_ros2_ws/build/text_detection/build
[1.401s] Invoking command in '/home/choi/angchicken_ros2_ws/src/text_detection': PYTHONPATH=/home/choi/angchicken_ros2_ws/build/text_detection/prefix_override:/home/choi/angchicken_ros2_ws/install/text_detection/lib/python3.8/site-packages:${PYTHONPATH} /usr/bin/python3 setup.py egg_info --egg-base ../../build/text_detection build --build-base /home/choi/angchicken_ros2_ws/build/text_detection/build install --record /home/choi/angchicken_ros2_ws/build/text_detection/install.log --install-scripts $base/lib/text_detection --single-version-externally-managed
[1.663s] running egg_info
[1.663s] writing ../../build/text_detection/text_detection.egg-info/PKG-INFO
[1.664s] writing dependency_links to ../../build/text_detection/text_detection.egg-info/dependency_links.txt
[1.664s] writing entry points to ../../build/text_detection/text_detection.egg-info/entry_points.txt
[1.664s] writing requirements to ../../build/text_detection/text_detection.egg-info/requires.txt
[1.664s] writing top-level names to ../../build/text_detection/text_detection.egg-info/top_level.txt
[1.697s] reading manifest file '../../build/text_detection/text_detection.egg-info/SOURCES.txt'
[1.698s] writing manifest file '../../build/text_detection/text_detection.egg-info/SOURCES.txt'
[1.699s] running build
[1.699s] running build_py
[1.699s] creating /home/choi/angchicken_ros2_ws/build/text_detection/build
[1.699s] creating /home/choi/angchicken_ros2_ws/build/text_detection/build/lib
[1.699s] creating /home/choi/angchicken_ros2_ws/build/text_detection/build/lib/text_detection
[1.699s] copying text_detection/cnn_text_detection_training.py -> /home/choi/angchicken_ros2_ws/build/text_detection/build/lib/text_detection
[1.699s] copying text_detection/text_detection.py -> /home/choi/angchicken_ros2_ws/build/text_detection/build/lib/text_detection
[1.700s] copying text_detection/__init__.py -> /home/choi/angchicken_ros2_ws/build/text_detection/build/lib/text_detection
[1.700s] copying text_detection/text_detection_training.py -> /home/choi/angchicken_ros2_ws/build/text_detection/build/lib/text_detection
[1.700s] running install
[1.701s] running install_lib
[1.702s] creating /home/choi/angchicken_ros2_ws/install/text_detection/lib/python3.8/site-packages/text_detection
[1.702s] copying /home/choi/angchicken_ros2_ws/build/text_detection/build/lib/text_detection/cnn_text_detection_training.py -> /home/choi/angchicken_ros2_ws/install/text_detection/lib/python3.8/site-packages/text_detection
[1.702s] copying /home/choi/angchicken_ros2_ws/build/text_detection/build/lib/text_detection/text_detection.py -> /home/choi/angchicken_ros2_ws/install/text_detection/lib/python3.8/site-packages/text_detection
[1.702s] copying /home/choi/angchicken_ros2_ws/build/text_detection/build/lib/text_detection/__init__.py -> /home/choi/angchicken_ros2_ws/install/text_detection/lib/python3.8/site-packages/text_detection
[1.702s] copying /home/choi/angchicken_ros2_ws/build/text_detection/build/lib/text_detection/text_detection_training.py -> /home/choi/angchicken_ros2_ws/install/text_detection/lib/python3.8/site-packages/text_detection
[1.703s] byte-compiling /home/choi/angchicken_ros2_ws/install/text_detection/lib/python3.8/site-packages/text_detection/cnn_text_detection_training.py to cnn_text_detection_training.cpython-38.pyc
[1.704s] byte-compiling /home/choi/angchicken_ros2_ws/install/text_detection/lib/python3.8/site-packages/text_detection/text_detection.py to text_detection.cpython-38.pyc
[1.705s] byte-compiling /home/choi/angchicken_ros2_ws/install/text_detection/lib/python3.8/site-packages/text_detection/__init__.py to __init__.cpython-38.pyc
[1.705s] byte-compiling /home/choi/angchicken_ros2_ws/install/text_detection/lib/python3.8/site-packages/text_detection/text_detection_training.py to text_detection_training.cpython-38.pyc
[1.706s] running install_data
[1.707s] running install_egg_info
[1.709s] Copying ../../build/text_detection/text_detection.egg-info to /home/choi/angchicken_ros2_ws/install/text_detection/lib/python3.8/site-packages/text_detection-0.0.0-py3.8.egg-info
[1.710s] running install_scripts
[1.729s] writing list of installed files to '/home/choi/angchicken_ros2_ws/build/text_detection/install.log'
[1.757s] Invoked command in '/home/choi/angchicken_ros2_ws/src/text_detection' returned '0': PYTHONPATH=/home/choi/angchicken_ros2_ws/build/text_detection/prefix_override:/home/choi/angchicken_ros2_ws/install/text_detection/lib/python3.8/site-packages:${PYTHONPATH} /usr/bin/python3 setup.py egg_info --egg-base ../../build/text_detection build --build-base /home/choi/angchicken_ros2_ws/build/text_detection/build install --record /home/choi/angchicken_ros2_ws/build/text_detection/install.log --install-scripts $base/lib/text_detection --single-version-externally-managed
