/home/choi/angchicken_ros2_ws/install/pump_track/lib/python3.8/site-packages/pump_track/pump_publisher_ver2.py
/home/choi/angchicken_ros2_ws/install/pump_track/lib/python3.8/site-packages/pump_track/diffbot_control.py
/home/choi/angchicken_ros2_ws/install/pump_track/lib/python3.8/site-packages/pump_track/army_detection.py
/home/choi/angchicken_ros2_ws/install/pump_track/lib/python3.8/site-packages/pump_track/pump_publisher.py
/home/choi/angchicken_ros2_ws/install/pump_track/lib/python3.8/site-packages/pump_track/__init__.py
/home/choi/angchicken_ros2_ws/install/pump_track/lib/python3.8/site-packages/pump_track/usb_camera_node.py
/home/choi/angchicken_ros2_ws/install/pump_track/lib/python3.8/site-packages/pump_track/__pycache__/pump_publisher_ver2.cpython-38.pyc
/home/choi/angchicken_ros2_ws/install/pump_track/lib/python3.8/site-packages/pump_track/__pycache__/diffbot_control.cpython-38.pyc
/home/choi/angchicken_ros2_ws/install/pump_track/lib/python3.8/site-packages/pump_track/__pycache__/army_detection.cpython-38.pyc
/home/choi/angchicken_ros2_ws/install/pump_track/lib/python3.8/site-packages/pump_track/__pycache__/pump_publisher.cpython-38.pyc
/home/choi/angchicken_ros2_ws/install/pump_track/lib/python3.8/site-packages/pump_track/__pycache__/__init__.cpython-38.pyc
/home/choi/angchicken_ros2_ws/install/pump_track/lib/python3.8/site-packages/pump_track/__pycache__/usb_camera_node.cpython-38.pyc
/home/choi/angchicken_ros2_ws/install/pump_track/share/ament_index/resource_index/packages/pump_track
/home/choi/angchicken_ros2_ws/install/pump_track/share/pump_track/package.xml
/home/choi/angchicken_ros2_ws/install/pump_track/share/pump_track/launch/launch.py
/home/choi/angchicken_ros2_ws/install/pump_track/lib/python3.8/site-packages/pump_track-0.0.0-py3.8.egg-info/top_level.txt
/home/choi/angchicken_ros2_ws/install/pump_track/lib/python3.8/site-packages/pump_track-0.0.0-py3.8.egg-info/entry_points.txt
/home/choi/angchicken_ros2_ws/install/pump_track/lib/python3.8/site-packages/pump_track-0.0.0-py3.8.egg-info/zip-safe
/home/choi/angchicken_ros2_ws/install/pump_track/lib/python3.8/site-packages/pump_track-0.0.0-py3.8.egg-info/PKG-INFO
/home/choi/angchicken_ros2_ws/install/pump_track/lib/python3.8/site-packages/pump_track-0.0.0-py3.8.egg-info/SOURCES.txt
/home/choi/angchicken_ros2_ws/install/pump_track/lib/python3.8/site-packages/pump_track-0.0.0-py3.8.egg-info/requires.txt
/home/choi/angchicken_ros2_ws/install/pump_track/lib/python3.8/site-packages/pump_track-0.0.0-py3.8.egg-info/dependency_links.txt
/home/choi/angchicken_ros2_ws/install/pump_track/lib/pump_track/army_detect
/home/choi/angchicken_ros2_ws/install/pump_track/lib/pump_track/diffbot_cont
/home/choi/angchicken_ros2_ws/install/pump_track/lib/pump_track/pump_pub
/home/choi/angchicken_ros2_ws/install/pump_track/lib/pump_track/pump_pub_2
/home/choi/angchicken_ros2_ws/install/pump_track/lib/pump_track/usb_cam
