[1.649s] Invoking command in '/home/choi/angchicken_ros2_ws/build/color_detection': PYTHONPATH=/home/choi/angchicken_ros2_ws/build/color_detection/prefix_override:/home/choi/angchicken_ros2_ws/install/color_detection/lib/python3.8/site-packages:${PYTHONPATH} /usr/bin/python3 setup.py develop --uninstall --editable --build-directory /home/choi/angchicken_ros2_ws/build/color_detection/build
[1.946s] running develop
[2.197s] Removing /home/choi/angchicken_ros2_ws/install/color_detection/lib/python3.8/site-packages/color-detection.egg-link (link to .)
[2.253s] Invoked command in '/home/choi/angchicken_ros2_ws/build/color_detection' returned '0': PYTHONPATH=/home/choi/angchicken_ros2_ws/build/color_detection/prefix_override:/home/choi/angchicken_ros2_ws/install/color_detection/lib/python3.8/site-packages:${PYTHONPATH} /usr/bin/python3 setup.py develop --uninstall --editable --build-directory /home/choi/angchicken_ros2_ws/build/color_detection/build
[2.254s] Invoking command in '/home/choi/angchicken_ros2_ws/src/color_detection': PYTHONPATH=/home/choi/angchicken_ros2_ws/build/color_detection/prefix_override:/home/choi/angchicken_ros2_ws/install/color_detection/lib/python3.8/site-packages:${PYTHONPATH} /usr/bin/python3 setup.py egg_info --egg-base ../../build/color_detection build --build-base /home/choi/angchicken_ros2_ws/build/color_detection/build install --record /home/choi/angchicken_ros2_ws/build/color_detection/install.log --install-scripts $base/lib/color_detection --single-version-externally-managed
[2.649s] running egg_info
[2.650s] writing ../../build/color_detection/color_detection.egg-info/PKG-INFO
[2.650s] writing dependency_links to ../../build/color_detection/color_detection.egg-info/dependency_links.txt
[2.650s] writing entry points to ../../build/color_detection/color_detection.egg-info/entry_points.txt
[2.650s] writing requirements to ../../build/color_detection/color_detection.egg-info/requires.txt
[2.651s] writing top-level names to ../../build/color_detection/color_detection.egg-info/top_level.txt
[2.701s] reading manifest file '../../build/color_detection/color_detection.egg-info/SOURCES.txt'
[2.702s] writing manifest file '../../build/color_detection/color_detection.egg-info/SOURCES.txt'
[2.702s] running build
[2.703s] running build_py
[2.703s] creating /home/choi/angchicken_ros2_ws/build/color_detection/build
[2.703s] creating /home/choi/angchicken_ros2_ws/build/color_detection/build/lib
[2.704s] creating /home/choi/angchicken_ros2_ws/build/color_detection/build/lib/color_detection
[2.705s] copying color_detection/__init__.py -> /home/choi/angchicken_ros2_ws/build/color_detection/build/lib/color_detection
[2.706s] copying color_detection/color_detection.py -> /home/choi/angchicken_ros2_ws/build/color_detection/build/lib/color_detection
[2.706s] running install
[2.706s] running install_lib
[2.706s] creating /home/choi/angchicken_ros2_ws/install/color_detection/lib/python3.8/site-packages/color_detection
[2.707s] copying /home/choi/angchicken_ros2_ws/build/color_detection/build/lib/color_detection/__init__.py -> /home/choi/angchicken_ros2_ws/install/color_detection/lib/python3.8/site-packages/color_detection
[2.707s] copying /home/choi/angchicken_ros2_ws/build/color_detection/build/lib/color_detection/color_detection.py -> /home/choi/angchicken_ros2_ws/install/color_detection/lib/python3.8/site-packages/color_detection
[2.707s] byte-compiling /home/choi/angchicken_ros2_ws/install/color_detection/lib/python3.8/site-packages/color_detection/__init__.py to __init__.cpython-38.pyc
[2.708s] byte-compiling /home/choi/angchicken_ros2_ws/install/color_detection/lib/python3.8/site-packages/color_detection/color_detection.py to color_detection.cpython-38.pyc
[2.709s] running install_data
[2.710s] running install_egg_info
[2.712s] Copying ../../build/color_detection/color_detection.egg-info to /home/choi/angchicken_ros2_ws/install/color_detection/lib/python3.8/site-packages/color_detection-0.0.0-py3.8.egg-info
[2.714s] running install_scripts
[2.737s] Installing color_detection_node script to /home/choi/angchicken_ros2_ws/install/color_detection/lib/color_detection
[2.738s] writing list of installed files to '/home/choi/angchicken_ros2_ws/build/color_detection/install.log'
[2.835s] Invoked command in '/home/choi/angchicken_ros2_ws/src/color_detection' returned '0': PYTHONPATH=/home/choi/angchicken_ros2_ws/build/color_detection/prefix_override:/home/choi/angchicken_ros2_ws/install/color_detection/lib/python3.8/site-packages:${PYTHONPATH} /usr/bin/python3 setup.py egg_info --egg-base ../../build/color_detection build --build-base /home/choi/angchicken_ros2_ws/build/color_detection/build install --record /home/choi/angchicken_ros2_ws/build/color_detection/install.log --install-scripts $base/lib/color_detection --single-version-externally-managed
