[0.361s] DEBUG:colcon:Command line arguments: ['/usr/bin/colcon', 'build']
[0.361s] DEBUG:colcon:Parsed command line arguments: Namespace(allow_overriding=[], ament_cmake_args=None, base_paths=['.'], build_base='build', catkin_cmake_args=None, catkin_skip_building_tests=False, cmake_args=None, cmake_clean_cache=False, cmake_clean_first=False, cmake_force_configure=False, cmake_target=None, cmake_target_skip_unavailable=False, continue_on_error=False, event_handlers=None, executor='parallel', ignore_user_meta=False, install_base='install', log_base=None, log_level=None, main=<bound method BuildVerb.main of <colcon_core.verb.build.BuildVerb object at 0x7efe90b01c70>>, merge_install=False, metas=['./colcon.meta'], packages_above=None, packages_above_and_dependencies=None, packages_above_depth=None, packages_end=None, packages_ignore=None, packages_ignore_regex=None, packages_select=None, packages_select_build_failed=False, packages_select_by_dep=None, packages_select_regex=None, packages_select_test_failures=False, packages_skip=None, packages_skip_build_finished=False, packages_skip_by_dep=None, packages_skip_regex=None, packages_skip_test_passed=False, packages_skip_up_to=None, packages_start=None, packages_up_to=None, packages_up_to_regex=None, parallel_workers=4, paths=None, symlink_install=False, test_result_base=None, verb_extension=<colcon_core.verb.build.BuildVerb object at 0x7efe90b01c70>, verb_name='build', verb_parser=<colcon_defaults.argument_parser.defaults.DefaultArgumentsDecorator object at 0x7efe90b0a220>)
[0.398s] Level 1:colcon.colcon_core.package_discovery:discover_packages(colcon_meta) check parameters
[0.398s] Level 1:colcon.colcon_core.package_discovery:discover_packages(recursive) check parameters
[0.399s] Level 1:colcon.colcon_core.package_discovery:discover_packages(ignore) check parameters
[0.399s] Level 1:colcon.colcon_core.package_discovery:discover_packages(path) check parameters
[0.399s] Level 1:colcon.colcon_core.package_discovery:discover_packages(colcon_meta) discover
[0.399s] Level 1:colcon.colcon_core.package_discovery:discover_packages(recursive) discover
[0.399s] INFO:colcon.colcon_core.package_discovery:Crawling recursively for packages in '/home/choi/angchicken_ros2_ws'
[0.399s] Level 1:colcon.colcon_core.package_identification:_identify(.) by extensions ['ignore', 'ignore_ament_install']
[0.399s] Level 1:colcon.colcon_core.package_identification:_identify(.) by extension 'ignore'
[0.399s] Level 1:colcon.colcon_core.package_identification:_identify(.) by extension 'ignore_ament_install'
[0.399s] Level 1:colcon.colcon_core.package_identification:_identify(.) by extensions ['colcon_pkg']
[0.399s] Level 1:colcon.colcon_core.package_identification:_identify(.) by extension 'colcon_pkg'
[0.399s] Level 1:colcon.colcon_core.package_identification:_identify(.) by extensions ['colcon_meta']
[0.399s] Level 1:colcon.colcon_core.package_identification:_identify(.) by extension 'colcon_meta'
[0.399s] Level 1:colcon.colcon_core.package_identification:_identify(.) by extensions ['ros']
[0.399s] Level 1:colcon.colcon_core.package_identification:_identify(.) by extension 'ros'
[0.410s] Level 1:colcon.colcon_core.package_identification:_identify(.) by extensions ['cmake', 'python']
[0.410s] Level 1:colcon.colcon_core.package_identification:_identify(.) by extension 'cmake'
[0.410s] Level 1:colcon.colcon_core.package_identification:_identify(.) by extension 'python'
[0.410s] Level 1:colcon.colcon_core.package_identification:_identify(.) by extensions ['python_setup_py']
[0.410s] Level 1:colcon.colcon_core.package_identification:_identify(.) by extension 'python_setup_py'
[0.410s] Level 1:colcon.colcon_core.package_identification:_identify(build) by extensions ['ignore', 'ignore_ament_install']
[0.410s] Level 1:colcon.colcon_core.package_identification:_identify(build) by extension 'ignore'
[0.410s] Level 1:colcon.colcon_core.package_identification:_identify(build) ignored
[0.411s] Level 1:colcon.colcon_core.package_identification:_identify(gazebo_models) by extensions ['ignore', 'ignore_ament_install']
[0.411s] Level 1:colcon.colcon_core.package_identification:_identify(gazebo_models) by extension 'ignore'
[0.411s] Level 1:colcon.colcon_core.package_identification:_identify(gazebo_models) by extension 'ignore_ament_install'
[0.411s] Level 1:colcon.colcon_core.package_identification:_identify(gazebo_models) by extensions ['colcon_pkg']
[0.411s] Level 1:colcon.colcon_core.package_identification:_identify(gazebo_models) by extension 'colcon_pkg'
[0.411s] Level 1:colcon.colcon_core.package_identification:_identify(gazebo_models) by extensions ['colcon_meta']
[0.411s] Level 1:colcon.colcon_core.package_identification:_identify(gazebo_models) by extension 'colcon_meta'
[0.411s] Level 1:colcon.colcon_core.package_identification:_identify(gazebo_models) by extensions ['ros']
[0.411s] Level 1:colcon.colcon_core.package_identification:_identify(gazebo_models) by extension 'ros'
[0.411s] Level 1:colcon.colcon_core.package_identification:_identify(gazebo_models) by extensions ['cmake', 'python']
[0.411s] Level 1:colcon.colcon_core.package_identification:_identify(gazebo_models) by extension 'cmake'
[0.411s] Level 1:colcon.colcon_core.package_identification:_identify(gazebo_models) by extension 'python'
[0.411s] Level 1:colcon.colcon_core.package_identification:_identify(gazebo_models) by extensions ['python_setup_py']
[0.411s] Level 1:colcon.colcon_core.package_identification:_identify(gazebo_models) by extension 'python_setup_py'
[0.411s] Level 1:colcon.colcon_core.package_identification:_identify(gazebo_models/track_ground) by extensions ['ignore', 'ignore_ament_install']
[0.412s] Level 1:colcon.colcon_core.package_identification:_identify(gazebo_models/track_ground) by extension 'ignore'
[0.412s] Level 1:colcon.colcon_core.package_identification:_identify(gazebo_models/track_ground) by extension 'ignore_ament_install'
[0.412s] Level 1:colcon.colcon_core.package_identification:_identify(gazebo_models/track_ground) by extensions ['colcon_pkg']
[0.412s] Level 1:colcon.colcon_core.package_identification:_identify(gazebo_models/track_ground) by extension 'colcon_pkg'
[0.412s] Level 1:colcon.colcon_core.package_identification:_identify(gazebo_models/track_ground) by extensions ['colcon_meta']
[0.412s] Level 1:colcon.colcon_core.package_identification:_identify(gazebo_models/track_ground) by extension 'colcon_meta'
[0.412s] Level 1:colcon.colcon_core.package_identification:_identify(gazebo_models/track_ground) by extensions ['ros']
[0.412s] Level 1:colcon.colcon_core.package_identification:_identify(gazebo_models/track_ground) by extension 'ros'
[0.412s] Level 1:colcon.colcon_core.package_identification:_identify(gazebo_models/track_ground) by extensions ['cmake', 'python']
[0.412s] Level 1:colcon.colcon_core.package_identification:_identify(gazebo_models/track_ground) by extension 'cmake'
[0.412s] Level 1:colcon.colcon_core.package_identification:_identify(gazebo_models/track_ground) by extension 'python'
[0.412s] Level 1:colcon.colcon_core.package_identification:_identify(gazebo_models/track_ground) by extensions ['python_setup_py']
[0.412s] Level 1:colcon.colcon_core.package_identification:_identify(gazebo_models/track_ground) by extension 'python_setup_py'
[0.412s] Level 1:colcon.colcon_core.package_identification:_identify(gazebo_models/track_sample) by extensions ['ignore', 'ignore_ament_install']
[0.412s] Level 1:colcon.colcon_core.package_identification:_identify(gazebo_models/track_sample) by extension 'ignore'
[0.412s] Level 1:colcon.colcon_core.package_identification:_identify(gazebo_models/track_sample) by extension 'ignore_ament_install'
[0.413s] Level 1:colcon.colcon_core.package_identification:_identify(gazebo_models/track_sample) by extensions ['colcon_pkg']
[0.413s] Level 1:colcon.colcon_core.package_identification:_identify(gazebo_models/track_sample) by extension 'colcon_pkg'
[0.413s] Level 1:colcon.colcon_core.package_identification:_identify(gazebo_models/track_sample) by extensions ['colcon_meta']
[0.413s] Level 1:colcon.colcon_core.package_identification:_identify(gazebo_models/track_sample) by extension 'colcon_meta'
[0.413s] Level 1:colcon.colcon_core.package_identification:_identify(gazebo_models/track_sample) by extensions ['ros']
[0.413s] Level 1:colcon.colcon_core.package_identification:_identify(gazebo_models/track_sample) by extension 'ros'
[0.413s] Level 1:colcon.colcon_core.package_identification:_identify(gazebo_models/track_sample) by extensions ['cmake', 'python']
[0.413s] Level 1:colcon.colcon_core.package_identification:_identify(gazebo_models/track_sample) by extension 'cmake'
[0.413s] Level 1:colcon.colcon_core.package_identification:_identify(gazebo_models/track_sample) by extension 'python'
[0.413s] Level 1:colcon.colcon_core.package_identification:_identify(gazebo_models/track_sample) by extensions ['python_setup_py']
[0.413s] Level 1:colcon.colcon_core.package_identification:_identify(gazebo_models/track_sample) by extension 'python_setup_py'
[0.413s] Level 1:colcon.colcon_core.package_identification:_identify(gazebo_models/track_sample/materials) by extensions ['ignore', 'ignore_ament_install']
[0.413s] Level 1:colcon.colcon_core.package_identification:_identify(gazebo_models/track_sample/materials) by extension 'ignore'
[0.413s] Level 1:colcon.colcon_core.package_identification:_identify(gazebo_models/track_sample/materials) by extension 'ignore_ament_install'
[0.413s] Level 1:colcon.colcon_core.package_identification:_identify(gazebo_models/track_sample/materials) by extensions ['colcon_pkg']
[0.413s] Level 1:colcon.colcon_core.package_identification:_identify(gazebo_models/track_sample/materials) by extension 'colcon_pkg'
[0.413s] Level 1:colcon.colcon_core.package_identification:_identify(gazebo_models/track_sample/materials) by extensions ['colcon_meta']
[0.413s] Level 1:colcon.colcon_core.package_identification:_identify(gazebo_models/track_sample/materials) by extension 'colcon_meta'
[0.414s] Level 1:colcon.colcon_core.package_identification:_identify(gazebo_models/track_sample/materials) by extensions ['ros']
[0.414s] Level 1:colcon.colcon_core.package_identification:_identify(gazebo_models/track_sample/materials) by extension 'ros'
[0.414s] Level 1:colcon.colcon_core.package_identification:_identify(gazebo_models/track_sample/materials) by extensions ['cmake', 'python']
[0.414s] Level 1:colcon.colcon_core.package_identification:_identify(gazebo_models/track_sample/materials) by extension 'cmake'
[0.414s] Level 1:colcon.colcon_core.package_identification:_identify(gazebo_models/track_sample/materials) by extension 'python'
[0.414s] Level 1:colcon.colcon_core.package_identification:_identify(gazebo_models/track_sample/materials) by extensions ['python_setup_py']
[0.414s] Level 1:colcon.colcon_core.package_identification:_identify(gazebo_models/track_sample/materials) by extension 'python_setup_py'
[0.414s] Level 1:colcon.colcon_core.package_identification:_identify(gazebo_models/track_sample/materials/scripts) by extensions ['ignore', 'ignore_ament_install']
[0.414s] Level 1:colcon.colcon_core.package_identification:_identify(gazebo_models/track_sample/materials/scripts) by extension 'ignore'
[0.414s] Level 1:colcon.colcon_core.package_identification:_identify(gazebo_models/track_sample/materials/scripts) by extension 'ignore_ament_install'
[0.414s] Level 1:colcon.colcon_core.package_identification:_identify(gazebo_models/track_sample/materials/scripts) by extensions ['colcon_pkg']
[0.414s] Level 1:colcon.colcon_core.package_identification:_identify(gazebo_models/track_sample/materials/scripts) by extension 'colcon_pkg'
[0.414s] Level 1:colcon.colcon_core.package_identification:_identify(gazebo_models/track_sample/materials/scripts) by extensions ['colcon_meta']
[0.414s] Level 1:colcon.colcon_core.package_identification:_identify(gazebo_models/track_sample/materials/scripts) by extension 'colcon_meta'
[0.414s] Level 1:colcon.colcon_core.package_identification:_identify(gazebo_models/track_sample/materials/scripts) by extensions ['ros']
[0.414s] Level 1:colcon.colcon_core.package_identification:_identify(gazebo_models/track_sample/materials/scripts) by extension 'ros'
[0.414s] Level 1:colcon.colcon_core.package_identification:_identify(gazebo_models/track_sample/materials/scripts) by extensions ['cmake', 'python']
[0.414s] Level 1:colcon.colcon_core.package_identification:_identify(gazebo_models/track_sample/materials/scripts) by extension 'cmake'
[0.414s] Level 1:colcon.colcon_core.package_identification:_identify(gazebo_models/track_sample/materials/scripts) by extension 'python'
[0.415s] Level 1:colcon.colcon_core.package_identification:_identify(gazebo_models/track_sample/materials/scripts) by extensions ['python_setup_py']
[0.415s] Level 1:colcon.colcon_core.package_identification:_identify(gazebo_models/track_sample/materials/scripts) by extension 'python_setup_py'
[0.415s] Level 1:colcon.colcon_core.package_identification:_identify(gazebo_models/track_sample/materials/textures) by extensions ['ignore', 'ignore_ament_install']
[0.415s] Level 1:colcon.colcon_core.package_identification:_identify(gazebo_models/track_sample/materials/textures) by extension 'ignore'
[0.415s] Level 1:colcon.colcon_core.package_identification:_identify(gazebo_models/track_sample/materials/textures) by extension 'ignore_ament_install'
[0.415s] Level 1:colcon.colcon_core.package_identification:_identify(gazebo_models/track_sample/materials/textures) by extensions ['colcon_pkg']
[0.415s] Level 1:colcon.colcon_core.package_identification:_identify(gazebo_models/track_sample/materials/textures) by extension 'colcon_pkg'
[0.415s] Level 1:colcon.colcon_core.package_identification:_identify(gazebo_models/track_sample/materials/textures) by extensions ['colcon_meta']
[0.415s] Level 1:colcon.colcon_core.package_identification:_identify(gazebo_models/track_sample/materials/textures) by extension 'colcon_meta'
[0.415s] Level 1:colcon.colcon_core.package_identification:_identify(gazebo_models/track_sample/materials/textures) by extensions ['ros']
[0.415s] Level 1:colcon.colcon_core.package_identification:_identify(gazebo_models/track_sample/materials/textures) by extension 'ros'
[0.415s] Level 1:colcon.colcon_core.package_identification:_identify(gazebo_models/track_sample/materials/textures) by extensions ['cmake', 'python']
[0.415s] Level 1:colcon.colcon_core.package_identification:_identify(gazebo_models/track_sample/materials/textures) by extension 'cmake'
[0.415s] Level 1:colcon.colcon_core.package_identification:_identify(gazebo_models/track_sample/materials/textures) by extension 'python'
[0.415s] Level 1:colcon.colcon_core.package_identification:_identify(gazebo_models/track_sample/materials/textures) by extensions ['python_setup_py']
[0.415s] Level 1:colcon.colcon_core.package_identification:_identify(gazebo_models/track_sample/materials/textures) by extension 'python_setup_py'
[0.416s] Level 1:colcon.colcon_core.package_identification:_identify(install) by extensions ['ignore', 'ignore_ament_install']
[0.416s] Level 1:colcon.colcon_core.package_identification:_identify(install) by extension 'ignore'
[0.416s] Level 1:colcon.colcon_core.package_identification:_identify(install) ignored
[0.416s] Level 1:colcon.colcon_core.package_identification:_identify(log) by extensions ['ignore', 'ignore_ament_install']
[0.416s] Level 1:colcon.colcon_core.package_identification:_identify(log) by extension 'ignore'
[0.416s] Level 1:colcon.colcon_core.package_identification:_identify(log) ignored
[0.416s] Level 1:colcon.colcon_core.package_identification:_identify(src) by extensions ['ignore', 'ignore_ament_install']
[0.416s] Level 1:colcon.colcon_core.package_identification:_identify(src) by extension 'ignore'
[0.416s] Level 1:colcon.colcon_core.package_identification:_identify(src) by extension 'ignore_ament_install'
[0.416s] Level 1:colcon.colcon_core.package_identification:_identify(src) by extensions ['colcon_pkg']
[0.416s] Level 1:colcon.colcon_core.package_identification:_identify(src) by extension 'colcon_pkg'
[0.416s] Level 1:colcon.colcon_core.package_identification:_identify(src) by extensions ['colcon_meta']
[0.416s] Level 1:colcon.colcon_core.package_identification:_identify(src) by extension 'colcon_meta'
[0.416s] Level 1:colcon.colcon_core.package_identification:_identify(src) by extensions ['ros']
[0.416s] Level 1:colcon.colcon_core.package_identification:_identify(src) by extension 'ros'
[0.417s] Level 1:colcon.colcon_core.package_identification:_identify(src) by extensions ['cmake', 'python']
[0.417s] Level 1:colcon.colcon_core.package_identification:_identify(src) by extension 'cmake'
[0.417s] Level 1:colcon.colcon_core.package_identification:_identify(src) by extension 'python'
[0.417s] Level 1:colcon.colcon_core.package_identification:_identify(src) by extensions ['python_setup_py']
[0.417s] Level 1:colcon.colcon_core.package_identification:_identify(src) by extension 'python_setup_py'
[0.417s] Level 1:colcon.colcon_core.package_identification:_identify(src/color_detection) by extensions ['ignore', 'ignore_ament_install']
[0.417s] Level 1:colcon.colcon_core.package_identification:_identify(src/color_detection) by extension 'ignore'
[0.417s] Level 1:colcon.colcon_core.package_identification:_identify(src/color_detection) by extension 'ignore_ament_install'
[0.417s] Level 1:colcon.colcon_core.package_identification:_identify(src/color_detection) by extensions ['colcon_pkg']
[0.417s] Level 1:colcon.colcon_core.package_identification:_identify(src/color_detection) by extension 'colcon_pkg'
[0.417s] Level 1:colcon.colcon_core.package_identification:_identify(src/color_detection) by extensions ['colcon_meta']
[0.417s] Level 1:colcon.colcon_core.package_identification:_identify(src/color_detection) by extension 'colcon_meta'
[0.417s] Level 1:colcon.colcon_core.package_identification:_identify(src/color_detection) by extensions ['ros']
[0.417s] Level 1:colcon.colcon_core.package_identification:_identify(src/color_detection) by extension 'ros'
[0.420s] DEBUG:colcon.colcon_core.package_identification:Package 'src/color_detection' with type 'ros.ament_python' and name 'color_detection'
[0.420s] Level 1:colcon.colcon_core.package_identification:_identify(src/lane_detection_py) by extensions ['ignore', 'ignore_ament_install']
[0.420s] Level 1:colcon.colcon_core.package_identification:_identify(src/lane_detection_py) by extension 'ignore'
[0.420s] Level 1:colcon.colcon_core.package_identification:_identify(src/lane_detection_py) by extension 'ignore_ament_install'
[0.420s] Level 1:colcon.colcon_core.package_identification:_identify(src/lane_detection_py) by extensions ['colcon_pkg']
[0.420s] Level 1:colcon.colcon_core.package_identification:_identify(src/lane_detection_py) by extension 'colcon_pkg'
[0.420s] Level 1:colcon.colcon_core.package_identification:_identify(src/lane_detection_py) by extensions ['colcon_meta']
[0.420s] Level 1:colcon.colcon_core.package_identification:_identify(src/lane_detection_py) by extension 'colcon_meta'
[0.420s] Level 1:colcon.colcon_core.package_identification:_identify(src/lane_detection_py) by extensions ['ros']
[0.420s] Level 1:colcon.colcon_core.package_identification:_identify(src/lane_detection_py) by extension 'ros'
[0.421s] DEBUG:colcon.colcon_core.package_identification:Package 'src/lane_detection_py' with type 'ros.ament_python' and name 'lane_detection_py'
[0.421s] Level 1:colcon.colcon_core.package_identification:_identify(src/lidar_pkg) by extensions ['ignore', 'ignore_ament_install']
[0.421s] Level 1:colcon.colcon_core.package_identification:_identify(src/lidar_pkg) by extension 'ignore'
[0.421s] Level 1:colcon.colcon_core.package_identification:_identify(src/lidar_pkg) by extension 'ignore_ament_install'
[0.421s] Level 1:colcon.colcon_core.package_identification:_identify(src/lidar_pkg) by extensions ['colcon_pkg']
[0.421s] Level 1:colcon.colcon_core.package_identification:_identify(src/lidar_pkg) by extension 'colcon_pkg'
[0.421s] Level 1:colcon.colcon_core.package_identification:_identify(src/lidar_pkg) by extensions ['colcon_meta']
[0.422s] Level 1:colcon.colcon_core.package_identification:_identify(src/lidar_pkg) by extension 'colcon_meta'
[0.422s] Level 1:colcon.colcon_core.package_identification:_identify(src/lidar_pkg) by extensions ['ros']
[0.422s] Level 1:colcon.colcon_core.package_identification:_identify(src/lidar_pkg) by extension 'ros'
[0.423s] DEBUG:colcon.colcon_core.package_identification:Package 'src/lidar_pkg' with type 'ros.ament_cmake' and name 'lidar_pkg'
[0.424s] Level 1:colcon.colcon_core.package_identification:_identify(src/line_following_bot) by extensions ['ignore', 'ignore_ament_install']
[0.424s] Level 1:colcon.colcon_core.package_identification:_identify(src/line_following_bot) by extension 'ignore'
[0.424s] Level 1:colcon.colcon_core.package_identification:_identify(src/line_following_bot) by extension 'ignore_ament_install'
[0.424s] Level 1:colcon.colcon_core.package_identification:_identify(src/line_following_bot) by extensions ['colcon_pkg']
[0.424s] Level 1:colcon.colcon_core.package_identification:_identify(src/line_following_bot) by extension 'colcon_pkg'
[0.424s] Level 1:colcon.colcon_core.package_identification:_identify(src/line_following_bot) by extensions ['colcon_meta']
[0.424s] Level 1:colcon.colcon_core.package_identification:_identify(src/line_following_bot) by extension 'colcon_meta'
[0.424s] Level 1:colcon.colcon_core.package_identification:_identify(src/line_following_bot) by extensions ['ros']
[0.424s] Level 1:colcon.colcon_core.package_identification:_identify(src/line_following_bot) by extension 'ros'
[0.424s] DEBUG:colcon.colcon_core.package_identification:Package 'src/line_following_bot' with type 'ros.ament_python' and name 'line_following_bot'
[0.425s] Level 1:colcon.colcon_core.package_identification:_identify(src/move_py) by extensions ['ignore', 'ignore_ament_install']
[0.425s] Level 1:colcon.colcon_core.package_identification:_identify(src/move_py) by extension 'ignore'
[0.425s] Level 1:colcon.colcon_core.package_identification:_identify(src/move_py) by extension 'ignore_ament_install'
[0.425s] Level 1:colcon.colcon_core.package_identification:_identify(src/move_py) by extensions ['colcon_pkg']
[0.425s] Level 1:colcon.colcon_core.package_identification:_identify(src/move_py) by extension 'colcon_pkg'
[0.425s] Level 1:colcon.colcon_core.package_identification:_identify(src/move_py) by extensions ['colcon_meta']
[0.425s] Level 1:colcon.colcon_core.package_identification:_identify(src/move_py) by extension 'colcon_meta'
[0.425s] Level 1:colcon.colcon_core.package_identification:_identify(src/move_py) by extensions ['ros']
[0.425s] Level 1:colcon.colcon_core.package_identification:_identify(src/move_py) by extension 'ros'
[0.425s] DEBUG:colcon.colcon_core.package_identification:Package 'src/move_py' with type 'ros.ament_python' and name 'move_py'
[0.426s] Level 1:colcon.colcon_core.package_identification:_identify(src/my_bot) by extensions ['ignore', 'ignore_ament_install']
[0.426s] Level 1:colcon.colcon_core.package_identification:_identify(src/my_bot) by extension 'ignore'
[0.426s] Level 1:colcon.colcon_core.package_identification:_identify(src/my_bot) by extension 'ignore_ament_install'
[0.426s] Level 1:colcon.colcon_core.package_identification:_identify(src/my_bot) by extensions ['colcon_pkg']
[0.426s] Level 1:colcon.colcon_core.package_identification:_identify(src/my_bot) by extension 'colcon_pkg'
[0.426s] Level 1:colcon.colcon_core.package_identification:_identify(src/my_bot) by extensions ['colcon_meta']
[0.426s] Level 1:colcon.colcon_core.package_identification:_identify(src/my_bot) by extension 'colcon_meta'
[0.426s] Level 1:colcon.colcon_core.package_identification:_identify(src/my_bot) by extensions ['ros']
[0.426s] Level 1:colcon.colcon_core.package_identification:_identify(src/my_bot) by extension 'ros'
[0.426s] DEBUG:colcon.colcon_core.package_identification:Package 'src/my_bot' with type 'ros.ament_cmake' and name 'my_bot'
[0.427s] Level 1:colcon.colcon_core.package_identification:_identify(src/text_detection) by extensions ['ignore', 'ignore_ament_install']
[0.427s] Level 1:colcon.colcon_core.package_identification:_identify(src/text_detection) by extension 'ignore'
[0.427s] Level 1:colcon.colcon_core.package_identification:_identify(src/text_detection) by extension 'ignore_ament_install'
[0.427s] Level 1:colcon.colcon_core.package_identification:_identify(src/text_detection) by extensions ['colcon_pkg']
[0.427s] Level 1:colcon.colcon_core.package_identification:_identify(src/text_detection) by extension 'colcon_pkg'
[0.427s] Level 1:colcon.colcon_core.package_identification:_identify(src/text_detection) by extensions ['colcon_meta']
[0.427s] Level 1:colcon.colcon_core.package_identification:_identify(src/text_detection) by extension 'colcon_meta'
[0.427s] Level 1:colcon.colcon_core.package_identification:_identify(src/text_detection) by extensions ['ros']
[0.427s] Level 1:colcon.colcon_core.package_identification:_identify(src/text_detection) by extension 'ros'
[0.427s] DEBUG:colcon.colcon_core.package_identification:Package 'src/text_detection' with type 'ros.ament_python' and name 'text_detection'
[0.428s] Level 1:colcon.colcon_core.package_identification:_identify(src/track_test) by extensions ['ignore', 'ignore_ament_install']
[0.428s] Level 1:colcon.colcon_core.package_identification:_identify(src/track_test) by extension 'ignore'
[0.428s] Level 1:colcon.colcon_core.package_identification:_identify(src/track_test) by extension 'ignore_ament_install'
[0.428s] Level 1:colcon.colcon_core.package_identification:_identify(src/track_test) by extensions ['colcon_pkg']
[0.428s] Level 1:colcon.colcon_core.package_identification:_identify(src/track_test) by extension 'colcon_pkg'
[0.428s] Level 1:colcon.colcon_core.package_identification:_identify(src/track_test) by extensions ['colcon_meta']
[0.428s] Level 1:colcon.colcon_core.package_identification:_identify(src/track_test) by extension 'colcon_meta'
[0.428s] Level 1:colcon.colcon_core.package_identification:_identify(src/track_test) by extensions ['ros']
[0.428s] Level 1:colcon.colcon_core.package_identification:_identify(src/track_test) by extension 'ros'
[0.428s] DEBUG:colcon.colcon_core.package_identification:Package 'src/track_test' with type 'ros.ament_cmake' and name 'track_test'
[0.428s] Level 1:colcon.colcon_core.package_discovery:discover_packages(recursive) using defaults
[0.428s] Level 1:colcon.colcon_core.package_discovery:discover_packages(ignore) discover
[0.428s] Level 1:colcon.colcon_core.package_discovery:discover_packages(ignore) using defaults
[0.429s] Level 1:colcon.colcon_core.package_discovery:discover_packages(path) discover
[0.429s] Level 1:colcon.colcon_core.package_discovery:discover_packages(path) using defaults
[0.453s] Level 1:colcon.colcon_core.package_discovery:discover_packages(prefix_path) check parameters
[0.453s] Level 1:colcon.colcon_core.package_discovery:discover_packages(prefix_path) discover
[0.458s] DEBUG:colcon.colcon_installed_package_information.package_discovery:Found 10 installed packages in /home/choi/angchicken_ros2_ws/install
[0.460s] DEBUG:colcon.colcon_installed_package_information.package_discovery:Found 21 installed packages in /home/choi/my_bot_ws/install
[0.462s] DEBUG:colcon.colcon_installed_package_information.package_discovery:Found 389 installed packages in /opt/ros/foxy
[0.464s] Level 1:colcon.colcon_core.package_discovery:discover_packages(prefix_path) using defaults
[0.552s] Level 5:colcon.colcon_core.verb:set package 'color_detection' build argument 'cmake_args' from command line to 'None'
[0.552s] Level 5:colcon.colcon_core.verb:set package 'color_detection' build argument 'cmake_target' from command line to 'None'
[0.552s] Level 5:colcon.colcon_core.verb:set package 'color_detection' build argument 'cmake_target_skip_unavailable' from command line to 'False'
[0.552s] Level 5:colcon.colcon_core.verb:set package 'color_detection' build argument 'cmake_clean_cache' from command line to 'False'
[0.552s] Level 5:colcon.colcon_core.verb:set package 'color_detection' build argument 'cmake_clean_first' from command line to 'False'
[0.552s] Level 5:colcon.colcon_core.verb:set package 'color_detection' build argument 'cmake_force_configure' from command line to 'False'
[0.552s] Level 5:colcon.colcon_core.verb:set package 'color_detection' build argument 'ament_cmake_args' from command line to 'None'
[0.552s] Level 5:colcon.colcon_core.verb:set package 'color_detection' build argument 'catkin_cmake_args' from command line to 'None'
[0.552s] Level 5:colcon.colcon_core.verb:set package 'color_detection' build argument 'catkin_skip_building_tests' from command line to 'False'
[0.552s] DEBUG:colcon.colcon_core.verb:Building package 'color_detection' with the following arguments: {'ament_cmake_args': None, 'build_base': '/home/choi/angchicken_ros2_ws/build/color_detection', 'catkin_cmake_args': None, 'catkin_skip_building_tests': False, 'cmake_args': None, 'cmake_clean_cache': False, 'cmake_clean_first': False, 'cmake_force_configure': False, 'cmake_target': None, 'cmake_target_skip_unavailable': False, 'install_base': '/home/choi/angchicken_ros2_ws/install/color_detection', 'merge_install': False, 'path': '/home/choi/angchicken_ros2_ws/src/color_detection', 'symlink_install': False, 'test_result_base': None}
[0.554s] Level 5:colcon.colcon_core.verb:set package 'lane_detection_py' build argument 'cmake_args' from command line to 'None'
[0.554s] Level 5:colcon.colcon_core.verb:set package 'lane_detection_py' build argument 'cmake_target' from command line to 'None'
[0.554s] Level 5:colcon.colcon_core.verb:set package 'lane_detection_py' build argument 'cmake_target_skip_unavailable' from command line to 'False'
[0.554s] Level 5:colcon.colcon_core.verb:set package 'lane_detection_py' build argument 'cmake_clean_cache' from command line to 'False'
[0.554s] Level 5:colcon.colcon_core.verb:set package 'lane_detection_py' build argument 'cmake_clean_first' from command line to 'False'
[0.554s] Level 5:colcon.colcon_core.verb:set package 'lane_detection_py' build argument 'cmake_force_configure' from command line to 'False'
[0.554s] Level 5:colcon.colcon_core.verb:set package 'lane_detection_py' build argument 'ament_cmake_args' from command line to 'None'
[0.554s] Level 5:colcon.colcon_core.verb:set package 'lane_detection_py' build argument 'catkin_cmake_args' from command line to 'None'
[0.554s] Level 5:colcon.colcon_core.verb:set package 'lane_detection_py' build argument 'catkin_skip_building_tests' from command line to 'False'
[0.554s] DEBUG:colcon.colcon_core.verb:Building package 'lane_detection_py' with the following arguments: {'ament_cmake_args': None, 'build_base': '/home/choi/angchicken_ros2_ws/build/lane_detection_py', 'catkin_cmake_args': None, 'catkin_skip_building_tests': False, 'cmake_args': None, 'cmake_clean_cache': False, 'cmake_clean_first': False, 'cmake_force_configure': False, 'cmake_target': None, 'cmake_target_skip_unavailable': False, 'install_base': '/home/choi/angchicken_ros2_ws/install/lane_detection_py', 'merge_install': False, 'path': '/home/choi/angchicken_ros2_ws/src/lane_detection_py', 'symlink_install': False, 'test_result_base': None}
[0.556s] Level 5:colcon.colcon_core.verb:set package 'lidar_pkg' build argument 'cmake_args' from command line to 'None'
[0.556s] Level 5:colcon.colcon_core.verb:set package 'lidar_pkg' build argument 'cmake_target' from command line to 'None'
[0.556s] Level 5:colcon.colcon_core.verb:set package 'lidar_pkg' build argument 'cmake_target_skip_unavailable' from command line to 'False'
[0.556s] Level 5:colcon.colcon_core.verb:set package 'lidar_pkg' build argument 'cmake_clean_cache' from command line to 'False'
[0.556s] Level 5:colcon.colcon_core.verb:set package 'lidar_pkg' build argument 'cmake_clean_first' from command line to 'False'
[0.556s] Level 5:colcon.colcon_core.verb:set package 'lidar_pkg' build argument 'cmake_force_configure' from command line to 'False'
[0.556s] Level 5:colcon.colcon_core.verb:set package 'lidar_pkg' build argument 'ament_cmake_args' from command line to 'None'
[0.556s] Level 5:colcon.colcon_core.verb:set package 'lidar_pkg' build argument 'catkin_cmake_args' from command line to 'None'
[0.556s] Level 5:colcon.colcon_core.verb:set package 'lidar_pkg' build argument 'catkin_skip_building_tests' from command line to 'False'
[0.556s] DEBUG:colcon.colcon_core.verb:Building package 'lidar_pkg' with the following arguments: {'ament_cmake_args': None, 'build_base': '/home/choi/angchicken_ros2_ws/build/lidar_pkg', 'catkin_cmake_args': None, 'catkin_skip_building_tests': False, 'cmake_args': None, 'cmake_clean_cache': False, 'cmake_clean_first': False, 'cmake_force_configure': False, 'cmake_target': None, 'cmake_target_skip_unavailable': False, 'install_base': '/home/choi/angchicken_ros2_ws/install/lidar_pkg', 'merge_install': False, 'path': '/home/choi/angchicken_ros2_ws/src/lidar_pkg', 'symlink_install': False, 'test_result_base': None}
[0.557s] Level 5:colcon.colcon_core.verb:set package 'line_following_bot' build argument 'cmake_args' from command line to 'None'
[0.557s] Level 5:colcon.colcon_core.verb:set package 'line_following_bot' build argument 'cmake_target' from command line to 'None'
[0.557s] Level 5:colcon.colcon_core.verb:set package 'line_following_bot' build argument 'cmake_target_skip_unavailable' from command line to 'False'
[0.558s] Level 5:colcon.colcon_core.verb:set package 'line_following_bot' build argument 'cmake_clean_cache' from command line to 'False'
[0.558s] Level 5:colcon.colcon_core.verb:set package 'line_following_bot' build argument 'cmake_clean_first' from command line to 'False'
[0.558s] Level 5:colcon.colcon_core.verb:set package 'line_following_bot' build argument 'cmake_force_configure' from command line to 'False'
[0.558s] Level 5:colcon.colcon_core.verb:set package 'line_following_bot' build argument 'ament_cmake_args' from command line to 'None'
[0.558s] Level 5:colcon.colcon_core.verb:set package 'line_following_bot' build argument 'catkin_cmake_args' from command line to 'None'
[0.558s] Level 5:colcon.colcon_core.verb:set package 'line_following_bot' build argument 'catkin_skip_building_tests' from command line to 'False'
[0.558s] DEBUG:colcon.colcon_core.verb:Building package 'line_following_bot' with the following arguments: {'ament_cmake_args': None, 'build_base': '/home/choi/angchicken_ros2_ws/build/line_following_bot', 'catkin_cmake_args': None, 'catkin_skip_building_tests': False, 'cmake_args': None, 'cmake_clean_cache': False, 'cmake_clean_first': False, 'cmake_force_configure': False, 'cmake_target': None, 'cmake_target_skip_unavailable': False, 'install_base': '/home/choi/angchicken_ros2_ws/install/line_following_bot', 'merge_install': False, 'path': '/home/choi/angchicken_ros2_ws/src/line_following_bot', 'symlink_install': False, 'test_result_base': None}
[0.559s] Level 5:colcon.colcon_core.verb:set package 'move_py' build argument 'cmake_args' from command line to 'None'
[0.559s] Level 5:colcon.colcon_core.verb:set package 'move_py' build argument 'cmake_target' from command line to 'None'
[0.559s] Level 5:colcon.colcon_core.verb:set package 'move_py' build argument 'cmake_target_skip_unavailable' from command line to 'False'
[0.559s] Level 5:colcon.colcon_core.verb:set package 'move_py' build argument 'cmake_clean_cache' from command line to 'False'
[0.559s] Level 5:colcon.colcon_core.verb:set package 'move_py' build argument 'cmake_clean_first' from command line to 'False'
[0.559s] Level 5:colcon.colcon_core.verb:set package 'move_py' build argument 'cmake_force_configure' from command line to 'False'
[0.559s] Level 5:colcon.colcon_core.verb:set package 'move_py' build argument 'ament_cmake_args' from command line to 'None'
[0.559s] Level 5:colcon.colcon_core.verb:set package 'move_py' build argument 'catkin_cmake_args' from command line to 'None'
[0.559s] Level 5:colcon.colcon_core.verb:set package 'move_py' build argument 'catkin_skip_building_tests' from command line to 'False'
[0.559s] DEBUG:colcon.colcon_core.verb:Building package 'move_py' with the following arguments: {'ament_cmake_args': None, 'build_base': '/home/choi/angchicken_ros2_ws/build/move_py', 'catkin_cmake_args': None, 'catkin_skip_building_tests': False, 'cmake_args': None, 'cmake_clean_cache': False, 'cmake_clean_first': False, 'cmake_force_configure': False, 'cmake_target': None, 'cmake_target_skip_unavailable': False, 'install_base': '/home/choi/angchicken_ros2_ws/install/move_py', 'merge_install': False, 'path': '/home/choi/angchicken_ros2_ws/src/move_py', 'symlink_install': False, 'test_result_base': None}
[0.561s] Level 5:colcon.colcon_core.verb:set package 'my_bot' build argument 'cmake_args' from command line to 'None'
[0.561s] Level 5:colcon.colcon_core.verb:set package 'my_bot' build argument 'cmake_target' from command line to 'None'
[0.561s] Level 5:colcon.colcon_core.verb:set package 'my_bot' build argument 'cmake_target_skip_unavailable' from command line to 'False'
[0.561s] Level 5:colcon.colcon_core.verb:set package 'my_bot' build argument 'cmake_clean_cache' from command line to 'False'
[0.561s] Level 5:colcon.colcon_core.verb:set package 'my_bot' build argument 'cmake_clean_first' from command line to 'False'
[0.561s] Level 5:colcon.colcon_core.verb:set package 'my_bot' build argument 'cmake_force_configure' from command line to 'False'
[0.561s] Level 5:colcon.colcon_core.verb:set package 'my_bot' build argument 'ament_cmake_args' from command line to 'None'
[0.561s] Level 5:colcon.colcon_core.verb:set package 'my_bot' build argument 'catkin_cmake_args' from command line to 'None'
[0.561s] Level 5:colcon.colcon_core.verb:set package 'my_bot' build argument 'catkin_skip_building_tests' from command line to 'False'
[0.561s] DEBUG:colcon.colcon_core.verb:Building package 'my_bot' with the following arguments: {'ament_cmake_args': None, 'build_base': '/home/choi/angchicken_ros2_ws/build/my_bot', 'catkin_cmake_args': None, 'catkin_skip_building_tests': False, 'cmake_args': None, 'cmake_clean_cache': False, 'cmake_clean_first': False, 'cmake_force_configure': False, 'cmake_target': None, 'cmake_target_skip_unavailable': False, 'install_base': '/home/choi/angchicken_ros2_ws/install/my_bot', 'merge_install': False, 'path': '/home/choi/angchicken_ros2_ws/src/my_bot', 'symlink_install': False, 'test_result_base': None}
[0.562s] Level 5:colcon.colcon_core.verb:set package 'text_detection' build argument 'cmake_args' from command line to 'None'
[0.562s] Level 5:colcon.colcon_core.verb:set package 'text_detection' build argument 'cmake_target' from command line to 'None'
[0.563s] Level 5:colcon.colcon_core.verb:set package 'text_detection' build argument 'cmake_target_skip_unavailable' from command line to 'False'
[0.563s] Level 5:colcon.colcon_core.verb:set package 'text_detection' build argument 'cmake_clean_cache' from command line to 'False'
[0.563s] Level 5:colcon.colcon_core.verb:set package 'text_detection' build argument 'cmake_clean_first' from command line to 'False'
[0.563s] Level 5:colcon.colcon_core.verb:set package 'text_detection' build argument 'cmake_force_configure' from command line to 'False'
[0.563s] Level 5:colcon.colcon_core.verb:set package 'text_detection' build argument 'ament_cmake_args' from command line to 'None'
[0.563s] Level 5:colcon.colcon_core.verb:set package 'text_detection' build argument 'catkin_cmake_args' from command line to 'None'
[0.563s] Level 5:colcon.colcon_core.verb:set package 'text_detection' build argument 'catkin_skip_building_tests' from command line to 'False'
[0.563s] DEBUG:colcon.colcon_core.verb:Building package 'text_detection' with the following arguments: {'ament_cmake_args': None, 'build_base': '/home/choi/angchicken_ros2_ws/build/text_detection', 'catkin_cmake_args': None, 'catkin_skip_building_tests': False, 'cmake_args': None, 'cmake_clean_cache': False, 'cmake_clean_first': False, 'cmake_force_configure': False, 'cmake_target': None, 'cmake_target_skip_unavailable': False, 'install_base': '/home/choi/angchicken_ros2_ws/install/text_detection', 'merge_install': False, 'path': '/home/choi/angchicken_ros2_ws/src/text_detection', 'symlink_install': False, 'test_result_base': None}
[0.564s] Level 5:colcon.colcon_core.verb:set package 'track_test' build argument 'cmake_args' from command line to 'None'
[0.564s] Level 5:colcon.colcon_core.verb:set package 'track_test' build argument 'cmake_target' from command line to 'None'
[0.564s] Level 5:colcon.colcon_core.verb:set package 'track_test' build argument 'cmake_target_skip_unavailable' from command line to 'False'
[0.564s] Level 5:colcon.colcon_core.verb:set package 'track_test' build argument 'cmake_clean_cache' from command line to 'False'
[0.564s] Level 5:colcon.colcon_core.verb:set package 'track_test' build argument 'cmake_clean_first' from command line to 'False'
[0.564s] Level 5:colcon.colcon_core.verb:set package 'track_test' build argument 'cmake_force_configure' from command line to 'False'
[0.564s] Level 5:colcon.colcon_core.verb:set package 'track_test' build argument 'ament_cmake_args' from command line to 'None'
[0.564s] Level 5:colcon.colcon_core.verb:set package 'track_test' build argument 'catkin_cmake_args' from command line to 'None'
[0.564s] Level 5:colcon.colcon_core.verb:set package 'track_test' build argument 'catkin_skip_building_tests' from command line to 'False'
[0.564s] DEBUG:colcon.colcon_core.verb:Building package 'track_test' with the following arguments: {'ament_cmake_args': None, 'build_base': '/home/choi/angchicken_ros2_ws/build/track_test', 'catkin_cmake_args': None, 'catkin_skip_building_tests': False, 'cmake_args': None, 'cmake_clean_cache': False, 'cmake_clean_first': False, 'cmake_force_configure': False, 'cmake_target': None, 'cmake_target_skip_unavailable': False, 'install_base': '/home/choi/angchicken_ros2_ws/install/track_test', 'merge_install': False, 'path': '/home/choi/angchicken_ros2_ws/src/track_test', 'symlink_install': False, 'test_result_base': None}
[0.566s] INFO:colcon.colcon_core.executor:Executing jobs using 'parallel' executor
[0.572s] DEBUG:colcon.colcon_parallel_executor.executor.parallel:run_until_complete
[0.572s] INFO:colcon.colcon_ros.task.ament_python.build:Building ROS package in '/home/choi/angchicken_ros2_ws/src/color_detection' with build type 'ament_python'
[0.572s] Level 1:colcon.colcon_core.shell:create_environment_hook('color_detection', 'ament_prefix_path')
[0.578s] INFO:colcon.colcon_core.plugin_system:Skipping extension 'colcon_core.shell.bat': Not used on non-Windows systems
[0.579s] INFO:colcon.colcon_core.shell:Creating environment hook '/home/choi/angchicken_ros2_ws/install/color_detection/share/color_detection/hook/ament_prefix_path.ps1'
[0.579s] INFO:colcon.colcon_core.shell:Creating environment descriptor '/home/choi/angchicken_ros2_ws/install/color_detection/share/color_detection/hook/ament_prefix_path.dsv'
[0.580s] INFO:colcon.colcon_core.shell:Creating environment hook '/home/choi/angchicken_ros2_ws/install/color_detection/share/color_detection/hook/ament_prefix_path.sh'
[0.583s] INFO:colcon.colcon_core.shell:Skip shell extension 'powershell' for command environment: Not usable outside of PowerShell
[0.583s] DEBUG:colcon.colcon_core.shell:Skip shell extension 'dsv' for command environment
[0.595s] INFO:colcon.colcon_ros.task.ament_python.build:Building ROS package in '/home/choi/angchicken_ros2_ws/src/lane_detection_py' with build type 'ament_python'
[0.596s] Level 1:colcon.colcon_core.shell:create_environment_hook('lane_detection_py', 'ament_prefix_path')
[0.599s] INFO:colcon.colcon_core.shell:Creating environment hook '/home/choi/angchicken_ros2_ws/install/lane_detection_py/share/lane_detection_py/hook/ament_prefix_path.ps1'
[0.600s] INFO:colcon.colcon_core.shell:Creating environment descriptor '/home/choi/angchicken_ros2_ws/install/lane_detection_py/share/lane_detection_py/hook/ament_prefix_path.dsv'
[0.601s] INFO:colcon.colcon_core.shell:Creating environment hook '/home/choi/angchicken_ros2_ws/install/lane_detection_py/share/lane_detection_py/hook/ament_prefix_path.sh'
[0.604s] INFO:colcon.colcon_core.shell:Skip shell extension 'powershell' for command environment: Not usable outside of PowerShell
[0.604s] DEBUG:colcon.colcon_core.shell:Skip shell extension 'dsv' for command environment
[0.615s] INFO:colcon.colcon_ros.task.ament_cmake.build:Building ROS package in '/home/choi/angchicken_ros2_ws/src/lidar_pkg' with build type 'ament_cmake'
[0.616s] INFO:colcon.colcon_cmake.task.cmake.build:Building CMake package in '/home/choi/angchicken_ros2_ws/src/lidar_pkg'
[0.619s] INFO:colcon.colcon_core.shell:Skip shell extension 'powershell' for command environment: Not usable outside of PowerShell
[0.619s] DEBUG:colcon.colcon_core.shell:Skip shell extension 'dsv' for command environment
[0.632s] INFO:colcon.colcon_ros.task.ament_python.build:Building ROS package in '/home/choi/angchicken_ros2_ws/src/line_following_bot' with build type 'ament_python'
[0.633s] Level 1:colcon.colcon_core.shell:create_environment_hook('line_following_bot', 'ament_prefix_path')
[0.636s] INFO:colcon.colcon_core.shell:Creating environment hook '/home/choi/angchicken_ros2_ws/install/line_following_bot/share/line_following_bot/hook/ament_prefix_path.ps1'
[0.637s] INFO:colcon.colcon_core.shell:Creating environment descriptor '/home/choi/angchicken_ros2_ws/install/line_following_bot/share/line_following_bot/hook/ament_prefix_path.dsv'
[0.638s] INFO:colcon.colcon_core.shell:Creating environment hook '/home/choi/angchicken_ros2_ws/install/line_following_bot/share/line_following_bot/hook/ament_prefix_path.sh'
[0.641s] INFO:colcon.colcon_core.shell:Skip shell extension 'powershell' for command environment: Not usable outside of PowerShell
[0.641s] DEBUG:colcon.colcon_core.shell:Skip shell extension 'dsv' for command environment
[0.933s] INFO:colcon.colcon_core.task.python.build:Building Python package in '/home/choi/angchicken_ros2_ws/src/color_detection'
[0.936s] INFO:colcon.colcon_core.shell:Skip shell extension 'powershell' for command environment: Not usable outside of PowerShell
[0.936s] DEBUG:colcon.colcon_core.shell:Skip shell extension 'dsv' for command environment
[1.233s] INFO:colcon.colcon_core.task.python.build:Building Python package in '/home/choi/angchicken_ros2_ws/src/lane_detection_py'
[1.236s] INFO:colcon.colcon_core.shell:Skip shell extension 'powershell' for command environment: Not usable outside of PowerShell
[1.236s] DEBUG:colcon.colcon_core.shell:Skip shell extension 'dsv' for command environment
[1.252s] DEBUG:colcon.colcon_core.event_handler.log_command:Invoking command in '/home/choi/angchicken_ros2_ws/build/lidar_pkg': CMAKE_PREFIX_PATH=${CMAKE_PREFIX_PATH}:/home/choi/angchicken_ros2_ws/install/text_detection:/home/choi/angchicken_ros2_ws/install/move_py:/home/choi/angchicken_ros2_ws/install/line_following_bot:/home/choi/angchicken_ros2_ws/install/lane_detection_py:/home/choi/angchicken_ros2_ws/install/lane_detection_pkg:/home/choi/angchicken_ros2_ws/install/color_detection:/home/choi/my_bot_ws/install/two_wheel_demo:/home/choi/my_bot_ws/install/ros2_control_test_nodes:/home/choi/my_bot_ws/install/py_pubsub:/home/choi/my_bot_ws/install/odrive_driver:/home/choi/my_bot_ws/install/joy_tester:/home/choi/my_bot_ws/install/diffbot_control_node:/home/choi/my_bot_ws/install/cv_basics:/opt/ros/foxy /usr/bin/cmake --build /home/choi/angchicken_ros2_ws/build/lidar_pkg -- -j4 -l4
[1.543s] INFO:colcon.colcon_core.task.python.build:Building Python package in '/home/choi/angchicken_ros2_ws/src/line_following_bot'
[1.546s] INFO:colcon.colcon_core.shell:Skip shell extension 'powershell' for command environment: Not usable outside of PowerShell
[1.546s] DEBUG:colcon.colcon_core.shell:Skip shell extension 'dsv' for command environment
[1.560s] DEBUG:colcon.colcon_core.event_handler.log_command:Invoked command in '/home/choi/angchicken_ros2_ws/build/lidar_pkg' returned '0': CMAKE_PREFIX_PATH=${CMAKE_PREFIX_PATH}:/home/choi/angchicken_ros2_ws/install/text_detection:/home/choi/angchicken_ros2_ws/install/move_py:/home/choi/angchicken_ros2_ws/install/line_following_bot:/home/choi/angchicken_ros2_ws/install/lane_detection_py:/home/choi/angchicken_ros2_ws/install/lane_detection_pkg:/home/choi/angchicken_ros2_ws/install/color_detection:/home/choi/my_bot_ws/install/two_wheel_demo:/home/choi/my_bot_ws/install/ros2_control_test_nodes:/home/choi/my_bot_ws/install/py_pubsub:/home/choi/my_bot_ws/install/odrive_driver:/home/choi/my_bot_ws/install/joy_tester:/home/choi/my_bot_ws/install/diffbot_control_node:/home/choi/my_bot_ws/install/cv_basics:/opt/ros/foxy /usr/bin/cmake --build /home/choi/angchicken_ros2_ws/build/lidar_pkg -- -j4 -l4
[1.608s] DEBUG:colcon.colcon_core.event_handler.log_command:Invoking command in '/home/choi/angchicken_ros2_ws/build/lidar_pkg': CMAKE_PREFIX_PATH=${CMAKE_PREFIX_PATH}:/home/choi/angchicken_ros2_ws/install/text_detection:/home/choi/angchicken_ros2_ws/install/move_py:/home/choi/angchicken_ros2_ws/install/line_following_bot:/home/choi/angchicken_ros2_ws/install/lane_detection_py:/home/choi/angchicken_ros2_ws/install/lane_detection_pkg:/home/choi/angchicken_ros2_ws/install/color_detection:/home/choi/my_bot_ws/install/two_wheel_demo:/home/choi/my_bot_ws/install/ros2_control_test_nodes:/home/choi/my_bot_ws/install/py_pubsub:/home/choi/my_bot_ws/install/odrive_driver:/home/choi/my_bot_ws/install/joy_tester:/home/choi/my_bot_ws/install/diffbot_control_node:/home/choi/my_bot_ws/install/cv_basics:/opt/ros/foxy /usr/bin/cmake --install /home/choi/angchicken_ros2_ws/build/lidar_pkg
[1.642s] Level 1:colcon.colcon_core.environment:create_environment_scripts_only(lidar_pkg)
[1.649s] DEBUG:colcon.colcon_core.event_handler.log_command:Invoked command in '/home/choi/angchicken_ros2_ws/build/lidar_pkg' returned '0': CMAKE_PREFIX_PATH=${CMAKE_PREFIX_PATH}:/home/choi/angchicken_ros2_ws/install/text_detection:/home/choi/angchicken_ros2_ws/install/move_py:/home/choi/angchicken_ros2_ws/install/line_following_bot:/home/choi/angchicken_ros2_ws/install/lane_detection_py:/home/choi/angchicken_ros2_ws/install/lane_detection_pkg:/home/choi/angchicken_ros2_ws/install/color_detection:/home/choi/my_bot_ws/install/two_wheel_demo:/home/choi/my_bot_ws/install/ros2_control_test_nodes:/home/choi/my_bot_ws/install/py_pubsub:/home/choi/my_bot_ws/install/odrive_driver:/home/choi/my_bot_ws/install/joy_tester:/home/choi/my_bot_ws/install/diffbot_control_node:/home/choi/my_bot_ws/install/cv_basics:/opt/ros/foxy /usr/bin/cmake --install /home/choi/angchicken_ros2_ws/build/lidar_pkg
[1.651s] Level 1:colcon.colcon_core.environment:checking '/home/choi/angchicken_ros2_ws/install/lidar_pkg' for CMake module files
[1.652s] Level 1:colcon.colcon_core.environment:checking '/home/choi/angchicken_ros2_ws/install/lidar_pkg' for CMake config files
[1.652s] Level 1:colcon.colcon_core.shell:create_environment_hook('lidar_pkg', 'cmake_prefix_path')
[1.655s] INFO:colcon.colcon_core.shell:Creating environment hook '/home/choi/angchicken_ros2_ws/install/lidar_pkg/share/lidar_pkg/hook/cmake_prefix_path.ps1'
[1.655s] INFO:colcon.colcon_core.shell:Creating environment descriptor '/home/choi/angchicken_ros2_ws/install/lidar_pkg/share/lidar_pkg/hook/cmake_prefix_path.dsv'
[1.655s] INFO:colcon.colcon_core.shell:Creating environment hook '/home/choi/angchicken_ros2_ws/install/lidar_pkg/share/lidar_pkg/hook/cmake_prefix_path.sh'
[1.657s] Level 1:colcon.colcon_core.environment:checking '/home/choi/angchicken_ros2_ws/install/lidar_pkg/lib'
[1.657s] Level 1:colcon.colcon_core.environment:checking '/home/choi/angchicken_ros2_ws/install/lidar_pkg/bin'
[1.657s] Level 1:colcon.colcon_core.environment:checking '/home/choi/angchicken_ros2_ws/install/lidar_pkg/lib/pkgconfig/lidar_pkg.pc'
[1.657s] Level 1:colcon.colcon_core.environment:checking '/home/choi/angchicken_ros2_ws/install/lidar_pkg/lib/python3.8/site-packages'
[1.657s] Level 1:colcon.colcon_core.environment:checking '/home/choi/angchicken_ros2_ws/install/lidar_pkg/bin'
[1.660s] INFO:colcon.colcon_core.shell:Creating package script '/home/choi/angchicken_ros2_ws/install/lidar_pkg/share/lidar_pkg/package.ps1'
[1.661s] INFO:colcon.colcon_core.shell:Creating package descriptor '/home/choi/angchicken_ros2_ws/install/lidar_pkg/share/lidar_pkg/package.dsv'
[1.661s] INFO:colcon.colcon_core.shell:Creating package script '/home/choi/angchicken_ros2_ws/install/lidar_pkg/share/lidar_pkg/package.sh'
[1.662s] INFO:colcon.colcon_core.shell:Creating package script '/home/choi/angchicken_ros2_ws/install/lidar_pkg/share/lidar_pkg/package.bash'
[1.663s] INFO:colcon.colcon_core.shell:Creating package script '/home/choi/angchicken_ros2_ws/install/lidar_pkg/share/lidar_pkg/package.zsh'
[1.663s] Level 1:colcon.colcon_core.environment:create_file_with_runtime_dependencies(/home/choi/angchicken_ros2_ws/install/lidar_pkg/share/colcon-core/packages/lidar_pkg)
[1.702s] Level 1:colcon.colcon_core.environment:create_environment_scripts_only(lidar_pkg)
[1.707s] Level 1:colcon.colcon_core.environment:checking '/home/choi/angchicken_ros2_ws/install/lidar_pkg' for CMake module files
[1.708s] Level 1:colcon.colcon_core.environment:checking '/home/choi/angchicken_ros2_ws/install/lidar_pkg' for CMake config files
[1.708s] Level 1:colcon.colcon_core.shell:create_environment_hook('lidar_pkg', 'cmake_prefix_path')
[1.711s] INFO:colcon.colcon_core.shell:Creating environment hook '/home/choi/angchicken_ros2_ws/install/lidar_pkg/share/lidar_pkg/hook/cmake_prefix_path.ps1'
[1.711s] INFO:colcon.colcon_core.shell:Creating environment descriptor '/home/choi/angchicken_ros2_ws/install/lidar_pkg/share/lidar_pkg/hook/cmake_prefix_path.dsv'
[1.712s] INFO:colcon.colcon_core.shell:Creating environment hook '/home/choi/angchicken_ros2_ws/install/lidar_pkg/share/lidar_pkg/hook/cmake_prefix_path.sh'
[1.712s] Level 1:colcon.colcon_core.environment:checking '/home/choi/angchicken_ros2_ws/install/lidar_pkg/lib'
[1.712s] Level 1:colcon.colcon_core.environment:checking '/home/choi/angchicken_ros2_ws/install/lidar_pkg/bin'
[1.712s] Level 1:colcon.colcon_core.environment:checking '/home/choi/angchicken_ros2_ws/install/lidar_pkg/lib/pkgconfig/lidar_pkg.pc'
[1.712s] Level 1:colcon.colcon_core.environment:checking '/home/choi/angchicken_ros2_ws/install/lidar_pkg/lib/python3.8/site-packages'
[1.713s] Level 1:colcon.colcon_core.environment:checking '/home/choi/angchicken_ros2_ws/install/lidar_pkg/bin'
[1.715s] INFO:colcon.colcon_core.shell:Creating package script '/home/choi/angchicken_ros2_ws/install/lidar_pkg/share/lidar_pkg/package.ps1'
[1.716s] INFO:colcon.colcon_core.shell:Creating package descriptor '/home/choi/angchicken_ros2_ws/install/lidar_pkg/share/lidar_pkg/package.dsv'
[1.716s] INFO:colcon.colcon_core.shell:Creating package script '/home/choi/angchicken_ros2_ws/install/lidar_pkg/share/lidar_pkg/package.sh'
[1.717s] INFO:colcon.colcon_core.shell:Creating package script '/home/choi/angchicken_ros2_ws/install/lidar_pkg/share/lidar_pkg/package.bash'
[1.717s] INFO:colcon.colcon_core.shell:Creating package script '/home/choi/angchicken_ros2_ws/install/lidar_pkg/share/lidar_pkg/package.zsh'
[1.717s] Level 1:colcon.colcon_core.environment:create_file_with_runtime_dependencies(/home/choi/angchicken_ros2_ws/install/lidar_pkg/share/colcon-core/packages/lidar_pkg)
[1.718s] INFO:colcon.colcon_ros.task.ament_python.build:Building ROS package in '/home/choi/angchicken_ros2_ws/src/move_py' with build type 'ament_python'
[1.719s] Level 1:colcon.colcon_core.shell:create_environment_hook('move_py', 'ament_prefix_path')
[1.721s] INFO:colcon.colcon_core.shell:Creating environment hook '/home/choi/angchicken_ros2_ws/install/move_py/share/move_py/hook/ament_prefix_path.ps1'
[1.722s] INFO:colcon.colcon_core.shell:Creating environment descriptor '/home/choi/angchicken_ros2_ws/install/move_py/share/move_py/hook/ament_prefix_path.dsv'
[1.722s] INFO:colcon.colcon_core.shell:Creating environment hook '/home/choi/angchicken_ros2_ws/install/move_py/share/move_py/hook/ament_prefix_path.sh'
[1.726s] INFO:colcon.colcon_core.shell:Skip shell extension 'powershell' for command environment: Not usable outside of PowerShell
[1.726s] DEBUG:colcon.colcon_core.shell:Skip shell extension 'dsv' for command environment
[2.064s] INFO:colcon.colcon_core.task.python.build:Building Python package in '/home/choi/angchicken_ros2_ws/src/move_py'
[2.068s] INFO:colcon.colcon_core.shell:Skip shell extension 'powershell' for command environment: Not usable outside of PowerShell
[2.068s] DEBUG:colcon.colcon_core.shell:Skip shell extension 'dsv' for command environment
[2.086s] DEBUG:colcon.colcon_core.event_handler.log_command:Invoking command in '/home/choi/angchicken_ros2_ws/build/lane_detection_py': PYTHONPATH=/home/choi/angchicken_ros2_ws/build/lane_detection_py/prefix_override:/home/choi/angchicken_ros2_ws/install/lane_detection_py/lib/python3.8/site-packages:${PYTHONPATH} /usr/bin/python3 setup.py develop --uninstall --editable --build-directory /home/choi/angchicken_ros2_ws/build/lane_detection_py/build
[2.090s] DEBUG:colcon.colcon_core.event_handler.log_command:Invoking command in '/home/choi/angchicken_ros2_ws/src/line_following_bot': PYTHONPATH=/home/choi/angchicken_ros2_ws/build/line_following_bot/prefix_override:/home/choi/angchicken_ros2_ws/install/line_following_bot/lib/python3.8/site-packages:${PYTHONPATH} /usr/bin/python3 setup.py egg_info --egg-base ../../build/line_following_bot build --build-base /home/choi/angchicken_ros2_ws/build/line_following_bot/build install --record /home/choi/angchicken_ros2_ws/build/line_following_bot/install.log --install-scripts $base/lib/line_following_bot --single-version-externally-managed
[2.095s] DEBUG:colcon.colcon_core.event_handler.log_command:Invoking command in '/home/choi/angchicken_ros2_ws/build/color_detection': PYTHONPATH=/home/choi/angchicken_ros2_ws/build/color_detection/prefix_override:/home/choi/angchicken_ros2_ws/install/color_detection/lib/python3.8/site-packages:${PYTHONPATH} /usr/bin/python3 setup.py develop --uninstall --editable --build-directory /home/choi/angchicken_ros2_ws/build/color_detection/build
[2.453s] Level 1:colcon.colcon_core.environment:checking '/home/choi/angchicken_ros2_ws/install/line_following_bot' for CMake module files
[2.454s] DEBUG:colcon.colcon_core.event_handler.log_command:Invoked command in '/home/choi/angchicken_ros2_ws/src/line_following_bot' returned '0': PYTHONPATH=/home/choi/angchicken_ros2_ws/build/line_following_bot/prefix_override:/home/choi/angchicken_ros2_ws/install/line_following_bot/lib/python3.8/site-packages:${PYTHONPATH} /usr/bin/python3 setup.py egg_info --egg-base ../../build/line_following_bot build --build-base /home/choi/angchicken_ros2_ws/build/line_following_bot/build install --record /home/choi/angchicken_ros2_ws/build/line_following_bot/install.log --install-scripts $base/lib/line_following_bot --single-version-externally-managed
[2.454s] Level 1:colcon.colcon_core.environment:checking '/home/choi/angchicken_ros2_ws/install/line_following_bot' for CMake config files
[2.455s] Level 1:colcon.colcon_core.environment:checking '/home/choi/angchicken_ros2_ws/install/line_following_bot/lib'
[2.455s] Level 1:colcon.colcon_core.environment:checking '/home/choi/angchicken_ros2_ws/install/line_following_bot/bin'
[2.455s] Level 1:colcon.colcon_core.environment:checking '/home/choi/angchicken_ros2_ws/install/line_following_bot/lib/pkgconfig/line_following_bot.pc'
[2.456s] Level 1:colcon.colcon_core.environment:checking '/home/choi/angchicken_ros2_ws/install/line_following_bot/lib/python3.8/site-packages'
[2.456s] Level 1:colcon.colcon_core.shell:create_environment_hook('line_following_bot', 'pythonpath')
[2.459s] INFO:colcon.colcon_core.shell:Creating environment hook '/home/choi/angchicken_ros2_ws/install/line_following_bot/share/line_following_bot/hook/pythonpath.ps1'
[2.459s] INFO:colcon.colcon_core.shell:Creating environment descriptor '/home/choi/angchicken_ros2_ws/install/line_following_bot/share/line_following_bot/hook/pythonpath.dsv'
[2.460s] INFO:colcon.colcon_core.shell:Creating environment hook '/home/choi/angchicken_ros2_ws/install/line_following_bot/share/line_following_bot/hook/pythonpath.sh'
[2.460s] Level 1:colcon.colcon_core.environment:checking '/home/choi/angchicken_ros2_ws/install/line_following_bot/bin'
[2.460s] Level 1:colcon.colcon_core.environment:create_environment_scripts_only(line_following_bot)
[2.463s] INFO:colcon.colcon_core.shell:Creating package script '/home/choi/angchicken_ros2_ws/install/line_following_bot/share/line_following_bot/package.ps1'
[2.464s] INFO:colcon.colcon_core.shell:Creating package descriptor '/home/choi/angchicken_ros2_ws/install/line_following_bot/share/line_following_bot/package.dsv'
[2.464s] INFO:colcon.colcon_core.shell:Creating package script '/home/choi/angchicken_ros2_ws/install/line_following_bot/share/line_following_bot/package.sh'
[2.465s] INFO:colcon.colcon_core.shell:Creating package script '/home/choi/angchicken_ros2_ws/install/line_following_bot/share/line_following_bot/package.bash'
[2.465s] INFO:colcon.colcon_core.shell:Creating package script '/home/choi/angchicken_ros2_ws/install/line_following_bot/share/line_following_bot/package.zsh'
[2.466s] Level 1:colcon.colcon_core.environment:create_file_with_runtime_dependencies(/home/choi/angchicken_ros2_ws/install/line_following_bot/share/colcon-core/packages/line_following_bot)
[2.467s] INFO:colcon.colcon_ros.task.ament_cmake.build:Building ROS package in '/home/choi/angchicken_ros2_ws/src/my_bot' with build type 'ament_cmake'
[2.468s] INFO:colcon.colcon_cmake.task.cmake.build:Building CMake package in '/home/choi/angchicken_ros2_ws/src/my_bot'
[2.470s] INFO:colcon.colcon_core.shell:Skip shell extension 'powershell' for command environment: Not usable outside of PowerShell
[2.471s] DEBUG:colcon.colcon_core.shell:Skip shell extension 'dsv' for command environment
[2.497s] DEBUG:colcon.colcon_core.event_handler.log_command:Invoking command in '/home/choi/angchicken_ros2_ws/build/my_bot': CMAKE_PREFIX_PATH=${CMAKE_PREFIX_PATH}:/home/choi/angchicken_ros2_ws/install/text_detection:/home/choi/angchicken_ros2_ws/install/move_py:/home/choi/angchicken_ros2_ws/install/line_following_bot:/home/choi/angchicken_ros2_ws/install/lane_detection_py:/home/choi/angchicken_ros2_ws/install/lane_detection_pkg:/home/choi/angchicken_ros2_ws/install/color_detection:/home/choi/my_bot_ws/install/two_wheel_demo:/home/choi/my_bot_ws/install/ros2_control_test_nodes:/home/choi/my_bot_ws/install/py_pubsub:/home/choi/my_bot_ws/install/odrive_driver:/home/choi/my_bot_ws/install/joy_tester:/home/choi/my_bot_ws/install/diffbot_control_node:/home/choi/my_bot_ws/install/cv_basics:/opt/ros/foxy /usr/bin/cmake --build /home/choi/angchicken_ros2_ws/build/my_bot -- -j4 -l4
[2.552s] DEBUG:colcon.colcon_core.event_handler.log_command:Invoked command in '/home/choi/angchicken_ros2_ws/build/my_bot' returned '0': CMAKE_PREFIX_PATH=${CMAKE_PREFIX_PATH}:/home/choi/angchicken_ros2_ws/install/text_detection:/home/choi/angchicken_ros2_ws/install/move_py:/home/choi/angchicken_ros2_ws/install/line_following_bot:/home/choi/angchicken_ros2_ws/install/lane_detection_py:/home/choi/angchicken_ros2_ws/install/lane_detection_pkg:/home/choi/angchicken_ros2_ws/install/color_detection:/home/choi/my_bot_ws/install/two_wheel_demo:/home/choi/my_bot_ws/install/ros2_control_test_nodes:/home/choi/my_bot_ws/install/py_pubsub:/home/choi/my_bot_ws/install/odrive_driver:/home/choi/my_bot_ws/install/joy_tester:/home/choi/my_bot_ws/install/diffbot_control_node:/home/choi/my_bot_ws/install/cv_basics:/opt/ros/foxy /usr/bin/cmake --build /home/choi/angchicken_ros2_ws/build/my_bot -- -j4 -l4
[2.584s] DEBUG:colcon.colcon_core.event_handler.log_command:Invoking command in '/home/choi/angchicken_ros2_ws/build/my_bot': CMAKE_PREFIX_PATH=${CMAKE_PREFIX_PATH}:/home/choi/angchicken_ros2_ws/install/text_detection:/home/choi/angchicken_ros2_ws/install/move_py:/home/choi/angchicken_ros2_ws/install/line_following_bot:/home/choi/angchicken_ros2_ws/install/lane_detection_py:/home/choi/angchicken_ros2_ws/install/lane_detection_pkg:/home/choi/angchicken_ros2_ws/install/color_detection:/home/choi/my_bot_ws/install/two_wheel_demo:/home/choi/my_bot_ws/install/ros2_control_test_nodes:/home/choi/my_bot_ws/install/py_pubsub:/home/choi/my_bot_ws/install/odrive_driver:/home/choi/my_bot_ws/install/joy_tester:/home/choi/my_bot_ws/install/diffbot_control_node:/home/choi/my_bot_ws/install/cv_basics:/opt/ros/foxy /usr/bin/cmake --install /home/choi/angchicken_ros2_ws/build/my_bot
[2.619s] DEBUG:colcon.colcon_core.event_handler.log_command:Invoking command in '/home/choi/angchicken_ros2_ws/build/move_py': PYTHONPATH=/home/choi/angchicken_ros2_ws/build/move_py/prefix_override:/home/choi/angchicken_ros2_ws/install/move_py/lib/python3.8/site-packages:${PYTHONPATH} /usr/bin/python3 setup.py develop --uninstall --editable --build-directory /home/choi/angchicken_ros2_ws/build/move_py/build
[2.650s] Level 1:colcon.colcon_core.environment:create_environment_scripts_only(my_bot)
[2.655s] Level 1:colcon.colcon_core.environment:checking '/home/choi/angchicken_ros2_ws/install/my_bot' for CMake module files
[2.651s] DEBUG:colcon.colcon_core.event_handler.log_command:Invoked command in '/home/choi/angchicken_ros2_ws/build/my_bot' returned '0': CMAKE_PREFIX_PATH=${CMAKE_PREFIX_PATH}:/home/choi/angchicken_ros2_ws/install/text_detection:/home/choi/angchicken_ros2_ws/install/move_py:/home/choi/angchicken_ros2_ws/install/line_following_bot:/home/choi/angchicken_ros2_ws/install/lane_detection_py:/home/choi/angchicken_ros2_ws/install/lane_detection_pkg:/home/choi/angchicken_ros2_ws/install/color_detection:/home/choi/my_bot_ws/install/two_wheel_demo:/home/choi/my_bot_ws/install/ros2_control_test_nodes:/home/choi/my_bot_ws/install/py_pubsub:/home/choi/my_bot_ws/install/odrive_driver:/home/choi/my_bot_ws/install/joy_tester:/home/choi/my_bot_ws/install/diffbot_control_node:/home/choi/my_bot_ws/install/cv_basics:/opt/ros/foxy /usr/bin/cmake --install /home/choi/angchicken_ros2_ws/build/my_bot
[2.656s] Level 1:colcon.colcon_core.environment:checking '/home/choi/angchicken_ros2_ws/install/my_bot' for CMake config files
[2.657s] Level 1:colcon.colcon_core.shell:create_environment_hook('my_bot', 'cmake_prefix_path')
[2.660s] INFO:colcon.colcon_core.shell:Creating environment hook '/home/choi/angchicken_ros2_ws/install/my_bot/share/my_bot/hook/cmake_prefix_path.ps1'
[2.661s] INFO:colcon.colcon_core.shell:Creating environment descriptor '/home/choi/angchicken_ros2_ws/install/my_bot/share/my_bot/hook/cmake_prefix_path.dsv'
[2.662s] INFO:colcon.colcon_core.shell:Creating environment hook '/home/choi/angchicken_ros2_ws/install/my_bot/share/my_bot/hook/cmake_prefix_path.sh'
[2.662s] Level 1:colcon.colcon_core.environment:checking '/home/choi/angchicken_ros2_ws/install/my_bot/bin'
[2.663s] Level 1:colcon.colcon_core.environment:checking '/home/choi/angchicken_ros2_ws/install/my_bot/lib/pkgconfig/my_bot.pc'
[2.663s] Level 1:colcon.colcon_core.environment:checking '/home/choi/angchicken_ros2_ws/install/my_bot/lib/python3.8/site-packages'
[2.663s] Level 1:colcon.colcon_core.environment:checking '/home/choi/angchicken_ros2_ws/install/my_bot/bin'
[2.666s] INFO:colcon.colcon_core.shell:Creating package script '/home/choi/angchicken_ros2_ws/install/my_bot/share/my_bot/package.ps1'
[2.667s] INFO:colcon.colcon_core.shell:Creating package descriptor '/home/choi/angchicken_ros2_ws/install/my_bot/share/my_bot/package.dsv'
[2.668s] INFO:colcon.colcon_core.shell:Creating package script '/home/choi/angchicken_ros2_ws/install/my_bot/share/my_bot/package.sh'
[2.668s] INFO:colcon.colcon_core.shell:Creating package script '/home/choi/angchicken_ros2_ws/install/my_bot/share/my_bot/package.bash'
[2.669s] INFO:colcon.colcon_core.shell:Creating package script '/home/choi/angchicken_ros2_ws/install/my_bot/share/my_bot/package.zsh'
[2.669s] Level 1:colcon.colcon_core.environment:create_file_with_runtime_dependencies(/home/choi/angchicken_ros2_ws/install/my_bot/share/colcon-core/packages/my_bot)
[2.681s] DEBUG:colcon.colcon_core.event_handler.log_command:Invoked command in '/home/choi/angchicken_ros2_ws/build/color_detection' returned '0': PYTHONPATH=/home/choi/angchicken_ros2_ws/build/color_detection/prefix_override:/home/choi/angchicken_ros2_ws/install/color_detection/lib/python3.8/site-packages:${PYTHONPATH} /usr/bin/python3 setup.py develop --uninstall --editable --build-directory /home/choi/angchicken_ros2_ws/build/color_detection/build
[2.684s] DEBUG:colcon.colcon_core.event_handler.log_command:Invoking command in '/home/choi/angchicken_ros2_ws/src/color_detection': PYTHONPATH=/home/choi/angchicken_ros2_ws/build/color_detection/prefix_override:/home/choi/angchicken_ros2_ws/install/color_detection/lib/python3.8/site-packages:${PYTHONPATH} /usr/bin/python3 setup.py egg_info --egg-base ../../build/color_detection build --build-base /home/choi/angchicken_ros2_ws/build/color_detection/build install --record /home/choi/angchicken_ros2_ws/build/color_detection/install.log --install-scripts $base/lib/color_detection --single-version-externally-managed
[2.686s] DEBUG:colcon.colcon_core.event_handler.log_command:Invoked command in '/home/choi/angchicken_ros2_ws/build/lane_detection_py' returned '0': PYTHONPATH=/home/choi/angchicken_ros2_ws/build/lane_detection_py/prefix_override:/home/choi/angchicken_ros2_ws/install/lane_detection_py/lib/python3.8/site-packages:${PYTHONPATH} /usr/bin/python3 setup.py develop --uninstall --editable --build-directory /home/choi/angchicken_ros2_ws/build/lane_detection_py/build
[2.689s] DEBUG:colcon.colcon_core.event_handler.log_command:Invoking command in '/home/choi/angchicken_ros2_ws/src/lane_detection_py': PYTHONPATH=/home/choi/angchicken_ros2_ws/build/lane_detection_py/prefix_override:/home/choi/angchicken_ros2_ws/install/lane_detection_py/lib/python3.8/site-packages:${PYTHONPATH} /usr/bin/python3 setup.py egg_info --egg-base ../../build/lane_detection_py build --build-base /home/choi/angchicken_ros2_ws/build/lane_detection_py/build install --record /home/choi/angchicken_ros2_ws/build/lane_detection_py/install.log --install-scripts $base/lib/lane_detection_py --single-version-externally-managed
[2.708s] Level 1:colcon.colcon_core.environment:create_environment_scripts_only(my_bot)
[2.717s] Level 1:colcon.colcon_core.environment:checking '/home/choi/angchicken_ros2_ws/install/my_bot' for CMake module files
[2.718s] Level 1:colcon.colcon_core.environment:checking '/home/choi/angchicken_ros2_ws/install/my_bot' for CMake config files
[2.718s] Level 1:colcon.colcon_core.shell:create_environment_hook('my_bot', 'cmake_prefix_path')
[2.721s] INFO:colcon.colcon_core.shell:Creating environment hook '/home/choi/angchicken_ros2_ws/install/my_bot/share/my_bot/hook/cmake_prefix_path.ps1'
[2.722s] INFO:colcon.colcon_core.shell:Creating environment descriptor '/home/choi/angchicken_ros2_ws/install/my_bot/share/my_bot/hook/cmake_prefix_path.dsv'
[2.722s] INFO:colcon.colcon_core.shell:Creating environment hook '/home/choi/angchicken_ros2_ws/install/my_bot/share/my_bot/hook/cmake_prefix_path.sh'
[2.722s] Level 1:colcon.colcon_core.environment:checking '/home/choi/angchicken_ros2_ws/install/my_bot/bin'
[2.722s] Level 1:colcon.colcon_core.environment:checking '/home/choi/angchicken_ros2_ws/install/my_bot/lib/pkgconfig/my_bot.pc'
[2.723s] Level 1:colcon.colcon_core.environment:checking '/home/choi/angchicken_ros2_ws/install/my_bot/lib/python3.8/site-packages'
[2.723s] Level 1:colcon.colcon_core.environment:checking '/home/choi/angchicken_ros2_ws/install/my_bot/bin'
[2.726s] INFO:colcon.colcon_core.shell:Creating package script '/home/choi/angchicken_ros2_ws/install/my_bot/share/my_bot/package.ps1'
[2.727s] INFO:colcon.colcon_core.shell:Creating package descriptor '/home/choi/angchicken_ros2_ws/install/my_bot/share/my_bot/package.dsv'
[2.727s] INFO:colcon.colcon_core.shell:Creating package script '/home/choi/angchicken_ros2_ws/install/my_bot/share/my_bot/package.sh'
[2.728s] INFO:colcon.colcon_core.shell:Creating package script '/home/choi/angchicken_ros2_ws/install/my_bot/share/my_bot/package.bash'
[2.728s] INFO:colcon.colcon_core.shell:Creating package script '/home/choi/angchicken_ros2_ws/install/my_bot/share/my_bot/package.zsh'
[2.728s] Level 1:colcon.colcon_core.environment:create_file_with_runtime_dependencies(/home/choi/angchicken_ros2_ws/install/my_bot/share/colcon-core/packages/my_bot)
[2.729s] INFO:colcon.colcon_ros.task.ament_python.build:Building ROS package in '/home/choi/angchicken_ros2_ws/src/text_detection' with build type 'ament_python'
[2.730s] Level 1:colcon.colcon_core.shell:create_environment_hook('text_detection', 'ament_prefix_path')
[2.733s] INFO:colcon.colcon_core.shell:Creating environment hook '/home/choi/angchicken_ros2_ws/install/text_detection/share/text_detection/hook/ament_prefix_path.ps1'
[2.733s] INFO:colcon.colcon_core.shell:Creating environment descriptor '/home/choi/angchicken_ros2_ws/install/text_detection/share/text_detection/hook/ament_prefix_path.dsv'
[2.734s] INFO:colcon.colcon_core.shell:Creating environment hook '/home/choi/angchicken_ros2_ws/install/text_detection/share/text_detection/hook/ament_prefix_path.sh'
[2.742s] INFO:colcon.colcon_core.shell:Skip shell extension 'powershell' for command environment: Not usable outside of PowerShell
[2.742s] DEBUG:colcon.colcon_core.shell:Skip shell extension 'dsv' for command environment
[3.099s] INFO:colcon.colcon_core.task.python.build:Building Python package in '/home/choi/angchicken_ros2_ws/src/text_detection'
[3.103s] INFO:colcon.colcon_core.shell:Skip shell extension 'powershell' for command environment: Not usable outside of PowerShell
[3.103s] DEBUG:colcon.colcon_core.shell:Skip shell extension 'dsv' for command environment
[3.123s] Level 1:colcon.colcon_core.environment:checking '/home/choi/angchicken_ros2_ws/install/lane_detection_py' for CMake module files
[3.125s] DEBUG:colcon.colcon_core.event_handler.log_command:Invoked command in '/home/choi/angchicken_ros2_ws/src/lane_detection_py' returned '0': PYTHONPATH=/home/choi/angchicken_ros2_ws/build/lane_detection_py/prefix_override:/home/choi/angchicken_ros2_ws/install/lane_detection_py/lib/python3.8/site-packages:${PYTHONPATH} /usr/bin/python3 setup.py egg_info --egg-base ../../build/lane_detection_py build --build-base /home/choi/angchicken_ros2_ws/build/lane_detection_py/build install --record /home/choi/angchicken_ros2_ws/build/lane_detection_py/install.log --install-scripts $base/lib/lane_detection_py --single-version-externally-managed
[3.125s] Level 1:colcon.colcon_core.environment:checking '/home/choi/angchicken_ros2_ws/install/lane_detection_py' for CMake config files
[3.126s] Level 1:colcon.colcon_core.environment:checking '/home/choi/angchicken_ros2_ws/install/lane_detection_py/lib'
[3.126s] Level 1:colcon.colcon_core.environment:checking '/home/choi/angchicken_ros2_ws/install/lane_detection_py/bin'
[3.126s] Level 1:colcon.colcon_core.environment:checking '/home/choi/angchicken_ros2_ws/install/lane_detection_py/lib/pkgconfig/lane_detection_py.pc'
[3.126s] Level 1:colcon.colcon_core.environment:checking '/home/choi/angchicken_ros2_ws/install/lane_detection_py/lib/python3.8/site-packages'
[3.126s] Level 1:colcon.colcon_core.shell:create_environment_hook('lane_detection_py', 'pythonpath')
[3.129s] INFO:colcon.colcon_core.shell:Creating environment hook '/home/choi/angchicken_ros2_ws/install/lane_detection_py/share/lane_detection_py/hook/pythonpath.ps1'
[3.130s] INFO:colcon.colcon_core.shell:Creating environment descriptor '/home/choi/angchicken_ros2_ws/install/lane_detection_py/share/lane_detection_py/hook/pythonpath.dsv'
[3.130s] INFO:colcon.colcon_core.shell:Creating environment hook '/home/choi/angchicken_ros2_ws/install/lane_detection_py/share/lane_detection_py/hook/pythonpath.sh'
[3.131s] Level 1:colcon.colcon_core.environment:checking '/home/choi/angchicken_ros2_ws/install/lane_detection_py/bin'
[3.131s] Level 1:colcon.colcon_core.environment:create_environment_scripts_only(lane_detection_py)
[3.133s] INFO:colcon.colcon_core.shell:Creating package script '/home/choi/angchicken_ros2_ws/install/lane_detection_py/share/lane_detection_py/package.ps1'
[3.134s] INFO:colcon.colcon_core.shell:Creating package descriptor '/home/choi/angchicken_ros2_ws/install/lane_detection_py/share/lane_detection_py/package.dsv'
[3.134s] INFO:colcon.colcon_core.shell:Creating package script '/home/choi/angchicken_ros2_ws/install/lane_detection_py/share/lane_detection_py/package.sh'
[3.134s] INFO:colcon.colcon_core.shell:Creating package script '/home/choi/angchicken_ros2_ws/install/lane_detection_py/share/lane_detection_py/package.bash'
[3.135s] INFO:colcon.colcon_core.shell:Creating package script '/home/choi/angchicken_ros2_ws/install/lane_detection_py/share/lane_detection_py/package.zsh'
[3.135s] Level 1:colcon.colcon_core.environment:create_file_with_runtime_dependencies(/home/choi/angchicken_ros2_ws/install/lane_detection_py/share/colcon-core/packages/lane_detection_py)
[3.139s] Level 1:colcon.colcon_core.environment:checking '/home/choi/angchicken_ros2_ws/install/color_detection' for CMake module files
[3.140s] Level 1:colcon.colcon_core.environment:checking '/home/choi/angchicken_ros2_ws/install/color_detection' for CMake config files
[3.141s] DEBUG:colcon.colcon_core.event_handler.log_command:Invoked command in '/home/choi/angchicken_ros2_ws/src/color_detection' returned '0': PYTHONPATH=/home/choi/angchicken_ros2_ws/build/color_detection/prefix_override:/home/choi/angchicken_ros2_ws/install/color_detection/lib/python3.8/site-packages:${PYTHONPATH} /usr/bin/python3 setup.py egg_info --egg-base ../../build/color_detection build --build-base /home/choi/angchicken_ros2_ws/build/color_detection/build install --record /home/choi/angchicken_ros2_ws/build/color_detection/install.log --install-scripts $base/lib/color_detection --single-version-externally-managed
[3.141s] Level 1:colcon.colcon_core.environment:checking '/home/choi/angchicken_ros2_ws/install/color_detection/lib'
[3.142s] Level 1:colcon.colcon_core.environment:checking '/home/choi/angchicken_ros2_ws/install/color_detection/bin'
[3.142s] Level 1:colcon.colcon_core.environment:checking '/home/choi/angchicken_ros2_ws/install/color_detection/lib/pkgconfig/color_detection.pc'
[3.142s] Level 1:colcon.colcon_core.environment:checking '/home/choi/angchicken_ros2_ws/install/color_detection/lib/python3.8/site-packages'
[3.142s] Level 1:colcon.colcon_core.shell:create_environment_hook('color_detection', 'pythonpath')
[3.145s] INFO:colcon.colcon_core.shell:Creating environment hook '/home/choi/angchicken_ros2_ws/install/color_detection/share/color_detection/hook/pythonpath.ps1'
[3.145s] INFO:colcon.colcon_core.shell:Creating environment descriptor '/home/choi/angchicken_ros2_ws/install/color_detection/share/color_detection/hook/pythonpath.dsv'
[3.145s] INFO:colcon.colcon_core.shell:Creating environment hook '/home/choi/angchicken_ros2_ws/install/color_detection/share/color_detection/hook/pythonpath.sh'
[3.146s] Level 1:colcon.colcon_core.environment:checking '/home/choi/angchicken_ros2_ws/install/color_detection/bin'
[3.146s] Level 1:colcon.colcon_core.environment:create_environment_scripts_only(color_detection)
[3.149s] INFO:colcon.colcon_core.shell:Creating package script '/home/choi/angchicken_ros2_ws/install/color_detection/share/color_detection/package.ps1'
[3.150s] INFO:colcon.colcon_core.shell:Creating package descriptor '/home/choi/angchicken_ros2_ws/install/color_detection/share/color_detection/package.dsv'
[3.151s] INFO:colcon.colcon_core.shell:Creating package script '/home/choi/angchicken_ros2_ws/install/color_detection/share/color_detection/package.sh'
[3.151s] INFO:colcon.colcon_core.shell:Creating package script '/home/choi/angchicken_ros2_ws/install/color_detection/share/color_detection/package.bash'
[3.151s] INFO:colcon.colcon_core.shell:Creating package script '/home/choi/angchicken_ros2_ws/install/color_detection/share/color_detection/package.zsh'
[3.152s] Level 1:colcon.colcon_core.environment:create_file_with_runtime_dependencies(/home/choi/angchicken_ros2_ws/install/color_detection/share/colcon-core/packages/color_detection)
[3.152s] INFO:colcon.colcon_ros.task.ament_cmake.build:Building ROS package in '/home/choi/angchicken_ros2_ws/src/track_test' with build type 'ament_cmake'
[3.153s] INFO:colcon.colcon_cmake.task.cmake.build:Building CMake package in '/home/choi/angchicken_ros2_ws/src/track_test'
[3.155s] INFO:colcon.colcon_core.shell:Skip shell extension 'powershell' for command environment: Not usable outside of PowerShell
[3.155s] DEBUG:colcon.colcon_core.shell:Skip shell extension 'dsv' for command environment
[3.175s] DEBUG:colcon.colcon_core.event_handler.log_command:Invoked command in '/home/choi/angchicken_ros2_ws/build/move_py' returned '0': PYTHONPATH=/home/choi/angchicken_ros2_ws/build/move_py/prefix_override:/home/choi/angchicken_ros2_ws/install/move_py/lib/python3.8/site-packages:${PYTHONPATH} /usr/bin/python3 setup.py develop --uninstall --editable --build-directory /home/choi/angchicken_ros2_ws/build/move_py/build
[3.178s] DEBUG:colcon.colcon_core.event_handler.log_command:Invoking command in '/home/choi/angchicken_ros2_ws/src/move_py': PYTHONPATH=/home/choi/angchicken_ros2_ws/build/move_py/prefix_override:/home/choi/angchicken_ros2_ws/install/move_py/lib/python3.8/site-packages:${PYTHONPATH} /usr/bin/python3 setup.py egg_info --egg-base ../../build/move_py build --build-base /home/choi/angchicken_ros2_ws/build/move_py/build install --record /home/choi/angchicken_ros2_ws/build/move_py/install.log --install-scripts $base/lib/move_py --single-version-externally-managed
[3.185s] DEBUG:colcon.colcon_core.event_handler.log_command:Invoking command in '/home/choi/angchicken_ros2_ws/build/track_test': CMAKE_PREFIX_PATH=${CMAKE_PREFIX_PATH}:/home/choi/angchicken_ros2_ws/install/text_detection:/home/choi/angchicken_ros2_ws/install/move_py:/home/choi/angchicken_ros2_ws/install/line_following_bot:/home/choi/angchicken_ros2_ws/install/lane_detection_py:/home/choi/angchicken_ros2_ws/install/lane_detection_pkg:/home/choi/angchicken_ros2_ws/install/color_detection:/home/choi/my_bot_ws/install/two_wheel_demo:/home/choi/my_bot_ws/install/ros2_control_test_nodes:/home/choi/my_bot_ws/install/py_pubsub:/home/choi/my_bot_ws/install/odrive_driver:/home/choi/my_bot_ws/install/joy_tester:/home/choi/my_bot_ws/install/diffbot_control_node:/home/choi/my_bot_ws/install/cv_basics:/opt/ros/foxy /usr/bin/cmake --build /home/choi/angchicken_ros2_ws/build/track_test -- -j4 -l4
[3.236s] DEBUG:colcon.colcon_core.event_handler.log_command:Invoked command in '/home/choi/angchicken_ros2_ws/build/track_test' returned '0': CMAKE_PREFIX_PATH=${CMAKE_PREFIX_PATH}:/home/choi/angchicken_ros2_ws/install/text_detection:/home/choi/angchicken_ros2_ws/install/move_py:/home/choi/angchicken_ros2_ws/install/line_following_bot:/home/choi/angchicken_ros2_ws/install/lane_detection_py:/home/choi/angchicken_ros2_ws/install/lane_detection_pkg:/home/choi/angchicken_ros2_ws/install/color_detection:/home/choi/my_bot_ws/install/two_wheel_demo:/home/choi/my_bot_ws/install/ros2_control_test_nodes:/home/choi/my_bot_ws/install/py_pubsub:/home/choi/my_bot_ws/install/odrive_driver:/home/choi/my_bot_ws/install/joy_tester:/home/choi/my_bot_ws/install/diffbot_control_node:/home/choi/my_bot_ws/install/cv_basics:/opt/ros/foxy /usr/bin/cmake --build /home/choi/angchicken_ros2_ws/build/track_test -- -j4 -l4
[3.265s] DEBUG:colcon.colcon_core.event_handler.log_command:Invoking command in '/home/choi/angchicken_ros2_ws/build/track_test': CMAKE_PREFIX_PATH=${CMAKE_PREFIX_PATH}:/home/choi/angchicken_ros2_ws/install/text_detection:/home/choi/angchicken_ros2_ws/install/move_py:/home/choi/angchicken_ros2_ws/install/line_following_bot:/home/choi/angchicken_ros2_ws/install/lane_detection_py:/home/choi/angchicken_ros2_ws/install/lane_detection_pkg:/home/choi/angchicken_ros2_ws/install/color_detection:/home/choi/my_bot_ws/install/two_wheel_demo:/home/choi/my_bot_ws/install/ros2_control_test_nodes:/home/choi/my_bot_ws/install/py_pubsub:/home/choi/my_bot_ws/install/odrive_driver:/home/choi/my_bot_ws/install/joy_tester:/home/choi/my_bot_ws/install/diffbot_control_node:/home/choi/my_bot_ws/install/cv_basics:/opt/ros/foxy /usr/bin/cmake --install /home/choi/angchicken_ros2_ws/build/track_test
[3.297s] Level 1:colcon.colcon_core.environment:create_environment_scripts_only(track_test)
[3.301s] Level 1:colcon.colcon_core.environment:checking '/home/choi/angchicken_ros2_ws/install/track_test' for CMake module files
[3.302s] DEBUG:colcon.colcon_core.event_handler.log_command:Invoked command in '/home/choi/angchicken_ros2_ws/build/track_test' returned '0': CMAKE_PREFIX_PATH=${CMAKE_PREFIX_PATH}:/home/choi/angchicken_ros2_ws/install/text_detection:/home/choi/angchicken_ros2_ws/install/move_py:/home/choi/angchicken_ros2_ws/install/line_following_bot:/home/choi/angchicken_ros2_ws/install/lane_detection_py:/home/choi/angchicken_ros2_ws/install/lane_detection_pkg:/home/choi/angchicken_ros2_ws/install/color_detection:/home/choi/my_bot_ws/install/two_wheel_demo:/home/choi/my_bot_ws/install/ros2_control_test_nodes:/home/choi/my_bot_ws/install/py_pubsub:/home/choi/my_bot_ws/install/odrive_driver:/home/choi/my_bot_ws/install/joy_tester:/home/choi/my_bot_ws/install/diffbot_control_node:/home/choi/my_bot_ws/install/cv_basics:/opt/ros/foxy /usr/bin/cmake --install /home/choi/angchicken_ros2_ws/build/track_test
[3.303s] Level 1:colcon.colcon_core.environment:checking '/home/choi/angchicken_ros2_ws/install/track_test' for CMake config files
[3.303s] Level 1:colcon.colcon_core.shell:create_environment_hook('track_test', 'cmake_prefix_path')
[3.306s] INFO:colcon.colcon_core.shell:Creating environment hook '/home/choi/angchicken_ros2_ws/install/track_test/share/track_test/hook/cmake_prefix_path.ps1'
[3.306s] INFO:colcon.colcon_core.shell:Creating environment descriptor '/home/choi/angchicken_ros2_ws/install/track_test/share/track_test/hook/cmake_prefix_path.dsv'
[3.307s] INFO:colcon.colcon_core.shell:Creating environment hook '/home/choi/angchicken_ros2_ws/install/track_test/share/track_test/hook/cmake_prefix_path.sh'
[3.307s] Level 1:colcon.colcon_core.environment:checking '/home/choi/angchicken_ros2_ws/install/track_test/bin'
[3.307s] Level 1:colcon.colcon_core.environment:checking '/home/choi/angchicken_ros2_ws/install/track_test/lib/pkgconfig/track_test.pc'
[3.308s] Level 1:colcon.colcon_core.environment:checking '/home/choi/angchicken_ros2_ws/install/track_test/lib/python3.8/site-packages'
[3.308s] Level 1:colcon.colcon_core.environment:checking '/home/choi/angchicken_ros2_ws/install/track_test/bin'
[3.311s] INFO:colcon.colcon_core.shell:Creating package script '/home/choi/angchicken_ros2_ws/install/track_test/share/track_test/package.ps1'
[3.312s] INFO:colcon.colcon_core.shell:Creating package descriptor '/home/choi/angchicken_ros2_ws/install/track_test/share/track_test/package.dsv'
[3.312s] INFO:colcon.colcon_core.shell:Creating package script '/home/choi/angchicken_ros2_ws/install/track_test/share/track_test/package.sh'
[3.313s] INFO:colcon.colcon_core.shell:Creating package script '/home/choi/angchicken_ros2_ws/install/track_test/share/track_test/package.bash'
[3.313s] INFO:colcon.colcon_core.shell:Creating package script '/home/choi/angchicken_ros2_ws/install/track_test/share/track_test/package.zsh'
[3.313s] Level 1:colcon.colcon_core.environment:create_file_with_runtime_dependencies(/home/choi/angchicken_ros2_ws/install/track_test/share/colcon-core/packages/track_test)
[3.344s] Level 1:colcon.colcon_core.environment:create_environment_scripts_only(track_test)
[3.348s] Level 1:colcon.colcon_core.environment:checking '/home/choi/angchicken_ros2_ws/install/track_test' for CMake module files
[3.349s] Level 1:colcon.colcon_core.environment:checking '/home/choi/angchicken_ros2_ws/install/track_test' for CMake config files
[3.349s] Level 1:colcon.colcon_core.shell:create_environment_hook('track_test', 'cmake_prefix_path')
[3.352s] INFO:colcon.colcon_core.shell:Creating environment hook '/home/choi/angchicken_ros2_ws/install/track_test/share/track_test/hook/cmake_prefix_path.ps1'
[3.353s] INFO:colcon.colcon_core.shell:Creating environment descriptor '/home/choi/angchicken_ros2_ws/install/track_test/share/track_test/hook/cmake_prefix_path.dsv'
[3.353s] INFO:colcon.colcon_core.shell:Creating environment hook '/home/choi/angchicken_ros2_ws/install/track_test/share/track_test/hook/cmake_prefix_path.sh'
[3.353s] Level 1:colcon.colcon_core.environment:checking '/home/choi/angchicken_ros2_ws/install/track_test/bin'
[3.354s] Level 1:colcon.colcon_core.environment:checking '/home/choi/angchicken_ros2_ws/install/track_test/lib/pkgconfig/track_test.pc'
[3.354s] Level 1:colcon.colcon_core.environment:checking '/home/choi/angchicken_ros2_ws/install/track_test/lib/python3.8/site-packages'
[3.354s] Level 1:colcon.colcon_core.environment:checking '/home/choi/angchicken_ros2_ws/install/track_test/bin'
[3.357s] INFO:colcon.colcon_core.shell:Creating package script '/home/choi/angchicken_ros2_ws/install/track_test/share/track_test/package.ps1'
[3.357s] INFO:colcon.colcon_core.shell:Creating package descriptor '/home/choi/angchicken_ros2_ws/install/track_test/share/track_test/package.dsv'
[3.358s] INFO:colcon.colcon_core.shell:Creating package script '/home/choi/angchicken_ros2_ws/install/track_test/share/track_test/package.sh'
[3.358s] INFO:colcon.colcon_core.shell:Creating package script '/home/choi/angchicken_ros2_ws/install/track_test/share/track_test/package.bash'
[3.359s] INFO:colcon.colcon_core.shell:Creating package script '/home/choi/angchicken_ros2_ws/install/track_test/share/track_test/package.zsh'
[3.359s] Level 1:colcon.colcon_core.environment:create_file_with_runtime_dependencies(/home/choi/angchicken_ros2_ws/install/track_test/share/colcon-core/packages/track_test)
[3.550s] Level 1:colcon.colcon_core.environment:checking '/home/choi/angchicken_ros2_ws/install/move_py' for CMake module files
[3.551s] DEBUG:colcon.colcon_core.event_handler.log_command:Invoked command in '/home/choi/angchicken_ros2_ws/src/move_py' returned '0': PYTHONPATH=/home/choi/angchicken_ros2_ws/build/move_py/prefix_override:/home/choi/angchicken_ros2_ws/install/move_py/lib/python3.8/site-packages:${PYTHONPATH} /usr/bin/python3 setup.py egg_info --egg-base ../../build/move_py build --build-base /home/choi/angchicken_ros2_ws/build/move_py/build install --record /home/choi/angchicken_ros2_ws/build/move_py/install.log --install-scripts $base/lib/move_py --single-version-externally-managed
[3.552s] Level 1:colcon.colcon_core.environment:checking '/home/choi/angchicken_ros2_ws/install/move_py' for CMake config files
[3.552s] Level 1:colcon.colcon_core.environment:checking '/home/choi/angchicken_ros2_ws/install/move_py/lib'
[3.552s] Level 1:colcon.colcon_core.environment:checking '/home/choi/angchicken_ros2_ws/install/move_py/bin'
[3.552s] Level 1:colcon.colcon_core.environment:checking '/home/choi/angchicken_ros2_ws/install/move_py/lib/pkgconfig/move_py.pc'
[3.553s] Level 1:colcon.colcon_core.environment:checking '/home/choi/angchicken_ros2_ws/install/move_py/lib/python3.8/site-packages'
[3.553s] Level 1:colcon.colcon_core.shell:create_environment_hook('move_py', 'pythonpath')
[3.555s] INFO:colcon.colcon_core.shell:Creating environment hook '/home/choi/angchicken_ros2_ws/install/move_py/share/move_py/hook/pythonpath.ps1'
[3.556s] INFO:colcon.colcon_core.shell:Creating environment descriptor '/home/choi/angchicken_ros2_ws/install/move_py/share/move_py/hook/pythonpath.dsv'
[3.556s] INFO:colcon.colcon_core.shell:Creating environment hook '/home/choi/angchicken_ros2_ws/install/move_py/share/move_py/hook/pythonpath.sh'
[3.557s] Level 1:colcon.colcon_core.environment:checking '/home/choi/angchicken_ros2_ws/install/move_py/bin'
[3.557s] Level 1:colcon.colcon_core.environment:create_environment_scripts_only(move_py)
[3.560s] INFO:colcon.colcon_core.shell:Creating package script '/home/choi/angchicken_ros2_ws/install/move_py/share/move_py/package.ps1'
[3.561s] INFO:colcon.colcon_core.shell:Creating package descriptor '/home/choi/angchicken_ros2_ws/install/move_py/share/move_py/package.dsv'
[3.561s] INFO:colcon.colcon_core.shell:Creating package script '/home/choi/angchicken_ros2_ws/install/move_py/share/move_py/package.sh'
[3.562s] INFO:colcon.colcon_core.shell:Creating package script '/home/choi/angchicken_ros2_ws/install/move_py/share/move_py/package.bash'
[3.562s] INFO:colcon.colcon_core.shell:Creating package script '/home/choi/angchicken_ros2_ws/install/move_py/share/move_py/package.zsh'
[3.562s] Level 1:colcon.colcon_core.environment:create_file_with_runtime_dependencies(/home/choi/angchicken_ros2_ws/install/move_py/share/colcon-core/packages/move_py)
[3.622s] DEBUG:colcon.colcon_core.event_handler.log_command:Invoking command in '/home/choi/angchicken_ros2_ws/build/text_detection': PYTHONPATH=/home/choi/angchicken_ros2_ws/build/text_detection/prefix_override:/home/choi/angchicken_ros2_ws/install/text_detection/lib/python3.8/site-packages:${PYTHONPATH} /usr/bin/python3 setup.py develop --uninstall --editable --build-directory /home/choi/angchicken_ros2_ws/build/text_detection/build
[4.089s] DEBUG:colcon.colcon_core.event_handler.log_command:Invoked command in '/home/choi/angchicken_ros2_ws/build/text_detection' returned '0': PYTHONPATH=/home/choi/angchicken_ros2_ws/build/text_detection/prefix_override:/home/choi/angchicken_ros2_ws/install/text_detection/lib/python3.8/site-packages:${PYTHONPATH} /usr/bin/python3 setup.py develop --uninstall --editable --build-directory /home/choi/angchicken_ros2_ws/build/text_detection/build
[4.093s] DEBUG:colcon.colcon_core.event_handler.log_command:Invoking command in '/home/choi/angchicken_ros2_ws/src/text_detection': PYTHONPATH=/home/choi/angchicken_ros2_ws/build/text_detection/prefix_override:/home/choi/angchicken_ros2_ws/install/text_detection/lib/python3.8/site-packages:${PYTHONPATH} /usr/bin/python3 setup.py egg_info --egg-base ../../build/text_detection build --build-base /home/choi/angchicken_ros2_ws/build/text_detection/build install --record /home/choi/angchicken_ros2_ws/build/text_detection/install.log --install-scripts $base/lib/text_detection --single-version-externally-managed
[4.429s] Level 1:colcon.colcon_core.environment:checking '/home/choi/angchicken_ros2_ws/install/text_detection' for CMake module files
[4.430s] DEBUG:colcon.colcon_core.event_handler.log_command:Invoked command in '/home/choi/angchicken_ros2_ws/src/text_detection' returned '0': PYTHONPATH=/home/choi/angchicken_ros2_ws/build/text_detection/prefix_override:/home/choi/angchicken_ros2_ws/install/text_detection/lib/python3.8/site-packages:${PYTHONPATH} /usr/bin/python3 setup.py egg_info --egg-base ../../build/text_detection build --build-base /home/choi/angchicken_ros2_ws/build/text_detection/build install --record /home/choi/angchicken_ros2_ws/build/text_detection/install.log --install-scripts $base/lib/text_detection --single-version-externally-managed
[4.431s] Level 1:colcon.colcon_core.environment:checking '/home/choi/angchicken_ros2_ws/install/text_detection' for CMake config files
[4.431s] Level 1:colcon.colcon_core.environment:checking '/home/choi/angchicken_ros2_ws/install/text_detection/lib'
[4.431s] Level 1:colcon.colcon_core.environment:checking '/home/choi/angchicken_ros2_ws/install/text_detection/bin'
[4.431s] Level 1:colcon.colcon_core.environment:checking '/home/choi/angchicken_ros2_ws/install/text_detection/lib/pkgconfig/text_detection.pc'
[4.432s] Level 1:colcon.colcon_core.environment:checking '/home/choi/angchicken_ros2_ws/install/text_detection/lib/python3.8/site-packages'
[4.432s] Level 1:colcon.colcon_core.shell:create_environment_hook('text_detection', 'pythonpath')
[4.434s] INFO:colcon.colcon_core.shell:Creating environment hook '/home/choi/angchicken_ros2_ws/install/text_detection/share/text_detection/hook/pythonpath.ps1'
[4.435s] INFO:colcon.colcon_core.shell:Creating environment descriptor '/home/choi/angchicken_ros2_ws/install/text_detection/share/text_detection/hook/pythonpath.dsv'
[4.435s] INFO:colcon.colcon_core.shell:Creating environment hook '/home/choi/angchicken_ros2_ws/install/text_detection/share/text_detection/hook/pythonpath.sh'
[4.436s] Level 1:colcon.colcon_core.environment:checking '/home/choi/angchicken_ros2_ws/install/text_detection/bin'
[4.436s] Level 1:colcon.colcon_core.environment:create_environment_scripts_only(text_detection)
[4.439s] INFO:colcon.colcon_core.shell:Creating package script '/home/choi/angchicken_ros2_ws/install/text_detection/share/text_detection/package.ps1'
[4.439s] INFO:colcon.colcon_core.shell:Creating package descriptor '/home/choi/angchicken_ros2_ws/install/text_detection/share/text_detection/package.dsv'
[4.439s] INFO:colcon.colcon_core.shell:Creating package script '/home/choi/angchicken_ros2_ws/install/text_detection/share/text_detection/package.sh'
[4.440s] INFO:colcon.colcon_core.shell:Creating package script '/home/choi/angchicken_ros2_ws/install/text_detection/share/text_detection/package.bash'
[4.440s] INFO:colcon.colcon_core.shell:Creating package script '/home/choi/angchicken_ros2_ws/install/text_detection/share/text_detection/package.zsh'
[4.441s] Level 1:colcon.colcon_core.environment:create_file_with_runtime_dependencies(/home/choi/angchicken_ros2_ws/install/text_detection/share/colcon-core/packages/text_detection)
[4.441s] DEBUG:colcon.colcon_parallel_executor.executor.parallel:closing loop
[4.442s] DEBUG:colcon.colcon_parallel_executor.executor.parallel:loop closed
[4.442s] DEBUG:colcon.colcon_parallel_executor.executor.parallel:run_until_complete finished with '0'
[4.442s] DEBUG:colcon.colcon_core.event_reactor:joining thread
[4.448s] INFO:colcon.colcon_core.plugin_system:Skipping extension 'colcon_notification.desktop_notification.terminal_notifier': Not used on non-Darwin systems
[4.448s] INFO:colcon.colcon_core.plugin_system:Skipping extension 'colcon_notification.desktop_notification.win32': Not used on non-Windows systems
[4.448s] INFO:colcon.colcon_notification.desktop_notification:Sending desktop notification using 'notify2'
[4.462s] DEBUG:colcon.colcon_core.event_reactor:joined thread
[4.464s] INFO:colcon.colcon_core.shell:Creating prefix script '/home/choi/angchicken_ros2_ws/install/local_setup.ps1'
[4.465s] INFO:colcon.colcon_core.shell:Creating prefix util module '/home/choi/angchicken_ros2_ws/install/_local_setup_util_ps1.py'
[4.467s] INFO:colcon.colcon_core.shell:Creating prefix chain script '/home/choi/angchicken_ros2_ws/install/setup.ps1'
[4.470s] INFO:colcon.colcon_core.shell:Creating prefix script '/home/choi/angchicken_ros2_ws/install/local_setup.sh'
[4.471s] INFO:colcon.colcon_core.shell:Creating prefix util module '/home/choi/angchicken_ros2_ws/install/_local_setup_util_sh.py'
[4.471s] INFO:colcon.colcon_core.shell:Creating prefix chain script '/home/choi/angchicken_ros2_ws/install/setup.sh'
[4.474s] INFO:colcon.colcon_core.shell:Creating prefix script '/home/choi/angchicken_ros2_ws/install/local_setup.bash'
[4.475s] INFO:colcon.colcon_core.shell:Creating prefix chain script '/home/choi/angchicken_ros2_ws/install/setup.bash'
[4.477s] INFO:colcon.colcon_core.shell:Creating prefix script '/home/choi/angchicken_ros2_ws/install/local_setup.zsh'
[4.478s] INFO:colcon.colcon_core.shell:Creating prefix chain script '/home/choi/angchicken_ros2_ws/install/setup.zsh'
