[0.364s] DEBUG:colcon:Command line arguments: ['/usr/bin/colcon', 'build', '--symlink-install']
[0.364s] DEBUG:colcon:Parsed command line arguments: Namespace(allow_overriding=[], ament_cmake_args=None, base_paths=['.'], build_base='build', catkin_cmake_args=None, catkin_skip_building_tests=False, cmake_args=None, cmake_clean_cache=False, cmake_clean_first=False, cmake_force_configure=False, cmake_target=None, cmake_target_skip_unavailable=False, continue_on_error=False, event_handlers=None, executor='parallel', ignore_user_meta=False, install_base='install', log_base=None, log_level=None, main=<bound method BuildVerb.main of <colcon_core.verb.build.BuildVerb object at 0x7fbb7a08fbe0>>, merge_install=False, metas=['./colcon.meta'], packages_above=None, packages_above_and_dependencies=None, packages_above_depth=None, packages_end=None, packages_ignore=None, packages_ignore_regex=None, packages_select=None, packages_select_build_failed=False, packages_select_by_dep=None, packages_select_regex=None, packages_select_test_failures=False, packages_skip=None, packages_skip_build_finished=False, packages_skip_by_dep=None, packages_skip_regex=None, packages_skip_test_passed=False, packages_skip_up_to=None, packages_start=None, packages_up_to=None, packages_up_to_regex=None, parallel_workers=4, paths=None, symlink_install=True, test_result_base=None, verb_extension=<colcon_core.verb.build.BuildVerb object at 0x7fbb7a08fbe0>, verb_name='build', verb_parser=<colcon_defaults.argument_parser.defaults.DefaultArgumentsDecorator object at 0x7fbb7a09d190>)
[0.401s] Level 1:colcon.colcon_core.package_discovery:discover_packages(colcon_meta) check parameters
[0.401s] Level 1:colcon.colcon_core.package_discovery:discover_packages(recursive) check parameters
[0.401s] Level 1:colcon.colcon_core.package_discovery:discover_packages(ignore) check parameters
[0.401s] Level 1:colcon.colcon_core.package_discovery:discover_packages(path) check parameters
[0.401s] Level 1:colcon.colcon_core.package_discovery:discover_packages(colcon_meta) discover
[0.401s] Level 1:colcon.colcon_core.package_discovery:discover_packages(recursive) discover
[0.401s] INFO:colcon.colcon_core.package_discovery:Crawling recursively for packages in '/home/choi/angchicken_ros2_ws'
[0.401s] Level 1:colcon.colcon_core.package_identification:_identify(.) by extensions ['ignore', 'ignore_ament_install']
[0.401s] Level 1:colcon.colcon_core.package_identification:_identify(.) by extension 'ignore'
[0.401s] Level 1:colcon.colcon_core.package_identification:_identify(.) by extension 'ignore_ament_install'
[0.402s] Level 1:colcon.colcon_core.package_identification:_identify(.) by extensions ['colcon_pkg']
[0.402s] Level 1:colcon.colcon_core.package_identification:_identify(.) by extension 'colcon_pkg'
[0.402s] Level 1:colcon.colcon_core.package_identification:_identify(.) by extensions ['colcon_meta']
[0.402s] Level 1:colcon.colcon_core.package_identification:_identify(.) by extension 'colcon_meta'
[0.402s] Level 1:colcon.colcon_core.package_identification:_identify(.) by extensions ['ros']
[0.402s] Level 1:colcon.colcon_core.package_identification:_identify(.) by extension 'ros'
[0.411s] Level 1:colcon.colcon_core.package_identification:_identify(.) by extensions ['cmake', 'python']
[0.412s] Level 1:colcon.colcon_core.package_identification:_identify(.) by extension 'cmake'
[0.412s] Level 1:colcon.colcon_core.package_identification:_identify(.) by extension 'python'
[0.412s] Level 1:colcon.colcon_core.package_identification:_identify(.) by extensions ['python_setup_py']
[0.412s] Level 1:colcon.colcon_core.package_identification:_identify(.) by extension 'python_setup_py'
[0.412s] Level 1:colcon.colcon_core.package_identification:_identify(build) by extensions ['ignore', 'ignore_ament_install']
[0.412s] Level 1:colcon.colcon_core.package_identification:_identify(build) by extension 'ignore'
[0.412s] Level 1:colcon.colcon_core.package_identification:_identify(build) ignored
[0.412s] Level 1:colcon.colcon_core.package_identification:_identify(gazebo_models) by extensions ['ignore', 'ignore_ament_install']
[0.412s] Level 1:colcon.colcon_core.package_identification:_identify(gazebo_models) by extension 'ignore'
[0.412s] Level 1:colcon.colcon_core.package_identification:_identify(gazebo_models) by extension 'ignore_ament_install'
[0.412s] Level 1:colcon.colcon_core.package_identification:_identify(gazebo_models) by extensions ['colcon_pkg']
[0.412s] Level 1:colcon.colcon_core.package_identification:_identify(gazebo_models) by extension 'colcon_pkg'
[0.413s] Level 1:colcon.colcon_core.package_identification:_identify(gazebo_models) by extensions ['colcon_meta']
[0.413s] Level 1:colcon.colcon_core.package_identification:_identify(gazebo_models) by extension 'colcon_meta'
[0.413s] Level 1:colcon.colcon_core.package_identification:_identify(gazebo_models) by extensions ['ros']
[0.413s] Level 1:colcon.colcon_core.package_identification:_identify(gazebo_models) by extension 'ros'
[0.413s] Level 1:colcon.colcon_core.package_identification:_identify(gazebo_models) by extensions ['cmake', 'python']
[0.413s] Level 1:colcon.colcon_core.package_identification:_identify(gazebo_models) by extension 'cmake'
[0.413s] Level 1:colcon.colcon_core.package_identification:_identify(gazebo_models) by extension 'python'
[0.413s] Level 1:colcon.colcon_core.package_identification:_identify(gazebo_models) by extensions ['python_setup_py']
[0.413s] Level 1:colcon.colcon_core.package_identification:_identify(gazebo_models) by extension 'python_setup_py'
[0.413s] Level 1:colcon.colcon_core.package_identification:_identify(gazebo_models/track_ground) by extensions ['ignore', 'ignore_ament_install']
[0.413s] Level 1:colcon.colcon_core.package_identification:_identify(gazebo_models/track_ground) by extension 'ignore'
[0.413s] Level 1:colcon.colcon_core.package_identification:_identify(gazebo_models/track_ground) by extension 'ignore_ament_install'
[0.413s] Level 1:colcon.colcon_core.package_identification:_identify(gazebo_models/track_ground) by extensions ['colcon_pkg']
[0.413s] Level 1:colcon.colcon_core.package_identification:_identify(gazebo_models/track_ground) by extension 'colcon_pkg'
[0.413s] Level 1:colcon.colcon_core.package_identification:_identify(gazebo_models/track_ground) by extensions ['colcon_meta']
[0.413s] Level 1:colcon.colcon_core.package_identification:_identify(gazebo_models/track_ground) by extension 'colcon_meta'
[0.413s] Level 1:colcon.colcon_core.package_identification:_identify(gazebo_models/track_ground) by extensions ['ros']
[0.413s] Level 1:colcon.colcon_core.package_identification:_identify(gazebo_models/track_ground) by extension 'ros'
[0.414s] Level 1:colcon.colcon_core.package_identification:_identify(gazebo_models/track_ground) by extensions ['cmake', 'python']
[0.414s] Level 1:colcon.colcon_core.package_identification:_identify(gazebo_models/track_ground) by extension 'cmake'
[0.414s] Level 1:colcon.colcon_core.package_identification:_identify(gazebo_models/track_ground) by extension 'python'
[0.414s] Level 1:colcon.colcon_core.package_identification:_identify(gazebo_models/track_ground) by extensions ['python_setup_py']
[0.414s] Level 1:colcon.colcon_core.package_identification:_identify(gazebo_models/track_ground) by extension 'python_setup_py'
[0.414s] Level 1:colcon.colcon_core.package_identification:_identify(gazebo_models/track_sample) by extensions ['ignore', 'ignore_ament_install']
[0.414s] Level 1:colcon.colcon_core.package_identification:_identify(gazebo_models/track_sample) by extension 'ignore'
[0.414s] Level 1:colcon.colcon_core.package_identification:_identify(gazebo_models/track_sample) by extension 'ignore_ament_install'
[0.414s] Level 1:colcon.colcon_core.package_identification:_identify(gazebo_models/track_sample) by extensions ['colcon_pkg']
[0.414s] Level 1:colcon.colcon_core.package_identification:_identify(gazebo_models/track_sample) by extension 'colcon_pkg'
[0.414s] Level 1:colcon.colcon_core.package_identification:_identify(gazebo_models/track_sample) by extensions ['colcon_meta']
[0.414s] Level 1:colcon.colcon_core.package_identification:_identify(gazebo_models/track_sample) by extension 'colcon_meta'
[0.414s] Level 1:colcon.colcon_core.package_identification:_identify(gazebo_models/track_sample) by extensions ['ros']
[0.414s] Level 1:colcon.colcon_core.package_identification:_identify(gazebo_models/track_sample) by extension 'ros'
[0.414s] Level 1:colcon.colcon_core.package_identification:_identify(gazebo_models/track_sample) by extensions ['cmake', 'python']
[0.414s] Level 1:colcon.colcon_core.package_identification:_identify(gazebo_models/track_sample) by extension 'cmake'
[0.414s] Level 1:colcon.colcon_core.package_identification:_identify(gazebo_models/track_sample) by extension 'python'
[0.414s] Level 1:colcon.colcon_core.package_identification:_identify(gazebo_models/track_sample) by extensions ['python_setup_py']
[0.414s] Level 1:colcon.colcon_core.package_identification:_identify(gazebo_models/track_sample) by extension 'python_setup_py'
[0.415s] Level 1:colcon.colcon_core.package_identification:_identify(gazebo_models/track_sample/materials) by extensions ['ignore', 'ignore_ament_install']
[0.415s] Level 1:colcon.colcon_core.package_identification:_identify(gazebo_models/track_sample/materials) by extension 'ignore'
[0.415s] Level 1:colcon.colcon_core.package_identification:_identify(gazebo_models/track_sample/materials) by extension 'ignore_ament_install'
[0.415s] Level 1:colcon.colcon_core.package_identification:_identify(gazebo_models/track_sample/materials) by extensions ['colcon_pkg']
[0.415s] Level 1:colcon.colcon_core.package_identification:_identify(gazebo_models/track_sample/materials) by extension 'colcon_pkg'
[0.415s] Level 1:colcon.colcon_core.package_identification:_identify(gazebo_models/track_sample/materials) by extensions ['colcon_meta']
[0.415s] Level 1:colcon.colcon_core.package_identification:_identify(gazebo_models/track_sample/materials) by extension 'colcon_meta'
[0.415s] Level 1:colcon.colcon_core.package_identification:_identify(gazebo_models/track_sample/materials) by extensions ['ros']
[0.415s] Level 1:colcon.colcon_core.package_identification:_identify(gazebo_models/track_sample/materials) by extension 'ros'
[0.415s] Level 1:colcon.colcon_core.package_identification:_identify(gazebo_models/track_sample/materials) by extensions ['cmake', 'python']
[0.415s] Level 1:colcon.colcon_core.package_identification:_identify(gazebo_models/track_sample/materials) by extension 'cmake'
[0.415s] Level 1:colcon.colcon_core.package_identification:_identify(gazebo_models/track_sample/materials) by extension 'python'
[0.415s] Level 1:colcon.colcon_core.package_identification:_identify(gazebo_models/track_sample/materials) by extensions ['python_setup_py']
[0.415s] Level 1:colcon.colcon_core.package_identification:_identify(gazebo_models/track_sample/materials) by extension 'python_setup_py'
[0.415s] Level 1:colcon.colcon_core.package_identification:_identify(gazebo_models/track_sample/materials/scripts) by extensions ['ignore', 'ignore_ament_install']
[0.415s] Level 1:colcon.colcon_core.package_identification:_identify(gazebo_models/track_sample/materials/scripts) by extension 'ignore'
[0.415s] Level 1:colcon.colcon_core.package_identification:_identify(gazebo_models/track_sample/materials/scripts) by extension 'ignore_ament_install'
[0.416s] Level 1:colcon.colcon_core.package_identification:_identify(gazebo_models/track_sample/materials/scripts) by extensions ['colcon_pkg']
[0.416s] Level 1:colcon.colcon_core.package_identification:_identify(gazebo_models/track_sample/materials/scripts) by extension 'colcon_pkg'
[0.416s] Level 1:colcon.colcon_core.package_identification:_identify(gazebo_models/track_sample/materials/scripts) by extensions ['colcon_meta']
[0.416s] Level 1:colcon.colcon_core.package_identification:_identify(gazebo_models/track_sample/materials/scripts) by extension 'colcon_meta'
[0.416s] Level 1:colcon.colcon_core.package_identification:_identify(gazebo_models/track_sample/materials/scripts) by extensions ['ros']
[0.416s] Level 1:colcon.colcon_core.package_identification:_identify(gazebo_models/track_sample/materials/scripts) by extension 'ros'
[0.416s] Level 1:colcon.colcon_core.package_identification:_identify(gazebo_models/track_sample/materials/scripts) by extensions ['cmake', 'python']
[0.416s] Level 1:colcon.colcon_core.package_identification:_identify(gazebo_models/track_sample/materials/scripts) by extension 'cmake'
[0.416s] Level 1:colcon.colcon_core.package_identification:_identify(gazebo_models/track_sample/materials/scripts) by extension 'python'
[0.416s] Level 1:colcon.colcon_core.package_identification:_identify(gazebo_models/track_sample/materials/scripts) by extensions ['python_setup_py']
[0.416s] Level 1:colcon.colcon_core.package_identification:_identify(gazebo_models/track_sample/materials/scripts) by extension 'python_setup_py'
[0.416s] Level 1:colcon.colcon_core.package_identification:_identify(gazebo_models/track_sample/materials/textures) by extensions ['ignore', 'ignore_ament_install']
[0.416s] Level 1:colcon.colcon_core.package_identification:_identify(gazebo_models/track_sample/materials/textures) by extension 'ignore'
[0.416s] Level 1:colcon.colcon_core.package_identification:_identify(gazebo_models/track_sample/materials/textures) by extension 'ignore_ament_install'
[0.416s] Level 1:colcon.colcon_core.package_identification:_identify(gazebo_models/track_sample/materials/textures) by extensions ['colcon_pkg']
[0.416s] Level 1:colcon.colcon_core.package_identification:_identify(gazebo_models/track_sample/materials/textures) by extension 'colcon_pkg'
[0.416s] Level 1:colcon.colcon_core.package_identification:_identify(gazebo_models/track_sample/materials/textures) by extensions ['colcon_meta']
[0.416s] Level 1:colcon.colcon_core.package_identification:_identify(gazebo_models/track_sample/materials/textures) by extension 'colcon_meta'
[0.417s] Level 1:colcon.colcon_core.package_identification:_identify(gazebo_models/track_sample/materials/textures) by extensions ['ros']
[0.417s] Level 1:colcon.colcon_core.package_identification:_identify(gazebo_models/track_sample/materials/textures) by extension 'ros'
[0.417s] Level 1:colcon.colcon_core.package_identification:_identify(gazebo_models/track_sample/materials/textures) by extensions ['cmake', 'python']
[0.417s] Level 1:colcon.colcon_core.package_identification:_identify(gazebo_models/track_sample/materials/textures) by extension 'cmake'
[0.417s] Level 1:colcon.colcon_core.package_identification:_identify(gazebo_models/track_sample/materials/textures) by extension 'python'
[0.417s] Level 1:colcon.colcon_core.package_identification:_identify(gazebo_models/track_sample/materials/textures) by extensions ['python_setup_py']
[0.417s] Level 1:colcon.colcon_core.package_identification:_identify(gazebo_models/track_sample/materials/textures) by extension 'python_setup_py'
[0.417s] Level 1:colcon.colcon_core.package_identification:_identify(install) by extensions ['ignore', 'ignore_ament_install']
[0.417s] Level 1:colcon.colcon_core.package_identification:_identify(install) by extension 'ignore'
[0.417s] Level 1:colcon.colcon_core.package_identification:_identify(install) ignored
[0.417s] Level 1:colcon.colcon_core.package_identification:_identify(log) by extensions ['ignore', 'ignore_ament_install']
[0.417s] Level 1:colcon.colcon_core.package_identification:_identify(log) by extension 'ignore'
[0.417s] Level 1:colcon.colcon_core.package_identification:_identify(log) ignored
[0.418s] Level 1:colcon.colcon_core.package_identification:_identify(src) by extensions ['ignore', 'ignore_ament_install']
[0.418s] Level 1:colcon.colcon_core.package_identification:_identify(src) by extension 'ignore'
[0.418s] Level 1:colcon.colcon_core.package_identification:_identify(src) by extension 'ignore_ament_install'
[0.418s] Level 1:colcon.colcon_core.package_identification:_identify(src) by extensions ['colcon_pkg']
[0.418s] Level 1:colcon.colcon_core.package_identification:_identify(src) by extension 'colcon_pkg'
[0.418s] Level 1:colcon.colcon_core.package_identification:_identify(src) by extensions ['colcon_meta']
[0.418s] Level 1:colcon.colcon_core.package_identification:_identify(src) by extension 'colcon_meta'
[0.418s] Level 1:colcon.colcon_core.package_identification:_identify(src) by extensions ['ros']
[0.418s] Level 1:colcon.colcon_core.package_identification:_identify(src) by extension 'ros'
[0.418s] Level 1:colcon.colcon_core.package_identification:_identify(src) by extensions ['cmake', 'python']
[0.418s] Level 1:colcon.colcon_core.package_identification:_identify(src) by extension 'cmake'
[0.418s] Level 1:colcon.colcon_core.package_identification:_identify(src) by extension 'python'
[0.418s] Level 1:colcon.colcon_core.package_identification:_identify(src) by extensions ['python_setup_py']
[0.418s] Level 1:colcon.colcon_core.package_identification:_identify(src) by extension 'python_setup_py'
[0.418s] Level 1:colcon.colcon_core.package_identification:_identify(src/color_detection) by extensions ['ignore', 'ignore_ament_install']
[0.418s] Level 1:colcon.colcon_core.package_identification:_identify(src/color_detection) by extension 'ignore'
[0.418s] Level 1:colcon.colcon_core.package_identification:_identify(src/color_detection) by extension 'ignore_ament_install'
[0.419s] Level 1:colcon.colcon_core.package_identification:_identify(src/color_detection) by extensions ['colcon_pkg']
[0.419s] Level 1:colcon.colcon_core.package_identification:_identify(src/color_detection) by extension 'colcon_pkg'
[0.419s] Level 1:colcon.colcon_core.package_identification:_identify(src/color_detection) by extensions ['colcon_meta']
[0.419s] Level 1:colcon.colcon_core.package_identification:_identify(src/color_detection) by extension 'colcon_meta'
[0.419s] Level 1:colcon.colcon_core.package_identification:_identify(src/color_detection) by extensions ['ros']
[0.419s] Level 1:colcon.colcon_core.package_identification:_identify(src/color_detection) by extension 'ros'
[0.421s] DEBUG:colcon.colcon_core.package_identification:Package 'src/color_detection' with type 'ros.ament_python' and name 'color_detection'
[0.421s] Level 1:colcon.colcon_core.package_identification:_identify(src/lane_detection_py) by extensions ['ignore', 'ignore_ament_install']
[0.421s] Level 1:colcon.colcon_core.package_identification:_identify(src/lane_detection_py) by extension 'ignore'
[0.421s] Level 1:colcon.colcon_core.package_identification:_identify(src/lane_detection_py) by extension 'ignore_ament_install'
[0.421s] Level 1:colcon.colcon_core.package_identification:_identify(src/lane_detection_py) by extensions ['colcon_pkg']
[0.421s] Level 1:colcon.colcon_core.package_identification:_identify(src/lane_detection_py) by extension 'colcon_pkg'
[0.422s] Level 1:colcon.colcon_core.package_identification:_identify(src/lane_detection_py) by extensions ['colcon_meta']
[0.422s] Level 1:colcon.colcon_core.package_identification:_identify(src/lane_detection_py) by extension 'colcon_meta'
[0.422s] Level 1:colcon.colcon_core.package_identification:_identify(src/lane_detection_py) by extensions ['ros']
[0.422s] Level 1:colcon.colcon_core.package_identification:_identify(src/lane_detection_py) by extension 'ros'
[0.422s] DEBUG:colcon.colcon_core.package_identification:Package 'src/lane_detection_py' with type 'ros.ament_python' and name 'lane_detection_py'
[0.422s] Level 1:colcon.colcon_core.package_identification:_identify(src/lidar_pkg) by extensions ['ignore', 'ignore_ament_install']
[0.423s] Level 1:colcon.colcon_core.package_identification:_identify(src/lidar_pkg) by extension 'ignore'
[0.423s] Level 1:colcon.colcon_core.package_identification:_identify(src/lidar_pkg) by extension 'ignore_ament_install'
[0.423s] Level 1:colcon.colcon_core.package_identification:_identify(src/lidar_pkg) by extensions ['colcon_pkg']
[0.423s] Level 1:colcon.colcon_core.package_identification:_identify(src/lidar_pkg) by extension 'colcon_pkg'
[0.423s] Level 1:colcon.colcon_core.package_identification:_identify(src/lidar_pkg) by extensions ['colcon_meta']
[0.423s] Level 1:colcon.colcon_core.package_identification:_identify(src/lidar_pkg) by extension 'colcon_meta'
[0.423s] Level 1:colcon.colcon_core.package_identification:_identify(src/lidar_pkg) by extensions ['ros']
[0.423s] Level 1:colcon.colcon_core.package_identification:_identify(src/lidar_pkg) by extension 'ros'
[0.424s] DEBUG:colcon.colcon_core.package_identification:Package 'src/lidar_pkg' with type 'ros.ament_cmake' and name 'lidar_pkg'
[0.424s] Level 1:colcon.colcon_core.package_identification:_identify(src/line_following_bot) by extensions ['ignore', 'ignore_ament_install']
[0.424s] Level 1:colcon.colcon_core.package_identification:_identify(src/line_following_bot) by extension 'ignore'
[0.424s] Level 1:colcon.colcon_core.package_identification:_identify(src/line_following_bot) by extension 'ignore_ament_install'
[0.424s] Level 1:colcon.colcon_core.package_identification:_identify(src/line_following_bot) by extensions ['colcon_pkg']
[0.424s] Level 1:colcon.colcon_core.package_identification:_identify(src/line_following_bot) by extension 'colcon_pkg'
[0.424s] Level 1:colcon.colcon_core.package_identification:_identify(src/line_following_bot) by extensions ['colcon_meta']
[0.424s] Level 1:colcon.colcon_core.package_identification:_identify(src/line_following_bot) by extension 'colcon_meta'
[0.424s] Level 1:colcon.colcon_core.package_identification:_identify(src/line_following_bot) by extensions ['ros']
[0.424s] Level 1:colcon.colcon_core.package_identification:_identify(src/line_following_bot) by extension 'ros'
[0.425s] DEBUG:colcon.colcon_core.package_identification:Package 'src/line_following_bot' with type 'ros.ament_python' and name 'line_following_bot'
[0.425s] Level 1:colcon.colcon_core.package_identification:_identify(src/move_py) by extensions ['ignore', 'ignore_ament_install']
[0.425s] Level 1:colcon.colcon_core.package_identification:_identify(src/move_py) by extension 'ignore'
[0.425s] Level 1:colcon.colcon_core.package_identification:_identify(src/move_py) by extension 'ignore_ament_install'
[0.425s] Level 1:colcon.colcon_core.package_identification:_identify(src/move_py) by extensions ['colcon_pkg']
[0.425s] Level 1:colcon.colcon_core.package_identification:_identify(src/move_py) by extension 'colcon_pkg'
[0.425s] Level 1:colcon.colcon_core.package_identification:_identify(src/move_py) by extensions ['colcon_meta']
[0.425s] Level 1:colcon.colcon_core.package_identification:_identify(src/move_py) by extension 'colcon_meta'
[0.425s] Level 1:colcon.colcon_core.package_identification:_identify(src/move_py) by extensions ['ros']
[0.425s] Level 1:colcon.colcon_core.package_identification:_identify(src/move_py) by extension 'ros'
[0.426s] DEBUG:colcon.colcon_core.package_identification:Package 'src/move_py' with type 'ros.ament_python' and name 'move_py'
[0.427s] Level 1:colcon.colcon_core.package_identification:_identify(src/my_bot) by extensions ['ignore', 'ignore_ament_install']
[0.427s] Level 1:colcon.colcon_core.package_identification:_identify(src/my_bot) by extension 'ignore'
[0.427s] Level 1:colcon.colcon_core.package_identification:_identify(src/my_bot) by extension 'ignore_ament_install'
[0.427s] Level 1:colcon.colcon_core.package_identification:_identify(src/my_bot) by extensions ['colcon_pkg']
[0.427s] Level 1:colcon.colcon_core.package_identification:_identify(src/my_bot) by extension 'colcon_pkg'
[0.427s] Level 1:colcon.colcon_core.package_identification:_identify(src/my_bot) by extensions ['colcon_meta']
[0.427s] Level 1:colcon.colcon_core.package_identification:_identify(src/my_bot) by extension 'colcon_meta'
[0.427s] Level 1:colcon.colcon_core.package_identification:_identify(src/my_bot) by extensions ['ros']
[0.427s] Level 1:colcon.colcon_core.package_identification:_identify(src/my_bot) by extension 'ros'
[0.427s] DEBUG:colcon.colcon_core.package_identification:Package 'src/my_bot' with type 'ros.ament_cmake' and name 'my_bot'
[0.428s] Level 1:colcon.colcon_core.package_identification:_identify(src/people_detect) by extensions ['ignore', 'ignore_ament_install']
[0.428s] Level 1:colcon.colcon_core.package_identification:_identify(src/people_detect) by extension 'ignore'
[0.428s] Level 1:colcon.colcon_core.package_identification:_identify(src/people_detect) by extension 'ignore_ament_install'
[0.428s] Level 1:colcon.colcon_core.package_identification:_identify(src/people_detect) by extensions ['colcon_pkg']
[0.428s] Level 1:colcon.colcon_core.package_identification:_identify(src/people_detect) by extension 'colcon_pkg'
[0.428s] Level 1:colcon.colcon_core.package_identification:_identify(src/people_detect) by extensions ['colcon_meta']
[0.428s] Level 1:colcon.colcon_core.package_identification:_identify(src/people_detect) by extension 'colcon_meta'
[0.428s] Level 1:colcon.colcon_core.package_identification:_identify(src/people_detect) by extensions ['ros']
[0.428s] Level 1:colcon.colcon_core.package_identification:_identify(src/people_detect) by extension 'ros'
[0.428s] Level 1:colcon.colcon_core.package_identification:_identify(src/people_detect) by extensions ['cmake', 'python']
[0.428s] Level 1:colcon.colcon_core.package_identification:_identify(src/people_detect) by extension 'cmake'
[0.428s] Level 1:colcon.colcon_core.package_identification:_identify(src/people_detect) by extension 'python'
[0.428s] Level 1:colcon.colcon_core.package_identification:_identify(src/people_detect) by extensions ['python_setup_py']
[0.428s] Level 1:colcon.colcon_core.package_identification:_identify(src/people_detect) by extension 'python_setup_py'
[0.429s] Level 1:colcon.colcon_core.package_identification:_identify(src/pump_track) by extensions ['ignore', 'ignore_ament_install']
[0.429s] Level 1:colcon.colcon_core.package_identification:_identify(src/pump_track) by extension 'ignore'
[0.429s] Level 1:colcon.colcon_core.package_identification:_identify(src/pump_track) by extension 'ignore_ament_install'
[0.429s] Level 1:colcon.colcon_core.package_identification:_identify(src/pump_track) by extensions ['colcon_pkg']
[0.429s] Level 1:colcon.colcon_core.package_identification:_identify(src/pump_track) by extension 'colcon_pkg'
[0.429s] Level 1:colcon.colcon_core.package_identification:_identify(src/pump_track) by extensions ['colcon_meta']
[0.429s] Level 1:colcon.colcon_core.package_identification:_identify(src/pump_track) by extension 'colcon_meta'
[0.429s] Level 1:colcon.colcon_core.package_identification:_identify(src/pump_track) by extensions ['ros']
[0.429s] Level 1:colcon.colcon_core.package_identification:_identify(src/pump_track) by extension 'ros'
[0.429s] DEBUG:colcon.colcon_core.package_identification:Package 'src/pump_track' with type 'ros.ament_python' and name 'pump_track'
[0.430s] Level 1:colcon.colcon_core.package_identification:_identify(src/text_detection) by extensions ['ignore', 'ignore_ament_install']
[0.430s] Level 1:colcon.colcon_core.package_identification:_identify(src/text_detection) by extension 'ignore'
[0.430s] Level 1:colcon.colcon_core.package_identification:_identify(src/text_detection) by extension 'ignore_ament_install'
[0.430s] Level 1:colcon.colcon_core.package_identification:_identify(src/text_detection) by extensions ['colcon_pkg']
[0.430s] Level 1:colcon.colcon_core.package_identification:_identify(src/text_detection) by extension 'colcon_pkg'
[0.430s] Level 1:colcon.colcon_core.package_identification:_identify(src/text_detection) by extensions ['colcon_meta']
[0.430s] Level 1:colcon.colcon_core.package_identification:_identify(src/text_detection) by extension 'colcon_meta'
[0.430s] Level 1:colcon.colcon_core.package_identification:_identify(src/text_detection) by extensions ['ros']
[0.430s] Level 1:colcon.colcon_core.package_identification:_identify(src/text_detection) by extension 'ros'
[0.430s] DEBUG:colcon.colcon_core.package_identification:Package 'src/text_detection' with type 'ros.ament_python' and name 'text_detection'
[0.430s] Level 1:colcon.colcon_core.package_discovery:discover_packages(recursive) using defaults
[0.431s] Level 1:colcon.colcon_core.package_discovery:discover_packages(ignore) discover
[0.431s] Level 1:colcon.colcon_core.package_discovery:discover_packages(ignore) using defaults
[0.431s] Level 1:colcon.colcon_core.package_discovery:discover_packages(path) discover
[0.431s] Level 1:colcon.colcon_core.package_discovery:discover_packages(path) using defaults
[0.455s] Level 1:colcon.colcon_core.package_discovery:discover_packages(prefix_path) check parameters
[0.455s] Level 1:colcon.colcon_core.package_discovery:discover_packages(prefix_path) discover
[0.460s] DEBUG:colcon.colcon_installed_package_information.package_discovery:Found 11 installed packages in /home/choi/angchicken_ros2_ws/install
[0.462s] DEBUG:colcon.colcon_installed_package_information.package_discovery:Found 22 installed packages in /home/choi/my_bot_ws/install
[0.465s] DEBUG:colcon.colcon_installed_package_information.package_discovery:Found 398 installed packages in /opt/ros/foxy
[0.467s] Level 1:colcon.colcon_core.package_discovery:discover_packages(prefix_path) using defaults
[0.551s] Level 5:colcon.colcon_core.verb:set package 'color_detection' build argument 'cmake_args' from command line to 'None'
[0.551s] Level 5:colcon.colcon_core.verb:set package 'color_detection' build argument 'cmake_target' from command line to 'None'
[0.551s] Level 5:colcon.colcon_core.verb:set package 'color_detection' build argument 'cmake_target_skip_unavailable' from command line to 'False'
[0.551s] Level 5:colcon.colcon_core.verb:set package 'color_detection' build argument 'cmake_clean_cache' from command line to 'False'
[0.551s] Level 5:colcon.colcon_core.verb:set package 'color_detection' build argument 'cmake_clean_first' from command line to 'False'
[0.551s] Level 5:colcon.colcon_core.verb:set package 'color_detection' build argument 'cmake_force_configure' from command line to 'False'
[0.551s] Level 5:colcon.colcon_core.verb:set package 'color_detection' build argument 'ament_cmake_args' from command line to 'None'
[0.551s] Level 5:colcon.colcon_core.verb:set package 'color_detection' build argument 'catkin_cmake_args' from command line to 'None'
[0.551s] Level 5:colcon.colcon_core.verb:set package 'color_detection' build argument 'catkin_skip_building_tests' from command line to 'False'
[0.551s] DEBUG:colcon.colcon_core.verb:Building package 'color_detection' with the following arguments: {'ament_cmake_args': None, 'build_base': '/home/choi/angchicken_ros2_ws/build/color_detection', 'catkin_cmake_args': None, 'catkin_skip_building_tests': False, 'cmake_args': None, 'cmake_clean_cache': False, 'cmake_clean_first': False, 'cmake_force_configure': False, 'cmake_target': None, 'cmake_target_skip_unavailable': False, 'install_base': '/home/choi/angchicken_ros2_ws/install/color_detection', 'merge_install': False, 'path': '/home/choi/angchicken_ros2_ws/src/color_detection', 'symlink_install': True, 'test_result_base': None}
[0.553s] Level 5:colcon.colcon_core.verb:set package 'lane_detection_py' build argument 'cmake_args' from command line to 'None'
[0.553s] Level 5:colcon.colcon_core.verb:set package 'lane_detection_py' build argument 'cmake_target' from command line to 'None'
[0.553s] Level 5:colcon.colcon_core.verb:set package 'lane_detection_py' build argument 'cmake_target_skip_unavailable' from command line to 'False'
[0.553s] Level 5:colcon.colcon_core.verb:set package 'lane_detection_py' build argument 'cmake_clean_cache' from command line to 'False'
[0.553s] Level 5:colcon.colcon_core.verb:set package 'lane_detection_py' build argument 'cmake_clean_first' from command line to 'False'
[0.553s] Level 5:colcon.colcon_core.verb:set package 'lane_detection_py' build argument 'cmake_force_configure' from command line to 'False'
[0.553s] Level 5:colcon.colcon_core.verb:set package 'lane_detection_py' build argument 'ament_cmake_args' from command line to 'None'
[0.553s] Level 5:colcon.colcon_core.verb:set package 'lane_detection_py' build argument 'catkin_cmake_args' from command line to 'None'
[0.553s] Level 5:colcon.colcon_core.verb:set package 'lane_detection_py' build argument 'catkin_skip_building_tests' from command line to 'False'
[0.553s] DEBUG:colcon.colcon_core.verb:Building package 'lane_detection_py' with the following arguments: {'ament_cmake_args': None, 'build_base': '/home/choi/angchicken_ros2_ws/build/lane_detection_py', 'catkin_cmake_args': None, 'catkin_skip_building_tests': False, 'cmake_args': None, 'cmake_clean_cache': False, 'cmake_clean_first': False, 'cmake_force_configure': False, 'cmake_target': None, 'cmake_target_skip_unavailable': False, 'install_base': '/home/choi/angchicken_ros2_ws/install/lane_detection_py', 'merge_install': False, 'path': '/home/choi/angchicken_ros2_ws/src/lane_detection_py', 'symlink_install': True, 'test_result_base': None}
[0.554s] Level 5:colcon.colcon_core.verb:set package 'lidar_pkg' build argument 'cmake_args' from command line to 'None'
[0.554s] Level 5:colcon.colcon_core.verb:set package 'lidar_pkg' build argument 'cmake_target' from command line to 'None'
[0.554s] Level 5:colcon.colcon_core.verb:set package 'lidar_pkg' build argument 'cmake_target_skip_unavailable' from command line to 'False'
[0.555s] Level 5:colcon.colcon_core.verb:set package 'lidar_pkg' build argument 'cmake_clean_cache' from command line to 'False'
[0.555s] Level 5:colcon.colcon_core.verb:set package 'lidar_pkg' build argument 'cmake_clean_first' from command line to 'False'
[0.555s] Level 5:colcon.colcon_core.verb:set package 'lidar_pkg' build argument 'cmake_force_configure' from command line to 'False'
[0.555s] Level 5:colcon.colcon_core.verb:set package 'lidar_pkg' build argument 'ament_cmake_args' from command line to 'None'
[0.555s] Level 5:colcon.colcon_core.verb:set package 'lidar_pkg' build argument 'catkin_cmake_args' from command line to 'None'
[0.555s] Level 5:colcon.colcon_core.verb:set package 'lidar_pkg' build argument 'catkin_skip_building_tests' from command line to 'False'
[0.555s] DEBUG:colcon.colcon_core.verb:Building package 'lidar_pkg' with the following arguments: {'ament_cmake_args': None, 'build_base': '/home/choi/angchicken_ros2_ws/build/lidar_pkg', 'catkin_cmake_args': None, 'catkin_skip_building_tests': False, 'cmake_args': None, 'cmake_clean_cache': False, 'cmake_clean_first': False, 'cmake_force_configure': False, 'cmake_target': None, 'cmake_target_skip_unavailable': False, 'install_base': '/home/choi/angchicken_ros2_ws/install/lidar_pkg', 'merge_install': False, 'path': '/home/choi/angchicken_ros2_ws/src/lidar_pkg', 'symlink_install': True, 'test_result_base': None}
[0.556s] Level 5:colcon.colcon_core.verb:set package 'line_following_bot' build argument 'cmake_args' from command line to 'None'
[0.556s] Level 5:colcon.colcon_core.verb:set package 'line_following_bot' build argument 'cmake_target' from command line to 'None'
[0.556s] Level 5:colcon.colcon_core.verb:set package 'line_following_bot' build argument 'cmake_target_skip_unavailable' from command line to 'False'
[0.556s] Level 5:colcon.colcon_core.verb:set package 'line_following_bot' build argument 'cmake_clean_cache' from command line to 'False'
[0.556s] Level 5:colcon.colcon_core.verb:set package 'line_following_bot' build argument 'cmake_clean_first' from command line to 'False'
[0.556s] Level 5:colcon.colcon_core.verb:set package 'line_following_bot' build argument 'cmake_force_configure' from command line to 'False'
[0.556s] Level 5:colcon.colcon_core.verb:set package 'line_following_bot' build argument 'ament_cmake_args' from command line to 'None'
[0.556s] Level 5:colcon.colcon_core.verb:set package 'line_following_bot' build argument 'catkin_cmake_args' from command line to 'None'
[0.556s] Level 5:colcon.colcon_core.verb:set package 'line_following_bot' build argument 'catkin_skip_building_tests' from command line to 'False'
[0.556s] DEBUG:colcon.colcon_core.verb:Building package 'line_following_bot' with the following arguments: {'ament_cmake_args': None, 'build_base': '/home/choi/angchicken_ros2_ws/build/line_following_bot', 'catkin_cmake_args': None, 'catkin_skip_building_tests': False, 'cmake_args': None, 'cmake_clean_cache': False, 'cmake_clean_first': False, 'cmake_force_configure': False, 'cmake_target': None, 'cmake_target_skip_unavailable': False, 'install_base': '/home/choi/angchicken_ros2_ws/install/line_following_bot', 'merge_install': False, 'path': '/home/choi/angchicken_ros2_ws/src/line_following_bot', 'symlink_install': True, 'test_result_base': None}
[0.558s] Level 5:colcon.colcon_core.verb:set package 'move_py' build argument 'cmake_args' from command line to 'None'
[0.558s] Level 5:colcon.colcon_core.verb:set package 'move_py' build argument 'cmake_target' from command line to 'None'
[0.558s] Level 5:colcon.colcon_core.verb:set package 'move_py' build argument 'cmake_target_skip_unavailable' from command line to 'False'
[0.558s] Level 5:colcon.colcon_core.verb:set package 'move_py' build argument 'cmake_clean_cache' from command line to 'False'
[0.558s] Level 5:colcon.colcon_core.verb:set package 'move_py' build argument 'cmake_clean_first' from command line to 'False'
[0.558s] Level 5:colcon.colcon_core.verb:set package 'move_py' build argument 'cmake_force_configure' from command line to 'False'
[0.558s] Level 5:colcon.colcon_core.verb:set package 'move_py' build argument 'ament_cmake_args' from command line to 'None'
[0.558s] Level 5:colcon.colcon_core.verb:set package 'move_py' build argument 'catkin_cmake_args' from command line to 'None'
[0.558s] Level 5:colcon.colcon_core.verb:set package 'move_py' build argument 'catkin_skip_building_tests' from command line to 'False'
[0.558s] DEBUG:colcon.colcon_core.verb:Building package 'move_py' with the following arguments: {'ament_cmake_args': None, 'build_base': '/home/choi/angchicken_ros2_ws/build/move_py', 'catkin_cmake_args': None, 'catkin_skip_building_tests': False, 'cmake_args': None, 'cmake_clean_cache': False, 'cmake_clean_first': False, 'cmake_force_configure': False, 'cmake_target': None, 'cmake_target_skip_unavailable': False, 'install_base': '/home/choi/angchicken_ros2_ws/install/move_py', 'merge_install': False, 'path': '/home/choi/angchicken_ros2_ws/src/move_py', 'symlink_install': True, 'test_result_base': None}
[0.559s] Level 5:colcon.colcon_core.verb:set package 'my_bot' build argument 'cmake_args' from command line to 'None'
[0.559s] Level 5:colcon.colcon_core.verb:set package 'my_bot' build argument 'cmake_target' from command line to 'None'
[0.559s] Level 5:colcon.colcon_core.verb:set package 'my_bot' build argument 'cmake_target_skip_unavailable' from command line to 'False'
[0.559s] Level 5:colcon.colcon_core.verb:set package 'my_bot' build argument 'cmake_clean_cache' from command line to 'False'
[0.559s] Level 5:colcon.colcon_core.verb:set package 'my_bot' build argument 'cmake_clean_first' from command line to 'False'
[0.560s] Level 5:colcon.colcon_core.verb:set package 'my_bot' build argument 'cmake_force_configure' from command line to 'False'
[0.560s] Level 5:colcon.colcon_core.verb:set package 'my_bot' build argument 'ament_cmake_args' from command line to 'None'
[0.560s] Level 5:colcon.colcon_core.verb:set package 'my_bot' build argument 'catkin_cmake_args' from command line to 'None'
[0.560s] Level 5:colcon.colcon_core.verb:set package 'my_bot' build argument 'catkin_skip_building_tests' from command line to 'False'
[0.560s] DEBUG:colcon.colcon_core.verb:Building package 'my_bot' with the following arguments: {'ament_cmake_args': None, 'build_base': '/home/choi/angchicken_ros2_ws/build/my_bot', 'catkin_cmake_args': None, 'catkin_skip_building_tests': False, 'cmake_args': None, 'cmake_clean_cache': False, 'cmake_clean_first': False, 'cmake_force_configure': False, 'cmake_target': None, 'cmake_target_skip_unavailable': False, 'install_base': '/home/choi/angchicken_ros2_ws/install/my_bot', 'merge_install': False, 'path': '/home/choi/angchicken_ros2_ws/src/my_bot', 'symlink_install': True, 'test_result_base': None}
[0.561s] Level 5:colcon.colcon_core.verb:set package 'pump_track' build argument 'cmake_args' from command line to 'None'
[0.561s] Level 5:colcon.colcon_core.verb:set package 'pump_track' build argument 'cmake_target' from command line to 'None'
[0.561s] Level 5:colcon.colcon_core.verb:set package 'pump_track' build argument 'cmake_target_skip_unavailable' from command line to 'False'
[0.561s] Level 5:colcon.colcon_core.verb:set package 'pump_track' build argument 'cmake_clean_cache' from command line to 'False'
[0.561s] Level 5:colcon.colcon_core.verb:set package 'pump_track' build argument 'cmake_clean_first' from command line to 'False'
[0.561s] Level 5:colcon.colcon_core.verb:set package 'pump_track' build argument 'cmake_force_configure' from command line to 'False'
[0.561s] Level 5:colcon.colcon_core.verb:set package 'pump_track' build argument 'ament_cmake_args' from command line to 'None'
[0.561s] Level 5:colcon.colcon_core.verb:set package 'pump_track' build argument 'catkin_cmake_args' from command line to 'None'
[0.561s] Level 5:colcon.colcon_core.verb:set package 'pump_track' build argument 'catkin_skip_building_tests' from command line to 'False'
[0.561s] DEBUG:colcon.colcon_core.verb:Building package 'pump_track' with the following arguments: {'ament_cmake_args': None, 'build_base': '/home/choi/angchicken_ros2_ws/build/pump_track', 'catkin_cmake_args': None, 'catkin_skip_building_tests': False, 'cmake_args': None, 'cmake_clean_cache': False, 'cmake_clean_first': False, 'cmake_force_configure': False, 'cmake_target': None, 'cmake_target_skip_unavailable': False, 'install_base': '/home/choi/angchicken_ros2_ws/install/pump_track', 'merge_install': False, 'path': '/home/choi/angchicken_ros2_ws/src/pump_track', 'symlink_install': True, 'test_result_base': None}
[0.563s] Level 5:colcon.colcon_core.verb:set package 'text_detection' build argument 'cmake_args' from command line to 'None'
[0.563s] Level 5:colcon.colcon_core.verb:set package 'text_detection' build argument 'cmake_target' from command line to 'None'
[0.563s] Level 5:colcon.colcon_core.verb:set package 'text_detection' build argument 'cmake_target_skip_unavailable' from command line to 'False'
[0.563s] Level 5:colcon.colcon_core.verb:set package 'text_detection' build argument 'cmake_clean_cache' from command line to 'False'
[0.563s] Level 5:colcon.colcon_core.verb:set package 'text_detection' build argument 'cmake_clean_first' from command line to 'False'
[0.563s] Level 5:colcon.colcon_core.verb:set package 'text_detection' build argument 'cmake_force_configure' from command line to 'False'
[0.563s] Level 5:colcon.colcon_core.verb:set package 'text_detection' build argument 'ament_cmake_args' from command line to 'None'
[0.563s] Level 5:colcon.colcon_core.verb:set package 'text_detection' build argument 'catkin_cmake_args' from command line to 'None'
[0.563s] Level 5:colcon.colcon_core.verb:set package 'text_detection' build argument 'catkin_skip_building_tests' from command line to 'False'
[0.563s] DEBUG:colcon.colcon_core.verb:Building package 'text_detection' with the following arguments: {'ament_cmake_args': None, 'build_base': '/home/choi/angchicken_ros2_ws/build/text_detection', 'catkin_cmake_args': None, 'catkin_skip_building_tests': False, 'cmake_args': None, 'cmake_clean_cache': False, 'cmake_clean_first': False, 'cmake_force_configure': False, 'cmake_target': None, 'cmake_target_skip_unavailable': False, 'install_base': '/home/choi/angchicken_ros2_ws/install/text_detection', 'merge_install': False, 'path': '/home/choi/angchicken_ros2_ws/src/text_detection', 'symlink_install': True, 'test_result_base': None}
[0.564s] INFO:colcon.colcon_core.executor:Executing jobs using 'parallel' executor
[0.570s] DEBUG:colcon.colcon_parallel_executor.executor.parallel:run_until_complete
[0.570s] INFO:colcon.colcon_ros.task.ament_python.build:Building ROS package in '/home/choi/angchicken_ros2_ws/src/color_detection' with build type 'ament_python'
[0.571s] Level 1:colcon.colcon_core.shell:create_environment_hook('color_detection', 'ament_prefix_path')
[0.577s] INFO:colcon.colcon_core.plugin_system:Skipping extension 'colcon_core.shell.bat': Not used on non-Windows systems
[0.577s] INFO:colcon.colcon_core.shell:Creating environment hook '/home/choi/angchicken_ros2_ws/install/color_detection/share/color_detection/hook/ament_prefix_path.ps1'
[0.578s] INFO:colcon.colcon_core.shell:Creating environment descriptor '/home/choi/angchicken_ros2_ws/install/color_detection/share/color_detection/hook/ament_prefix_path.dsv'
[0.578s] INFO:colcon.colcon_core.shell:Creating environment hook '/home/choi/angchicken_ros2_ws/install/color_detection/share/color_detection/hook/ament_prefix_path.sh'
[0.581s] INFO:colcon.colcon_core.shell:Skip shell extension 'powershell' for command environment: Not usable outside of PowerShell
[0.581s] DEBUG:colcon.colcon_core.shell:Skip shell extension 'dsv' for command environment
[0.592s] INFO:colcon.colcon_ros.task.ament_python.build:Building ROS package in '/home/choi/angchicken_ros2_ws/src/lane_detection_py' with build type 'ament_python'
[0.593s] Level 1:colcon.colcon_core.shell:create_environment_hook('lane_detection_py', 'ament_prefix_path')
[0.597s] INFO:colcon.colcon_core.shell:Creating environment hook '/home/choi/angchicken_ros2_ws/install/lane_detection_py/share/lane_detection_py/hook/ament_prefix_path.ps1'
[0.598s] INFO:colcon.colcon_core.shell:Creating environment descriptor '/home/choi/angchicken_ros2_ws/install/lane_detection_py/share/lane_detection_py/hook/ament_prefix_path.dsv'
[0.599s] INFO:colcon.colcon_core.shell:Creating environment hook '/home/choi/angchicken_ros2_ws/install/lane_detection_py/share/lane_detection_py/hook/ament_prefix_path.sh'
[0.602s] INFO:colcon.colcon_core.shell:Skip shell extension 'powershell' for command environment: Not usable outside of PowerShell
[0.602s] DEBUG:colcon.colcon_core.shell:Skip shell extension 'dsv' for command environment
[0.613s] INFO:colcon.colcon_ros.task.ament_cmake.build:Building ROS package in '/home/choi/angchicken_ros2_ws/src/lidar_pkg' with build type 'ament_cmake'
[0.614s] INFO:colcon.colcon_cmake.task.cmake.build:Building CMake package in '/home/choi/angchicken_ros2_ws/src/lidar_pkg'
[0.617s] INFO:colcon.colcon_core.shell:Skip shell extension 'powershell' for command environment: Not usable outside of PowerShell
[0.617s] DEBUG:colcon.colcon_core.shell:Skip shell extension 'dsv' for command environment
[0.630s] INFO:colcon.colcon_ros.task.ament_python.build:Building ROS package in '/home/choi/angchicken_ros2_ws/src/line_following_bot' with build type 'ament_python'
[0.630s] Level 1:colcon.colcon_core.shell:create_environment_hook('line_following_bot', 'ament_prefix_path')
[0.634s] INFO:colcon.colcon_core.shell:Creating environment hook '/home/choi/angchicken_ros2_ws/install/line_following_bot/share/line_following_bot/hook/ament_prefix_path.ps1'
[0.635s] INFO:colcon.colcon_core.shell:Creating environment descriptor '/home/choi/angchicken_ros2_ws/install/line_following_bot/share/line_following_bot/hook/ament_prefix_path.dsv'
[0.635s] INFO:colcon.colcon_core.shell:Creating environment hook '/home/choi/angchicken_ros2_ws/install/line_following_bot/share/line_following_bot/hook/ament_prefix_path.sh'
[0.638s] INFO:colcon.colcon_core.shell:Skip shell extension 'powershell' for command environment: Not usable outside of PowerShell
[0.638s] DEBUG:colcon.colcon_core.shell:Skip shell extension 'dsv' for command environment
[0.941s] INFO:colcon.colcon_core.task.python.build:Building Python package in '/home/choi/angchicken_ros2_ws/src/color_detection'
[0.944s] INFO:colcon.colcon_core.shell:Skip shell extension 'powershell' for command environment: Not usable outside of PowerShell
[0.944s] DEBUG:colcon.colcon_core.shell:Skip shell extension 'dsv' for command environment
[1.242s] INFO:colcon.colcon_core.task.python.build:Building Python package in '/home/choi/angchicken_ros2_ws/src/lane_detection_py'
[1.246s] INFO:colcon.colcon_core.shell:Skip shell extension 'powershell' for command environment: Not usable outside of PowerShell
[1.246s] DEBUG:colcon.colcon_core.shell:Skip shell extension 'dsv' for command environment
[1.261s] DEBUG:colcon.colcon_core.event_handler.log_command:Invoking command in '/home/choi/angchicken_ros2_ws/build/lidar_pkg': CMAKE_PREFIX_PATH=${CMAKE_PREFIX_PATH}:/home/choi/angchicken_ros2_ws/install/text_detection:/home/choi/angchicken_ros2_ws/install/pump_track:/home/choi/angchicken_ros2_ws/install/move_py:/home/choi/angchicken_ros2_ws/install/line_following_bot:/home/choi/angchicken_ros2_ws/install/lane_detection_py:/home/choi/angchicken_ros2_ws/install/lane_detection_pkg:/home/choi/angchicken_ros2_ws/install/color_detection:/home/choi/my_bot_ws/install/two_wheel_demo:/home/choi/my_bot_ws/install/ros2_control_test_nodes:/home/choi/my_bot_ws/install/py_pubsub:/home/choi/my_bot_ws/install/pump_track:/home/choi/my_bot_ws/install/odrive_driver:/home/choi/my_bot_ws/install/joy_tester:/home/choi/my_bot_ws/install/diffbot_control_node:/home/choi/my_bot_ws/install/cv_basics:/opt/ros/foxy /home/choi/.local/bin/cmake --build /home/choi/angchicken_ros2_ws/build/lidar_pkg -- -j4 -l4
[1.563s] INFO:colcon.colcon_core.task.python.build:Building Python package in '/home/choi/angchicken_ros2_ws/src/line_following_bot'
[1.566s] INFO:colcon.colcon_core.shell:Skip shell extension 'powershell' for command environment: Not usable outside of PowerShell
[1.567s] DEBUG:colcon.colcon_core.shell:Skip shell extension 'dsv' for command environment
[1.590s] DEBUG:colcon.colcon_core.event_handler.log_command:Invoked command in '/home/choi/angchicken_ros2_ws/build/lidar_pkg' returned '0': CMAKE_PREFIX_PATH=${CMAKE_PREFIX_PATH}:/home/choi/angchicken_ros2_ws/install/text_detection:/home/choi/angchicken_ros2_ws/install/pump_track:/home/choi/angchicken_ros2_ws/install/move_py:/home/choi/angchicken_ros2_ws/install/line_following_bot:/home/choi/angchicken_ros2_ws/install/lane_detection_py:/home/choi/angchicken_ros2_ws/install/lane_detection_pkg:/home/choi/angchicken_ros2_ws/install/color_detection:/home/choi/my_bot_ws/install/two_wheel_demo:/home/choi/my_bot_ws/install/ros2_control_test_nodes:/home/choi/my_bot_ws/install/py_pubsub:/home/choi/my_bot_ws/install/pump_track:/home/choi/my_bot_ws/install/odrive_driver:/home/choi/my_bot_ws/install/joy_tester:/home/choi/my_bot_ws/install/diffbot_control_node:/home/choi/my_bot_ws/install/cv_basics:/opt/ros/foxy /home/choi/.local/bin/cmake --build /home/choi/angchicken_ros2_ws/build/lidar_pkg -- -j4 -l4
[1.716s] DEBUG:colcon.colcon_core.event_handler.log_command:Invoking command in '/home/choi/angchicken_ros2_ws/build/lidar_pkg': CMAKE_PREFIX_PATH=${CMAKE_PREFIX_PATH}:/home/choi/angchicken_ros2_ws/install/text_detection:/home/choi/angchicken_ros2_ws/install/pump_track:/home/choi/angchicken_ros2_ws/install/move_py:/home/choi/angchicken_ros2_ws/install/line_following_bot:/home/choi/angchicken_ros2_ws/install/lane_detection_py:/home/choi/angchicken_ros2_ws/install/lane_detection_pkg:/home/choi/angchicken_ros2_ws/install/color_detection:/home/choi/my_bot_ws/install/two_wheel_demo:/home/choi/my_bot_ws/install/ros2_control_test_nodes:/home/choi/my_bot_ws/install/py_pubsub:/home/choi/my_bot_ws/install/pump_track:/home/choi/my_bot_ws/install/odrive_driver:/home/choi/my_bot_ws/install/joy_tester:/home/choi/my_bot_ws/install/diffbot_control_node:/home/choi/my_bot_ws/install/cv_basics:/opt/ros/foxy /home/choi/.local/bin/cmake --install /home/choi/angchicken_ros2_ws/build/lidar_pkg
[1.777s] Level 1:colcon.colcon_core.environment:create_environment_scripts_only(lidar_pkg)
[1.784s] DEBUG:colcon.colcon_core.event_handler.log_command:Invoked command in '/home/choi/angchicken_ros2_ws/build/lidar_pkg' returned '0': CMAKE_PREFIX_PATH=${CMAKE_PREFIX_PATH}:/home/choi/angchicken_ros2_ws/install/text_detection:/home/choi/angchicken_ros2_ws/install/pump_track:/home/choi/angchicken_ros2_ws/install/move_py:/home/choi/angchicken_ros2_ws/install/line_following_bot:/home/choi/angchicken_ros2_ws/install/lane_detection_py:/home/choi/angchicken_ros2_ws/install/lane_detection_pkg:/home/choi/angchicken_ros2_ws/install/color_detection:/home/choi/my_bot_ws/install/two_wheel_demo:/home/choi/my_bot_ws/install/ros2_control_test_nodes:/home/choi/my_bot_ws/install/py_pubsub:/home/choi/my_bot_ws/install/pump_track:/home/choi/my_bot_ws/install/odrive_driver:/home/choi/my_bot_ws/install/joy_tester:/home/choi/my_bot_ws/install/diffbot_control_node:/home/choi/my_bot_ws/install/cv_basics:/opt/ros/foxy /home/choi/.local/bin/cmake --install /home/choi/angchicken_ros2_ws/build/lidar_pkg
[1.786s] Level 1:colcon.colcon_core.environment:checking '/home/choi/angchicken_ros2_ws/install/lidar_pkg' for CMake module files
[1.786s] Level 1:colcon.colcon_core.environment:checking '/home/choi/angchicken_ros2_ws/install/lidar_pkg' for CMake config files
[1.787s] Level 1:colcon.colcon_core.shell:create_environment_hook('lidar_pkg', 'cmake_prefix_path')
[1.789s] INFO:colcon.colcon_core.shell:Creating environment hook '/home/choi/angchicken_ros2_ws/install/lidar_pkg/share/lidar_pkg/hook/cmake_prefix_path.ps1'
[1.790s] INFO:colcon.colcon_core.shell:Creating environment descriptor '/home/choi/angchicken_ros2_ws/install/lidar_pkg/share/lidar_pkg/hook/cmake_prefix_path.dsv'
[1.790s] INFO:colcon.colcon_core.shell:Creating environment hook '/home/choi/angchicken_ros2_ws/install/lidar_pkg/share/lidar_pkg/hook/cmake_prefix_path.sh'
[1.791s] Level 1:colcon.colcon_core.environment:checking '/home/choi/angchicken_ros2_ws/install/lidar_pkg/lib'
[1.791s] Level 1:colcon.colcon_core.environment:checking '/home/choi/angchicken_ros2_ws/install/lidar_pkg/bin'
[1.791s] Level 1:colcon.colcon_core.environment:checking '/home/choi/angchicken_ros2_ws/install/lidar_pkg/lib/pkgconfig/lidar_pkg.pc'
[1.791s] Level 1:colcon.colcon_core.environment:checking '/home/choi/angchicken_ros2_ws/install/lidar_pkg/lib/python3.8/site-packages'
[1.791s] Level 1:colcon.colcon_core.environment:checking '/home/choi/angchicken_ros2_ws/install/lidar_pkg/bin'
[1.794s] INFO:colcon.colcon_core.shell:Creating package script '/home/choi/angchicken_ros2_ws/install/lidar_pkg/share/lidar_pkg/package.ps1'
[1.795s] INFO:colcon.colcon_core.shell:Creating package descriptor '/home/choi/angchicken_ros2_ws/install/lidar_pkg/share/lidar_pkg/package.dsv'
[1.795s] INFO:colcon.colcon_core.shell:Creating package script '/home/choi/angchicken_ros2_ws/install/lidar_pkg/share/lidar_pkg/package.sh'
[1.796s] INFO:colcon.colcon_core.shell:Creating package script '/home/choi/angchicken_ros2_ws/install/lidar_pkg/share/lidar_pkg/package.bash'
[1.797s] INFO:colcon.colcon_core.shell:Creating package script '/home/choi/angchicken_ros2_ws/install/lidar_pkg/share/lidar_pkg/package.zsh'
[1.797s] Level 1:colcon.colcon_core.environment:create_file_with_runtime_dependencies(/home/choi/angchicken_ros2_ws/install/lidar_pkg/share/colcon-core/packages/lidar_pkg)
[1.880s] Level 1:colcon.colcon_core.environment:create_environment_scripts_only(lidar_pkg)
[1.885s] Level 1:colcon.colcon_core.environment:checking '/home/choi/angchicken_ros2_ws/install/lidar_pkg' for CMake module files
[1.885s] Level 1:colcon.colcon_core.environment:checking '/home/choi/angchicken_ros2_ws/install/lidar_pkg' for CMake config files
[1.886s] Level 1:colcon.colcon_core.shell:create_environment_hook('lidar_pkg', 'cmake_prefix_path')
[1.889s] INFO:colcon.colcon_core.shell:Creating environment hook '/home/choi/angchicken_ros2_ws/install/lidar_pkg/share/lidar_pkg/hook/cmake_prefix_path.ps1'
[1.889s] INFO:colcon.colcon_core.shell:Creating environment descriptor '/home/choi/angchicken_ros2_ws/install/lidar_pkg/share/lidar_pkg/hook/cmake_prefix_path.dsv'
[1.890s] INFO:colcon.colcon_core.shell:Creating environment hook '/home/choi/angchicken_ros2_ws/install/lidar_pkg/share/lidar_pkg/hook/cmake_prefix_path.sh'
[1.890s] Level 1:colcon.colcon_core.environment:checking '/home/choi/angchicken_ros2_ws/install/lidar_pkg/lib'
[1.890s] Level 1:colcon.colcon_core.environment:checking '/home/choi/angchicken_ros2_ws/install/lidar_pkg/bin'
[1.890s] Level 1:colcon.colcon_core.environment:checking '/home/choi/angchicken_ros2_ws/install/lidar_pkg/lib/pkgconfig/lidar_pkg.pc'
[1.891s] Level 1:colcon.colcon_core.environment:checking '/home/choi/angchicken_ros2_ws/install/lidar_pkg/lib/python3.8/site-packages'
[1.891s] Level 1:colcon.colcon_core.environment:checking '/home/choi/angchicken_ros2_ws/install/lidar_pkg/bin'
[1.894s] INFO:colcon.colcon_core.shell:Creating package script '/home/choi/angchicken_ros2_ws/install/lidar_pkg/share/lidar_pkg/package.ps1'
[1.894s] INFO:colcon.colcon_core.shell:Creating package descriptor '/home/choi/angchicken_ros2_ws/install/lidar_pkg/share/lidar_pkg/package.dsv'
[1.895s] INFO:colcon.colcon_core.shell:Creating package script '/home/choi/angchicken_ros2_ws/install/lidar_pkg/share/lidar_pkg/package.sh'
[1.895s] INFO:colcon.colcon_core.shell:Creating package script '/home/choi/angchicken_ros2_ws/install/lidar_pkg/share/lidar_pkg/package.bash'
[1.895s] INFO:colcon.colcon_core.shell:Creating package script '/home/choi/angchicken_ros2_ws/install/lidar_pkg/share/lidar_pkg/package.zsh'
[1.896s] Level 1:colcon.colcon_core.environment:create_file_with_runtime_dependencies(/home/choi/angchicken_ros2_ws/install/lidar_pkg/share/colcon-core/packages/lidar_pkg)
[1.897s] INFO:colcon.colcon_ros.task.ament_python.build:Building ROS package in '/home/choi/angchicken_ros2_ws/src/move_py' with build type 'ament_python'
[1.897s] Level 1:colcon.colcon_core.shell:create_environment_hook('move_py', 'ament_prefix_path')
[1.900s] INFO:colcon.colcon_core.shell:Creating environment hook '/home/choi/angchicken_ros2_ws/install/move_py/share/move_py/hook/ament_prefix_path.ps1'
[1.900s] INFO:colcon.colcon_core.shell:Creating environment descriptor '/home/choi/angchicken_ros2_ws/install/move_py/share/move_py/hook/ament_prefix_path.dsv'
[1.900s] INFO:colcon.colcon_core.shell:Creating environment hook '/home/choi/angchicken_ros2_ws/install/move_py/share/move_py/hook/ament_prefix_path.sh'
[1.905s] INFO:colcon.colcon_core.shell:Skip shell extension 'powershell' for command environment: Not usable outside of PowerShell
[1.905s] DEBUG:colcon.colcon_core.shell:Skip shell extension 'dsv' for command environment
[2.229s] INFO:colcon.colcon_core.task.python.build:Building Python package in '/home/choi/angchicken_ros2_ws/src/move_py'
[2.232s] INFO:colcon.colcon_core.shell:Skip shell extension 'powershell' for command environment: Not usable outside of PowerShell
[2.232s] DEBUG:colcon.colcon_core.shell:Skip shell extension 'dsv' for command environment
[2.249s] DEBUG:colcon.colcon_core.event_handler.log_command:Invoking command in '/home/choi/angchicken_ros2_ws/build/color_detection': PYTHONPATH=/home/choi/angchicken_ros2_ws/build/color_detection/prefix_override:/home/choi/angchicken_ros2_ws/install/color_detection/lib/python3.8/site-packages:${PYTHONPATH} /usr/bin/python3 setup.py develop --editable --build-directory /home/choi/angchicken_ros2_ws/build/color_detection/build --no-deps install_data
[2.255s] DEBUG:colcon.colcon_core.event_handler.log_command:Invoking command in '/home/choi/angchicken_ros2_ws/build/lane_detection_py': PYTHONPATH=/home/choi/angchicken_ros2_ws/build/lane_detection_py/prefix_override:/home/choi/angchicken_ros2_ws/install/lane_detection_py/lib/python3.8/site-packages:${PYTHONPATH} /usr/bin/python3 setup.py develop --editable --build-directory /home/choi/angchicken_ros2_ws/build/lane_detection_py/build --no-deps install_data
[2.256s] DEBUG:colcon.colcon_core.event_handler.log_command:Invoking command in '/home/choi/angchicken_ros2_ws/build/line_following_bot': PYTHONPATH=/home/choi/angchicken_ros2_ws/build/line_following_bot/prefix_override:/home/choi/angchicken_ros2_ws/install/line_following_bot/lib/python3.8/site-packages:${PYTHONPATH} /usr/bin/python3 setup.py develop --editable --build-directory /home/choi/angchicken_ros2_ws/build/line_following_bot/build --no-deps install_data
[2.746s] DEBUG:colcon.colcon_core.event_handler.log_command:Invoking command in '/home/choi/angchicken_ros2_ws/build/move_py': PYTHONPATH=/home/choi/angchicken_ros2_ws/build/move_py/prefix_override:/home/choi/angchicken_ros2_ws/install/move_py/lib/python3.8/site-packages:${PYTHONPATH} /usr/bin/python3 setup.py develop --editable --build-directory /home/choi/angchicken_ros2_ws/build/move_py/build --no-deps install_data
[2.908s] Level 1:colcon.colcon_core.shell:create_environment_hook('lane_detection_py', 'pythonpath_develop')
[2.912s] INFO:colcon.colcon_core.shell:Creating environment hook '/home/choi/angchicken_ros2_ws/build/lane_detection_py/share/lane_detection_py/hook/pythonpath_develop.ps1'
[2.912s] DEBUG:colcon.colcon_core.event_handler.log_command:Invoked command in '/home/choi/angchicken_ros2_ws/build/lane_detection_py' returned '0': PYTHONPATH=/home/choi/angchicken_ros2_ws/build/lane_detection_py/prefix_override:/home/choi/angchicken_ros2_ws/install/lane_detection_py/lib/python3.8/site-packages:${PYTHONPATH} /usr/bin/python3 setup.py develop --editable --build-directory /home/choi/angchicken_ros2_ws/build/lane_detection_py/build --no-deps install_data
[2.914s] INFO:colcon.colcon_core.shell:Creating environment descriptor '/home/choi/angchicken_ros2_ws/build/lane_detection_py/share/lane_detection_py/hook/pythonpath_develop.dsv'
[2.914s] INFO:colcon.colcon_core.shell:Creating environment hook '/home/choi/angchicken_ros2_ws/build/lane_detection_py/share/lane_detection_py/hook/pythonpath_develop.sh'
[2.919s] Level 1:colcon.colcon_core.environment:checking '/home/choi/angchicken_ros2_ws/install/lane_detection_py' for CMake module files
[2.919s] Level 1:colcon.colcon_core.environment:checking '/home/choi/angchicken_ros2_ws/install/lane_detection_py' for CMake config files
[2.920s] Level 1:colcon.colcon_core.environment:checking '/home/choi/angchicken_ros2_ws/install/lane_detection_py/lib'
[2.920s] Level 1:colcon.colcon_core.environment:checking '/home/choi/angchicken_ros2_ws/install/lane_detection_py/bin'
[2.920s] Level 1:colcon.colcon_core.environment:checking '/home/choi/angchicken_ros2_ws/install/lane_detection_py/lib/pkgconfig/lane_detection_py.pc'
[2.920s] Level 1:colcon.colcon_core.environment:checking '/home/choi/angchicken_ros2_ws/install/lane_detection_py/lib/python3.8/site-packages'
[2.920s] Level 1:colcon.colcon_core.shell:create_environment_hook('lane_detection_py', 'pythonpath')
[2.923s] INFO:colcon.colcon_core.shell:Creating environment hook '/home/choi/angchicken_ros2_ws/install/lane_detection_py/share/lane_detection_py/hook/pythonpath.ps1'
[2.924s] INFO:colcon.colcon_core.shell:Creating environment descriptor '/home/choi/angchicken_ros2_ws/install/lane_detection_py/share/lane_detection_py/hook/pythonpath.dsv'
[2.924s] INFO:colcon.colcon_core.shell:Creating environment hook '/home/choi/angchicken_ros2_ws/install/lane_detection_py/share/lane_detection_py/hook/pythonpath.sh'
[2.924s] Level 1:colcon.colcon_core.environment:checking '/home/choi/angchicken_ros2_ws/install/lane_detection_py/bin'
[2.924s] Level 1:colcon.colcon_core.environment:create_environment_scripts_only(lane_detection_py)
[2.927s] INFO:colcon.colcon_core.shell:Creating package script '/home/choi/angchicken_ros2_ws/install/lane_detection_py/share/lane_detection_py/package.ps1'
[2.928s] INFO:colcon.colcon_core.shell:Creating package descriptor '/home/choi/angchicken_ros2_ws/install/lane_detection_py/share/lane_detection_py/package.dsv'
[2.929s] INFO:colcon.colcon_core.shell:Creating package script '/home/choi/angchicken_ros2_ws/install/lane_detection_py/share/lane_detection_py/package.sh'
[2.929s] INFO:colcon.colcon_core.shell:Creating package script '/home/choi/angchicken_ros2_ws/install/lane_detection_py/share/lane_detection_py/package.bash'
[2.929s] INFO:colcon.colcon_core.shell:Creating package script '/home/choi/angchicken_ros2_ws/install/lane_detection_py/share/lane_detection_py/package.zsh'
[2.930s] Level 1:colcon.colcon_core.environment:create_file_with_runtime_dependencies(/home/choi/angchicken_ros2_ws/install/lane_detection_py/share/colcon-core/packages/lane_detection_py)
[2.931s] INFO:colcon.colcon_ros.task.ament_cmake.build:Building ROS package in '/home/choi/angchicken_ros2_ws/src/my_bot' with build type 'ament_cmake'
[2.931s] INFO:colcon.colcon_cmake.task.cmake.build:Building CMake package in '/home/choi/angchicken_ros2_ws/src/my_bot'
[2.934s] INFO:colcon.colcon_core.shell:Skip shell extension 'powershell' for command environment: Not usable outside of PowerShell
[2.935s] DEBUG:colcon.colcon_core.shell:Skip shell extension 'dsv' for command environment
[2.951s] Level 1:colcon.colcon_core.shell:create_environment_hook('color_detection', 'pythonpath_develop')
[2.955s] INFO:colcon.colcon_core.shell:Creating environment hook '/home/choi/angchicken_ros2_ws/build/color_detection/share/color_detection/hook/pythonpath_develop.ps1'
[2.956s] DEBUG:colcon.colcon_core.event_handler.log_command:Invoked command in '/home/choi/angchicken_ros2_ws/build/color_detection' returned '0': PYTHONPATH=/home/choi/angchicken_ros2_ws/build/color_detection/prefix_override:/home/choi/angchicken_ros2_ws/install/color_detection/lib/python3.8/site-packages:${PYTHONPATH} /usr/bin/python3 setup.py develop --editable --build-directory /home/choi/angchicken_ros2_ws/build/color_detection/build --no-deps install_data
[2.956s] INFO:colcon.colcon_core.shell:Creating environment descriptor '/home/choi/angchicken_ros2_ws/build/color_detection/share/color_detection/hook/pythonpath_develop.dsv'
[2.957s] INFO:colcon.colcon_core.shell:Creating environment hook '/home/choi/angchicken_ros2_ws/build/color_detection/share/color_detection/hook/pythonpath_develop.sh'
[2.961s] Level 1:colcon.colcon_core.environment:checking '/home/choi/angchicken_ros2_ws/install/color_detection' for CMake module files
[2.961s] Level 1:colcon.colcon_core.environment:checking '/home/choi/angchicken_ros2_ws/install/color_detection' for CMake config files
[2.962s] Level 1:colcon.colcon_core.environment:checking '/home/choi/angchicken_ros2_ws/install/color_detection/lib'
[2.962s] Level 1:colcon.colcon_core.environment:checking '/home/choi/angchicken_ros2_ws/install/color_detection/bin'
[2.962s] Level 1:colcon.colcon_core.environment:checking '/home/choi/angchicken_ros2_ws/install/color_detection/lib/pkgconfig/color_detection.pc'
[2.962s] Level 1:colcon.colcon_core.environment:checking '/home/choi/angchicken_ros2_ws/install/color_detection/lib/python3.8/site-packages'
[2.963s] Level 1:colcon.colcon_core.shell:create_environment_hook('color_detection', 'pythonpath')
[2.965s] INFO:colcon.colcon_core.shell:Creating environment hook '/home/choi/angchicken_ros2_ws/install/color_detection/share/color_detection/hook/pythonpath.ps1'
[2.965s] INFO:colcon.colcon_core.shell:Creating environment descriptor '/home/choi/angchicken_ros2_ws/install/color_detection/share/color_detection/hook/pythonpath.dsv'
[2.966s] INFO:colcon.colcon_core.shell:Creating environment hook '/home/choi/angchicken_ros2_ws/install/color_detection/share/color_detection/hook/pythonpath.sh'
[2.966s] Level 1:colcon.colcon_core.environment:checking '/home/choi/angchicken_ros2_ws/install/color_detection/bin'
[2.966s] Level 1:colcon.colcon_core.environment:create_environment_scripts_only(color_detection)
[2.971s] INFO:colcon.colcon_core.shell:Creating package script '/home/choi/angchicken_ros2_ws/install/color_detection/share/color_detection/package.ps1'
[2.972s] INFO:colcon.colcon_core.shell:Creating package descriptor '/home/choi/angchicken_ros2_ws/install/color_detection/share/color_detection/package.dsv'
[2.973s] INFO:colcon.colcon_core.shell:Creating package script '/home/choi/angchicken_ros2_ws/install/color_detection/share/color_detection/package.sh'
[2.973s] INFO:colcon.colcon_core.shell:Creating package script '/home/choi/angchicken_ros2_ws/install/color_detection/share/color_detection/package.bash'
[2.974s] INFO:colcon.colcon_core.shell:Creating package script '/home/choi/angchicken_ros2_ws/install/color_detection/share/color_detection/package.zsh'
[2.974s] Level 1:colcon.colcon_core.environment:create_file_with_runtime_dependencies(/home/choi/angchicken_ros2_ws/install/color_detection/share/colcon-core/packages/color_detection)
[2.975s] INFO:colcon.colcon_ros.task.ament_python.build:Building ROS package in '/home/choi/angchicken_ros2_ws/src/pump_track' with build type 'ament_python'
[2.976s] Level 1:colcon.colcon_core.shell:create_environment_hook('pump_track', 'ament_prefix_path')
[2.978s] INFO:colcon.colcon_core.shell:Creating environment hook '/home/choi/angchicken_ros2_ws/install/pump_track/share/pump_track/hook/ament_prefix_path.ps1'
[2.979s] INFO:colcon.colcon_core.shell:Creating environment descriptor '/home/choi/angchicken_ros2_ws/install/pump_track/share/pump_track/hook/ament_prefix_path.dsv'
[2.979s] INFO:colcon.colcon_core.shell:Creating environment hook '/home/choi/angchicken_ros2_ws/install/pump_track/share/pump_track/hook/ament_prefix_path.sh'
[2.982s] INFO:colcon.colcon_core.shell:Skip shell extension 'powershell' for command environment: Not usable outside of PowerShell
[2.983s] DEBUG:colcon.colcon_core.shell:Skip shell extension 'dsv' for command environment
[2.995s] Level 1:colcon.colcon_core.shell:create_environment_hook('line_following_bot', 'pythonpath_develop')
[2.999s] INFO:colcon.colcon_core.shell:Creating environment hook '/home/choi/angchicken_ros2_ws/build/line_following_bot/share/line_following_bot/hook/pythonpath_develop.ps1'
[2.999s] DEBUG:colcon.colcon_core.event_handler.log_command:Invoked command in '/home/choi/angchicken_ros2_ws/build/line_following_bot' returned '0': PYTHONPATH=/home/choi/angchicken_ros2_ws/build/line_following_bot/prefix_override:/home/choi/angchicken_ros2_ws/install/line_following_bot/lib/python3.8/site-packages:${PYTHONPATH} /usr/bin/python3 setup.py develop --editable --build-directory /home/choi/angchicken_ros2_ws/build/line_following_bot/build --no-deps install_data
[3.000s] INFO:colcon.colcon_core.shell:Creating environment descriptor '/home/choi/angchicken_ros2_ws/build/line_following_bot/share/line_following_bot/hook/pythonpath_develop.dsv'
[3.001s] INFO:colcon.colcon_core.shell:Creating environment hook '/home/choi/angchicken_ros2_ws/build/line_following_bot/share/line_following_bot/hook/pythonpath_develop.sh'
[3.006s] Level 1:colcon.colcon_core.environment:checking '/home/choi/angchicken_ros2_ws/install/line_following_bot' for CMake module files
[3.006s] Level 1:colcon.colcon_core.environment:checking '/home/choi/angchicken_ros2_ws/install/line_following_bot' for CMake config files
[3.007s] Level 1:colcon.colcon_core.environment:checking '/home/choi/angchicken_ros2_ws/install/line_following_bot/lib'
[3.007s] Level 1:colcon.colcon_core.environment:checking '/home/choi/angchicken_ros2_ws/install/line_following_bot/bin'
[3.007s] Level 1:colcon.colcon_core.environment:checking '/home/choi/angchicken_ros2_ws/install/line_following_bot/lib/pkgconfig/line_following_bot.pc'
[3.007s] Level 1:colcon.colcon_core.environment:checking '/home/choi/angchicken_ros2_ws/install/line_following_bot/lib/python3.8/site-packages'
[3.007s] Level 1:colcon.colcon_core.shell:create_environment_hook('line_following_bot', 'pythonpath')
[3.010s] INFO:colcon.colcon_core.shell:Creating environment hook '/home/choi/angchicken_ros2_ws/install/line_following_bot/share/line_following_bot/hook/pythonpath.ps1'
[3.010s] INFO:colcon.colcon_core.shell:Creating environment descriptor '/home/choi/angchicken_ros2_ws/install/line_following_bot/share/line_following_bot/hook/pythonpath.dsv'
[3.011s] INFO:colcon.colcon_core.shell:Creating environment hook '/home/choi/angchicken_ros2_ws/install/line_following_bot/share/line_following_bot/hook/pythonpath.sh'
[3.011s] Level 1:colcon.colcon_core.environment:checking '/home/choi/angchicken_ros2_ws/install/line_following_bot/bin'
[3.011s] Level 1:colcon.colcon_core.environment:create_environment_scripts_only(line_following_bot)
[3.014s] INFO:colcon.colcon_core.shell:Creating package script '/home/choi/angchicken_ros2_ws/install/line_following_bot/share/line_following_bot/package.ps1'
[3.015s] INFO:colcon.colcon_core.shell:Creating package descriptor '/home/choi/angchicken_ros2_ws/install/line_following_bot/share/line_following_bot/package.dsv'
[3.015s] INFO:colcon.colcon_core.shell:Creating package script '/home/choi/angchicken_ros2_ws/install/line_following_bot/share/line_following_bot/package.sh'
[3.016s] INFO:colcon.colcon_core.shell:Creating package script '/home/choi/angchicken_ros2_ws/install/line_following_bot/share/line_following_bot/package.bash'
[3.016s] INFO:colcon.colcon_core.shell:Creating package script '/home/choi/angchicken_ros2_ws/install/line_following_bot/share/line_following_bot/package.zsh'
[3.016s] Level 1:colcon.colcon_core.environment:create_file_with_runtime_dependencies(/home/choi/angchicken_ros2_ws/install/line_following_bot/share/colcon-core/packages/line_following_bot)
[3.017s] INFO:colcon.colcon_ros.task.ament_python.build:Building ROS package in '/home/choi/angchicken_ros2_ws/src/text_detection' with build type 'ament_python'
[3.018s] Level 1:colcon.colcon_core.shell:create_environment_hook('text_detection', 'ament_prefix_path')
[3.020s] INFO:colcon.colcon_core.shell:Creating environment hook '/home/choi/angchicken_ros2_ws/install/text_detection/share/text_detection/hook/ament_prefix_path.ps1'
[3.021s] INFO:colcon.colcon_core.shell:Creating environment descriptor '/home/choi/angchicken_ros2_ws/install/text_detection/share/text_detection/hook/ament_prefix_path.dsv'
[3.021s] INFO:colcon.colcon_core.shell:Creating environment hook '/home/choi/angchicken_ros2_ws/install/text_detection/share/text_detection/hook/ament_prefix_path.sh'
[3.024s] INFO:colcon.colcon_core.shell:Skip shell extension 'powershell' for command environment: Not usable outside of PowerShell
[3.024s] DEBUG:colcon.colcon_core.shell:Skip shell extension 'dsv' for command environment
[3.048s] DEBUG:colcon.colcon_core.event_handler.log_command:Invoking command in '/home/choi/angchicken_ros2_ws/build/my_bot': CMAKE_PREFIX_PATH=${CMAKE_PREFIX_PATH}:/home/choi/angchicken_ros2_ws/install/text_detection:/home/choi/angchicken_ros2_ws/install/pump_track:/home/choi/angchicken_ros2_ws/install/move_py:/home/choi/angchicken_ros2_ws/install/line_following_bot:/home/choi/angchicken_ros2_ws/install/lane_detection_py:/home/choi/angchicken_ros2_ws/install/lane_detection_pkg:/home/choi/angchicken_ros2_ws/install/color_detection:/home/choi/my_bot_ws/install/two_wheel_demo:/home/choi/my_bot_ws/install/ros2_control_test_nodes:/home/choi/my_bot_ws/install/py_pubsub:/home/choi/my_bot_ws/install/pump_track:/home/choi/my_bot_ws/install/odrive_driver:/home/choi/my_bot_ws/install/joy_tester:/home/choi/my_bot_ws/install/diffbot_control_node:/home/choi/my_bot_ws/install/cv_basics:/opt/ros/foxy /home/choi/.local/bin/cmake --build /home/choi/angchicken_ros2_ws/build/my_bot -- -j4 -l4
[3.360s] INFO:colcon.colcon_core.task.python.build:Building Python package in '/home/choi/angchicken_ros2_ws/src/pump_track'
[3.363s] INFO:colcon.colcon_core.shell:Skip shell extension 'powershell' for command environment: Not usable outside of PowerShell
[3.363s] DEBUG:colcon.colcon_core.shell:Skip shell extension 'dsv' for command environment
[3.665s] INFO:colcon.colcon_core.task.python.build:Building Python package in '/home/choi/angchicken_ros2_ws/src/text_detection'
[3.668s] INFO:colcon.colcon_core.shell:Skip shell extension 'powershell' for command environment: Not usable outside of PowerShell
[3.668s] DEBUG:colcon.colcon_core.shell:Skip shell extension 'dsv' for command environment
[3.683s] DEBUG:colcon.colcon_core.event_handler.log_command:Invoked command in '/home/choi/angchicken_ros2_ws/build/my_bot' returned '0': CMAKE_PREFIX_PATH=${CMAKE_PREFIX_PATH}:/home/choi/angchicken_ros2_ws/install/text_detection:/home/choi/angchicken_ros2_ws/install/pump_track:/home/choi/angchicken_ros2_ws/install/move_py:/home/choi/angchicken_ros2_ws/install/line_following_bot:/home/choi/angchicken_ros2_ws/install/lane_detection_py:/home/choi/angchicken_ros2_ws/install/lane_detection_pkg:/home/choi/angchicken_ros2_ws/install/color_detection:/home/choi/my_bot_ws/install/two_wheel_demo:/home/choi/my_bot_ws/install/ros2_control_test_nodes:/home/choi/my_bot_ws/install/py_pubsub:/home/choi/my_bot_ws/install/pump_track:/home/choi/my_bot_ws/install/odrive_driver:/home/choi/my_bot_ws/install/joy_tester:/home/choi/my_bot_ws/install/diffbot_control_node:/home/choi/my_bot_ws/install/cv_basics:/opt/ros/foxy /home/choi/.local/bin/cmake --build /home/choi/angchicken_ros2_ws/build/my_bot -- -j4 -l4
[3.684s] Level 1:colcon.colcon_core.shell:create_environment_hook('move_py', 'pythonpath_develop')
[3.688s] INFO:colcon.colcon_core.shell:Creating environment hook '/home/choi/angchicken_ros2_ws/build/move_py/share/move_py/hook/pythonpath_develop.ps1'
[3.689s] DEBUG:colcon.colcon_core.event_handler.log_command:Invoked command in '/home/choi/angchicken_ros2_ws/build/move_py' returned '0': PYTHONPATH=/home/choi/angchicken_ros2_ws/build/move_py/prefix_override:/home/choi/angchicken_ros2_ws/install/move_py/lib/python3.8/site-packages:${PYTHONPATH} /usr/bin/python3 setup.py develop --editable --build-directory /home/choi/angchicken_ros2_ws/build/move_py/build --no-deps install_data
[3.689s] INFO:colcon.colcon_core.shell:Creating environment descriptor '/home/choi/angchicken_ros2_ws/build/move_py/share/move_py/hook/pythonpath_develop.dsv'
[3.689s] INFO:colcon.colcon_core.shell:Creating environment hook '/home/choi/angchicken_ros2_ws/build/move_py/share/move_py/hook/pythonpath_develop.sh'
[3.694s] Level 1:colcon.colcon_core.environment:checking '/home/choi/angchicken_ros2_ws/install/move_py' for CMake module files
[3.694s] Level 1:colcon.colcon_core.environment:checking '/home/choi/angchicken_ros2_ws/install/move_py' for CMake config files
[3.695s] Level 1:colcon.colcon_core.environment:checking '/home/choi/angchicken_ros2_ws/install/move_py/lib'
[3.695s] Level 1:colcon.colcon_core.environment:checking '/home/choi/angchicken_ros2_ws/install/move_py/bin'
[3.695s] Level 1:colcon.colcon_core.environment:checking '/home/choi/angchicken_ros2_ws/install/move_py/lib/pkgconfig/move_py.pc'
[3.695s] Level 1:colcon.colcon_core.environment:checking '/home/choi/angchicken_ros2_ws/install/move_py/lib/python3.8/site-packages'
[3.695s] Level 1:colcon.colcon_core.shell:create_environment_hook('move_py', 'pythonpath')
[3.698s] INFO:colcon.colcon_core.shell:Creating environment hook '/home/choi/angchicken_ros2_ws/install/move_py/share/move_py/hook/pythonpath.ps1'
[3.698s] INFO:colcon.colcon_core.shell:Creating environment descriptor '/home/choi/angchicken_ros2_ws/install/move_py/share/move_py/hook/pythonpath.dsv'
[3.699s] INFO:colcon.colcon_core.shell:Creating environment hook '/home/choi/angchicken_ros2_ws/install/move_py/share/move_py/hook/pythonpath.sh'
[3.699s] Level 1:colcon.colcon_core.environment:checking '/home/choi/angchicken_ros2_ws/install/move_py/bin'
[3.699s] Level 1:colcon.colcon_core.environment:create_environment_scripts_only(move_py)
[3.702s] INFO:colcon.colcon_core.shell:Creating package script '/home/choi/angchicken_ros2_ws/install/move_py/share/move_py/package.ps1'
[3.703s] INFO:colcon.colcon_core.shell:Creating package descriptor '/home/choi/angchicken_ros2_ws/install/move_py/share/move_py/package.dsv'
[3.703s] INFO:colcon.colcon_core.shell:Creating package script '/home/choi/angchicken_ros2_ws/install/move_py/share/move_py/package.sh'
[3.704s] INFO:colcon.colcon_core.shell:Creating package script '/home/choi/angchicken_ros2_ws/install/move_py/share/move_py/package.bash'
[3.704s] INFO:colcon.colcon_core.shell:Creating package script '/home/choi/angchicken_ros2_ws/install/move_py/share/move_py/package.zsh'
[3.705s] Level 1:colcon.colcon_core.environment:create_file_with_runtime_dependencies(/home/choi/angchicken_ros2_ws/install/move_py/share/colcon-core/packages/move_py)
[3.754s] DEBUG:colcon.colcon_core.event_handler.log_command:Invoking command in '/home/choi/angchicken_ros2_ws/build/my_bot': CMAKE_PREFIX_PATH=${CMAKE_PREFIX_PATH}:/home/choi/angchicken_ros2_ws/install/text_detection:/home/choi/angchicken_ros2_ws/install/pump_track:/home/choi/angchicken_ros2_ws/install/move_py:/home/choi/angchicken_ros2_ws/install/line_following_bot:/home/choi/angchicken_ros2_ws/install/lane_detection_py:/home/choi/angchicken_ros2_ws/install/lane_detection_pkg:/home/choi/angchicken_ros2_ws/install/color_detection:/home/choi/my_bot_ws/install/two_wheel_demo:/home/choi/my_bot_ws/install/ros2_control_test_nodes:/home/choi/my_bot_ws/install/py_pubsub:/home/choi/my_bot_ws/install/pump_track:/home/choi/my_bot_ws/install/odrive_driver:/home/choi/my_bot_ws/install/joy_tester:/home/choi/my_bot_ws/install/diffbot_control_node:/home/choi/my_bot_ws/install/cv_basics:/opt/ros/foxy /home/choi/.local/bin/cmake --install /home/choi/angchicken_ros2_ws/build/my_bot
[3.836s] Level 1:colcon.colcon_core.environment:create_environment_scripts_only(my_bot)
[3.837s] DEBUG:colcon.colcon_core.event_handler.log_command:Invoked command in '/home/choi/angchicken_ros2_ws/build/my_bot' returned '0': CMAKE_PREFIX_PATH=${CMAKE_PREFIX_PATH}:/home/choi/angchicken_ros2_ws/install/text_detection:/home/choi/angchicken_ros2_ws/install/pump_track:/home/choi/angchicken_ros2_ws/install/move_py:/home/choi/angchicken_ros2_ws/install/line_following_bot:/home/choi/angchicken_ros2_ws/install/lane_detection_py:/home/choi/angchicken_ros2_ws/install/lane_detection_pkg:/home/choi/angchicken_ros2_ws/install/color_detection:/home/choi/my_bot_ws/install/two_wheel_demo:/home/choi/my_bot_ws/install/ros2_control_test_nodes:/home/choi/my_bot_ws/install/py_pubsub:/home/choi/my_bot_ws/install/pump_track:/home/choi/my_bot_ws/install/odrive_driver:/home/choi/my_bot_ws/install/joy_tester:/home/choi/my_bot_ws/install/diffbot_control_node:/home/choi/my_bot_ws/install/cv_basics:/opt/ros/foxy /home/choi/.local/bin/cmake --install /home/choi/angchicken_ros2_ws/build/my_bot
[3.841s] Level 1:colcon.colcon_core.environment:checking '/home/choi/angchicken_ros2_ws/install/my_bot' for CMake module files
[3.842s] Level 1:colcon.colcon_core.environment:checking '/home/choi/angchicken_ros2_ws/install/my_bot' for CMake config files
[3.842s] Level 1:colcon.colcon_core.shell:create_environment_hook('my_bot', 'cmake_prefix_path')
[3.845s] INFO:colcon.colcon_core.shell:Creating environment hook '/home/choi/angchicken_ros2_ws/install/my_bot/share/my_bot/hook/cmake_prefix_path.ps1'
[3.846s] INFO:colcon.colcon_core.shell:Creating environment descriptor '/home/choi/angchicken_ros2_ws/install/my_bot/share/my_bot/hook/cmake_prefix_path.dsv'
[3.846s] INFO:colcon.colcon_core.shell:Creating environment hook '/home/choi/angchicken_ros2_ws/install/my_bot/share/my_bot/hook/cmake_prefix_path.sh'
[3.847s] Level 1:colcon.colcon_core.environment:checking '/home/choi/angchicken_ros2_ws/install/my_bot/bin'
[3.847s] Level 1:colcon.colcon_core.environment:checking '/home/choi/angchicken_ros2_ws/install/my_bot/lib/pkgconfig/my_bot.pc'
[3.848s] Level 1:colcon.colcon_core.environment:checking '/home/choi/angchicken_ros2_ws/install/my_bot/lib/python3.8/site-packages'
[3.848s] Level 1:colcon.colcon_core.environment:checking '/home/choi/angchicken_ros2_ws/install/my_bot/bin'
[3.851s] INFO:colcon.colcon_core.shell:Creating package script '/home/choi/angchicken_ros2_ws/install/my_bot/share/my_bot/package.ps1'
[3.851s] INFO:colcon.colcon_core.shell:Creating package descriptor '/home/choi/angchicken_ros2_ws/install/my_bot/share/my_bot/package.dsv'
[3.852s] INFO:colcon.colcon_core.shell:Creating package script '/home/choi/angchicken_ros2_ws/install/my_bot/share/my_bot/package.sh'
[3.853s] INFO:colcon.colcon_core.shell:Creating package script '/home/choi/angchicken_ros2_ws/install/my_bot/share/my_bot/package.bash'
[3.853s] INFO:colcon.colcon_core.shell:Creating package script '/home/choi/angchicken_ros2_ws/install/my_bot/share/my_bot/package.zsh'
[3.854s] Level 1:colcon.colcon_core.environment:create_file_with_runtime_dependencies(/home/choi/angchicken_ros2_ws/install/my_bot/share/colcon-core/packages/my_bot)
[3.923s] Level 1:colcon.colcon_core.environment:create_environment_scripts_only(my_bot)
[3.927s] Level 1:colcon.colcon_core.environment:checking '/home/choi/angchicken_ros2_ws/install/my_bot' for CMake module files
[3.928s] Level 1:colcon.colcon_core.environment:checking '/home/choi/angchicken_ros2_ws/install/my_bot' for CMake config files
[3.928s] Level 1:colcon.colcon_core.shell:create_environment_hook('my_bot', 'cmake_prefix_path')
[3.931s] INFO:colcon.colcon_core.shell:Creating environment hook '/home/choi/angchicken_ros2_ws/install/my_bot/share/my_bot/hook/cmake_prefix_path.ps1'
[3.932s] INFO:colcon.colcon_core.shell:Creating environment descriptor '/home/choi/angchicken_ros2_ws/install/my_bot/share/my_bot/hook/cmake_prefix_path.dsv'
[3.932s] INFO:colcon.colcon_core.shell:Creating environment hook '/home/choi/angchicken_ros2_ws/install/my_bot/share/my_bot/hook/cmake_prefix_path.sh'
[3.933s] Level 1:colcon.colcon_core.environment:checking '/home/choi/angchicken_ros2_ws/install/my_bot/bin'
[3.933s] Level 1:colcon.colcon_core.environment:checking '/home/choi/angchicken_ros2_ws/install/my_bot/lib/pkgconfig/my_bot.pc'
[3.934s] Level 1:colcon.colcon_core.environment:checking '/home/choi/angchicken_ros2_ws/install/my_bot/lib/python3.8/site-packages'
[3.934s] Level 1:colcon.colcon_core.environment:checking '/home/choi/angchicken_ros2_ws/install/my_bot/bin'
[3.936s] INFO:colcon.colcon_core.shell:Creating package script '/home/choi/angchicken_ros2_ws/install/my_bot/share/my_bot/package.ps1'
[3.937s] INFO:colcon.colcon_core.shell:Creating package descriptor '/home/choi/angchicken_ros2_ws/install/my_bot/share/my_bot/package.dsv'
[3.937s] INFO:colcon.colcon_core.shell:Creating package script '/home/choi/angchicken_ros2_ws/install/my_bot/share/my_bot/package.sh'
[3.938s] INFO:colcon.colcon_core.shell:Creating package script '/home/choi/angchicken_ros2_ws/install/my_bot/share/my_bot/package.bash'
[3.938s] INFO:colcon.colcon_core.shell:Creating package script '/home/choi/angchicken_ros2_ws/install/my_bot/share/my_bot/package.zsh'
[3.939s] Level 1:colcon.colcon_core.environment:create_file_with_runtime_dependencies(/home/choi/angchicken_ros2_ws/install/my_bot/share/colcon-core/packages/my_bot)
[4.165s] DEBUG:colcon.colcon_core.event_handler.log_command:Invoking command in '/home/choi/angchicken_ros2_ws/build/pump_track': PYTHONPATH=/home/choi/angchicken_ros2_ws/build/pump_track/prefix_override:/home/choi/angchicken_ros2_ws/install/pump_track/lib/python3.8/site-packages:${PYTHONPATH} /usr/bin/python3 setup.py develop --editable --build-directory /home/choi/angchicken_ros2_ws/build/pump_track/build --no-deps install_data
[4.189s] DEBUG:colcon.colcon_core.event_handler.log_command:Invoking command in '/home/choi/angchicken_ros2_ws/build/text_detection': PYTHONPATH=/home/choi/angchicken_ros2_ws/build/text_detection/prefix_override:/home/choi/angchicken_ros2_ws/install/text_detection/lib/python3.8/site-packages:${PYTHONPATH} /usr/bin/python3 setup.py develop --editable --build-directory /home/choi/angchicken_ros2_ws/build/text_detection/build --no-deps install_data
[4.747s] Level 1:colcon.colcon_core.shell:create_environment_hook('pump_track', 'pythonpath_develop')
[4.751s] INFO:colcon.colcon_core.shell:Creating environment hook '/home/choi/angchicken_ros2_ws/build/pump_track/share/pump_track/hook/pythonpath_develop.ps1'
[4.751s] DEBUG:colcon.colcon_core.event_handler.log_command:Invoked command in '/home/choi/angchicken_ros2_ws/build/pump_track' returned '0': PYTHONPATH=/home/choi/angchicken_ros2_ws/build/pump_track/prefix_override:/home/choi/angchicken_ros2_ws/install/pump_track/lib/python3.8/site-packages:${PYTHONPATH} /usr/bin/python3 setup.py develop --editable --build-directory /home/choi/angchicken_ros2_ws/build/pump_track/build --no-deps install_data
[4.752s] INFO:colcon.colcon_core.shell:Creating environment descriptor '/home/choi/angchicken_ros2_ws/build/pump_track/share/pump_track/hook/pythonpath_develop.dsv'
[4.753s] INFO:colcon.colcon_core.shell:Creating environment hook '/home/choi/angchicken_ros2_ws/build/pump_track/share/pump_track/hook/pythonpath_develop.sh'
[4.757s] Level 1:colcon.colcon_core.environment:checking '/home/choi/angchicken_ros2_ws/install/pump_track' for CMake module files
[4.758s] Level 1:colcon.colcon_core.environment:checking '/home/choi/angchicken_ros2_ws/install/pump_track' for CMake config files
[4.758s] Level 1:colcon.colcon_core.environment:checking '/home/choi/angchicken_ros2_ws/install/pump_track/lib'
[4.758s] Level 1:colcon.colcon_core.environment:checking '/home/choi/angchicken_ros2_ws/install/pump_track/bin'
[4.758s] Level 1:colcon.colcon_core.environment:checking '/home/choi/angchicken_ros2_ws/install/pump_track/lib/pkgconfig/pump_track.pc'
[4.759s] Level 1:colcon.colcon_core.environment:checking '/home/choi/angchicken_ros2_ws/install/pump_track/lib/python3.8/site-packages'
[4.759s] Level 1:colcon.colcon_core.shell:create_environment_hook('pump_track', 'pythonpath')
[4.762s] INFO:colcon.colcon_core.shell:Creating environment hook '/home/choi/angchicken_ros2_ws/install/pump_track/share/pump_track/hook/pythonpath.ps1'
[4.762s] INFO:colcon.colcon_core.shell:Creating environment descriptor '/home/choi/angchicken_ros2_ws/install/pump_track/share/pump_track/hook/pythonpath.dsv'
[4.763s] INFO:colcon.colcon_core.shell:Creating environment hook '/home/choi/angchicken_ros2_ws/install/pump_track/share/pump_track/hook/pythonpath.sh'
[4.763s] Level 1:colcon.colcon_core.environment:checking '/home/choi/angchicken_ros2_ws/install/pump_track/bin'
[4.763s] Level 1:colcon.colcon_core.environment:create_environment_scripts_only(pump_track)
[4.766s] INFO:colcon.colcon_core.shell:Creating package script '/home/choi/angchicken_ros2_ws/install/pump_track/share/pump_track/package.ps1'
[4.767s] INFO:colcon.colcon_core.shell:Creating package descriptor '/home/choi/angchicken_ros2_ws/install/pump_track/share/pump_track/package.dsv'
[4.768s] INFO:colcon.colcon_core.shell:Creating package script '/home/choi/angchicken_ros2_ws/install/pump_track/share/pump_track/package.sh'
[4.768s] INFO:colcon.colcon_core.shell:Creating package script '/home/choi/angchicken_ros2_ws/install/pump_track/share/pump_track/package.bash'
[4.769s] INFO:colcon.colcon_core.shell:Creating package script '/home/choi/angchicken_ros2_ws/install/pump_track/share/pump_track/package.zsh'
[4.769s] Level 1:colcon.colcon_core.environment:create_file_with_runtime_dependencies(/home/choi/angchicken_ros2_ws/install/pump_track/share/colcon-core/packages/pump_track)
[4.777s] Level 1:colcon.colcon_core.shell:create_environment_hook('text_detection', 'pythonpath_develop')
[4.780s] INFO:colcon.colcon_core.shell:Creating environment hook '/home/choi/angchicken_ros2_ws/build/text_detection/share/text_detection/hook/pythonpath_develop.ps1'
[4.780s] DEBUG:colcon.colcon_core.event_handler.log_command:Invoked command in '/home/choi/angchicken_ros2_ws/build/text_detection' returned '0': PYTHONPATH=/home/choi/angchicken_ros2_ws/build/text_detection/prefix_override:/home/choi/angchicken_ros2_ws/install/text_detection/lib/python3.8/site-packages:${PYTHONPATH} /usr/bin/python3 setup.py develop --editable --build-directory /home/choi/angchicken_ros2_ws/build/text_detection/build --no-deps install_data
[4.781s] INFO:colcon.colcon_core.shell:Creating environment descriptor '/home/choi/angchicken_ros2_ws/build/text_detection/share/text_detection/hook/pythonpath_develop.dsv'
[4.781s] INFO:colcon.colcon_core.shell:Creating environment hook '/home/choi/angchicken_ros2_ws/build/text_detection/share/text_detection/hook/pythonpath_develop.sh'
[4.785s] Level 1:colcon.colcon_core.environment:checking '/home/choi/angchicken_ros2_ws/install/text_detection' for CMake module files
[4.786s] Level 1:colcon.colcon_core.environment:checking '/home/choi/angchicken_ros2_ws/install/text_detection' for CMake config files
[4.786s] Level 1:colcon.colcon_core.environment:checking '/home/choi/angchicken_ros2_ws/install/text_detection/lib'
[4.786s] Level 1:colcon.colcon_core.environment:checking '/home/choi/angchicken_ros2_ws/install/text_detection/bin'
[4.786s] Level 1:colcon.colcon_core.environment:checking '/home/choi/angchicken_ros2_ws/install/text_detection/lib/pkgconfig/text_detection.pc'
[4.786s] Level 1:colcon.colcon_core.environment:checking '/home/choi/angchicken_ros2_ws/install/text_detection/lib/python3.8/site-packages'
[4.786s] Level 1:colcon.colcon_core.shell:create_environment_hook('text_detection', 'pythonpath')
[4.789s] INFO:colcon.colcon_core.shell:Creating environment hook '/home/choi/angchicken_ros2_ws/install/text_detection/share/text_detection/hook/pythonpath.ps1'
[4.789s] INFO:colcon.colcon_core.shell:Creating environment descriptor '/home/choi/angchicken_ros2_ws/install/text_detection/share/text_detection/hook/pythonpath.dsv'
[4.790s] INFO:colcon.colcon_core.shell:Creating environment hook '/home/choi/angchicken_ros2_ws/install/text_detection/share/text_detection/hook/pythonpath.sh'
[4.790s] Level 1:colcon.colcon_core.environment:checking '/home/choi/angchicken_ros2_ws/install/text_detection/bin'
[4.790s] Level 1:colcon.colcon_core.environment:create_environment_scripts_only(text_detection)
[4.793s] INFO:colcon.colcon_core.shell:Creating package script '/home/choi/angchicken_ros2_ws/install/text_detection/share/text_detection/package.ps1'
[4.794s] INFO:colcon.colcon_core.shell:Creating package descriptor '/home/choi/angchicken_ros2_ws/install/text_detection/share/text_detection/package.dsv'
[4.794s] INFO:colcon.colcon_core.shell:Creating package script '/home/choi/angchicken_ros2_ws/install/text_detection/share/text_detection/package.sh'
[4.795s] INFO:colcon.colcon_core.shell:Creating package script '/home/choi/angchicken_ros2_ws/install/text_detection/share/text_detection/package.bash'
[4.795s] INFO:colcon.colcon_core.shell:Creating package script '/home/choi/angchicken_ros2_ws/install/text_detection/share/text_detection/package.zsh'
[4.796s] Level 1:colcon.colcon_core.environment:create_file_with_runtime_dependencies(/home/choi/angchicken_ros2_ws/install/text_detection/share/colcon-core/packages/text_detection)
[4.796s] DEBUG:colcon.colcon_parallel_executor.executor.parallel:closing loop
[4.796s] DEBUG:colcon.colcon_parallel_executor.executor.parallel:loop closed
[4.797s] DEBUG:colcon.colcon_parallel_executor.executor.parallel:run_until_complete finished with '0'
[4.797s] DEBUG:colcon.colcon_core.event_reactor:joining thread
[4.803s] INFO:colcon.colcon_core.plugin_system:Skipping extension 'colcon_notification.desktop_notification.terminal_notifier': Not used on non-Darwin systems
[4.803s] INFO:colcon.colcon_core.plugin_system:Skipping extension 'colcon_notification.desktop_notification.win32': Not used on non-Windows systems
[4.803s] INFO:colcon.colcon_notification.desktop_notification:Sending desktop notification using 'notify2'
[4.816s] DEBUG:colcon.colcon_core.event_reactor:joined thread
[4.819s] INFO:colcon.colcon_core.shell:Creating prefix script '/home/choi/angchicken_ros2_ws/install/local_setup.ps1'
[4.820s] INFO:colcon.colcon_core.shell:Creating prefix util module '/home/choi/angchicken_ros2_ws/install/_local_setup_util_ps1.py'
[4.822s] INFO:colcon.colcon_core.shell:Creating prefix chain script '/home/choi/angchicken_ros2_ws/install/setup.ps1'
[4.825s] INFO:colcon.colcon_core.shell:Creating prefix script '/home/choi/angchicken_ros2_ws/install/local_setup.sh'
[4.825s] INFO:colcon.colcon_core.shell:Creating prefix util module '/home/choi/angchicken_ros2_ws/install/_local_setup_util_sh.py'
[4.825s] INFO:colcon.colcon_core.shell:Creating prefix chain script '/home/choi/angchicken_ros2_ws/install/setup.sh'
[4.828s] INFO:colcon.colcon_core.shell:Creating prefix script '/home/choi/angchicken_ros2_ws/install/local_setup.bash'
[4.829s] INFO:colcon.colcon_core.shell:Creating prefix chain script '/home/choi/angchicken_ros2_ws/install/setup.bash'
[4.831s] INFO:colcon.colcon_core.shell:Creating prefix script '/home/choi/angchicken_ros2_ws/install/local_setup.zsh'
[4.832s] INFO:colcon.colcon_core.shell:Creating prefix chain script '/home/choi/angchicken_ros2_ws/install/setup.zsh'
