running develop
Removing /home/choi/angchicken_ros2_ws/install/move_py/lib/python3.8/site-packages/move-py.egg-link (link to .)
running egg_info
writing ../../build/move_py/move_py.egg-info/PKG-INFO
writing dependency_links to ../../build/move_py/move_py.egg-info/dependency_links.txt
writing entry points to ../../build/move_py/move_py.egg-info/entry_points.txt
writing requirements to ../../build/move_py/move_py.egg-info/requires.txt
writing top-level names to ../../build/move_py/move_py.egg-info/top_level.txt
reading manifest file '../../build/move_py/move_py.egg-info/SOURCES.txt'
writing manifest file '../../build/move_py/move_py.egg-info/SOURCES.txt'
running build
running build_py
creating /home/choi/angchicken_ros2_ws/build/move_py/build
creating /home/choi/angchicken_ros2_ws/build/move_py/build/lib
creating /home/choi/angchicken_ros2_ws/build/move_py/build/lib/move_py
copying move_py/robot_motion_node.py -> /home/choi/angchicken_ros2_ws/build/move_py/build/lib/move_py
copying move_py/__init__.py -> /home/choi/angchicken_ros2_ws/build/move_py/build/lib/move_py
running install
running install_lib
creating /home/choi/angchicken_ros2_ws/install/move_py/lib/python3.8/site-packages/move_py
copying /home/choi/angchicken_ros2_ws/build/move_py/build/lib/move_py/robot_motion_node.py -> /home/choi/angchicken_ros2_ws/install/move_py/lib/python3.8/site-packages/move_py
copying /home/choi/angchicken_ros2_ws/build/move_py/build/lib/move_py/__init__.py -> /home/choi/angchicken_ros2_ws/install/move_py/lib/python3.8/site-packages/move_py
byte-compiling /home/choi/angchicken_ros2_ws/install/move_py/lib/python3.8/site-packages/move_py/robot_motion_node.py to robot_motion_node.cpython-38.pyc
byte-compiling /home/choi/angchicken_ros2_ws/install/move_py/lib/python3.8/site-packages/move_py/__init__.py to __init__.cpython-38.pyc
running install_data
running install_egg_info
Copying ../../build/move_py/move_py.egg-info to /home/choi/angchicken_ros2_ws/install/move_py/lib/python3.8/site-packages/move_py-0.0.0-py3.8.egg-info
running install_scripts
Installing robot_motion_node script to /home/choi/angchicken_ros2_ws/install/move_py/lib/move_py
writing list of installed files to '/home/choi/angchicken_ros2_ws/build/move_py/install.log'
