[1.573s] Invoking command in '/home/choi/angchicken_ros2_ws/build/move_py': PYTHONPATH=/home/choi/angchicken_ros2_ws/build/move_py/prefix_override:/home/choi/angchicken_ros2_ws/install/move_py/lib/python3.8/site-packages:${PYTHONPATH} /usr/bin/python3 setup.py develop --uninstall --editable --build-directory /home/choi/angchicken_ros2_ws/build/move_py/build
[1.987s] running develop
[2.209s] Removing /home/choi/angchicken_ros2_ws/install/move_py/lib/python3.8/site-packages/move-py.egg-link (link to .)
[2.250s] Invoked command in '/home/choi/angchicken_ros2_ws/build/move_py' returned '0': PYTHONPATH=/home/choi/angchicken_ros2_ws/build/move_py/prefix_override:/home/choi/angchicken_ros2_ws/install/move_py/lib/python3.8/site-packages:${PYTHONPATH} /usr/bin/python3 setup.py develop --uninstall --editable --build-directory /home/choi/angchicken_ros2_ws/build/move_py/build
[2.251s] Invoking command in '/home/choi/angchicken_ros2_ws/src/move_py': PYTHONPATH=/home/choi/angchicken_ros2_ws/build/move_py/prefix_override:/home/choi/angchicken_ros2_ws/install/move_py/lib/python3.8/site-packages:${PYTHONPATH} /usr/bin/python3 setup.py egg_info --egg-base ../../build/move_py build --build-base /home/choi/angchicken_ros2_ws/build/move_py/build install --record /home/choi/angchicken_ros2_ws/build/move_py/install.log --install-scripts $base/lib/move_py --single-version-externally-managed
[2.652s] running egg_info
[2.653s] writing ../../build/move_py/move_py.egg-info/PKG-INFO
[2.656s] writing dependency_links to ../../build/move_py/move_py.egg-info/dependency_links.txt
[2.656s] writing entry points to ../../build/move_py/move_py.egg-info/entry_points.txt
[2.656s] writing requirements to ../../build/move_py/move_py.egg-info/requires.txt
[2.656s] writing top-level names to ../../build/move_py/move_py.egg-info/top_level.txt
[2.706s] reading manifest file '../../build/move_py/move_py.egg-info/SOURCES.txt'
[2.711s] writing manifest file '../../build/move_py/move_py.egg-info/SOURCES.txt'
[2.712s] running build
[2.713s] running build_py
[2.713s] creating /home/choi/angchicken_ros2_ws/build/move_py/build
[2.714s] creating /home/choi/angchicken_ros2_ws/build/move_py/build/lib
[2.715s] creating /home/choi/angchicken_ros2_ws/build/move_py/build/lib/move_py
[2.715s] copying move_py/robot_motion_node.py -> /home/choi/angchicken_ros2_ws/build/move_py/build/lib/move_py
[2.716s] copying move_py/__init__.py -> /home/choi/angchicken_ros2_ws/build/move_py/build/lib/move_py
[2.716s] running install
[2.716s] running install_lib
[2.717s] creating /home/choi/angchicken_ros2_ws/install/move_py/lib/python3.8/site-packages/move_py
[2.717s] copying /home/choi/angchicken_ros2_ws/build/move_py/build/lib/move_py/robot_motion_node.py -> /home/choi/angchicken_ros2_ws/install/move_py/lib/python3.8/site-packages/move_py
[2.717s] copying /home/choi/angchicken_ros2_ws/build/move_py/build/lib/move_py/__init__.py -> /home/choi/angchicken_ros2_ws/install/move_py/lib/python3.8/site-packages/move_py
[2.718s] byte-compiling /home/choi/angchicken_ros2_ws/install/move_py/lib/python3.8/site-packages/move_py/robot_motion_node.py to robot_motion_node.cpython-38.pyc
[2.718s] byte-compiling /home/choi/angchicken_ros2_ws/install/move_py/lib/python3.8/site-packages/move_py/__init__.py to __init__.cpython-38.pyc
[2.719s] running install_data
[2.719s] running install_egg_info
[2.726s] Copying ../../build/move_py/move_py.egg-info to /home/choi/angchicken_ros2_ws/install/move_py/lib/python3.8/site-packages/move_py-0.0.0-py3.8.egg-info
[2.726s] running install_scripts
[2.742s] Installing robot_motion_node script to /home/choi/angchicken_ros2_ws/install/move_py/lib/move_py
[2.742s] writing list of installed files to '/home/choi/angchicken_ros2_ws/build/move_py/install.log'
[2.819s] Invoked command in '/home/choi/angchicken_ros2_ws/src/move_py' returned '0': PYTHONPATH=/home/choi/angchicken_ros2_ws/build/move_py/prefix_override:/home/choi/angchicken_ros2_ws/install/move_py/lib/python3.8/site-packages:${PYTHONPATH} /usr/bin/python3 setup.py egg_info --egg-base ../../build/move_py build --build-base /home/choi/angchicken_ros2_ws/build/move_py/build install --record /home/choi/angchicken_ros2_ws/build/move_py/install.log --install-scripts $base/lib/move_py --single-version-externally-managed
