[0.109s] Invoking command in '/home/choi/angchicken_ros2_ws/build/my_bot': CMAKE_PREFIX_PATH=${CMAKE_PREFIX_PATH}:/home/choi/angchicken_ros2_ws/install/text_detection:/home/choi/angchicken_ros2_ws/install/pump_track:/home/choi/angchicken_ros2_ws/install/move_py:/home/choi/angchicken_ros2_ws/install/line_following_bot:/home/choi/angchicken_ros2_ws/install/lane_detection_py:/home/choi/angchicken_ros2_ws/install/lane_detection_pkg:/home/choi/angchicken_ros2_ws/install/color_detection:/home/choi/my_bot_ws/install/two_wheel_demo:/home/choi/my_bot_ws/install/ros2_control_test_nodes:/home/choi/my_bot_ws/install/py_pubsub:/home/choi/my_bot_ws/install/pump_track:/home/choi/my_bot_ws/install/odrive_driver:/home/choi/my_bot_ws/install/joy_tester:/home/choi/my_bot_ws/install/diffbot_control_node:/home/choi/my_bot_ws/install/cv_basics:/opt/ros/foxy /home/choi/.local/bin/cmake /home/choi/angchicken_ros2_ws/src/my_bot -DAMENT_CMAKE_SYMLINK_INSTALL=1 -DCMAKE_INSTALL_PREFIX=/home/choi/angchicken_ros2_ws/install/my_bot
[0.172s] -- Found ament_cmake: 0.9.12 (/opt/ros/foxy/share/ament_cmake/cmake)
[0.174s] [33mCMake Warning (dev) at /opt/ros/foxy/share/ament_cmake_core/cmake/core/python.cmake:22 (find_package):
[0.174s]   Policy CMP0148 is not set: The FindPythonInterp and FindPythonLibs modules
[0.175s]   are removed.  Run "cmake --help-policy CMP0148" for policy details.  Use
[0.175s]   the cmake_policy command to set the policy and suppress this warning.
[0.175s] 
[0.175s] Call Stack (most recent call first):
[0.175s]   /opt/ros/foxy/share/ament_cmake_core/cmake/core/all.cmake:53 (include)
[0.175s]   /opt/ros/foxy/share/ament_cmake_core/cmake/ament_cmake_core-extras.cmake:17 (include)
[0.175s]   /opt/ros/foxy/share/ament_cmake_core/cmake/ament_cmake_coreConfig.cmake:41 (include)
[0.175s]   /opt/ros/foxy/share/ament_cmake/cmake/ament_cmake_export_dependencies-extras.cmake:15 (find_package)
[0.175s]   /opt/ros/foxy/share/ament_cmake/cmake/ament_cmakeConfig.cmake:41 (include)
[0.175s]   CMakeLists.txt:19 (find_package)
[0.176s] This warning is for project developers.  Use -Wno-dev to suppress it.
[0.176s] [0m
[0.216s] -- Using PYTHON_EXECUTABLE: /usr/bin/python3
[0.493s] -- Override CMake install command with custom implementation using symlinks instead of copying resources
[0.503s] -- Found ament_lint_auto: 0.9.8 (/opt/ros/foxy/share/ament_lint_auto/cmake)
[0.628s] -- Added test 'copyright' to check source files copyright and LICENSE
[0.633s] -- Added test 'flake8' to check Python code syntax and style conventions
[0.634s] -- Added test 'lint_cmake' to check CMake code style
[0.634s] -- Added test 'pep257' to check Python code against some of the style conventions in PEP 257
[0.636s] -- Added test 'xmllint' to check XML markup files
[0.638s] -- Configuring done (0.5s)
[0.641s] -- Generating done (0.0s)
[0.642s] -- Build files have been written to: /home/choi/angchicken_ros2_ws/build/my_bot
[0.996s] Invoked command in '/home/choi/angchicken_ros2_ws/build/my_bot' returned '0': CMAKE_PREFIX_PATH=${CMAKE_PREFIX_PATH}:/home/choi/angchicken_ros2_ws/install/text_detection:/home/choi/angchicken_ros2_ws/install/pump_track:/home/choi/angchicken_ros2_ws/install/move_py:/home/choi/angchicken_ros2_ws/install/line_following_bot:/home/choi/angchicken_ros2_ws/install/lane_detection_py:/home/choi/angchicken_ros2_ws/install/lane_detection_pkg:/home/choi/angchicken_ros2_ws/install/color_detection:/home/choi/my_bot_ws/install/two_wheel_demo:/home/choi/my_bot_ws/install/ros2_control_test_nodes:/home/choi/my_bot_ws/install/py_pubsub:/home/choi/my_bot_ws/install/pump_track:/home/choi/my_bot_ws/install/odrive_driver:/home/choi/my_bot_ws/install/joy_tester:/home/choi/my_bot_ws/install/diffbot_control_node:/home/choi/my_bot_ws/install/cv_basics:/opt/ros/foxy /home/choi/.local/bin/cmake /home/choi/angchicken_ros2_ws/src/my_bot -DAMENT_CMAKE_SYMLINK_INSTALL=1 -DCMAKE_INSTALL_PREFIX=/home/choi/angchicken_ros2_ws/install/my_bot
[0.997s] Invoking command in '/home/choi/angchicken_ros2_ws/build/my_bot': CMAKE_PREFIX_PATH=${CMAKE_PREFIX_PATH}:/home/choi/angchicken_ros2_ws/install/text_detection:/home/choi/angchicken_ros2_ws/install/pump_track:/home/choi/angchicken_ros2_ws/install/move_py:/home/choi/angchicken_ros2_ws/install/line_following_bot:/home/choi/angchicken_ros2_ws/install/lane_detection_py:/home/choi/angchicken_ros2_ws/install/lane_detection_pkg:/home/choi/angchicken_ros2_ws/install/color_detection:/home/choi/my_bot_ws/install/two_wheel_demo:/home/choi/my_bot_ws/install/ros2_control_test_nodes:/home/choi/my_bot_ws/install/py_pubsub:/home/choi/my_bot_ws/install/pump_track:/home/choi/my_bot_ws/install/odrive_driver:/home/choi/my_bot_ws/install/joy_tester:/home/choi/my_bot_ws/install/diffbot_control_node:/home/choi/my_bot_ws/install/cv_basics:/opt/ros/foxy /home/choi/.local/bin/cmake --build /home/choi/angchicken_ros2_ws/build/my_bot -- -j4 -l4
[1.067s] Invoked command in '/home/choi/angchicken_ros2_ws/build/my_bot' returned '0': CMAKE_PREFIX_PATH=${CMAKE_PREFIX_PATH}:/home/choi/angchicken_ros2_ws/install/text_detection:/home/choi/angchicken_ros2_ws/install/pump_track:/home/choi/angchicken_ros2_ws/install/move_py:/home/choi/angchicken_ros2_ws/install/line_following_bot:/home/choi/angchicken_ros2_ws/install/lane_detection_py:/home/choi/angchicken_ros2_ws/install/lane_detection_pkg:/home/choi/angchicken_ros2_ws/install/color_detection:/home/choi/my_bot_ws/install/two_wheel_demo:/home/choi/my_bot_ws/install/ros2_control_test_nodes:/home/choi/my_bot_ws/install/py_pubsub:/home/choi/my_bot_ws/install/pump_track:/home/choi/my_bot_ws/install/odrive_driver:/home/choi/my_bot_ws/install/joy_tester:/home/choi/my_bot_ws/install/diffbot_control_node:/home/choi/my_bot_ws/install/cv_basics:/opt/ros/foxy /home/choi/.local/bin/cmake --build /home/choi/angchicken_ros2_ws/build/my_bot -- -j4 -l4
[1.299s] Invoking command in '/home/choi/angchicken_ros2_ws/build/my_bot': CMAKE_PREFIX_PATH=${CMAKE_PREFIX_PATH}:/home/choi/angchicken_ros2_ws/install/text_detection:/home/choi/angchicken_ros2_ws/install/pump_track:/home/choi/angchicken_ros2_ws/install/move_py:/home/choi/angchicken_ros2_ws/install/line_following_bot:/home/choi/angchicken_ros2_ws/install/lane_detection_py:/home/choi/angchicken_ros2_ws/install/lane_detection_pkg:/home/choi/angchicken_ros2_ws/install/color_detection:/home/choi/my_bot_ws/install/two_wheel_demo:/home/choi/my_bot_ws/install/ros2_control_test_nodes:/home/choi/my_bot_ws/install/py_pubsub:/home/choi/my_bot_ws/install/pump_track:/home/choi/my_bot_ws/install/odrive_driver:/home/choi/my_bot_ws/install/joy_tester:/home/choi/my_bot_ws/install/diffbot_control_node:/home/choi/my_bot_ws/install/cv_basics:/opt/ros/foxy /home/choi/.local/bin/cmake --install /home/choi/angchicken_ros2_ws/build/my_bot
[1.381s] -- Install configuration: ""
[1.383s] -- Execute custom install script
[1.384s] -- Up-to-date symlink: /home/choi/angchicken_ros2_ws/install/my_bot/share/my_bot/config/drive_bot.rviz
[1.385s] -- Up-to-date symlink: /home/choi/angchicken_ros2_ws/install/my_bot/share/my_bot/config/empty.yaml
[1.385s] -- Up-to-date symlink: /home/choi/angchicken_ros2_ws/install/my_bot/share/my_bot/config/gaz_ros2_ctl_use_sim.yaml
[1.386s] -- Up-to-date symlink: /home/choi/angchicken_ros2_ws/install/my_bot/share/my_bot/config/gazebo_params.yaml
[1.387s] -- Up-to-date symlink: /home/choi/angchicken_ros2_ws/install/my_bot/share/my_bot/config/joystick.yaml
[1.387s] -- Up-to-date symlink: /home/choi/angchicken_ros2_ws/install/my_bot/share/my_bot/config/main.rviz
[1.388s] -- Up-to-date symlink: /home/choi/angchicken_ros2_ws/install/my_bot/share/my_bot/config/mapper_params_online_async.yaml
[1.389s] -- Up-to-date symlink: /home/choi/angchicken_ros2_ws/install/my_bot/share/my_bot/config/my_controllers.yaml
[1.389s] -- Up-to-date symlink: /home/choi/angchicken_ros2_ws/install/my_bot/share/my_bot/config/view_bot.rviz
[1.391s] -- Up-to-date symlink: /home/choi/angchicken_ros2_ws/install/my_bot/share/my_bot/description/camera.xacro
[1.391s] -- Up-to-date symlink: /home/choi/angchicken_ros2_ws/install/my_bot/share/my_bot/description/gazebo_control.xacro
[1.392s] -- Up-to-date symlink: /home/choi/angchicken_ros2_ws/install/my_bot/share/my_bot/description/inertial_macros.xacro
[1.393s] -- Up-to-date symlink: /home/choi/angchicken_ros2_ws/install/my_bot/share/my_bot/description/lidar.xacro
[1.394s] -- Up-to-date symlink: /home/choi/angchicken_ros2_ws/install/my_bot/share/my_bot/description/robot.urdf.xacro
[1.394s] -- Up-to-date symlink: /home/choi/angchicken_ros2_ws/install/my_bot/share/my_bot/description/robot_core.xacro
[1.395s] -- Up-to-date symlink: /home/choi/angchicken_ros2_ws/install/my_bot/share/my_bot/description/ros2_control.xacro
[1.396s] -- Up-to-date symlink: /home/choi/angchicken_ros2_ws/install/my_bot/share/my_bot/launch/joystick.launch.py
[1.397s] -- Up-to-date symlink: /home/choi/angchicken_ros2_ws/install/my_bot/share/my_bot/launch/launch_sim.launch.py
[1.398s] -- Up-to-date symlink: /home/choi/angchicken_ros2_ws/install/my_bot/share/my_bot/launch/rsp.launch.py
[1.398s] -- Up-to-date symlink: /home/choi/angchicken_ros2_ws/install/my_bot/share/my_bot/worlds/empty.world
[1.399s] -- Up-to-date symlink: /home/choi/angchicken_ros2_ws/install/my_bot/share/my_bot/worlds/obstacles.world
[1.401s] -- Up-to-date symlink: /home/choi/angchicken_ros2_ws/install/my_bot/share/ament_index/resource_index/package_run_dependencies/my_bot
[1.402s] -- Up-to-date symlink: /home/choi/angchicken_ros2_ws/install/my_bot/share/ament_index/resource_index/parent_prefix_path/my_bot
[1.403s] -- Up-to-date symlink: /home/choi/angchicken_ros2_ws/install/my_bot/share/my_bot/environment/ament_prefix_path.sh
[1.404s] -- Up-to-date symlink: /home/choi/angchicken_ros2_ws/install/my_bot/share/my_bot/environment/ament_prefix_path.dsv
[1.405s] -- Up-to-date symlink: /home/choi/angchicken_ros2_ws/install/my_bot/share/my_bot/environment/path.sh
[1.406s] -- Up-to-date symlink: /home/choi/angchicken_ros2_ws/install/my_bot/share/my_bot/environment/path.dsv
[1.407s] -- Up-to-date symlink: /home/choi/angchicken_ros2_ws/install/my_bot/share/my_bot/local_setup.bash
[1.407s] -- Up-to-date symlink: /home/choi/angchicken_ros2_ws/install/my_bot/share/my_bot/local_setup.sh
[1.408s] -- Up-to-date symlink: /home/choi/angchicken_ros2_ws/install/my_bot/share/my_bot/local_setup.zsh
[1.409s] -- Up-to-date symlink: /home/choi/angchicken_ros2_ws/install/my_bot/share/my_bot/local_setup.dsv
[1.410s] -- Symlinking: /home/choi/angchicken_ros2_ws/install/my_bot/share/my_bot/package.dsv
[1.427s] -- Up-to-date symlink: /home/choi/angchicken_ros2_ws/install/my_bot/share/ament_index/resource_index/packages/my_bot
[1.428s] -- Up-to-date symlink: /home/choi/angchicken_ros2_ws/install/my_bot/share/my_bot/cmake/my_botConfig.cmake
[1.428s] -- Up-to-date symlink: /home/choi/angchicken_ros2_ws/install/my_bot/share/my_bot/cmake/my_botConfig-version.cmake
[1.429s] -- Up-to-date symlink: /home/choi/angchicken_ros2_ws/install/my_bot/share/my_bot/package.xml
[1.440s] Invoked command in '/home/choi/angchicken_ros2_ws/build/my_bot' returned '0': CMAKE_PREFIX_PATH=${CMAKE_PREFIX_PATH}:/home/choi/angchicken_ros2_ws/install/text_detection:/home/choi/angchicken_ros2_ws/install/pump_track:/home/choi/angchicken_ros2_ws/install/move_py:/home/choi/angchicken_ros2_ws/install/line_following_bot:/home/choi/angchicken_ros2_ws/install/lane_detection_py:/home/choi/angchicken_ros2_ws/install/lane_detection_pkg:/home/choi/angchicken_ros2_ws/install/color_detection:/home/choi/my_bot_ws/install/two_wheel_demo:/home/choi/my_bot_ws/install/ros2_control_test_nodes:/home/choi/my_bot_ws/install/py_pubsub:/home/choi/my_bot_ws/install/pump_track:/home/choi/my_bot_ws/install/odrive_driver:/home/choi/my_bot_ws/install/joy_tester:/home/choi/my_bot_ws/install/diffbot_control_node:/home/choi/my_bot_ws/install/cv_basics:/opt/ros/foxy /home/choi/.local/bin/cmake --install /home/choi/angchicken_ros2_ws/build/my_bot
