running develop
running egg_info
creating pump_track_3.egg-info
writing pump_track_3.egg-info/PKG-INFO
writing dependency_links to pump_track_3.egg-info/dependency_links.txt
writing entry points to pump_track_3.egg-info/entry_points.txt
writing requirements to pump_track_3.egg-info/requires.txt
writing top-level names to pump_track_3.egg-info/top_level.txt
writing manifest file 'pump_track_3.egg-info/SOURCES.txt'
reading manifest file 'pump_track_3.egg-info/SOURCES.txt'
writing manifest file 'pump_track_3.egg-info/SOURCES.txt'
running build_ext
Creating /home/choi/angchicken_ros2_ws/install/pump_track_3/lib/python3.8/site-packages/site.py
Creating /home/choi/angchicken_ros2_ws/install/pump_track_3/lib/python3.8/site-packages/pump-track-3.egg-link (link to .)

Installed /home/choi/angchicken_ros2_ws/build/pump_track_3
running install_data
creating /home/choi/angchicken_ros2_ws/install/pump_track_3/share/ament_index
creating /home/choi/angchicken_ros2_ws/install/pump_track_3/share/ament_index/resource_index
creating /home/choi/angchicken_ros2_ws/install/pump_track_3/share/ament_index/resource_index/packages
copying resource/pump_track_3 -> /home/choi/angchicken_ros2_ws/install/pump_track_3/share/ament_index/resource_index/packages
copying package.xml -> /home/choi/angchicken_ros2_ws/install/pump_track_3/share/pump_track_3
