running develop
Removing /home/choi/angchicken_ros2_ws/install/line_following_bot/lib/python3.8/site-packages/line-following-bot.egg-link (link to .)
running egg_info
writing ../../build/line_following_bot/line_following_bot.egg-info/PKG-INFO
writing dependency_links to ../../build/line_following_bot/line_following_bot.egg-info/dependency_links.txt
writing entry points to ../../build/line_following_bot/line_following_bot.egg-info/entry_points.txt
writing requirements to ../../build/line_following_bot/line_following_bot.egg-info/requires.txt
writing top-level names to ../../build/line_following_bot/line_following_bot.egg-info/top_level.txt
reading manifest file '../../build/line_following_bot/line_following_bot.egg-info/SOURCES.txt'
writing manifest file '../../build/line_following_bot/line_following_bot.egg-info/SOURCES.txt'
running build
running build_py
copying line_following_bot/message.py -> /home/choi/angchicken_ros2_ws/build/line_following_bot/build/lib/line_following_bot
running install
running install_lib
creating /home/choi/angchicken_ros2_ws/install/line_following_bot/lib/python3.8/site-packages/line_following_bot
copying /home/choi/angchicken_ros2_ws/build/line_following_bot/build/lib/line_following_bot/fog_detection.py -> /home/choi/angchicken_ros2_ws/install/line_following_bot/lib/python3.8/site-packages/line_following_bot
copying /home/choi/angchicken_ros2_ws/build/line_following_bot/build/lib/line_following_bot/hough.py -> /home/choi/angchicken_ros2_ws/install/line_following_bot/lib/python3.8/site-packages/line_following_bot
copying /home/choi/angchicken_ros2_ws/build/line_following_bot/build/lib/line_following_bot/warping.py -> /home/choi/angchicken_ros2_ws/install/line_following_bot/lib/python3.8/site-packages/line_following_bot
copying /home/choi/angchicken_ros2_ws/build/line_following_bot/build/lib/line_following_bot/hvs.py -> /home/choi/angchicken_ros2_ws/install/line_following_bot/lib/python3.8/site-packages/line_following_bot
copying /home/choi/angchicken_ros2_ws/build/line_following_bot/build/lib/line_following_bot/message.py -> /home/choi/angchicken_ros2_ws/install/line_following_bot/lib/python3.8/site-packages/line_following_bot
copying /home/choi/angchicken_ros2_ws/build/line_following_bot/build/lib/line_following_bot/lane_tutorial.py -> /home/choi/angchicken_ros2_ws/install/line_following_bot/lib/python3.8/site-packages/line_following_bot
copying /home/choi/angchicken_ros2_ws/build/line_following_bot/build/lib/line_following_bot/blur.py -> /home/choi/angchicken_ros2_ws/install/line_following_bot/lib/python3.8/site-packages/line_following_bot
copying /home/choi/angchicken_ros2_ws/build/line_following_bot/build/lib/line_following_bot/lane_tutorial2.py -> /home/choi/angchicken_ros2_ws/install/line_following_bot/lib/python3.8/site-packages/line_following_bot
copying /home/choi/angchicken_ros2_ws/build/line_following_bot/build/lib/line_following_bot/lane_detection_node_1.py -> /home/choi/angchicken_ros2_ws/install/line_following_bot/lib/python3.8/site-packages/line_following_bot
copying /home/choi/angchicken_ros2_ws/build/line_following_bot/build/lib/line_following_bot/pumptrack_tracking.py -> /home/choi/angchicken_ros2_ws/install/line_following_bot/lib/python3.8/site-packages/line_following_bot
copying /home/choi/angchicken_ros2_ws/build/line_following_bot/build/lib/line_following_bot/image_acquisition_node.py -> /home/choi/angchicken_ros2_ws/install/line_following_bot/lib/python3.8/site-packages/line_following_bot
copying /home/choi/angchicken_ros2_ws/build/line_following_bot/build/lib/line_following_bot/army.py -> /home/choi/angchicken_ros2_ws/install/line_following_bot/lib/python3.8/site-packages/line_following_bot
copying /home/choi/angchicken_ros2_ws/build/line_following_bot/build/lib/line_following_bot/wapper.py -> /home/choi/angchicken_ros2_ws/install/line_following_bot/lib/python3.8/site-packages/line_following_bot
copying /home/choi/angchicken_ros2_ws/build/line_following_bot/build/lib/line_following_bot/combine.py -> /home/choi/angchicken_ros2_ws/install/line_following_bot/lib/python3.8/site-packages/line_following_bot
copying /home/choi/angchicken_ros2_ws/build/line_following_bot/build/lib/line_following_bot/__init__.py -> /home/choi/angchicken_ros2_ws/install/line_following_bot/lib/python3.8/site-packages/line_following_bot
copying /home/choi/angchicken_ros2_ws/build/line_following_bot/build/lib/line_following_bot/hvs_test.py -> /home/choi/angchicken_ros2_ws/install/line_following_bot/lib/python3.8/site-packages/line_following_bot
copying /home/choi/angchicken_ros2_ws/build/line_following_bot/build/lib/line_following_bot/ir_camera.py -> /home/choi/angchicken_ros2_ws/install/line_following_bot/lib/python3.8/site-packages/line_following_bot
copying /home/choi/angchicken_ros2_ws/build/line_following_bot/build/lib/line_following_bot/test.py -> /home/choi/angchicken_ros2_ws/install/line_following_bot/lib/python3.8/site-packages/line_following_bot
copying /home/choi/angchicken_ros2_ws/build/line_following_bot/build/lib/line_following_bot/depth_capture.py -> /home/choi/angchicken_ros2_ws/install/line_following_bot/lib/python3.8/site-packages/line_following_bot
copying /home/choi/angchicken_ros2_ws/build/line_following_bot/build/lib/line_following_bot/lane_detection_node.py -> /home/choi/angchicken_ros2_ws/install/line_following_bot/lib/python3.8/site-packages/line_following_bot
byte-compiling /home/choi/angchicken_ros2_ws/install/line_following_bot/lib/python3.8/site-packages/line_following_bot/fog_detection.py to fog_detection.cpython-38.pyc
byte-compiling /home/choi/angchicken_ros2_ws/install/line_following_bot/lib/python3.8/site-packages/line_following_bot/hough.py to hough.cpython-38.pyc
byte-compiling /home/choi/angchicken_ros2_ws/install/line_following_bot/lib/python3.8/site-packages/line_following_bot/warping.py to warping.cpython-38.pyc
byte-compiling /home/choi/angchicken_ros2_ws/install/line_following_bot/lib/python3.8/site-packages/line_following_bot/hvs.py to hvs.cpython-38.pyc
byte-compiling /home/choi/angchicken_ros2_ws/install/line_following_bot/lib/python3.8/site-packages/line_following_bot/message.py to message.cpython-38.pyc
byte-compiling /home/choi/angchicken_ros2_ws/install/line_following_bot/lib/python3.8/site-packages/line_following_bot/lane_tutorial.py to lane_tutorial.cpython-38.pyc
byte-compiling /home/choi/angchicken_ros2_ws/install/line_following_bot/lib/python3.8/site-packages/line_following_bot/blur.py to blur.cpython-38.pyc
byte-compiling /home/choi/angchicken_ros2_ws/install/line_following_bot/lib/python3.8/site-packages/line_following_bot/lane_tutorial2.py to lane_tutorial2.cpython-38.pyc
byte-compiling /home/choi/angchicken_ros2_ws/install/line_following_bot/lib/python3.8/site-packages/line_following_bot/lane_detection_node_1.py to lane_detection_node_1.cpython-38.pyc
byte-compiling /home/choi/angchicken_ros2_ws/install/line_following_bot/lib/python3.8/site-packages/line_following_bot/pumptrack_tracking.py to pumptrack_tracking.cpython-38.pyc
byte-compiling /home/choi/angchicken_ros2_ws/install/line_following_bot/lib/python3.8/site-packages/line_following_bot/image_acquisition_node.py to image_acquisition_node.cpython-38.pyc
byte-compiling /home/choi/angchicken_ros2_ws/install/line_following_bot/lib/python3.8/site-packages/line_following_bot/army.py to army.cpython-38.pyc
byte-compiling /home/choi/angchicken_ros2_ws/install/line_following_bot/lib/python3.8/site-packages/line_following_bot/wapper.py to wapper.cpython-38.pyc
byte-compiling /home/choi/angchicken_ros2_ws/install/line_following_bot/lib/python3.8/site-packages/line_following_bot/combine.py to combine.cpython-38.pyc
byte-compiling /home/choi/angchicken_ros2_ws/install/line_following_bot/lib/python3.8/site-packages/line_following_bot/__init__.py to __init__.cpython-38.pyc
byte-compiling /home/choi/angchicken_ros2_ws/install/line_following_bot/lib/python3.8/site-packages/line_following_bot/hvs_test.py to hvs_test.cpython-38.pyc
byte-compiling /home/choi/angchicken_ros2_ws/install/line_following_bot/lib/python3.8/site-packages/line_following_bot/ir_camera.py to ir_camera.cpython-38.pyc
byte-compiling /home/choi/angchicken_ros2_ws/install/line_following_bot/lib/python3.8/site-packages/line_following_bot/test.py to test.cpython-38.pyc
byte-compiling /home/choi/angchicken_ros2_ws/install/line_following_bot/lib/python3.8/site-packages/line_following_bot/depth_capture.py to depth_capture.cpython-38.pyc
byte-compiling /home/choi/angchicken_ros2_ws/install/line_following_bot/lib/python3.8/site-packages/line_following_bot/lane_detection_node.py to lane_detection_node.cpython-38.pyc
running install_data
running install_egg_info
Copying ../../build/line_following_bot/line_following_bot.egg-info to /home/choi/angchicken_ros2_ws/install/line_following_bot/lib/python3.8/site-packages/line_following_bot-0.0.0-py3.8.egg-info
running install_scripts
Installing image_acquisition_node script to /home/choi/angchicken_ros2_ws/install/line_following_bot/lib/line_following_bot
Installing lane_detection_node script to /home/choi/angchicken_ros2_ws/install/line_following_bot/lib/line_following_bot
writing list of installed files to '/home/choi/angchicken_ros2_ws/build/line_following_bot/install.log'
