[1.285s] Invoking command in '/home/choi/angchicken_ros2_ws/build/pump_track': PYTHONPATH=/home/choi/angchicken_ros2_ws/build/pump_track/prefix_override:/home/choi/angchicken_ros2_ws/install/pump_track/lib/python3.8/site-packages:${PYTHONPATH} /usr/bin/python3 setup.py develop --editable --build-directory /home/choi/angchicken_ros2_ws/build/pump_track/build --no-deps install_data
[1.672s] running develop
[1.878s] running egg_info
[1.879s] writing pump_track.egg-info/PKG-INFO
[1.879s] writing dependency_links to pump_track.egg-info/dependency_links.txt
[1.880s] writing entry points to pump_track.egg-info/entry_points.txt
[1.880s] writing requirements to pump_track.egg-info/requires.txt
[1.880s] writing top-level names to pump_track.egg-info/top_level.txt
[1.911s] reading manifest file 'pump_track.egg-info/SOURCES.txt'
[1.912s] writing manifest file 'pump_track.egg-info/SOURCES.txt'
[1.959s] running build_ext
[1.959s] Creating /home/choi/angchicken_ros2_ws/install/pump_track/lib/python3.8/site-packages/pump-track.egg-link (link to .)
[1.961s] Installing army_detect script to /home/choi/angchicken_ros2_ws/install/pump_track/lib/pump_track
[1.961s] Installing diffbot_cont script to /home/choi/angchicken_ros2_ws/install/pump_track/lib/pump_track
[1.962s] Installing pump_pub script to /home/choi/angchicken_ros2_ws/install/pump_track/lib/pump_track
[1.962s] Installing usb_cam script to /home/choi/angchicken_ros2_ws/install/pump_track/lib/pump_track
[1.962s] 
[1.963s] Installed /home/choi/angchicken_ros2_ws/build/pump_track
[1.963s] running install_data
[2.007s] Invoked command in '/home/choi/angchicken_ros2_ws/build/pump_track' returned '0': PYTHONPATH=/home/choi/angchicken_ros2_ws/build/pump_track/prefix_override:/home/choi/angchicken_ros2_ws/install/pump_track/lib/python3.8/site-packages:${PYTHONPATH} /usr/bin/python3 setup.py develop --editable --build-directory /home/choi/angchicken_ros2_ws/build/pump_track/build --no-deps install_data
