[0.889s] Invoking command in '/home/choi/angchicken_ros2_ws/build/text_detection': PYTHONPATH=/home/choi/angchicken_ros2_ws/build/text_detection/prefix_override:/home/choi/angchicken_ros2_ws/install/text_detection/lib/python3.8/site-packages:${PYTHONPATH} /usr/bin/python3 setup.py develop --uninstall --editable --build-directory /home/choi/angchicken_ros2_ws/build/text_detection/build
[1.176s] running develop
[1.378s] Invoked command in '/home/choi/angchicken_ros2_ws/build/text_detection' returned '0': PYTHONPATH=/home/choi/angchicken_ros2_ws/build/text_detection/prefix_override:/home/choi/angchicken_ros2_ws/install/text_detection/lib/python3.8/site-packages:${PYTHONPATH} /usr/bin/python3 setup.py develop --uninstall --editable --build-directory /home/choi/angchicken_ros2_ws/build/text_detection/build
[1.382s] Invoking command in '/home/choi/angchicken_ros2_ws/src/text_detection': PYTHONPATH=/home/choi/angchicken_ros2_ws/build/text_detection/prefix_override:/home/choi/angchicken_ros2_ws/install/text_detection/lib/python3.8/site-packages:${PYTHONPATH} /usr/bin/python3 setup.py egg_info --egg-base ../../build/text_detection build --build-base /home/choi/angchicken_ros2_ws/build/text_detection/build install --record /home/choi/angchicken_ros2_ws/build/text_detection/install.log --install-scripts $base/lib/text_detection --single-version-externally-managed
[1.641s] running egg_info
[1.641s] writing ../../build/text_detection/text_detection.egg-info/PKG-INFO
[1.642s] writing dependency_links to ../../build/text_detection/text_detection.egg-info/dependency_links.txt
[1.642s] writing entry points to ../../build/text_detection/text_detection.egg-info/entry_points.txt
[1.642s] writing requirements to ../../build/text_detection/text_detection.egg-info/requires.txt
[1.642s] writing top-level names to ../../build/text_detection/text_detection.egg-info/top_level.txt
[1.676s] reading manifest file '../../build/text_detection/text_detection.egg-info/SOURCES.txt'
[1.676s] writing manifest file '../../build/text_detection/text_detection.egg-info/SOURCES.txt'
[1.677s] running build
[1.677s] running build_py
[1.677s] running install
[1.678s] running install_lib
[1.680s] running install_data
[1.680s] running install_egg_info
[1.682s] removing '/home/choi/angchicken_ros2_ws/install/text_detection/lib/python3.8/site-packages/text_detection-0.0.0-py3.8.egg-info' (and everything under it)
[1.682s] Copying ../../build/text_detection/text_detection.egg-info to /home/choi/angchicken_ros2_ws/install/text_detection/lib/python3.8/site-packages/text_detection-0.0.0-py3.8.egg-info
[1.683s] running install_scripts
[1.700s] writing list of installed files to '/home/choi/angchicken_ros2_ws/build/text_detection/install.log'
[1.725s] Invoked command in '/home/choi/angchicken_ros2_ws/src/text_detection' returned '0': PYTHONPATH=/home/choi/angchicken_ros2_ws/build/text_detection/prefix_override:/home/choi/angchicken_ros2_ws/install/text_detection/lib/python3.8/site-packages:${PYTHONPATH} /usr/bin/python3 setup.py egg_info --egg-base ../../build/text_detection build --build-base /home/choi/angchicken_ros2_ws/build/text_detection/build install --record /home/choi/angchicken_ros2_ws/build/text_detection/install.log --install-scripts $base/lib/text_detection --single-version-externally-managed
