[1.600s] Invoking command in '/home/choi/angchicken_ros2_ws/build/lane_detection_py': PYTHONPATH=/home/choi/angchicken_ros2_ws/build/lane_detection_py/prefix_override:/home/choi/angchicken_ros2_ws/install/lane_detection_py/lib/python3.8/site-packages:${PYTHONPATH} /usr/bin/python3 setup.py develop --uninstall --editable --build-directory /home/choi/angchicken_ros2_ws/build/lane_detection_py/build
[1.996s] running develop
[2.203s] Removing /home/choi/angchicken_ros2_ws/install/lane_detection_py/lib/python3.8/site-packages/lane-detection-py.egg-link (link to .)
[2.242s] Invoked command in '/home/choi/angchicken_ros2_ws/build/lane_detection_py' returned '0': PYTHONPATH=/home/choi/angchicken_ros2_ws/build/lane_detection_py/prefix_override:/home/choi/angchicken_ros2_ws/install/lane_detection_py/lib/python3.8/site-packages:${PYTHONPATH} /usr/bin/python3 setup.py develop --uninstall --editable --build-directory /home/choi/angchicken_ros2_ws/build/lane_detection_py/build
[2.245s] Invoking command in '/home/choi/angchicken_ros2_ws/src/lane_detection_py': PYTHONPATH=/home/choi/angchicken_ros2_ws/build/lane_detection_py/prefix_override:/home/choi/angchicken_ros2_ws/install/lane_detection_py/lib/python3.8/site-packages:${PYTHONPATH} /usr/bin/python3 setup.py egg_info --egg-base ../../build/lane_detection_py build --build-base /home/choi/angchicken_ros2_ws/build/lane_detection_py/build install --record /home/choi/angchicken_ros2_ws/build/lane_detection_py/install.log --install-scripts $base/lib/lane_detection_py --single-version-externally-managed
[2.659s] running egg_info
[2.659s] writing ../../build/lane_detection_py/lane_detection_py.egg-info/PKG-INFO
[2.659s] writing dependency_links to ../../build/lane_detection_py/lane_detection_py.egg-info/dependency_links.txt
[2.660s] writing entry points to ../../build/lane_detection_py/lane_detection_py.egg-info/entry_points.txt
[2.660s] writing requirements to ../../build/lane_detection_py/lane_detection_py.egg-info/requires.txt
[2.660s] writing top-level names to ../../build/lane_detection_py/lane_detection_py.egg-info/top_level.txt
[2.694s] reading manifest file '../../build/lane_detection_py/lane_detection_py.egg-info/SOURCES.txt'
[2.694s] writing manifest file '../../build/lane_detection_py/lane_detection_py.egg-info/SOURCES.txt'
[2.694s] running build
[2.694s] running build_py
[2.694s] creating /home/choi/angchicken_ros2_ws/build/lane_detection_py/build
[2.694s] creating /home/choi/angchicken_ros2_ws/build/lane_detection_py/build/lib
[2.695s] creating /home/choi/angchicken_ros2_ws/build/lane_detection_py/build/lib/lane_detection_py
[2.695s] copying lane_detection_py/lane_detection_sample_node.py -> /home/choi/angchicken_ros2_ws/build/lane_detection_py/build/lib/lane_detection_py
[2.695s] copying lane_detection_py/realsense_rviz.py -> /home/choi/angchicken_ros2_ws/build/lane_detection_py/build/lib/lane_detection_py
[2.695s] copying lane_detection_py/__init__.py -> /home/choi/angchicken_ros2_ws/build/lane_detection_py/build/lib/lane_detection_py
[2.695s] copying lane_detection_py/lane_detection_node.py -> /home/choi/angchicken_ros2_ws/build/lane_detection_py/build/lib/lane_detection_py
[2.695s] running install
[2.695s] running install_lib
[2.696s] creating /home/choi/angchicken_ros2_ws/install/lane_detection_py/lib/python3.8/site-packages/lane_detection_py
[2.696s] copying /home/choi/angchicken_ros2_ws/build/lane_detection_py/build/lib/lane_detection_py/lane_detection_sample_node.py -> /home/choi/angchicken_ros2_ws/install/lane_detection_py/lib/python3.8/site-packages/lane_detection_py
[2.697s] copying /home/choi/angchicken_ros2_ws/build/lane_detection_py/build/lib/lane_detection_py/realsense_rviz.py -> /home/choi/angchicken_ros2_ws/install/lane_detection_py/lib/python3.8/site-packages/lane_detection_py
[2.697s] copying /home/choi/angchicken_ros2_ws/build/lane_detection_py/build/lib/lane_detection_py/__init__.py -> /home/choi/angchicken_ros2_ws/install/lane_detection_py/lib/python3.8/site-packages/lane_detection_py
[2.697s] copying /home/choi/angchicken_ros2_ws/build/lane_detection_py/build/lib/lane_detection_py/lane_detection_node.py -> /home/choi/angchicken_ros2_ws/install/lane_detection_py/lib/python3.8/site-packages/lane_detection_py
[2.697s] byte-compiling /home/choi/angchicken_ros2_ws/install/lane_detection_py/lib/python3.8/site-packages/lane_detection_py/lane_detection_sample_node.py to lane_detection_sample_node.cpython-38.pyc
[2.699s] byte-compiling /home/choi/angchicken_ros2_ws/install/lane_detection_py/lib/python3.8/site-packages/lane_detection_py/realsense_rviz.py to realsense_rviz.cpython-38.pyc
[2.700s] byte-compiling /home/choi/angchicken_ros2_ws/install/lane_detection_py/lib/python3.8/site-packages/lane_detection_py/__init__.py to __init__.cpython-38.pyc
[2.700s] byte-compiling /home/choi/angchicken_ros2_ws/install/lane_detection_py/lib/python3.8/site-packages/lane_detection_py/lane_detection_node.py to lane_detection_node.cpython-38.pyc
[2.701s] running install_data
[2.702s] running install_egg_info
[2.704s] Copying ../../build/lane_detection_py/lane_detection_py.egg-info to /home/choi/angchicken_ros2_ws/install/lane_detection_py/lib/python3.8/site-packages/lane_detection_py-0.0.0-py3.8.egg-info
[2.705s] running install_scripts
[2.725s] Installing lane_detection_node script to /home/choi/angchicken_ros2_ws/install/lane_detection_py/lib/lane_detection_py
[2.725s] writing list of installed files to '/home/choi/angchicken_ros2_ws/build/lane_detection_py/install.log'
[2.764s] Invoked command in '/home/choi/angchicken_ros2_ws/src/lane_detection_py' returned '0': PYTHONPATH=/home/choi/angchicken_ros2_ws/build/lane_detection_py/prefix_override:/home/choi/angchicken_ros2_ws/install/lane_detection_py/lib/python3.8/site-packages:${PYTHONPATH} /usr/bin/python3 setup.py egg_info --egg-base ../../build/lane_detection_py build --build-base /home/choi/angchicken_ros2_ws/build/lane_detection_py/build install --record /home/choi/angchicken_ros2_ws/build/lane_detection_py/install.log --install-scripts $base/lib/lane_detection_py --single-version-externally-managed
