running develop
running egg_info
creating lane_detection_py.egg-info
writing lane_detection_py.egg-info/PKG-INFO
writing dependency_links to lane_detection_py.egg-info/dependency_links.txt
writing entry points to lane_detection_py.egg-info/entry_points.txt
writing requirements to lane_detection_py.egg-info/requires.txt
writing top-level names to lane_detection_py.egg-info/top_level.txt
writing manifest file 'lane_detection_py.egg-info/SOURCES.txt'
reading manifest file 'lane_detection_py.egg-info/SOURCES.txt'
writing manifest file 'lane_detection_py.egg-info/SOURCES.txt'
running build_ext
Creating /home/choi/angchicken_ros2_ws/install/lane_detection_py/lib/python3.8/site-packages/site.py
Creating /home/choi/angchicken_ros2_ws/install/lane_detection_py/lib/python3.8/site-packages/lane-detection-py.egg-link (link to .)
Installing lane_detection_node script to /home/choi/angchicken_ros2_ws/install/lane_detection_py/lib/lane_detection_py

Installed /home/choi/angchicken_ros2_ws/build/lane_detection_py
running install_data
creating /home/choi/angchicken_ros2_ws/install/lane_detection_py/share/ament_index
creating /home/choi/angchicken_ros2_ws/install/lane_detection_py/share/ament_index/resource_index
creating /home/choi/angchicken_ros2_ws/install/lane_detection_py/share/ament_index/resource_index/packages
copying resource/lane_detection_py -> /home/choi/angchicken_ros2_ws/install/lane_detection_py/share/ament_index/resource_index/packages
copying package.xml -> /home/choi/angchicken_ros2_ws/install/lane_detection_py/share/lane_detection_py
