[0.343s] DEBUG:colcon:Command line arguments: ['/usr/bin/colcon', 'list', '-p', '--base-paths', '/home/junwoo/angchicken_ros2_ws']
[0.343s] DEBUG:colcon:Parsed command line arguments: Namespace(allow_overriding=[], base_paths=['/home/junwoo/angchicken_ros2_ws'], build_base='build', ignore_user_meta=False, log_base=None, log_level=None, main=<bound method ListVerb.main of <colcon_package_information.verb.list.ListVerb object at 0x7f729d7e1820>>, metas=['./colcon.meta'], names_only=False, packages_above=None, packages_above_and_dependencies=None, packages_above_depth=None, packages_end=None, packages_ignore=None, packages_ignore_regex=None, packages_select=None, packages_select_build_failed=False, packages_select_by_dep=None, packages_select_regex=None, packages_select_test_failures=False, packages_skip=None, packages_skip_build_finished=False, packages_skip_by_dep=None, packages_skip_regex=None, packages_skip_test_passed=False, packages_skip_up_to=None, packages_start=None, packages_up_to=None, packages_up_to_regex=None, paths=None, paths_only=True, topological_graph=False, topological_graph_density=False, topological_graph_dot=False, topological_graph_dot_cluster=False, topological_graph_dot_include_skipped=False, topological_graph_legend=False, topological_order=False, verb_extension=<colcon_package_information.verb.list.ListVerb object at 0x7f729d7e1820>, verb_name='list', verb_parser=<colcon_defaults.argument_parser.defaults.DefaultArgumentsDecorator object at 0x7f729d6ef760>)
[0.377s] Level 1:colcon.colcon_core.package_discovery:discover_packages(colcon_meta) check parameters
[0.377s] Level 1:colcon.colcon_core.package_discovery:discover_packages(recursive) check parameters
[0.377s] Level 1:colcon.colcon_core.package_discovery:discover_packages(ignore) check parameters
[0.377s] Level 1:colcon.colcon_core.package_discovery:discover_packages(path) check parameters
[0.377s] Level 1:colcon.colcon_core.package_discovery:discover_packages(recursive) discover
[0.377s] INFO:colcon.colcon_core.package_discovery:Crawling recursively for packages in '/home/junwoo/angchicken_ros2_ws'
[0.378s] Level 1:colcon.colcon_core.package_identification:_identify(/home/junwoo/angchicken_ros2_ws) by extensions ['ignore', 'ignore_ament_install']
[0.378s] Level 1:colcon.colcon_core.package_identification:_identify(/home/junwoo/angchicken_ros2_ws) by extension 'ignore'
[0.378s] Level 1:colcon.colcon_core.package_identification:_identify(/home/junwoo/angchicken_ros2_ws) by extension 'ignore_ament_install'
[0.378s] Level 1:colcon.colcon_core.package_identification:_identify(/home/junwoo/angchicken_ros2_ws) by extensions ['colcon_pkg']
[0.378s] Level 1:colcon.colcon_core.package_identification:_identify(/home/junwoo/angchicken_ros2_ws) by extension 'colcon_pkg'
[0.378s] Level 1:colcon.colcon_core.package_identification:_identify(/home/junwoo/angchicken_ros2_ws) by extensions ['colcon_meta']
[0.378s] Level 1:colcon.colcon_core.package_identification:_identify(/home/junwoo/angchicken_ros2_ws) by extension 'colcon_meta'
[0.378s] Level 1:colcon.colcon_core.package_identification:_identify(/home/junwoo/angchicken_ros2_ws) by extensions ['ros']
[0.378s] Level 1:colcon.colcon_core.package_identification:_identify(/home/junwoo/angchicken_ros2_ws) by extension 'ros'
[0.402s] Level 1:colcon.colcon_core.package_identification:_identify(/home/junwoo/angchicken_ros2_ws) by extensions ['cmake', 'python']
[0.402s] Level 1:colcon.colcon_core.package_identification:_identify(/home/junwoo/angchicken_ros2_ws) by extension 'cmake'
[0.402s] Level 1:colcon.colcon_core.package_identification:_identify(/home/junwoo/angchicken_ros2_ws) by extension 'python'
[0.402s] Level 1:colcon.colcon_core.package_identification:_identify(/home/junwoo/angchicken_ros2_ws) by extensions ['python_setup_py']
[0.402s] Level 1:colcon.colcon_core.package_identification:_identify(/home/junwoo/angchicken_ros2_ws) by extension 'python_setup_py'
[0.403s] Level 1:colcon.colcon_core.package_identification:_identify(/home/junwoo/angchicken_ros2_ws/build) by extensions ['ignore', 'ignore_ament_install']
[0.403s] Level 1:colcon.colcon_core.package_identification:_identify(/home/junwoo/angchicken_ros2_ws/build) by extension 'ignore'
[0.403s] Level 1:colcon.colcon_core.package_identification:_identify(/home/junwoo/angchicken_ros2_ws/build) ignored
[0.403s] Level 1:colcon.colcon_core.package_identification:_identify(/home/junwoo/angchicken_ros2_ws/install) by extensions ['ignore', 'ignore_ament_install']
[0.403s] Level 1:colcon.colcon_core.package_identification:_identify(/home/junwoo/angchicken_ros2_ws/install) by extension 'ignore'
[0.403s] Level 1:colcon.colcon_core.package_identification:_identify(/home/junwoo/angchicken_ros2_ws/install) ignored
[0.404s] Level 1:colcon.colcon_core.package_identification:_identify(/home/junwoo/angchicken_ros2_ws/log) by extensions ['ignore', 'ignore_ament_install']
[0.404s] Level 1:colcon.colcon_core.package_identification:_identify(/home/junwoo/angchicken_ros2_ws/log) by extension 'ignore'
[0.404s] Level 1:colcon.colcon_core.package_identification:_identify(/home/junwoo/angchicken_ros2_ws/log) ignored
[0.404s] Level 1:colcon.colcon_core.package_identification:_identify(/home/junwoo/angchicken_ros2_ws/src) by extensions ['ignore', 'ignore_ament_install']
[0.404s] Level 1:colcon.colcon_core.package_identification:_identify(/home/junwoo/angchicken_ros2_ws/src) by extension 'ignore'
[0.404s] Level 1:colcon.colcon_core.package_identification:_identify(/home/junwoo/angchicken_ros2_ws/src) by extension 'ignore_ament_install'
[0.404s] Level 1:colcon.colcon_core.package_identification:_identify(/home/junwoo/angchicken_ros2_ws/src) by extensions ['colcon_pkg']
[0.404s] Level 1:colcon.colcon_core.package_identification:_identify(/home/junwoo/angchicken_ros2_ws/src) by extension 'colcon_pkg'
[0.404s] Level 1:colcon.colcon_core.package_identification:_identify(/home/junwoo/angchicken_ros2_ws/src) by extensions ['colcon_meta']
[0.404s] Level 1:colcon.colcon_core.package_identification:_identify(/home/junwoo/angchicken_ros2_ws/src) by extension 'colcon_meta'
[0.404s] Level 1:colcon.colcon_core.package_identification:_identify(/home/junwoo/angchicken_ros2_ws/src) by extensions ['ros']
[0.404s] Level 1:colcon.colcon_core.package_identification:_identify(/home/junwoo/angchicken_ros2_ws/src) by extension 'ros'
[0.404s] Level 1:colcon.colcon_core.package_identification:_identify(/home/junwoo/angchicken_ros2_ws/src) by extensions ['cmake', 'python']
[0.404s] Level 1:colcon.colcon_core.package_identification:_identify(/home/junwoo/angchicken_ros2_ws/src) by extension 'cmake'
[0.405s] Level 1:colcon.colcon_core.package_identification:_identify(/home/junwoo/angchicken_ros2_ws/src) by extension 'python'
[0.405s] Level 1:colcon.colcon_core.package_identification:_identify(/home/junwoo/angchicken_ros2_ws/src) by extensions ['python_setup_py']
[0.405s] Level 1:colcon.colcon_core.package_identification:_identify(/home/junwoo/angchicken_ros2_ws/src) by extension 'python_setup_py'
[0.405s] Level 1:colcon.colcon_core.package_identification:_identify(/home/junwoo/angchicken_ros2_ws/src/git_test) by extensions ['ignore', 'ignore_ament_install']
[0.405s] Level 1:colcon.colcon_core.package_identification:_identify(/home/junwoo/angchicken_ros2_ws/src/git_test) by extension 'ignore'
[0.405s] Level 1:colcon.colcon_core.package_identification:_identify(/home/junwoo/angchicken_ros2_ws/src/git_test) by extension 'ignore_ament_install'
[0.405s] Level 1:colcon.colcon_core.package_identification:_identify(/home/junwoo/angchicken_ros2_ws/src/git_test) by extensions ['colcon_pkg']
[0.405s] Level 1:colcon.colcon_core.package_identification:_identify(/home/junwoo/angchicken_ros2_ws/src/git_test) by extension 'colcon_pkg'
[0.405s] Level 1:colcon.colcon_core.package_identification:_identify(/home/junwoo/angchicken_ros2_ws/src/git_test) by extensions ['colcon_meta']
[0.405s] Level 1:colcon.colcon_core.package_identification:_identify(/home/junwoo/angchicken_ros2_ws/src/git_test) by extension 'colcon_meta'
[0.405s] Level 1:colcon.colcon_core.package_identification:_identify(/home/junwoo/angchicken_ros2_ws/src/git_test) by extensions ['ros']
[0.405s] Level 1:colcon.colcon_core.package_identification:_identify(/home/junwoo/angchicken_ros2_ws/src/git_test) by extension 'ros'
[0.408s] DEBUG:colcon.colcon_core.package_identification:Package '/home/junwoo/angchicken_ros2_ws/src/git_test' with type 'ros.ament_python' and name 'git_test'
[0.408s] Level 1:colcon.colcon_core.package_discovery:discover_packages(recursive) using defaults
