[0.619s] Invoking command in '/home/choi/angchicken_ros2_ws/build/lidar_pkg': CMAKE_PREFIX_PATH=${CMAKE_PREFIX_PATH}:/home/choi/my_bot_ws/install/two_wheel_demo:/home/choi/my_bot_ws/install/ros2_control_test_nodes:/home/choi/my_bot_ws/install/py_pubsub:/home/choi/my_bot_ws/install/odrive_driver:/home/choi/my_bot_ws/install/joy_tester:/home/choi/my_bot_ws/install/diffbot_control_node:/home/choi/my_bot_ws/install/cv_basics:/opt/ros/foxy /usr/bin/cmake --build /home/choi/angchicken_ros2_ws/build/lidar_pkg -- -j4 -l4
[0.907s] [100%] Built target lidar_code
[0.908s] Invoked command in '/home/choi/angchicken_ros2_ws/build/lidar_pkg' returned '0': CMAKE_PREFIX_PATH=${CMAKE_PREFIX_PATH}:/home/choi/my_bot_ws/install/two_wheel_demo:/home/choi/my_bot_ws/install/ros2_control_test_nodes:/home/choi/my_bot_ws/install/py_pubsub:/home/choi/my_bot_ws/install/odrive_driver:/home/choi/my_bot_ws/install/joy_tester:/home/choi/my_bot_ws/install/diffbot_control_node:/home/choi/my_bot_ws/install/cv_basics:/opt/ros/foxy /usr/bin/cmake --build /home/choi/angchicken_ros2_ws/build/lidar_pkg -- -j4 -l4
[1.193s] Invoking command in '/home/choi/angchicken_ros2_ws/build/lidar_pkg': CMAKE_PREFIX_PATH=${CMAKE_PREFIX_PATH}:/home/choi/my_bot_ws/install/two_wheel_demo:/home/choi/my_bot_ws/install/ros2_control_test_nodes:/home/choi/my_bot_ws/install/py_pubsub:/home/choi/my_bot_ws/install/odrive_driver:/home/choi/my_bot_ws/install/joy_tester:/home/choi/my_bot_ws/install/diffbot_control_node:/home/choi/my_bot_ws/install/cv_basics:/opt/ros/foxy /usr/bin/cmake --install /home/choi/angchicken_ros2_ws/build/lidar_pkg
[1.231s] -- Install configuration: ""
[1.232s] -- Execute custom install script
[1.232s] -- Up-to-date symlink: /home/choi/angchicken_ros2_ws/install/lidar_pkg/share/lidar_pkg/launch/lidar_code.launch.py
[1.233s] -- Up-to-date symlink: /home/choi/angchicken_ros2_ws/install/lidar_pkg/lib/lidar_pkg/lidar_code
[1.233s] -- Up-to-date symlink: /home/choi/angchicken_ros2_ws/install/lidar_pkg/share/ament_index/resource_index/package_run_dependencies/lidar_pkg
[1.234s] -- Up-to-date symlink: /home/choi/angchicken_ros2_ws/install/lidar_pkg/share/ament_index/resource_index/parent_prefix_path/lidar_pkg
[1.234s] -- Up-to-date symlink: /home/choi/angchicken_ros2_ws/install/lidar_pkg/share/lidar_pkg/environment/ament_prefix_path.sh
[1.235s] -- Up-to-date symlink: /home/choi/angchicken_ros2_ws/install/lidar_pkg/share/lidar_pkg/environment/ament_prefix_path.dsv
[1.235s] -- Up-to-date symlink: /home/choi/angchicken_ros2_ws/install/lidar_pkg/share/lidar_pkg/environment/path.sh
[1.236s] -- Up-to-date symlink: /home/choi/angchicken_ros2_ws/install/lidar_pkg/share/lidar_pkg/environment/path.dsv
[1.236s] -- Up-to-date symlink: /home/choi/angchicken_ros2_ws/install/lidar_pkg/share/lidar_pkg/local_setup.bash
[1.237s] -- Up-to-date symlink: /home/choi/angchicken_ros2_ws/install/lidar_pkg/share/lidar_pkg/local_setup.sh
[1.237s] -- Up-to-date symlink: /home/choi/angchicken_ros2_ws/install/lidar_pkg/share/lidar_pkg/local_setup.zsh
[1.237s] -- Up-to-date symlink: /home/choi/angchicken_ros2_ws/install/lidar_pkg/share/lidar_pkg/local_setup.dsv
[1.238s] -- Symlinking: /home/choi/angchicken_ros2_ws/install/lidar_pkg/share/lidar_pkg/package.dsv
[1.265s] -- Up-to-date symlink: /home/choi/angchicken_ros2_ws/install/lidar_pkg/share/ament_index/resource_index/packages/lidar_pkg
[1.266s] -- Up-to-date symlink: /home/choi/angchicken_ros2_ws/install/lidar_pkg/share/lidar_pkg/cmake/lidar_pkgConfig.cmake
[1.266s] -- Up-to-date symlink: /home/choi/angchicken_ros2_ws/install/lidar_pkg/share/lidar_pkg/cmake/lidar_pkgConfig-version.cmake
[1.267s] -- Up-to-date symlink: /home/choi/angchicken_ros2_ws/install/lidar_pkg/share/lidar_pkg/package.xml
[1.269s] Invoked command in '/home/choi/angchicken_ros2_ws/build/lidar_pkg' returned '0': CMAKE_PREFIX_PATH=${CMAKE_PREFIX_PATH}:/home/choi/my_bot_ws/install/two_wheel_demo:/home/choi/my_bot_ws/install/ros2_control_test_nodes:/home/choi/my_bot_ws/install/py_pubsub:/home/choi/my_bot_ws/install/odrive_driver:/home/choi/my_bot_ws/install/joy_tester:/home/choi/my_bot_ws/install/diffbot_control_node:/home/choi/my_bot_ws/install/cv_basics:/opt/ros/foxy /usr/bin/cmake --install /home/choi/angchicken_ros2_ws/build/lidar_pkg
