[0.374s] DEBUG:colcon:Command line arguments: ['/usr/bin/colcon', 'build', '--symlink-install']
[0.374s] DEBUG:colcon:Parsed command line arguments: Namespace(allow_overriding=[], ament_cmake_args=None, base_paths=['.'], build_base='build', catkin_cmake_args=None, catkin_skip_building_tests=False, cmake_args=None, cmake_clean_cache=False, cmake_clean_first=False, cmake_force_configure=False, cmake_target=None, cmake_target_skip_unavailable=False, continue_on_error=False, event_handlers=None, executor='parallel', ignore_user_meta=False, install_base='install', log_base=None, log_level=None, main=<bound method BuildVerb.main of <colcon_core.verb.build.BuildVerb object at 0x7facd7bed190>>, merge_install=False, metas=['./colcon.meta'], packages_above=None, packages_above_and_dependencies=None, packages_above_depth=None, packages_end=None, packages_ignore=None, packages_ignore_regex=None, packages_select=None, packages_select_build_failed=False, packages_select_by_dep=None, packages_select_regex=None, packages_select_test_failures=False, packages_skip=None, packages_skip_build_finished=False, packages_skip_by_dep=None, packages_skip_regex=None, packages_skip_test_passed=False, packages_skip_up_to=None, packages_start=None, packages_up_to=None, packages_up_to_regex=None, parallel_workers=4, paths=None, symlink_install=True, test_result_base=None, verb_extension=<colcon_core.verb.build.BuildVerb object at 0x7facd7bed190>, verb_name='build', verb_parser=<colcon_defaults.argument_parser.defaults.DefaultArgumentsDecorator object at 0x7facd7bed6d0>)
[0.412s] Level 1:colcon.colcon_core.package_discovery:discover_packages(colcon_meta) check parameters
[0.412s] Level 1:colcon.colcon_core.package_discovery:discover_packages(recursive) check parameters
[0.412s] Level 1:colcon.colcon_core.package_discovery:discover_packages(ignore) check parameters
[0.412s] Level 1:colcon.colcon_core.package_discovery:discover_packages(path) check parameters
[0.412s] Level 1:colcon.colcon_core.package_discovery:discover_packages(colcon_meta) discover
[0.412s] Level 1:colcon.colcon_core.package_discovery:discover_packages(recursive) discover
[0.412s] INFO:colcon.colcon_core.package_discovery:Crawling recursively for packages in '/home/choi/angchicken_ros2_ws'
[0.412s] Level 1:colcon.colcon_core.package_identification:_identify(.) by extensions ['ignore', 'ignore_ament_install']
[0.413s] Level 1:colcon.colcon_core.package_identification:_identify(.) by extension 'ignore'
[0.413s] Level 1:colcon.colcon_core.package_identification:_identify(.) by extension 'ignore_ament_install'
[0.413s] Level 1:colcon.colcon_core.package_identification:_identify(.) by extensions ['colcon_pkg']
[0.413s] Level 1:colcon.colcon_core.package_identification:_identify(.) by extension 'colcon_pkg'
[0.413s] Level 1:colcon.colcon_core.package_identification:_identify(.) by extensions ['colcon_meta']
[0.413s] Level 1:colcon.colcon_core.package_identification:_identify(.) by extension 'colcon_meta'
[0.413s] Level 1:colcon.colcon_core.package_identification:_identify(.) by extensions ['ros']
[0.413s] Level 1:colcon.colcon_core.package_identification:_identify(.) by extension 'ros'
[0.423s] Level 1:colcon.colcon_core.package_identification:_identify(.) by extensions ['cmake', 'python']
[0.423s] Level 1:colcon.colcon_core.package_identification:_identify(.) by extension 'cmake'
[0.423s] Level 1:colcon.colcon_core.package_identification:_identify(.) by extension 'python'
[0.423s] Level 1:colcon.colcon_core.package_identification:_identify(.) by extensions ['python_setup_py']
[0.423s] Level 1:colcon.colcon_core.package_identification:_identify(.) by extension 'python_setup_py'
[0.423s] Level 1:colcon.colcon_core.package_identification:_identify(build) by extensions ['ignore', 'ignore_ament_install']
[0.423s] Level 1:colcon.colcon_core.package_identification:_identify(build) by extension 'ignore'
[0.423s] Level 1:colcon.colcon_core.package_identification:_identify(build) ignored
[0.423s] Level 1:colcon.colcon_core.package_identification:_identify(gazebo_models) by extensions ['ignore', 'ignore_ament_install']
[0.424s] Level 1:colcon.colcon_core.package_identification:_identify(gazebo_models) by extension 'ignore'
[0.424s] Level 1:colcon.colcon_core.package_identification:_identify(gazebo_models) by extension 'ignore_ament_install'
[0.424s] Level 1:colcon.colcon_core.package_identification:_identify(gazebo_models) by extensions ['colcon_pkg']
[0.424s] Level 1:colcon.colcon_core.package_identification:_identify(gazebo_models) by extension 'colcon_pkg'
[0.424s] Level 1:colcon.colcon_core.package_identification:_identify(gazebo_models) by extensions ['colcon_meta']
[0.424s] Level 1:colcon.colcon_core.package_identification:_identify(gazebo_models) by extension 'colcon_meta'
[0.424s] Level 1:colcon.colcon_core.package_identification:_identify(gazebo_models) by extensions ['ros']
[0.424s] Level 1:colcon.colcon_core.package_identification:_identify(gazebo_models) by extension 'ros'
[0.424s] Level 1:colcon.colcon_core.package_identification:_identify(gazebo_models) by extensions ['cmake', 'python']
[0.424s] Level 1:colcon.colcon_core.package_identification:_identify(gazebo_models) by extension 'cmake'
[0.424s] Level 1:colcon.colcon_core.package_identification:_identify(gazebo_models) by extension 'python'
[0.424s] Level 1:colcon.colcon_core.package_identification:_identify(gazebo_models) by extensions ['python_setup_py']
[0.424s] Level 1:colcon.colcon_core.package_identification:_identify(gazebo_models) by extension 'python_setup_py'
[0.424s] Level 1:colcon.colcon_core.package_identification:_identify(gazebo_models/track_ground) by extensions ['ignore', 'ignore_ament_install']
[0.424s] Level 1:colcon.colcon_core.package_identification:_identify(gazebo_models/track_ground) by extension 'ignore'
[0.424s] Level 1:colcon.colcon_core.package_identification:_identify(gazebo_models/track_ground) by extension 'ignore_ament_install'
[0.425s] Level 1:colcon.colcon_core.package_identification:_identify(gazebo_models/track_ground) by extensions ['colcon_pkg']
[0.425s] Level 1:colcon.colcon_core.package_identification:_identify(gazebo_models/track_ground) by extension 'colcon_pkg'
[0.425s] Level 1:colcon.colcon_core.package_identification:_identify(gazebo_models/track_ground) by extensions ['colcon_meta']
[0.425s] Level 1:colcon.colcon_core.package_identification:_identify(gazebo_models/track_ground) by extension 'colcon_meta'
[0.425s] Level 1:colcon.colcon_core.package_identification:_identify(gazebo_models/track_ground) by extensions ['ros']
[0.425s] Level 1:colcon.colcon_core.package_identification:_identify(gazebo_models/track_ground) by extension 'ros'
[0.425s] Level 1:colcon.colcon_core.package_identification:_identify(gazebo_models/track_ground) by extensions ['cmake', 'python']
[0.425s] Level 1:colcon.colcon_core.package_identification:_identify(gazebo_models/track_ground) by extension 'cmake'
[0.425s] Level 1:colcon.colcon_core.package_identification:_identify(gazebo_models/track_ground) by extension 'python'
[0.425s] Level 1:colcon.colcon_core.package_identification:_identify(gazebo_models/track_ground) by extensions ['python_setup_py']
[0.425s] Level 1:colcon.colcon_core.package_identification:_identify(gazebo_models/track_ground) by extension 'python_setup_py'
[0.425s] Level 1:colcon.colcon_core.package_identification:_identify(gazebo_models/track_sample) by extensions ['ignore', 'ignore_ament_install']
[0.425s] Level 1:colcon.colcon_core.package_identification:_identify(gazebo_models/track_sample) by extension 'ignore'
[0.425s] Level 1:colcon.colcon_core.package_identification:_identify(gazebo_models/track_sample) by extension 'ignore_ament_install'
[0.425s] Level 1:colcon.colcon_core.package_identification:_identify(gazebo_models/track_sample) by extensions ['colcon_pkg']
[0.425s] Level 1:colcon.colcon_core.package_identification:_identify(gazebo_models/track_sample) by extension 'colcon_pkg'
[0.425s] Level 1:colcon.colcon_core.package_identification:_identify(gazebo_models/track_sample) by extensions ['colcon_meta']
[0.425s] Level 1:colcon.colcon_core.package_identification:_identify(gazebo_models/track_sample) by extension 'colcon_meta'
[0.426s] Level 1:colcon.colcon_core.package_identification:_identify(gazebo_models/track_sample) by extensions ['ros']
[0.426s] Level 1:colcon.colcon_core.package_identification:_identify(gazebo_models/track_sample) by extension 'ros'
[0.426s] Level 1:colcon.colcon_core.package_identification:_identify(gazebo_models/track_sample) by extensions ['cmake', 'python']
[0.426s] Level 1:colcon.colcon_core.package_identification:_identify(gazebo_models/track_sample) by extension 'cmake'
[0.426s] Level 1:colcon.colcon_core.package_identification:_identify(gazebo_models/track_sample) by extension 'python'
[0.426s] Level 1:colcon.colcon_core.package_identification:_identify(gazebo_models/track_sample) by extensions ['python_setup_py']
[0.426s] Level 1:colcon.colcon_core.package_identification:_identify(gazebo_models/track_sample) by extension 'python_setup_py'
[0.426s] Level 1:colcon.colcon_core.package_identification:_identify(gazebo_models/track_sample/materials) by extensions ['ignore', 'ignore_ament_install']
[0.426s] Level 1:colcon.colcon_core.package_identification:_identify(gazebo_models/track_sample/materials) by extension 'ignore'
[0.426s] Level 1:colcon.colcon_core.package_identification:_identify(gazebo_models/track_sample/materials) by extension 'ignore_ament_install'
[0.426s] Level 1:colcon.colcon_core.package_identification:_identify(gazebo_models/track_sample/materials) by extensions ['colcon_pkg']
[0.426s] Level 1:colcon.colcon_core.package_identification:_identify(gazebo_models/track_sample/materials) by extension 'colcon_pkg'
[0.426s] Level 1:colcon.colcon_core.package_identification:_identify(gazebo_models/track_sample/materials) by extensions ['colcon_meta']
[0.426s] Level 1:colcon.colcon_core.package_identification:_identify(gazebo_models/track_sample/materials) by extension 'colcon_meta'
[0.426s] Level 1:colcon.colcon_core.package_identification:_identify(gazebo_models/track_sample/materials) by extensions ['ros']
[0.426s] Level 1:colcon.colcon_core.package_identification:_identify(gazebo_models/track_sample/materials) by extension 'ros'
[0.426s] Level 1:colcon.colcon_core.package_identification:_identify(gazebo_models/track_sample/materials) by extensions ['cmake', 'python']
[0.426s] Level 1:colcon.colcon_core.package_identification:_identify(gazebo_models/track_sample/materials) by extension 'cmake'
[0.427s] Level 1:colcon.colcon_core.package_identification:_identify(gazebo_models/track_sample/materials) by extension 'python'
[0.427s] Level 1:colcon.colcon_core.package_identification:_identify(gazebo_models/track_sample/materials) by extensions ['python_setup_py']
[0.427s] Level 1:colcon.colcon_core.package_identification:_identify(gazebo_models/track_sample/materials) by extension 'python_setup_py'
[0.427s] Level 1:colcon.colcon_core.package_identification:_identify(gazebo_models/track_sample/materials/scripts) by extensions ['ignore', 'ignore_ament_install']
[0.427s] Level 1:colcon.colcon_core.package_identification:_identify(gazebo_models/track_sample/materials/scripts) by extension 'ignore'
[0.427s] Level 1:colcon.colcon_core.package_identification:_identify(gazebo_models/track_sample/materials/scripts) by extension 'ignore_ament_install'
[0.427s] Level 1:colcon.colcon_core.package_identification:_identify(gazebo_models/track_sample/materials/scripts) by extensions ['colcon_pkg']
[0.427s] Level 1:colcon.colcon_core.package_identification:_identify(gazebo_models/track_sample/materials/scripts) by extension 'colcon_pkg'
[0.427s] Level 1:colcon.colcon_core.package_identification:_identify(gazebo_models/track_sample/materials/scripts) by extensions ['colcon_meta']
[0.427s] Level 1:colcon.colcon_core.package_identification:_identify(gazebo_models/track_sample/materials/scripts) by extension 'colcon_meta'
[0.427s] Level 1:colcon.colcon_core.package_identification:_identify(gazebo_models/track_sample/materials/scripts) by extensions ['ros']
[0.427s] Level 1:colcon.colcon_core.package_identification:_identify(gazebo_models/track_sample/materials/scripts) by extension 'ros'
[0.427s] Level 1:colcon.colcon_core.package_identification:_identify(gazebo_models/track_sample/materials/scripts) by extensions ['cmake', 'python']
[0.427s] Level 1:colcon.colcon_core.package_identification:_identify(gazebo_models/track_sample/materials/scripts) by extension 'cmake'
[0.427s] Level 1:colcon.colcon_core.package_identification:_identify(gazebo_models/track_sample/materials/scripts) by extension 'python'
[0.427s] Level 1:colcon.colcon_core.package_identification:_identify(gazebo_models/track_sample/materials/scripts) by extensions ['python_setup_py']
[0.427s] Level 1:colcon.colcon_core.package_identification:_identify(gazebo_models/track_sample/materials/scripts) by extension 'python_setup_py'
[0.428s] Level 1:colcon.colcon_core.package_identification:_identify(gazebo_models/track_sample/materials/textures) by extensions ['ignore', 'ignore_ament_install']
[0.428s] Level 1:colcon.colcon_core.package_identification:_identify(gazebo_models/track_sample/materials/textures) by extension 'ignore'
[0.428s] Level 1:colcon.colcon_core.package_identification:_identify(gazebo_models/track_sample/materials/textures) by extension 'ignore_ament_install'
[0.428s] Level 1:colcon.colcon_core.package_identification:_identify(gazebo_models/track_sample/materials/textures) by extensions ['colcon_pkg']
[0.428s] Level 1:colcon.colcon_core.package_identification:_identify(gazebo_models/track_sample/materials/textures) by extension 'colcon_pkg'
[0.428s] Level 1:colcon.colcon_core.package_identification:_identify(gazebo_models/track_sample/materials/textures) by extensions ['colcon_meta']
[0.428s] Level 1:colcon.colcon_core.package_identification:_identify(gazebo_models/track_sample/materials/textures) by extension 'colcon_meta'
[0.428s] Level 1:colcon.colcon_core.package_identification:_identify(gazebo_models/track_sample/materials/textures) by extensions ['ros']
[0.428s] Level 1:colcon.colcon_core.package_identification:_identify(gazebo_models/track_sample/materials/textures) by extension 'ros'
[0.428s] Level 1:colcon.colcon_core.package_identification:_identify(gazebo_models/track_sample/materials/textures) by extensions ['cmake', 'python']
[0.428s] Level 1:colcon.colcon_core.package_identification:_identify(gazebo_models/track_sample/materials/textures) by extension 'cmake'
[0.428s] Level 1:colcon.colcon_core.package_identification:_identify(gazebo_models/track_sample/materials/textures) by extension 'python'
[0.428s] Level 1:colcon.colcon_core.package_identification:_identify(gazebo_models/track_sample/materials/textures) by extensions ['python_setup_py']
[0.428s] Level 1:colcon.colcon_core.package_identification:_identify(gazebo_models/track_sample/materials/textures) by extension 'python_setup_py'
[0.428s] Level 1:colcon.colcon_core.package_identification:_identify(install) by extensions ['ignore', 'ignore_ament_install']
[0.429s] Level 1:colcon.colcon_core.package_identification:_identify(install) by extension 'ignore'
[0.429s] Level 1:colcon.colcon_core.package_identification:_identify(install) ignored
[0.429s] Level 1:colcon.colcon_core.package_identification:_identify(log) by extensions ['ignore', 'ignore_ament_install']
[0.429s] Level 1:colcon.colcon_core.package_identification:_identify(log) by extension 'ignore'
[0.429s] Level 1:colcon.colcon_core.package_identification:_identify(log) ignored
[0.429s] Level 1:colcon.colcon_core.package_identification:_identify(src) by extensions ['ignore', 'ignore_ament_install']
[0.429s] Level 1:colcon.colcon_core.package_identification:_identify(src) by extension 'ignore'
[0.429s] Level 1:colcon.colcon_core.package_identification:_identify(src) by extension 'ignore_ament_install'
[0.429s] Level 1:colcon.colcon_core.package_identification:_identify(src) by extensions ['colcon_pkg']
[0.429s] Level 1:colcon.colcon_core.package_identification:_identify(src) by extension 'colcon_pkg'
[0.429s] Level 1:colcon.colcon_core.package_identification:_identify(src) by extensions ['colcon_meta']
[0.429s] Level 1:colcon.colcon_core.package_identification:_identify(src) by extension 'colcon_meta'
[0.429s] Level 1:colcon.colcon_core.package_identification:_identify(src) by extensions ['ros']
[0.430s] Level 1:colcon.colcon_core.package_identification:_identify(src) by extension 'ros'
[0.430s] Level 1:colcon.colcon_core.package_identification:_identify(src) by extensions ['cmake', 'python']
[0.430s] Level 1:colcon.colcon_core.package_identification:_identify(src) by extension 'cmake'
[0.430s] Level 1:colcon.colcon_core.package_identification:_identify(src) by extension 'python'
[0.430s] Level 1:colcon.colcon_core.package_identification:_identify(src) by extensions ['python_setup_py']
[0.430s] Level 1:colcon.colcon_core.package_identification:_identify(src) by extension 'python_setup_py'
[0.430s] Level 1:colcon.colcon_core.package_identification:_identify(src/color_detection) by extensions ['ignore', 'ignore_ament_install']
[0.430s] Level 1:colcon.colcon_core.package_identification:_identify(src/color_detection) by extension 'ignore'
[0.430s] Level 1:colcon.colcon_core.package_identification:_identify(src/color_detection) by extension 'ignore_ament_install'
[0.430s] Level 1:colcon.colcon_core.package_identification:_identify(src/color_detection) by extensions ['colcon_pkg']
[0.430s] Level 1:colcon.colcon_core.package_identification:_identify(src/color_detection) by extension 'colcon_pkg'
[0.430s] Level 1:colcon.colcon_core.package_identification:_identify(src/color_detection) by extensions ['colcon_meta']
[0.430s] Level 1:colcon.colcon_core.package_identification:_identify(src/color_detection) by extension 'colcon_meta'
[0.430s] Level 1:colcon.colcon_core.package_identification:_identify(src/color_detection) by extensions ['ros']
[0.430s] Level 1:colcon.colcon_core.package_identification:_identify(src/color_detection) by extension 'ros'
[0.433s] DEBUG:colcon.colcon_core.package_identification:Package 'src/color_detection' with type 'ros.ament_python' and name 'color_detection'
[0.433s] Level 1:colcon.colcon_core.package_identification:_identify(src/image_transport_tutorials) by extensions ['ignore', 'ignore_ament_install']
[0.433s] Level 1:colcon.colcon_core.package_identification:_identify(src/image_transport_tutorials) by extension 'ignore'
[0.433s] Level 1:colcon.colcon_core.package_identification:_identify(src/image_transport_tutorials) by extension 'ignore_ament_install'
[0.433s] Level 1:colcon.colcon_core.package_identification:_identify(src/image_transport_tutorials) by extensions ['colcon_pkg']
[0.433s] Level 1:colcon.colcon_core.package_identification:_identify(src/image_transport_tutorials) by extension 'colcon_pkg'
[0.433s] Level 1:colcon.colcon_core.package_identification:_identify(src/image_transport_tutorials) by extensions ['colcon_meta']
[0.433s] Level 1:colcon.colcon_core.package_identification:_identify(src/image_transport_tutorials) by extension 'colcon_meta'
[0.433s] Level 1:colcon.colcon_core.package_identification:_identify(src/image_transport_tutorials) by extensions ['ros']
[0.433s] Level 1:colcon.colcon_core.package_identification:_identify(src/image_transport_tutorials) by extension 'ros'
[0.434s] DEBUG:colcon.colcon_core.package_identification:Package 'src/image_transport_tutorials' with type 'ros.ament_cmake' and name 'image_transport_tutorials'
[0.434s] Level 1:colcon.colcon_core.package_identification:_identify(src/lane_detection_py) by extensions ['ignore', 'ignore_ament_install']
[0.434s] Level 1:colcon.colcon_core.package_identification:_identify(src/lane_detection_py) by extension 'ignore'
[0.434s] Level 1:colcon.colcon_core.package_identification:_identify(src/lane_detection_py) by extension 'ignore_ament_install'
[0.434s] Level 1:colcon.colcon_core.package_identification:_identify(src/lane_detection_py) by extensions ['colcon_pkg']
[0.434s] Level 1:colcon.colcon_core.package_identification:_identify(src/lane_detection_py) by extension 'colcon_pkg'
[0.434s] Level 1:colcon.colcon_core.package_identification:_identify(src/lane_detection_py) by extensions ['colcon_meta']
[0.434s] Level 1:colcon.colcon_core.package_identification:_identify(src/lane_detection_py) by extension 'colcon_meta'
[0.434s] Level 1:colcon.colcon_core.package_identification:_identify(src/lane_detection_py) by extensions ['ros']
[0.434s] Level 1:colcon.colcon_core.package_identification:_identify(src/lane_detection_py) by extension 'ros'
[0.435s] DEBUG:colcon.colcon_core.package_identification:Package 'src/lane_detection_py' with type 'ros.ament_python' and name 'lane_detection_py'
[0.435s] Level 1:colcon.colcon_core.package_identification:_identify(src/line_following_bot) by extensions ['ignore', 'ignore_ament_install']
[0.435s] Level 1:colcon.colcon_core.package_identification:_identify(src/line_following_bot) by extension 'ignore'
[0.435s] Level 1:colcon.colcon_core.package_identification:_identify(src/line_following_bot) by extension 'ignore_ament_install'
[0.436s] Level 1:colcon.colcon_core.package_identification:_identify(src/line_following_bot) by extensions ['colcon_pkg']
[0.436s] Level 1:colcon.colcon_core.package_identification:_identify(src/line_following_bot) by extension 'colcon_pkg'
[0.436s] Level 1:colcon.colcon_core.package_identification:_identify(src/line_following_bot) by extensions ['colcon_meta']
[0.436s] Level 1:colcon.colcon_core.package_identification:_identify(src/line_following_bot) by extension 'colcon_meta'
[0.436s] Level 1:colcon.colcon_core.package_identification:_identify(src/line_following_bot) by extensions ['ros']
[0.436s] Level 1:colcon.colcon_core.package_identification:_identify(src/line_following_bot) by extension 'ros'
[0.436s] DEBUG:colcon.colcon_core.package_identification:Package 'src/line_following_bot' with type 'ros.ament_python' and name 'line_following_bot'
[0.437s] Level 1:colcon.colcon_core.package_identification:_identify(src/move_py) by extensions ['ignore', 'ignore_ament_install']
[0.437s] Level 1:colcon.colcon_core.package_identification:_identify(src/move_py) by extension 'ignore'
[0.437s] Level 1:colcon.colcon_core.package_identification:_identify(src/move_py) by extension 'ignore_ament_install'
[0.437s] Level 1:colcon.colcon_core.package_identification:_identify(src/move_py) by extensions ['colcon_pkg']
[0.437s] Level 1:colcon.colcon_core.package_identification:_identify(src/move_py) by extension 'colcon_pkg'
[0.437s] Level 1:colcon.colcon_core.package_identification:_identify(src/move_py) by extensions ['colcon_meta']
[0.437s] Level 1:colcon.colcon_core.package_identification:_identify(src/move_py) by extension 'colcon_meta'
[0.438s] Level 1:colcon.colcon_core.package_identification:_identify(src/move_py) by extensions ['ros']
[0.438s] Level 1:colcon.colcon_core.package_identification:_identify(src/move_py) by extension 'ros'
[0.438s] DEBUG:colcon.colcon_core.package_identification:Package 'src/move_py' with type 'ros.ament_python' and name 'move_py'
[0.438s] Level 1:colcon.colcon_core.package_identification:_identify(src/people_detect) by extensions ['ignore', 'ignore_ament_install']
[0.438s] Level 1:colcon.colcon_core.package_identification:_identify(src/people_detect) by extension 'ignore'
[0.438s] Level 1:colcon.colcon_core.package_identification:_identify(src/people_detect) by extension 'ignore_ament_install'
[0.438s] Level 1:colcon.colcon_core.package_identification:_identify(src/people_detect) by extensions ['colcon_pkg']
[0.438s] Level 1:colcon.colcon_core.package_identification:_identify(src/people_detect) by extension 'colcon_pkg'
[0.439s] Level 1:colcon.colcon_core.package_identification:_identify(src/people_detect) by extensions ['colcon_meta']
[0.439s] Level 1:colcon.colcon_core.package_identification:_identify(src/people_detect) by extension 'colcon_meta'
[0.439s] Level 1:colcon.colcon_core.package_identification:_identify(src/people_detect) by extensions ['ros']
[0.439s] Level 1:colcon.colcon_core.package_identification:_identify(src/people_detect) by extension 'ros'
[0.439s] Level 1:colcon.colcon_core.package_identification:_identify(src/people_detect) by extensions ['cmake', 'python']
[0.439s] Level 1:colcon.colcon_core.package_identification:_identify(src/people_detect) by extension 'cmake'
[0.439s] Level 1:colcon.colcon_core.package_identification:_identify(src/people_detect) by extension 'python'
[0.439s] Level 1:colcon.colcon_core.package_identification:_identify(src/people_detect) by extensions ['python_setup_py']
[0.439s] Level 1:colcon.colcon_core.package_identification:_identify(src/people_detect) by extension 'python_setup_py'
[0.439s] Level 1:colcon.colcon_core.package_identification:_identify(src/pump_track) by extensions ['ignore', 'ignore_ament_install']
[0.439s] Level 1:colcon.colcon_core.package_identification:_identify(src/pump_track) by extension 'ignore'
[0.439s] Level 1:colcon.colcon_core.package_identification:_identify(src/pump_track) by extension 'ignore_ament_install'
[0.439s] Level 1:colcon.colcon_core.package_identification:_identify(src/pump_track) by extensions ['colcon_pkg']
[0.439s] Level 1:colcon.colcon_core.package_identification:_identify(src/pump_track) by extension 'colcon_pkg'
[0.439s] Level 1:colcon.colcon_core.package_identification:_identify(src/pump_track) by extensions ['colcon_meta']
[0.439s] Level 1:colcon.colcon_core.package_identification:_identify(src/pump_track) by extension 'colcon_meta'
[0.439s] Level 1:colcon.colcon_core.package_identification:_identify(src/pump_track) by extensions ['ros']
[0.439s] Level 1:colcon.colcon_core.package_identification:_identify(src/pump_track) by extension 'ros'
[0.440s] DEBUG:colcon.colcon_core.package_identification:Package 'src/pump_track' with type 'ros.ament_python' and name 'pump_track'
[0.440s] Level 1:colcon.colcon_core.package_identification:_identify(src/pump_track_2) by extensions ['ignore', 'ignore_ament_install']
[0.440s] Level 1:colcon.colcon_core.package_identification:_identify(src/pump_track_2) by extension 'ignore'
[0.440s] Level 1:colcon.colcon_core.package_identification:_identify(src/pump_track_2) by extension 'ignore_ament_install'
[0.440s] Level 1:colcon.colcon_core.package_identification:_identify(src/pump_track_2) by extensions ['colcon_pkg']
[0.440s] Level 1:colcon.colcon_core.package_identification:_identify(src/pump_track_2) by extension 'colcon_pkg'
[0.440s] Level 1:colcon.colcon_core.package_identification:_identify(src/pump_track_2) by extensions ['colcon_meta']
[0.440s] Level 1:colcon.colcon_core.package_identification:_identify(src/pump_track_2) by extension 'colcon_meta'
[0.441s] Level 1:colcon.colcon_core.package_identification:_identify(src/pump_track_2) by extensions ['ros']
[0.441s] Level 1:colcon.colcon_core.package_identification:_identify(src/pump_track_2) by extension 'ros'
[0.441s] DEBUG:colcon.colcon_core.package_identification:Package 'src/pump_track_2' with type 'ros.ament_python' and name 'pump_track_2'
[0.441s] Level 1:colcon.colcon_core.package_identification:_identify(src/text_detection) by extensions ['ignore', 'ignore_ament_install']
[0.441s] Level 1:colcon.colcon_core.package_identification:_identify(src/text_detection) by extension 'ignore'
[0.441s] Level 1:colcon.colcon_core.package_identification:_identify(src/text_detection) by extension 'ignore_ament_install'
[0.441s] Level 1:colcon.colcon_core.package_identification:_identify(src/text_detection) by extensions ['colcon_pkg']
[0.441s] Level 1:colcon.colcon_core.package_identification:_identify(src/text_detection) by extension 'colcon_pkg'
[0.441s] Level 1:colcon.colcon_core.package_identification:_identify(src/text_detection) by extensions ['colcon_meta']
[0.441s] Level 1:colcon.colcon_core.package_identification:_identify(src/text_detection) by extension 'colcon_meta'
[0.441s] Level 1:colcon.colcon_core.package_identification:_identify(src/text_detection) by extensions ['ros']
[0.442s] Level 1:colcon.colcon_core.package_identification:_identify(src/text_detection) by extension 'ros'
[0.442s] DEBUG:colcon.colcon_core.package_identification:Package 'src/text_detection' with type 'ros.ament_python' and name 'text_detection'
[0.442s] Level 1:colcon.colcon_core.package_discovery:discover_packages(recursive) using defaults
[0.442s] Level 1:colcon.colcon_core.package_discovery:discover_packages(ignore) discover
[0.442s] Level 1:colcon.colcon_core.package_discovery:discover_packages(ignore) using defaults
[0.442s] Level 1:colcon.colcon_core.package_discovery:discover_packages(path) discover
[0.442s] Level 1:colcon.colcon_core.package_discovery:discover_packages(path) using defaults
[0.467s] Level 1:colcon.colcon_core.package_discovery:discover_packages(prefix_path) check parameters
[0.467s] Level 1:colcon.colcon_core.package_discovery:discover_packages(prefix_path) discover
[0.472s] DEBUG:colcon.colcon_installed_package_information.package_discovery:Found 13 installed packages in /home/choi/angchicken_ros2_ws/install
[0.474s] DEBUG:colcon.colcon_installed_package_information.package_discovery:Found 22 installed packages in /home/choi/my_bot_ws/install
[0.477s] DEBUG:colcon.colcon_installed_package_information.package_discovery:Found 398 installed packages in /opt/ros/foxy
[0.479s] Level 1:colcon.colcon_core.package_discovery:discover_packages(prefix_path) using defaults
[0.561s] Level 5:colcon.colcon_core.verb:set package 'color_detection' build argument 'cmake_args' from command line to 'None'
[0.561s] Level 5:colcon.colcon_core.verb:set package 'color_detection' build argument 'cmake_target' from command line to 'None'
[0.561s] Level 5:colcon.colcon_core.verb:set package 'color_detection' build argument 'cmake_target_skip_unavailable' from command line to 'False'
[0.561s] Level 5:colcon.colcon_core.verb:set package 'color_detection' build argument 'cmake_clean_cache' from command line to 'False'
[0.561s] Level 5:colcon.colcon_core.verb:set package 'color_detection' build argument 'cmake_clean_first' from command line to 'False'
[0.561s] Level 5:colcon.colcon_core.verb:set package 'color_detection' build argument 'cmake_force_configure' from command line to 'False'
[0.561s] Level 5:colcon.colcon_core.verb:set package 'color_detection' build argument 'ament_cmake_args' from command line to 'None'
[0.561s] Level 5:colcon.colcon_core.verb:set package 'color_detection' build argument 'catkin_cmake_args' from command line to 'None'
[0.561s] Level 5:colcon.colcon_core.verb:set package 'color_detection' build argument 'catkin_skip_building_tests' from command line to 'False'
[0.562s] DEBUG:colcon.colcon_core.verb:Building package 'color_detection' with the following arguments: {'ament_cmake_args': None, 'build_base': '/home/choi/angchicken_ros2_ws/build/color_detection', 'catkin_cmake_args': None, 'catkin_skip_building_tests': False, 'cmake_args': None, 'cmake_clean_cache': False, 'cmake_clean_first': False, 'cmake_force_configure': False, 'cmake_target': None, 'cmake_target_skip_unavailable': False, 'install_base': '/home/choi/angchicken_ros2_ws/install/color_detection', 'merge_install': False, 'path': '/home/choi/angchicken_ros2_ws/src/color_detection', 'symlink_install': True, 'test_result_base': None}
[0.563s] Level 5:colcon.colcon_core.verb:set package 'image_transport_tutorials' build argument 'cmake_args' from command line to 'None'
[0.563s] Level 5:colcon.colcon_core.verb:set package 'image_transport_tutorials' build argument 'cmake_target' from command line to 'None'
[0.563s] Level 5:colcon.colcon_core.verb:set package 'image_transport_tutorials' build argument 'cmake_target_skip_unavailable' from command line to 'False'
[0.563s] Level 5:colcon.colcon_core.verb:set package 'image_transport_tutorials' build argument 'cmake_clean_cache' from command line to 'False'
[0.563s] Level 5:colcon.colcon_core.verb:set package 'image_transport_tutorials' build argument 'cmake_clean_first' from command line to 'False'
[0.563s] Level 5:colcon.colcon_core.verb:set package 'image_transport_tutorials' build argument 'cmake_force_configure' from command line to 'False'
[0.563s] Level 5:colcon.colcon_core.verb:set package 'image_transport_tutorials' build argument 'ament_cmake_args' from command line to 'None'
[0.563s] Level 5:colcon.colcon_core.verb:set package 'image_transport_tutorials' build argument 'catkin_cmake_args' from command line to 'None'
[0.563s] Level 5:colcon.colcon_core.verb:set package 'image_transport_tutorials' build argument 'catkin_skip_building_tests' from command line to 'False'
[0.563s] DEBUG:colcon.colcon_core.verb:Building package 'image_transport_tutorials' with the following arguments: {'ament_cmake_args': None, 'build_base': '/home/choi/angchicken_ros2_ws/build/image_transport_tutorials', 'catkin_cmake_args': None, 'catkin_skip_building_tests': False, 'cmake_args': None, 'cmake_clean_cache': False, 'cmake_clean_first': False, 'cmake_force_configure': False, 'cmake_target': None, 'cmake_target_skip_unavailable': False, 'install_base': '/home/choi/angchicken_ros2_ws/install/image_transport_tutorials', 'merge_install': False, 'path': '/home/choi/angchicken_ros2_ws/src/image_transport_tutorials', 'symlink_install': True, 'test_result_base': None}
[0.565s] Level 5:colcon.colcon_core.verb:set package 'lane_detection_py' build argument 'cmake_args' from command line to 'None'
[0.565s] Level 5:colcon.colcon_core.verb:set package 'lane_detection_py' build argument 'cmake_target' from command line to 'None'
[0.565s] Level 5:colcon.colcon_core.verb:set package 'lane_detection_py' build argument 'cmake_target_skip_unavailable' from command line to 'False'
[0.565s] Level 5:colcon.colcon_core.verb:set package 'lane_detection_py' build argument 'cmake_clean_cache' from command line to 'False'
[0.565s] Level 5:colcon.colcon_core.verb:set package 'lane_detection_py' build argument 'cmake_clean_first' from command line to 'False'
[0.565s] Level 5:colcon.colcon_core.verb:set package 'lane_detection_py' build argument 'cmake_force_configure' from command line to 'False'
[0.565s] Level 5:colcon.colcon_core.verb:set package 'lane_detection_py' build argument 'ament_cmake_args' from command line to 'None'
[0.565s] Level 5:colcon.colcon_core.verb:set package 'lane_detection_py' build argument 'catkin_cmake_args' from command line to 'None'
[0.565s] Level 5:colcon.colcon_core.verb:set package 'lane_detection_py' build argument 'catkin_skip_building_tests' from command line to 'False'
[0.565s] DEBUG:colcon.colcon_core.verb:Building package 'lane_detection_py' with the following arguments: {'ament_cmake_args': None, 'build_base': '/home/choi/angchicken_ros2_ws/build/lane_detection_py', 'catkin_cmake_args': None, 'catkin_skip_building_tests': False, 'cmake_args': None, 'cmake_clean_cache': False, 'cmake_clean_first': False, 'cmake_force_configure': False, 'cmake_target': None, 'cmake_target_skip_unavailable': False, 'install_base': '/home/choi/angchicken_ros2_ws/install/lane_detection_py', 'merge_install': False, 'path': '/home/choi/angchicken_ros2_ws/src/lane_detection_py', 'symlink_install': True, 'test_result_base': None}
[0.566s] Level 5:colcon.colcon_core.verb:set package 'line_following_bot' build argument 'cmake_args' from command line to 'None'
[0.566s] Level 5:colcon.colcon_core.verb:set package 'line_following_bot' build argument 'cmake_target' from command line to 'None'
[0.567s] Level 5:colcon.colcon_core.verb:set package 'line_following_bot' build argument 'cmake_target_skip_unavailable' from command line to 'False'
[0.567s] Level 5:colcon.colcon_core.verb:set package 'line_following_bot' build argument 'cmake_clean_cache' from command line to 'False'
[0.567s] Level 5:colcon.colcon_core.verb:set package 'line_following_bot' build argument 'cmake_clean_first' from command line to 'False'
[0.567s] Level 5:colcon.colcon_core.verb:set package 'line_following_bot' build argument 'cmake_force_configure' from command line to 'False'
[0.567s] Level 5:colcon.colcon_core.verb:set package 'line_following_bot' build argument 'ament_cmake_args' from command line to 'None'
[0.567s] Level 5:colcon.colcon_core.verb:set package 'line_following_bot' build argument 'catkin_cmake_args' from command line to 'None'
[0.567s] Level 5:colcon.colcon_core.verb:set package 'line_following_bot' build argument 'catkin_skip_building_tests' from command line to 'False'
[0.567s] DEBUG:colcon.colcon_core.verb:Building package 'line_following_bot' with the following arguments: {'ament_cmake_args': None, 'build_base': '/home/choi/angchicken_ros2_ws/build/line_following_bot', 'catkin_cmake_args': None, 'catkin_skip_building_tests': False, 'cmake_args': None, 'cmake_clean_cache': False, 'cmake_clean_first': False, 'cmake_force_configure': False, 'cmake_target': None, 'cmake_target_skip_unavailable': False, 'install_base': '/home/choi/angchicken_ros2_ws/install/line_following_bot', 'merge_install': False, 'path': '/home/choi/angchicken_ros2_ws/src/line_following_bot', 'symlink_install': True, 'test_result_base': None}
[0.568s] Level 5:colcon.colcon_core.verb:set package 'move_py' build argument 'cmake_args' from command line to 'None'
[0.568s] Level 5:colcon.colcon_core.verb:set package 'move_py' build argument 'cmake_target' from command line to 'None'
[0.568s] Level 5:colcon.colcon_core.verb:set package 'move_py' build argument 'cmake_target_skip_unavailable' from command line to 'False'
[0.568s] Level 5:colcon.colcon_core.verb:set package 'move_py' build argument 'cmake_clean_cache' from command line to 'False'
[0.568s] Level 5:colcon.colcon_core.verb:set package 'move_py' build argument 'cmake_clean_first' from command line to 'False'
[0.568s] Level 5:colcon.colcon_core.verb:set package 'move_py' build argument 'cmake_force_configure' from command line to 'False'
[0.568s] Level 5:colcon.colcon_core.verb:set package 'move_py' build argument 'ament_cmake_args' from command line to 'None'
[0.568s] Level 5:colcon.colcon_core.verb:set package 'move_py' build argument 'catkin_cmake_args' from command line to 'None'
[0.568s] Level 5:colcon.colcon_core.verb:set package 'move_py' build argument 'catkin_skip_building_tests' from command line to 'False'
[0.568s] DEBUG:colcon.colcon_core.verb:Building package 'move_py' with the following arguments: {'ament_cmake_args': None, 'build_base': '/home/choi/angchicken_ros2_ws/build/move_py', 'catkin_cmake_args': None, 'catkin_skip_building_tests': False, 'cmake_args': None, 'cmake_clean_cache': False, 'cmake_clean_first': False, 'cmake_force_configure': False, 'cmake_target': None, 'cmake_target_skip_unavailable': False, 'install_base': '/home/choi/angchicken_ros2_ws/install/move_py', 'merge_install': False, 'path': '/home/choi/angchicken_ros2_ws/src/move_py', 'symlink_install': True, 'test_result_base': None}
[0.570s] Level 5:colcon.colcon_core.verb:set package 'pump_track' build argument 'cmake_args' from command line to 'None'
[0.570s] Level 5:colcon.colcon_core.verb:set package 'pump_track' build argument 'cmake_target' from command line to 'None'
[0.570s] Level 5:colcon.colcon_core.verb:set package 'pump_track' build argument 'cmake_target_skip_unavailable' from command line to 'False'
[0.570s] Level 5:colcon.colcon_core.verb:set package 'pump_track' build argument 'cmake_clean_cache' from command line to 'False'
[0.570s] Level 5:colcon.colcon_core.verb:set package 'pump_track' build argument 'cmake_clean_first' from command line to 'False'
[0.570s] Level 5:colcon.colcon_core.verb:set package 'pump_track' build argument 'cmake_force_configure' from command line to 'False'
[0.570s] Level 5:colcon.colcon_core.verb:set package 'pump_track' build argument 'ament_cmake_args' from command line to 'None'
[0.570s] Level 5:colcon.colcon_core.verb:set package 'pump_track' build argument 'catkin_cmake_args' from command line to 'None'
[0.570s] Level 5:colcon.colcon_core.verb:set package 'pump_track' build argument 'catkin_skip_building_tests' from command line to 'False'
[0.570s] DEBUG:colcon.colcon_core.verb:Building package 'pump_track' with the following arguments: {'ament_cmake_args': None, 'build_base': '/home/choi/angchicken_ros2_ws/build/pump_track', 'catkin_cmake_args': None, 'catkin_skip_building_tests': False, 'cmake_args': None, 'cmake_clean_cache': False, 'cmake_clean_first': False, 'cmake_force_configure': False, 'cmake_target': None, 'cmake_target_skip_unavailable': False, 'install_base': '/home/choi/angchicken_ros2_ws/install/pump_track', 'merge_install': False, 'path': '/home/choi/angchicken_ros2_ws/src/pump_track', 'symlink_install': True, 'test_result_base': None}
[0.572s] Level 5:colcon.colcon_core.verb:set package 'pump_track_2' build argument 'cmake_args' from command line to 'None'
[0.572s] Level 5:colcon.colcon_core.verb:set package 'pump_track_2' build argument 'cmake_target' from command line to 'None'
[0.572s] Level 5:colcon.colcon_core.verb:set package 'pump_track_2' build argument 'cmake_target_skip_unavailable' from command line to 'False'
[0.572s] Level 5:colcon.colcon_core.verb:set package 'pump_track_2' build argument 'cmake_clean_cache' from command line to 'False'
[0.572s] Level 5:colcon.colcon_core.verb:set package 'pump_track_2' build argument 'cmake_clean_first' from command line to 'False'
[0.572s] Level 5:colcon.colcon_core.verb:set package 'pump_track_2' build argument 'cmake_force_configure' from command line to 'False'
[0.572s] Level 5:colcon.colcon_core.verb:set package 'pump_track_2' build argument 'ament_cmake_args' from command line to 'None'
[0.572s] Level 5:colcon.colcon_core.verb:set package 'pump_track_2' build argument 'catkin_cmake_args' from command line to 'None'
[0.572s] Level 5:colcon.colcon_core.verb:set package 'pump_track_2' build argument 'catkin_skip_building_tests' from command line to 'False'
[0.572s] DEBUG:colcon.colcon_core.verb:Building package 'pump_track_2' with the following arguments: {'ament_cmake_args': None, 'build_base': '/home/choi/angchicken_ros2_ws/build/pump_track_2', 'catkin_cmake_args': None, 'catkin_skip_building_tests': False, 'cmake_args': None, 'cmake_clean_cache': False, 'cmake_clean_first': False, 'cmake_force_configure': False, 'cmake_target': None, 'cmake_target_skip_unavailable': False, 'install_base': '/home/choi/angchicken_ros2_ws/install/pump_track_2', 'merge_install': False, 'path': '/home/choi/angchicken_ros2_ws/src/pump_track_2', 'symlink_install': True, 'test_result_base': None}
[0.573s] Level 5:colcon.colcon_core.verb:set package 'text_detection' build argument 'cmake_args' from command line to 'None'
[0.573s] Level 5:colcon.colcon_core.verb:set package 'text_detection' build argument 'cmake_target' from command line to 'None'
[0.573s] Level 5:colcon.colcon_core.verb:set package 'text_detection' build argument 'cmake_target_skip_unavailable' from command line to 'False'
[0.573s] Level 5:colcon.colcon_core.verb:set package 'text_detection' build argument 'cmake_clean_cache' from command line to 'False'
[0.573s] Level 5:colcon.colcon_core.verb:set package 'text_detection' build argument 'cmake_clean_first' from command line to 'False'
[0.573s] Level 5:colcon.colcon_core.verb:set package 'text_detection' build argument 'cmake_force_configure' from command line to 'False'
[0.573s] Level 5:colcon.colcon_core.verb:set package 'text_detection' build argument 'ament_cmake_args' from command line to 'None'
[0.573s] Level 5:colcon.colcon_core.verb:set package 'text_detection' build argument 'catkin_cmake_args' from command line to 'None'
[0.573s] Level 5:colcon.colcon_core.verb:set package 'text_detection' build argument 'catkin_skip_building_tests' from command line to 'False'
[0.574s] DEBUG:colcon.colcon_core.verb:Building package 'text_detection' with the following arguments: {'ament_cmake_args': None, 'build_base': '/home/choi/angchicken_ros2_ws/build/text_detection', 'catkin_cmake_args': None, 'catkin_skip_building_tests': False, 'cmake_args': None, 'cmake_clean_cache': False, 'cmake_clean_first': False, 'cmake_force_configure': False, 'cmake_target': None, 'cmake_target_skip_unavailable': False, 'install_base': '/home/choi/angchicken_ros2_ws/install/text_detection', 'merge_install': False, 'path': '/home/choi/angchicken_ros2_ws/src/text_detection', 'symlink_install': True, 'test_result_base': None}
[0.575s] INFO:colcon.colcon_core.executor:Executing jobs using 'parallel' executor
[0.581s] DEBUG:colcon.colcon_parallel_executor.executor.parallel:run_until_complete
[0.581s] INFO:colcon.colcon_ros.task.ament_python.build:Building ROS package in '/home/choi/angchicken_ros2_ws/src/color_detection' with build type 'ament_python'
[0.581s] Level 1:colcon.colcon_core.shell:create_environment_hook('color_detection', 'ament_prefix_path')
[0.588s] INFO:colcon.colcon_core.plugin_system:Skipping extension 'colcon_core.shell.bat': Not used on non-Windows systems
[0.588s] INFO:colcon.colcon_core.shell:Creating environment hook '/home/choi/angchicken_ros2_ws/install/color_detection/share/color_detection/hook/ament_prefix_path.ps1'
[0.589s] INFO:colcon.colcon_core.shell:Creating environment descriptor '/home/choi/angchicken_ros2_ws/install/color_detection/share/color_detection/hook/ament_prefix_path.dsv'
[0.589s] INFO:colcon.colcon_core.shell:Creating environment hook '/home/choi/angchicken_ros2_ws/install/color_detection/share/color_detection/hook/ament_prefix_path.sh'
[0.592s] INFO:colcon.colcon_core.shell:Skip shell extension 'powershell' for command environment: Not usable outside of PowerShell
[0.592s] DEBUG:colcon.colcon_core.shell:Skip shell extension 'dsv' for command environment
[0.605s] INFO:colcon.colcon_ros.task.ament_cmake.build:Building ROS package in '/home/choi/angchicken_ros2_ws/src/image_transport_tutorials' with build type 'ament_cmake'
[0.606s] INFO:colcon.colcon_cmake.task.cmake.build:Building CMake package in '/home/choi/angchicken_ros2_ws/src/image_transport_tutorials'
[0.612s] INFO:colcon.colcon_core.shell:Skip shell extension 'powershell' for command environment: Not usable outside of PowerShell
[0.613s] DEBUG:colcon.colcon_core.shell:Skip shell extension 'dsv' for command environment
[0.625s] INFO:colcon.colcon_ros.task.ament_python.build:Building ROS package in '/home/choi/angchicken_ros2_ws/src/lane_detection_py' with build type 'ament_python'
[0.625s] Level 1:colcon.colcon_core.shell:create_environment_hook('lane_detection_py', 'ament_prefix_path')
[0.629s] INFO:colcon.colcon_core.shell:Creating environment hook '/home/choi/angchicken_ros2_ws/install/lane_detection_py/share/lane_detection_py/hook/ament_prefix_path.ps1'
[0.630s] INFO:colcon.colcon_core.shell:Creating environment descriptor '/home/choi/angchicken_ros2_ws/install/lane_detection_py/share/lane_detection_py/hook/ament_prefix_path.dsv'
[0.630s] INFO:colcon.colcon_core.shell:Creating environment hook '/home/choi/angchicken_ros2_ws/install/lane_detection_py/share/lane_detection_py/hook/ament_prefix_path.sh'
[0.633s] INFO:colcon.colcon_core.shell:Skip shell extension 'powershell' for command environment: Not usable outside of PowerShell
[0.633s] DEBUG:colcon.colcon_core.shell:Skip shell extension 'dsv' for command environment
[0.645s] INFO:colcon.colcon_ros.task.ament_python.build:Building ROS package in '/home/choi/angchicken_ros2_ws/src/line_following_bot' with build type 'ament_python'
[0.646s] Level 1:colcon.colcon_core.shell:create_environment_hook('line_following_bot', 'ament_prefix_path')
[0.649s] INFO:colcon.colcon_core.shell:Creating environment hook '/home/choi/angchicken_ros2_ws/install/line_following_bot/share/line_following_bot/hook/ament_prefix_path.ps1'
[0.650s] INFO:colcon.colcon_core.shell:Creating environment descriptor '/home/choi/angchicken_ros2_ws/install/line_following_bot/share/line_following_bot/hook/ament_prefix_path.dsv'
[0.651s] INFO:colcon.colcon_core.shell:Creating environment hook '/home/choi/angchicken_ros2_ws/install/line_following_bot/share/line_following_bot/hook/ament_prefix_path.sh'
[0.654s] INFO:colcon.colcon_core.shell:Skip shell extension 'powershell' for command environment: Not usable outside of PowerShell
[0.654s] DEBUG:colcon.colcon_core.shell:Skip shell extension 'dsv' for command environment
[0.973s] INFO:colcon.colcon_core.task.python.build:Building Python package in '/home/choi/angchicken_ros2_ws/src/color_detection'
[0.977s] INFO:colcon.colcon_core.shell:Skip shell extension 'powershell' for command environment: Not usable outside of PowerShell
[0.977s] DEBUG:colcon.colcon_core.shell:Skip shell extension 'dsv' for command environment
[0.997s] DEBUG:colcon.colcon_core.event_handler.log_command:Invoking command in '/home/choi/angchicken_ros2_ws/build/image_transport_tutorials': CMAKE_PREFIX_PATH=${CMAKE_PREFIX_PATH}:/home/choi/angchicken_ros2_ws/install/text_detection:/home/choi/angchicken_ros2_ws/install/pump_track_2:/home/choi/angchicken_ros2_ws/install/pump_track:/home/choi/angchicken_ros2_ws/install/move_py:/home/choi/angchicken_ros2_ws/install/line_following_bot:/home/choi/angchicken_ros2_ws/install/lane_detection_py:/home/choi/angchicken_ros2_ws/install/lane_detection_pkg:/home/choi/angchicken_ros2_ws/install/color_detection:/home/choi/my_bot_ws/install/two_wheel_demo:/home/choi/my_bot_ws/install/ros2_control_test_nodes:/home/choi/my_bot_ws/install/py_pubsub:/home/choi/my_bot_ws/install/pump_track:/home/choi/my_bot_ws/install/odrive_driver:/home/choi/my_bot_ws/install/joy_tester:/home/choi/my_bot_ws/install/diffbot_control_node:/home/choi/my_bot_ws/install/cv_basics:/opt/ros/foxy /home/choi/.local/bin/cmake --build /home/choi/angchicken_ros2_ws/build/image_transport_tutorials -- -j4 -l4
[1.320s] INFO:colcon.colcon_core.task.python.build:Building Python package in '/home/choi/angchicken_ros2_ws/src/lane_detection_py'
[1.323s] INFO:colcon.colcon_core.shell:Skip shell extension 'powershell' for command environment: Not usable outside of PowerShell
[1.323s] DEBUG:colcon.colcon_core.shell:Skip shell extension 'dsv' for command environment
[1.644s] INFO:colcon.colcon_core.task.python.build:Building Python package in '/home/choi/angchicken_ros2_ws/src/line_following_bot'
[1.647s] INFO:colcon.colcon_core.shell:Skip shell extension 'powershell' for command environment: Not usable outside of PowerShell
[1.647s] DEBUG:colcon.colcon_core.shell:Skip shell extension 'dsv' for command environment
[1.664s] DEBUG:colcon.colcon_core.event_handler.log_command:Invoked command in '/home/choi/angchicken_ros2_ws/build/image_transport_tutorials' returned '0': CMAKE_PREFIX_PATH=${CMAKE_PREFIX_PATH}:/home/choi/angchicken_ros2_ws/install/text_detection:/home/choi/angchicken_ros2_ws/install/pump_track_2:/home/choi/angchicken_ros2_ws/install/pump_track:/home/choi/angchicken_ros2_ws/install/move_py:/home/choi/angchicken_ros2_ws/install/line_following_bot:/home/choi/angchicken_ros2_ws/install/lane_detection_py:/home/choi/angchicken_ros2_ws/install/lane_detection_pkg:/home/choi/angchicken_ros2_ws/install/color_detection:/home/choi/my_bot_ws/install/two_wheel_demo:/home/choi/my_bot_ws/install/ros2_control_test_nodes:/home/choi/my_bot_ws/install/py_pubsub:/home/choi/my_bot_ws/install/pump_track:/home/choi/my_bot_ws/install/odrive_driver:/home/choi/my_bot_ws/install/joy_tester:/home/choi/my_bot_ws/install/diffbot_control_node:/home/choi/my_bot_ws/install/cv_basics:/opt/ros/foxy /home/choi/.local/bin/cmake --build /home/choi/angchicken_ros2_ws/build/image_transport_tutorials -- -j4 -l4
[1.876s] DEBUG:colcon.colcon_core.event_handler.log_command:Invoking command in '/home/choi/angchicken_ros2_ws/build/image_transport_tutorials': CMAKE_PREFIX_PATH=${CMAKE_PREFIX_PATH}:/home/choi/angchicken_ros2_ws/install/text_detection:/home/choi/angchicken_ros2_ws/install/pump_track_2:/home/choi/angchicken_ros2_ws/install/pump_track:/home/choi/angchicken_ros2_ws/install/move_py:/home/choi/angchicken_ros2_ws/install/line_following_bot:/home/choi/angchicken_ros2_ws/install/lane_detection_py:/home/choi/angchicken_ros2_ws/install/lane_detection_pkg:/home/choi/angchicken_ros2_ws/install/color_detection:/home/choi/my_bot_ws/install/two_wheel_demo:/home/choi/my_bot_ws/install/ros2_control_test_nodes:/home/choi/my_bot_ws/install/py_pubsub:/home/choi/my_bot_ws/install/pump_track:/home/choi/my_bot_ws/install/odrive_driver:/home/choi/my_bot_ws/install/joy_tester:/home/choi/my_bot_ws/install/diffbot_control_node:/home/choi/my_bot_ws/install/cv_basics:/opt/ros/foxy /home/choi/.local/bin/cmake --install /home/choi/angchicken_ros2_ws/build/image_transport_tutorials
[2.041s] Level 1:colcon.colcon_core.environment:create_environment_scripts_only(image_transport_tutorials)
[2.050s] Level 1:colcon.colcon_core.environment:checking '/home/choi/angchicken_ros2_ws/install/image_transport_tutorials' for CMake module files
[2.041s] DEBUG:colcon.colcon_core.event_handler.log_command:Invoked command in '/home/choi/angchicken_ros2_ws/build/image_transport_tutorials' returned '0': CMAKE_PREFIX_PATH=${CMAKE_PREFIX_PATH}:/home/choi/angchicken_ros2_ws/install/text_detection:/home/choi/angchicken_ros2_ws/install/pump_track_2:/home/choi/angchicken_ros2_ws/install/pump_track:/home/choi/angchicken_ros2_ws/install/move_py:/home/choi/angchicken_ros2_ws/install/line_following_bot:/home/choi/angchicken_ros2_ws/install/lane_detection_py:/home/choi/angchicken_ros2_ws/install/lane_detection_pkg:/home/choi/angchicken_ros2_ws/install/color_detection:/home/choi/my_bot_ws/install/two_wheel_demo:/home/choi/my_bot_ws/install/ros2_control_test_nodes:/home/choi/my_bot_ws/install/py_pubsub:/home/choi/my_bot_ws/install/pump_track:/home/choi/my_bot_ws/install/odrive_driver:/home/choi/my_bot_ws/install/joy_tester:/home/choi/my_bot_ws/install/diffbot_control_node:/home/choi/my_bot_ws/install/cv_basics:/opt/ros/foxy /home/choi/.local/bin/cmake --install /home/choi/angchicken_ros2_ws/build/image_transport_tutorials
[2.051s] Level 1:colcon.colcon_core.environment:checking '/home/choi/angchicken_ros2_ws/install/image_transport_tutorials' for CMake config files
[2.052s] Level 1:colcon.colcon_core.shell:create_environment_hook('image_transport_tutorials', 'cmake_prefix_path')
[2.055s] INFO:colcon.colcon_core.shell:Creating environment hook '/home/choi/angchicken_ros2_ws/install/image_transport_tutorials/share/image_transport_tutorials/hook/cmake_prefix_path.ps1'
[2.056s] INFO:colcon.colcon_core.shell:Creating environment descriptor '/home/choi/angchicken_ros2_ws/install/image_transport_tutorials/share/image_transport_tutorials/hook/cmake_prefix_path.dsv'
[2.057s] INFO:colcon.colcon_core.shell:Creating environment hook '/home/choi/angchicken_ros2_ws/install/image_transport_tutorials/share/image_transport_tutorials/hook/cmake_prefix_path.sh'
[2.058s] Level 1:colcon.colcon_core.environment:checking '/home/choi/angchicken_ros2_ws/install/image_transport_tutorials/lib'
[2.058s] Level 1:colcon.colcon_core.shell:create_environment_hook('image_transport_tutorials', 'ld_library_path_lib')
[2.061s] INFO:colcon.colcon_core.shell:Creating environment hook '/home/choi/angchicken_ros2_ws/install/image_transport_tutorials/share/image_transport_tutorials/hook/ld_library_path_lib.ps1'
[2.062s] INFO:colcon.colcon_core.shell:Creating environment descriptor '/home/choi/angchicken_ros2_ws/install/image_transport_tutorials/share/image_transport_tutorials/hook/ld_library_path_lib.dsv'
[2.063s] INFO:colcon.colcon_core.shell:Creating environment hook '/home/choi/angchicken_ros2_ws/install/image_transport_tutorials/share/image_transport_tutorials/hook/ld_library_path_lib.sh'
[2.063s] Level 1:colcon.colcon_core.environment:checking '/home/choi/angchicken_ros2_ws/install/image_transport_tutorials/libresized_plugins.so'
[2.064s] Level 1:colcon.colcon_core.environment:checking '/home/choi/angchicken_ros2_ws/install/image_transport_tutorials/bin'
[2.064s] Level 1:colcon.colcon_core.environment:checking '/home/choi/angchicken_ros2_ws/install/image_transport_tutorials/lib/pkgconfig/image_transport_tutorials.pc'
[2.064s] Level 1:colcon.colcon_core.environment:checking '/home/choi/angchicken_ros2_ws/install/image_transport_tutorials/lib/python3.8/site-packages'
[2.064s] Level 1:colcon.colcon_core.shell:create_environment_hook('image_transport_tutorials', 'pythonpath')
[2.067s] INFO:colcon.colcon_core.shell:Creating environment hook '/home/choi/angchicken_ros2_ws/install/image_transport_tutorials/share/image_transport_tutorials/hook/pythonpath.ps1'
[2.069s] INFO:colcon.colcon_core.shell:Creating environment descriptor '/home/choi/angchicken_ros2_ws/install/image_transport_tutorials/share/image_transport_tutorials/hook/pythonpath.dsv'
[2.070s] INFO:colcon.colcon_core.shell:Creating environment hook '/home/choi/angchicken_ros2_ws/install/image_transport_tutorials/share/image_transport_tutorials/hook/pythonpath.sh'
[2.071s] Level 1:colcon.colcon_core.environment:checking '/home/choi/angchicken_ros2_ws/install/image_transport_tutorials/bin'
[2.074s] INFO:colcon.colcon_core.shell:Creating package script '/home/choi/angchicken_ros2_ws/install/image_transport_tutorials/share/image_transport_tutorials/package.ps1'
[2.075s] INFO:colcon.colcon_core.shell:Creating package descriptor '/home/choi/angchicken_ros2_ws/install/image_transport_tutorials/share/image_transport_tutorials/package.dsv'
[2.077s] INFO:colcon.colcon_core.shell:Creating package script '/home/choi/angchicken_ros2_ws/install/image_transport_tutorials/share/image_transport_tutorials/package.sh'
[2.078s] INFO:colcon.colcon_core.shell:Creating package script '/home/choi/angchicken_ros2_ws/install/image_transport_tutorials/share/image_transport_tutorials/package.bash'
[2.079s] INFO:colcon.colcon_core.shell:Creating package script '/home/choi/angchicken_ros2_ws/install/image_transport_tutorials/share/image_transport_tutorials/package.zsh'
[2.080s] Level 1:colcon.colcon_core.environment:create_file_with_runtime_dependencies(/home/choi/angchicken_ros2_ws/install/image_transport_tutorials/share/colcon-core/packages/image_transport_tutorials)
[2.207s] DEBUG:colcon.colcon_core.event_handler.log_command:Invoking command in '/home/choi/angchicken_ros2_ws/build/color_detection': PYTHONPATH=/home/choi/angchicken_ros2_ws/build/color_detection/prefix_override:/home/choi/angchicken_ros2_ws/install/color_detection/lib/python3.8/site-packages:${PYTHONPATH} /usr/bin/python3 setup.py develop --editable --build-directory /home/choi/angchicken_ros2_ws/build/color_detection/build --no-deps install_data
[2.247s] Level 1:colcon.colcon_core.environment:create_environment_scripts_only(image_transport_tutorials)
[2.253s] Level 1:colcon.colcon_core.environment:checking '/home/choi/angchicken_ros2_ws/install/image_transport_tutorials' for CMake module files
[2.255s] Level 1:colcon.colcon_core.environment:checking '/home/choi/angchicken_ros2_ws/install/image_transport_tutorials' for CMake config files
[2.255s] Level 1:colcon.colcon_core.shell:create_environment_hook('image_transport_tutorials', 'cmake_prefix_path')
[2.258s] INFO:colcon.colcon_core.shell:Creating environment hook '/home/choi/angchicken_ros2_ws/install/image_transport_tutorials/share/image_transport_tutorials/hook/cmake_prefix_path.ps1'
[2.260s] INFO:colcon.colcon_core.shell:Creating environment descriptor '/home/choi/angchicken_ros2_ws/install/image_transport_tutorials/share/image_transport_tutorials/hook/cmake_prefix_path.dsv'
[2.261s] INFO:colcon.colcon_core.shell:Creating environment hook '/home/choi/angchicken_ros2_ws/install/image_transport_tutorials/share/image_transport_tutorials/hook/cmake_prefix_path.sh'
[2.262s] Level 1:colcon.colcon_core.environment:checking '/home/choi/angchicken_ros2_ws/install/image_transport_tutorials/lib'
[2.262s] Level 1:colcon.colcon_core.shell:create_environment_hook('image_transport_tutorials', 'ld_library_path_lib')
[2.265s] INFO:colcon.colcon_core.shell:Creating environment hook '/home/choi/angchicken_ros2_ws/install/image_transport_tutorials/share/image_transport_tutorials/hook/ld_library_path_lib.ps1'
[2.266s] INFO:colcon.colcon_core.shell:Creating environment descriptor '/home/choi/angchicken_ros2_ws/install/image_transport_tutorials/share/image_transport_tutorials/hook/ld_library_path_lib.dsv'
[2.266s] INFO:colcon.colcon_core.shell:Creating environment hook '/home/choi/angchicken_ros2_ws/install/image_transport_tutorials/share/image_transport_tutorials/hook/ld_library_path_lib.sh'
[2.267s] Level 1:colcon.colcon_core.environment:checking '/home/choi/angchicken_ros2_ws/install/image_transport_tutorials/libresized_plugins.so'
[2.268s] Level 1:colcon.colcon_core.environment:checking '/home/choi/angchicken_ros2_ws/install/image_transport_tutorials/bin'
[2.268s] Level 1:colcon.colcon_core.environment:checking '/home/choi/angchicken_ros2_ws/install/image_transport_tutorials/lib/pkgconfig/image_transport_tutorials.pc'
[2.269s] Level 1:colcon.colcon_core.environment:checking '/home/choi/angchicken_ros2_ws/install/image_transport_tutorials/lib/python3.8/site-packages'
[2.269s] Level 1:colcon.colcon_core.shell:create_environment_hook('image_transport_tutorials', 'pythonpath')
[2.274s] INFO:colcon.colcon_core.shell:Creating environment hook '/home/choi/angchicken_ros2_ws/install/image_transport_tutorials/share/image_transport_tutorials/hook/pythonpath.ps1'
[2.275s] INFO:colcon.colcon_core.shell:Creating environment descriptor '/home/choi/angchicken_ros2_ws/install/image_transport_tutorials/share/image_transport_tutorials/hook/pythonpath.dsv'
[2.275s] INFO:colcon.colcon_core.shell:Creating environment hook '/home/choi/angchicken_ros2_ws/install/image_transport_tutorials/share/image_transport_tutorials/hook/pythonpath.sh'
[2.276s] Level 1:colcon.colcon_core.environment:checking '/home/choi/angchicken_ros2_ws/install/image_transport_tutorials/bin'
[2.279s] INFO:colcon.colcon_core.shell:Creating package script '/home/choi/angchicken_ros2_ws/install/image_transport_tutorials/share/image_transport_tutorials/package.ps1'
[2.280s] INFO:colcon.colcon_core.shell:Creating package descriptor '/home/choi/angchicken_ros2_ws/install/image_transport_tutorials/share/image_transport_tutorials/package.dsv'
[2.280s] INFO:colcon.colcon_core.shell:Creating package script '/home/choi/angchicken_ros2_ws/install/image_transport_tutorials/share/image_transport_tutorials/package.sh'
[2.281s] INFO:colcon.colcon_core.shell:Creating package script '/home/choi/angchicken_ros2_ws/install/image_transport_tutorials/share/image_transport_tutorials/package.bash'
[2.281s] INFO:colcon.colcon_core.shell:Creating package script '/home/choi/angchicken_ros2_ws/install/image_transport_tutorials/share/image_transport_tutorials/package.zsh'
[2.282s] Level 1:colcon.colcon_core.environment:create_file_with_runtime_dependencies(/home/choi/angchicken_ros2_ws/install/image_transport_tutorials/share/colcon-core/packages/image_transport_tutorials)
[2.283s] INFO:colcon.colcon_ros.task.ament_python.build:Building ROS package in '/home/choi/angchicken_ros2_ws/src/move_py' with build type 'ament_python'
[2.284s] Level 1:colcon.colcon_core.shell:create_environment_hook('move_py', 'ament_prefix_path')
[2.287s] INFO:colcon.colcon_core.shell:Creating environment hook '/home/choi/angchicken_ros2_ws/install/move_py/share/move_py/hook/ament_prefix_path.ps1'
[2.288s] INFO:colcon.colcon_core.shell:Creating environment descriptor '/home/choi/angchicken_ros2_ws/install/move_py/share/move_py/hook/ament_prefix_path.dsv'
[2.288s] INFO:colcon.colcon_core.shell:Creating environment hook '/home/choi/angchicken_ros2_ws/install/move_py/share/move_py/hook/ament_prefix_path.sh'
[2.292s] INFO:colcon.colcon_core.shell:Skip shell extension 'powershell' for command environment: Not usable outside of PowerShell
[2.292s] DEBUG:colcon.colcon_core.shell:Skip shell extension 'dsv' for command environment
[2.311s] DEBUG:colcon.colcon_core.event_handler.log_command:Invoking command in '/home/choi/angchicken_ros2_ws/build/line_following_bot': PYTHONPATH=/home/choi/angchicken_ros2_ws/build/line_following_bot/prefix_override:/home/choi/angchicken_ros2_ws/install/line_following_bot/lib/python3.8/site-packages:${PYTHONPATH} /usr/bin/python3 setup.py develop --editable --build-directory /home/choi/angchicken_ros2_ws/build/line_following_bot/build --no-deps install_data
[2.315s] DEBUG:colcon.colcon_core.event_handler.log_command:Invoking command in '/home/choi/angchicken_ros2_ws/build/lane_detection_py': PYTHONPATH=/home/choi/angchicken_ros2_ws/build/lane_detection_py/prefix_override:/home/choi/angchicken_ros2_ws/install/lane_detection_py/lib/python3.8/site-packages:${PYTHONPATH} /usr/bin/python3 setup.py develop --editable --build-directory /home/choi/angchicken_ros2_ws/build/lane_detection_py/build --no-deps install_data
[2.758s] INFO:colcon.colcon_core.task.python.build:Building Python package in '/home/choi/angchicken_ros2_ws/src/move_py'
[2.761s] INFO:colcon.colcon_core.shell:Skip shell extension 'powershell' for command environment: Not usable outside of PowerShell
[2.762s] DEBUG:colcon.colcon_core.shell:Skip shell extension 'dsv' for command environment
[3.084s] Level 1:colcon.colcon_core.shell:create_environment_hook('color_detection', 'pythonpath_develop')
[3.088s] INFO:colcon.colcon_core.shell:Creating environment hook '/home/choi/angchicken_ros2_ws/build/color_detection/share/color_detection/hook/pythonpath_develop.ps1'
[3.089s] DEBUG:colcon.colcon_core.event_handler.log_command:Invoked command in '/home/choi/angchicken_ros2_ws/build/color_detection' returned '0': PYTHONPATH=/home/choi/angchicken_ros2_ws/build/color_detection/prefix_override:/home/choi/angchicken_ros2_ws/install/color_detection/lib/python3.8/site-packages:${PYTHONPATH} /usr/bin/python3 setup.py develop --editable --build-directory /home/choi/angchicken_ros2_ws/build/color_detection/build --no-deps install_data
[3.089s] INFO:colcon.colcon_core.shell:Creating environment descriptor '/home/choi/angchicken_ros2_ws/build/color_detection/share/color_detection/hook/pythonpath_develop.dsv'
[3.090s] INFO:colcon.colcon_core.shell:Creating environment hook '/home/choi/angchicken_ros2_ws/build/color_detection/share/color_detection/hook/pythonpath_develop.sh'
[3.094s] Level 1:colcon.colcon_core.environment:checking '/home/choi/angchicken_ros2_ws/install/color_detection' for CMake module files
[3.095s] Level 1:colcon.colcon_core.environment:checking '/home/choi/angchicken_ros2_ws/install/color_detection' for CMake config files
[3.096s] Level 1:colcon.colcon_core.environment:checking '/home/choi/angchicken_ros2_ws/install/color_detection/lib'
[3.096s] Level 1:colcon.colcon_core.environment:checking '/home/choi/angchicken_ros2_ws/install/color_detection/bin'
[3.096s] Level 1:colcon.colcon_core.environment:checking '/home/choi/angchicken_ros2_ws/install/color_detection/lib/pkgconfig/color_detection.pc'
[3.096s] Level 1:colcon.colcon_core.environment:checking '/home/choi/angchicken_ros2_ws/install/color_detection/lib/python3.8/site-packages'
[3.096s] Level 1:colcon.colcon_core.shell:create_environment_hook('color_detection', 'pythonpath')
[3.099s] INFO:colcon.colcon_core.shell:Creating environment hook '/home/choi/angchicken_ros2_ws/install/color_detection/share/color_detection/hook/pythonpath.ps1'
[3.100s] INFO:colcon.colcon_core.shell:Creating environment descriptor '/home/choi/angchicken_ros2_ws/install/color_detection/share/color_detection/hook/pythonpath.dsv'
[3.100s] INFO:colcon.colcon_core.shell:Creating environment hook '/home/choi/angchicken_ros2_ws/install/color_detection/share/color_detection/hook/pythonpath.sh'
[3.101s] Level 1:colcon.colcon_core.environment:checking '/home/choi/angchicken_ros2_ws/install/color_detection/bin'
[3.101s] Level 1:colcon.colcon_core.environment:create_environment_scripts_only(color_detection)
[3.104s] INFO:colcon.colcon_core.shell:Creating package script '/home/choi/angchicken_ros2_ws/install/color_detection/share/color_detection/package.ps1'
[3.105s] INFO:colcon.colcon_core.shell:Creating package descriptor '/home/choi/angchicken_ros2_ws/install/color_detection/share/color_detection/package.dsv'
[3.105s] INFO:colcon.colcon_core.shell:Creating package script '/home/choi/angchicken_ros2_ws/install/color_detection/share/color_detection/package.sh'
[3.106s] INFO:colcon.colcon_core.shell:Creating package script '/home/choi/angchicken_ros2_ws/install/color_detection/share/color_detection/package.bash'
[3.106s] INFO:colcon.colcon_core.shell:Creating package script '/home/choi/angchicken_ros2_ws/install/color_detection/share/color_detection/package.zsh'
[3.107s] Level 1:colcon.colcon_core.environment:create_file_with_runtime_dependencies(/home/choi/angchicken_ros2_ws/install/color_detection/share/colcon-core/packages/color_detection)
[3.108s] INFO:colcon.colcon_ros.task.ament_python.build:Building ROS package in '/home/choi/angchicken_ros2_ws/src/pump_track' with build type 'ament_python'
[3.108s] Level 1:colcon.colcon_core.shell:create_environment_hook('pump_track', 'ament_prefix_path')
[3.111s] INFO:colcon.colcon_core.shell:Creating environment hook '/home/choi/angchicken_ros2_ws/install/pump_track/share/pump_track/hook/ament_prefix_path.ps1'
[3.112s] INFO:colcon.colcon_core.shell:Creating environment descriptor '/home/choi/angchicken_ros2_ws/install/pump_track/share/pump_track/hook/ament_prefix_path.dsv'
[3.112s] INFO:colcon.colcon_core.shell:Creating environment hook '/home/choi/angchicken_ros2_ws/install/pump_track/share/pump_track/hook/ament_prefix_path.sh'
[3.116s] INFO:colcon.colcon_core.shell:Skip shell extension 'powershell' for command environment: Not usable outside of PowerShell
[3.116s] DEBUG:colcon.colcon_core.shell:Skip shell extension 'dsv' for command environment
[3.130s] Level 1:colcon.colcon_core.shell:create_environment_hook('lane_detection_py', 'pythonpath_develop')
[3.134s] INFO:colcon.colcon_core.shell:Creating environment hook '/home/choi/angchicken_ros2_ws/build/lane_detection_py/share/lane_detection_py/hook/pythonpath_develop.ps1'
[3.134s] DEBUG:colcon.colcon_core.event_handler.log_command:Invoked command in '/home/choi/angchicken_ros2_ws/build/lane_detection_py' returned '0': PYTHONPATH=/home/choi/angchicken_ros2_ws/build/lane_detection_py/prefix_override:/home/choi/angchicken_ros2_ws/install/lane_detection_py/lib/python3.8/site-packages:${PYTHONPATH} /usr/bin/python3 setup.py develop --editable --build-directory /home/choi/angchicken_ros2_ws/build/lane_detection_py/build --no-deps install_data
[3.135s] INFO:colcon.colcon_core.shell:Creating environment descriptor '/home/choi/angchicken_ros2_ws/build/lane_detection_py/share/lane_detection_py/hook/pythonpath_develop.dsv'
[3.136s] INFO:colcon.colcon_core.shell:Creating environment hook '/home/choi/angchicken_ros2_ws/build/lane_detection_py/share/lane_detection_py/hook/pythonpath_develop.sh'
[3.140s] Level 1:colcon.colcon_core.environment:checking '/home/choi/angchicken_ros2_ws/install/lane_detection_py' for CMake module files
[3.141s] Level 1:colcon.colcon_core.environment:checking '/home/choi/angchicken_ros2_ws/install/lane_detection_py' for CMake config files
[3.142s] Level 1:colcon.colcon_core.environment:checking '/home/choi/angchicken_ros2_ws/install/lane_detection_py/lib'
[3.142s] Level 1:colcon.colcon_core.environment:checking '/home/choi/angchicken_ros2_ws/install/lane_detection_py/bin'
[3.142s] Level 1:colcon.colcon_core.environment:checking '/home/choi/angchicken_ros2_ws/install/lane_detection_py/lib/pkgconfig/lane_detection_py.pc'
[3.142s] Level 1:colcon.colcon_core.environment:checking '/home/choi/angchicken_ros2_ws/install/lane_detection_py/lib/python3.8/site-packages'
[3.142s] Level 1:colcon.colcon_core.shell:create_environment_hook('lane_detection_py', 'pythonpath')
[3.145s] INFO:colcon.colcon_core.shell:Creating environment hook '/home/choi/angchicken_ros2_ws/install/lane_detection_py/share/lane_detection_py/hook/pythonpath.ps1'
[3.145s] INFO:colcon.colcon_core.shell:Creating environment descriptor '/home/choi/angchicken_ros2_ws/install/lane_detection_py/share/lane_detection_py/hook/pythonpath.dsv'
[3.146s] INFO:colcon.colcon_core.shell:Creating environment hook '/home/choi/angchicken_ros2_ws/install/lane_detection_py/share/lane_detection_py/hook/pythonpath.sh'
[3.146s] Level 1:colcon.colcon_core.environment:checking '/home/choi/angchicken_ros2_ws/install/lane_detection_py/bin'
[3.146s] Level 1:colcon.colcon_core.environment:create_environment_scripts_only(lane_detection_py)
[3.149s] INFO:colcon.colcon_core.shell:Creating package script '/home/choi/angchicken_ros2_ws/install/lane_detection_py/share/lane_detection_py/package.ps1'
[3.150s] INFO:colcon.colcon_core.shell:Creating package descriptor '/home/choi/angchicken_ros2_ws/install/lane_detection_py/share/lane_detection_py/package.dsv'
[3.150s] INFO:colcon.colcon_core.shell:Creating package script '/home/choi/angchicken_ros2_ws/install/lane_detection_py/share/lane_detection_py/package.sh'
[3.151s] INFO:colcon.colcon_core.shell:Creating package script '/home/choi/angchicken_ros2_ws/install/lane_detection_py/share/lane_detection_py/package.bash'
[3.151s] INFO:colcon.colcon_core.shell:Creating package script '/home/choi/angchicken_ros2_ws/install/lane_detection_py/share/lane_detection_py/package.zsh'
[3.152s] Level 1:colcon.colcon_core.environment:create_file_with_runtime_dependencies(/home/choi/angchicken_ros2_ws/install/lane_detection_py/share/colcon-core/packages/lane_detection_py)
[3.152s] Level 1:colcon.colcon_core.shell:create_environment_hook('line_following_bot', 'pythonpath_develop')
[3.155s] INFO:colcon.colcon_core.shell:Creating environment hook '/home/choi/angchicken_ros2_ws/build/line_following_bot/share/line_following_bot/hook/pythonpath_develop.ps1'
[3.156s] INFO:colcon.colcon_core.shell:Creating environment descriptor '/home/choi/angchicken_ros2_ws/build/line_following_bot/share/line_following_bot/hook/pythonpath_develop.dsv'
[3.156s] DEBUG:colcon.colcon_core.event_handler.log_command:Invoked command in '/home/choi/angchicken_ros2_ws/build/line_following_bot' returned '0': PYTHONPATH=/home/choi/angchicken_ros2_ws/build/line_following_bot/prefix_override:/home/choi/angchicken_ros2_ws/install/line_following_bot/lib/python3.8/site-packages:${PYTHONPATH} /usr/bin/python3 setup.py develop --editable --build-directory /home/choi/angchicken_ros2_ws/build/line_following_bot/build --no-deps install_data
[3.157s] INFO:colcon.colcon_core.shell:Creating environment hook '/home/choi/angchicken_ros2_ws/build/line_following_bot/share/line_following_bot/hook/pythonpath_develop.sh'
[3.161s] Level 1:colcon.colcon_core.environment:checking '/home/choi/angchicken_ros2_ws/install/line_following_bot' for CMake module files
[3.161s] Level 1:colcon.colcon_core.environment:checking '/home/choi/angchicken_ros2_ws/install/line_following_bot' for CMake config files
[3.162s] Level 1:colcon.colcon_core.environment:checking '/home/choi/angchicken_ros2_ws/install/line_following_bot/lib'
[3.162s] Level 1:colcon.colcon_core.environment:checking '/home/choi/angchicken_ros2_ws/install/line_following_bot/bin'
[3.162s] Level 1:colcon.colcon_core.environment:checking '/home/choi/angchicken_ros2_ws/install/line_following_bot/lib/pkgconfig/line_following_bot.pc'
[3.162s] Level 1:colcon.colcon_core.environment:checking '/home/choi/angchicken_ros2_ws/install/line_following_bot/lib/python3.8/site-packages'
[3.162s] Level 1:colcon.colcon_core.shell:create_environment_hook('line_following_bot', 'pythonpath')
[3.165s] INFO:colcon.colcon_core.shell:Creating environment hook '/home/choi/angchicken_ros2_ws/install/line_following_bot/share/line_following_bot/hook/pythonpath.ps1'
[3.165s] INFO:colcon.colcon_core.shell:Creating environment descriptor '/home/choi/angchicken_ros2_ws/install/line_following_bot/share/line_following_bot/hook/pythonpath.dsv'
[3.166s] INFO:colcon.colcon_core.shell:Creating environment hook '/home/choi/angchicken_ros2_ws/install/line_following_bot/share/line_following_bot/hook/pythonpath.sh'
[3.166s] Level 1:colcon.colcon_core.environment:checking '/home/choi/angchicken_ros2_ws/install/line_following_bot/bin'
[3.166s] Level 1:colcon.colcon_core.environment:create_environment_scripts_only(line_following_bot)
[3.169s] INFO:colcon.colcon_core.shell:Creating package script '/home/choi/angchicken_ros2_ws/install/line_following_bot/share/line_following_bot/package.ps1'
[3.170s] INFO:colcon.colcon_core.shell:Creating package descriptor '/home/choi/angchicken_ros2_ws/install/line_following_bot/share/line_following_bot/package.dsv'
[3.171s] INFO:colcon.colcon_core.shell:Creating package script '/home/choi/angchicken_ros2_ws/install/line_following_bot/share/line_following_bot/package.sh'
[3.171s] INFO:colcon.colcon_core.shell:Creating package script '/home/choi/angchicken_ros2_ws/install/line_following_bot/share/line_following_bot/package.bash'
[3.172s] INFO:colcon.colcon_core.shell:Creating package script '/home/choi/angchicken_ros2_ws/install/line_following_bot/share/line_following_bot/package.zsh'
[3.172s] Level 1:colcon.colcon_core.environment:create_file_with_runtime_dependencies(/home/choi/angchicken_ros2_ws/install/line_following_bot/share/colcon-core/packages/line_following_bot)
[3.173s] INFO:colcon.colcon_ros.task.ament_python.build:Building ROS package in '/home/choi/angchicken_ros2_ws/src/pump_track_2' with build type 'ament_python'
[3.173s] Level 1:colcon.colcon_core.shell:create_environment_hook('pump_track_2', 'ament_prefix_path')
[3.176s] INFO:colcon.colcon_core.shell:Creating environment hook '/home/choi/angchicken_ros2_ws/install/pump_track_2/share/pump_track_2/hook/ament_prefix_path.ps1'
[3.177s] INFO:colcon.colcon_core.shell:Creating environment descriptor '/home/choi/angchicken_ros2_ws/install/pump_track_2/share/pump_track_2/hook/ament_prefix_path.dsv'
[3.177s] INFO:colcon.colcon_core.shell:Creating environment hook '/home/choi/angchicken_ros2_ws/install/pump_track_2/share/pump_track_2/hook/ament_prefix_path.sh'
[3.180s] INFO:colcon.colcon_core.shell:Skip shell extension 'powershell' for command environment: Not usable outside of PowerShell
[3.180s] DEBUG:colcon.colcon_core.shell:Skip shell extension 'dsv' for command environment
[3.194s] INFO:colcon.colcon_ros.task.ament_python.build:Building ROS package in '/home/choi/angchicken_ros2_ws/src/text_detection' with build type 'ament_python'
[3.195s] Level 1:colcon.colcon_core.shell:create_environment_hook('text_detection', 'ament_prefix_path')
[3.198s] INFO:colcon.colcon_core.shell:Creating environment hook '/home/choi/angchicken_ros2_ws/install/text_detection/share/text_detection/hook/ament_prefix_path.ps1'
[3.200s] INFO:colcon.colcon_core.shell:Creating environment descriptor '/home/choi/angchicken_ros2_ws/install/text_detection/share/text_detection/hook/ament_prefix_path.dsv'
[3.200s] INFO:colcon.colcon_core.shell:Creating environment hook '/home/choi/angchicken_ros2_ws/install/text_detection/share/text_detection/hook/ament_prefix_path.sh'
[3.204s] INFO:colcon.colcon_core.shell:Skip shell extension 'powershell' for command environment: Not usable outside of PowerShell
[3.204s] DEBUG:colcon.colcon_core.shell:Skip shell extension 'dsv' for command environment
[3.552s] INFO:colcon.colcon_core.task.python.build:Building Python package in '/home/choi/angchicken_ros2_ws/src/pump_track'
[3.556s] INFO:colcon.colcon_core.shell:Skip shell extension 'powershell' for command environment: Not usable outside of PowerShell
[3.556s] DEBUG:colcon.colcon_core.shell:Skip shell extension 'dsv' for command environment
[3.919s] INFO:colcon.colcon_core.task.python.build:Building Python package in '/home/choi/angchicken_ros2_ws/src/pump_track_2'
[3.923s] INFO:colcon.colcon_core.shell:Skip shell extension 'powershell' for command environment: Not usable outside of PowerShell
[3.923s] DEBUG:colcon.colcon_core.shell:Skip shell extension 'dsv' for command environment
[4.274s] INFO:colcon.colcon_core.task.python.build:Building Python package in '/home/choi/angchicken_ros2_ws/src/text_detection'
[4.278s] INFO:colcon.colcon_core.shell:Skip shell extension 'powershell' for command environment: Not usable outside of PowerShell
[4.278s] DEBUG:colcon.colcon_core.shell:Skip shell extension 'dsv' for command environment
[4.295s] DEBUG:colcon.colcon_core.event_handler.log_command:Invoking command in '/home/choi/angchicken_ros2_ws/build/move_py': PYTHONPATH=/home/choi/angchicken_ros2_ws/build/move_py/prefix_override:/home/choi/angchicken_ros2_ws/install/move_py/lib/python3.8/site-packages:${PYTHONPATH} /usr/bin/python3 setup.py develop --editable --build-directory /home/choi/angchicken_ros2_ws/build/move_py/build --no-deps install_data
[4.944s] DEBUG:colcon.colcon_core.event_handler.log_command:Invoking command in '/home/choi/angchicken_ros2_ws/build/text_detection': PYTHONPATH=/home/choi/angchicken_ros2_ws/build/text_detection/prefix_override:/home/choi/angchicken_ros2_ws/install/text_detection/lib/python3.8/site-packages:${PYTHONPATH} /usr/bin/python3 setup.py develop --editable --build-directory /home/choi/angchicken_ros2_ws/build/text_detection/build --no-deps install_data
[4.957s] DEBUG:colcon.colcon_core.event_handler.log_command:Invoking command in '/home/choi/angchicken_ros2_ws/build/pump_track': PYTHONPATH=/home/choi/angchicken_ros2_ws/build/pump_track/prefix_override:/home/choi/angchicken_ros2_ws/install/pump_track/lib/python3.8/site-packages:${PYTHONPATH} /usr/bin/python3 setup.py develop --editable --build-directory /home/choi/angchicken_ros2_ws/build/pump_track/build --no-deps install_data
[4.991s] DEBUG:colcon.colcon_core.event_handler.log_command:Invoking command in '/home/choi/angchicken_ros2_ws/build/pump_track_2': PYTHONPATH=/home/choi/angchicken_ros2_ws/build/pump_track_2/prefix_override:/home/choi/angchicken_ros2_ws/install/pump_track_2/lib/python3.8/site-packages:${PYTHONPATH} /usr/bin/python3 setup.py develop --editable --build-directory /home/choi/angchicken_ros2_ws/build/pump_track_2/build --no-deps install_data
[5.069s] Level 1:colcon.colcon_core.shell:create_environment_hook('move_py', 'pythonpath_develop')
[5.073s] INFO:colcon.colcon_core.shell:Creating environment hook '/home/choi/angchicken_ros2_ws/build/move_py/share/move_py/hook/pythonpath_develop.ps1'
[5.074s] DEBUG:colcon.colcon_core.event_handler.log_command:Invoked command in '/home/choi/angchicken_ros2_ws/build/move_py' returned '0': PYTHONPATH=/home/choi/angchicken_ros2_ws/build/move_py/prefix_override:/home/choi/angchicken_ros2_ws/install/move_py/lib/python3.8/site-packages:${PYTHONPATH} /usr/bin/python3 setup.py develop --editable --build-directory /home/choi/angchicken_ros2_ws/build/move_py/build --no-deps install_data
[5.075s] INFO:colcon.colcon_core.shell:Creating environment descriptor '/home/choi/angchicken_ros2_ws/build/move_py/share/move_py/hook/pythonpath_develop.dsv'
[5.075s] INFO:colcon.colcon_core.shell:Creating environment hook '/home/choi/angchicken_ros2_ws/build/move_py/share/move_py/hook/pythonpath_develop.sh'
[5.080s] Level 1:colcon.colcon_core.environment:checking '/home/choi/angchicken_ros2_ws/install/move_py' for CMake module files
[5.080s] Level 1:colcon.colcon_core.environment:checking '/home/choi/angchicken_ros2_ws/install/move_py' for CMake config files
[5.081s] Level 1:colcon.colcon_core.environment:checking '/home/choi/angchicken_ros2_ws/install/move_py/lib'
[5.081s] Level 1:colcon.colcon_core.environment:checking '/home/choi/angchicken_ros2_ws/install/move_py/bin'
[5.081s] Level 1:colcon.colcon_core.environment:checking '/home/choi/angchicken_ros2_ws/install/move_py/lib/pkgconfig/move_py.pc'
[5.082s] Level 1:colcon.colcon_core.environment:checking '/home/choi/angchicken_ros2_ws/install/move_py/lib/python3.8/site-packages'
[5.082s] Level 1:colcon.colcon_core.shell:create_environment_hook('move_py', 'pythonpath')
[5.085s] INFO:colcon.colcon_core.shell:Creating environment hook '/home/choi/angchicken_ros2_ws/install/move_py/share/move_py/hook/pythonpath.ps1'
[5.086s] INFO:colcon.colcon_core.shell:Creating environment descriptor '/home/choi/angchicken_ros2_ws/install/move_py/share/move_py/hook/pythonpath.dsv'
[5.086s] INFO:colcon.colcon_core.shell:Creating environment hook '/home/choi/angchicken_ros2_ws/install/move_py/share/move_py/hook/pythonpath.sh'
[5.087s] Level 1:colcon.colcon_core.environment:checking '/home/choi/angchicken_ros2_ws/install/move_py/bin'
[5.089s] Level 1:colcon.colcon_core.environment:create_environment_scripts_only(move_py)
[5.092s] INFO:colcon.colcon_core.shell:Creating package script '/home/choi/angchicken_ros2_ws/install/move_py/share/move_py/package.ps1'
[5.093s] INFO:colcon.colcon_core.shell:Creating package descriptor '/home/choi/angchicken_ros2_ws/install/move_py/share/move_py/package.dsv'
[5.094s] INFO:colcon.colcon_core.shell:Creating package script '/home/choi/angchicken_ros2_ws/install/move_py/share/move_py/package.sh'
[5.095s] INFO:colcon.colcon_core.shell:Creating package script '/home/choi/angchicken_ros2_ws/install/move_py/share/move_py/package.bash'
[5.095s] INFO:colcon.colcon_core.shell:Creating package script '/home/choi/angchicken_ros2_ws/install/move_py/share/move_py/package.zsh'
[5.096s] Level 1:colcon.colcon_core.environment:create_file_with_runtime_dependencies(/home/choi/angchicken_ros2_ws/install/move_py/share/colcon-core/packages/move_py)
[5.599s] Level 1:colcon.colcon_core.shell:create_environment_hook('text_detection', 'pythonpath_develop')
[5.603s] INFO:colcon.colcon_core.shell:Creating environment hook '/home/choi/angchicken_ros2_ws/build/text_detection/share/text_detection/hook/pythonpath_develop.ps1'
[5.603s] INFO:colcon.colcon_core.shell:Creating environment descriptor '/home/choi/angchicken_ros2_ws/build/text_detection/share/text_detection/hook/pythonpath_develop.dsv'
[5.603s] INFO:colcon.colcon_core.shell:Creating environment hook '/home/choi/angchicken_ros2_ws/build/text_detection/share/text_detection/hook/pythonpath_develop.sh'
[5.608s] Level 1:colcon.colcon_core.environment:checking '/home/choi/angchicken_ros2_ws/install/text_detection' for CMake module files
[5.608s] Level 1:colcon.colcon_core.environment:checking '/home/choi/angchicken_ros2_ws/install/text_detection' for CMake config files
[5.608s] DEBUG:colcon.colcon_core.event_handler.log_command:Invoked command in '/home/choi/angchicken_ros2_ws/build/text_detection' returned '0': PYTHONPATH=/home/choi/angchicken_ros2_ws/build/text_detection/prefix_override:/home/choi/angchicken_ros2_ws/install/text_detection/lib/python3.8/site-packages:${PYTHONPATH} /usr/bin/python3 setup.py develop --editable --build-directory /home/choi/angchicken_ros2_ws/build/text_detection/build --no-deps install_data
[5.609s] Level 1:colcon.colcon_core.environment:checking '/home/choi/angchicken_ros2_ws/install/text_detection/lib'
[5.609s] Level 1:colcon.colcon_core.environment:checking '/home/choi/angchicken_ros2_ws/install/text_detection/bin'
[5.609s] Level 1:colcon.colcon_core.environment:checking '/home/choi/angchicken_ros2_ws/install/text_detection/lib/pkgconfig/text_detection.pc'
[5.609s] Level 1:colcon.colcon_core.environment:checking '/home/choi/angchicken_ros2_ws/install/text_detection/lib/python3.8/site-packages'
[5.610s] Level 1:colcon.colcon_core.shell:create_environment_hook('text_detection', 'pythonpath')
[5.612s] INFO:colcon.colcon_core.shell:Creating environment hook '/home/choi/angchicken_ros2_ws/install/text_detection/share/text_detection/hook/pythonpath.ps1'
[5.613s] INFO:colcon.colcon_core.shell:Creating environment descriptor '/home/choi/angchicken_ros2_ws/install/text_detection/share/text_detection/hook/pythonpath.dsv'
[5.614s] INFO:colcon.colcon_core.shell:Creating environment hook '/home/choi/angchicken_ros2_ws/install/text_detection/share/text_detection/hook/pythonpath.sh'
[5.614s] Level 1:colcon.colcon_core.environment:checking '/home/choi/angchicken_ros2_ws/install/text_detection/bin'
[5.614s] Level 1:colcon.colcon_core.environment:create_environment_scripts_only(text_detection)
[5.617s] INFO:colcon.colcon_core.shell:Creating package script '/home/choi/angchicken_ros2_ws/install/text_detection/share/text_detection/package.ps1'
[5.621s] INFO:colcon.colcon_core.shell:Creating package descriptor '/home/choi/angchicken_ros2_ws/install/text_detection/share/text_detection/package.dsv'
[5.622s] INFO:colcon.colcon_core.shell:Creating package script '/home/choi/angchicken_ros2_ws/install/text_detection/share/text_detection/package.sh'
[5.622s] INFO:colcon.colcon_core.shell:Creating package script '/home/choi/angchicken_ros2_ws/install/text_detection/share/text_detection/package.bash'
[5.623s] INFO:colcon.colcon_core.shell:Creating package script '/home/choi/angchicken_ros2_ws/install/text_detection/share/text_detection/package.zsh'
[5.624s] Level 1:colcon.colcon_core.environment:create_file_with_runtime_dependencies(/home/choi/angchicken_ros2_ws/install/text_detection/share/colcon-core/packages/text_detection)
[5.650s] Level 1:colcon.colcon_core.shell:create_environment_hook('pump_track', 'pythonpath_develop')
[5.650s] DEBUG:colcon.colcon_core.event_handler.log_command:Invoked command in '/home/choi/angchicken_ros2_ws/build/pump_track' returned '0': PYTHONPATH=/home/choi/angchicken_ros2_ws/build/pump_track/prefix_override:/home/choi/angchicken_ros2_ws/install/pump_track/lib/python3.8/site-packages:${PYTHONPATH} /usr/bin/python3 setup.py develop --editable --build-directory /home/choi/angchicken_ros2_ws/build/pump_track/build --no-deps install_data
[5.653s] INFO:colcon.colcon_core.shell:Creating environment hook '/home/choi/angchicken_ros2_ws/build/pump_track/share/pump_track/hook/pythonpath_develop.ps1'
[5.654s] INFO:colcon.colcon_core.shell:Creating environment descriptor '/home/choi/angchicken_ros2_ws/build/pump_track/share/pump_track/hook/pythonpath_develop.dsv'
[5.655s] INFO:colcon.colcon_core.shell:Creating environment hook '/home/choi/angchicken_ros2_ws/build/pump_track/share/pump_track/hook/pythonpath_develop.sh'
[5.659s] Level 1:colcon.colcon_core.environment:checking '/home/choi/angchicken_ros2_ws/install/pump_track' for CMake module files
[5.660s] Level 1:colcon.colcon_core.environment:checking '/home/choi/angchicken_ros2_ws/install/pump_track' for CMake config files
[5.661s] Level 1:colcon.colcon_core.environment:checking '/home/choi/angchicken_ros2_ws/install/pump_track/lib'
[5.661s] Level 1:colcon.colcon_core.environment:checking '/home/choi/angchicken_ros2_ws/install/pump_track/bin'
[5.661s] Level 1:colcon.colcon_core.environment:checking '/home/choi/angchicken_ros2_ws/install/pump_track/lib/pkgconfig/pump_track.pc'
[5.663s] Level 1:colcon.colcon_core.environment:checking '/home/choi/angchicken_ros2_ws/install/pump_track/lib/python3.8/site-packages'
[5.663s] Level 1:colcon.colcon_core.shell:create_environment_hook('pump_track', 'pythonpath')
[5.666s] INFO:colcon.colcon_core.shell:Creating environment hook '/home/choi/angchicken_ros2_ws/install/pump_track/share/pump_track/hook/pythonpath.ps1'
[5.666s] INFO:colcon.colcon_core.shell:Creating environment descriptor '/home/choi/angchicken_ros2_ws/install/pump_track/share/pump_track/hook/pythonpath.dsv'
[5.667s] INFO:colcon.colcon_core.shell:Creating environment hook '/home/choi/angchicken_ros2_ws/install/pump_track/share/pump_track/hook/pythonpath.sh'
[5.668s] Level 1:colcon.colcon_core.environment:checking '/home/choi/angchicken_ros2_ws/install/pump_track/bin'
[5.668s] Level 1:colcon.colcon_core.environment:create_environment_scripts_only(pump_track)
[5.671s] INFO:colcon.colcon_core.shell:Creating package script '/home/choi/angchicken_ros2_ws/install/pump_track/share/pump_track/package.ps1'
[5.672s] INFO:colcon.colcon_core.shell:Creating package descriptor '/home/choi/angchicken_ros2_ws/install/pump_track/share/pump_track/package.dsv'
[5.673s] INFO:colcon.colcon_core.shell:Creating package script '/home/choi/angchicken_ros2_ws/install/pump_track/share/pump_track/package.sh'
[5.674s] INFO:colcon.colcon_core.shell:Creating package script '/home/choi/angchicken_ros2_ws/install/pump_track/share/pump_track/package.bash'
[5.674s] INFO:colcon.colcon_core.shell:Creating package script '/home/choi/angchicken_ros2_ws/install/pump_track/share/pump_track/package.zsh'
[5.675s] Level 1:colcon.colcon_core.environment:create_file_with_runtime_dependencies(/home/choi/angchicken_ros2_ws/install/pump_track/share/colcon-core/packages/pump_track)
[5.676s] Level 1:colcon.colcon_core.shell:create_environment_hook('pump_track_2', 'pythonpath_develop')
[5.679s] INFO:colcon.colcon_core.shell:Creating environment hook '/home/choi/angchicken_ros2_ws/build/pump_track_2/share/pump_track_2/hook/pythonpath_develop.ps1'
[5.680s] DEBUG:colcon.colcon_core.event_handler.log_command:Invoked command in '/home/choi/angchicken_ros2_ws/build/pump_track_2' returned '0': PYTHONPATH=/home/choi/angchicken_ros2_ws/build/pump_track_2/prefix_override:/home/choi/angchicken_ros2_ws/install/pump_track_2/lib/python3.8/site-packages:${PYTHONPATH} /usr/bin/python3 setup.py develop --editable --build-directory /home/choi/angchicken_ros2_ws/build/pump_track_2/build --no-deps install_data
[5.680s] INFO:colcon.colcon_core.shell:Creating environment descriptor '/home/choi/angchicken_ros2_ws/build/pump_track_2/share/pump_track_2/hook/pythonpath_develop.dsv'
[5.681s] INFO:colcon.colcon_core.shell:Creating environment hook '/home/choi/angchicken_ros2_ws/build/pump_track_2/share/pump_track_2/hook/pythonpath_develop.sh'
[5.685s] Level 1:colcon.colcon_core.environment:checking '/home/choi/angchicken_ros2_ws/install/pump_track_2' for CMake module files
[5.685s] Level 1:colcon.colcon_core.environment:checking '/home/choi/angchicken_ros2_ws/install/pump_track_2' for CMake config files
[5.686s] Level 1:colcon.colcon_core.environment:checking '/home/choi/angchicken_ros2_ws/install/pump_track_2/lib'
[5.686s] Level 1:colcon.colcon_core.environment:checking '/home/choi/angchicken_ros2_ws/install/pump_track_2/bin'
[5.686s] Level 1:colcon.colcon_core.environment:checking '/home/choi/angchicken_ros2_ws/install/pump_track_2/lib/pkgconfig/pump_track_2.pc'
[5.686s] Level 1:colcon.colcon_core.environment:checking '/home/choi/angchicken_ros2_ws/install/pump_track_2/lib/python3.8/site-packages'
[5.686s] Level 1:colcon.colcon_core.shell:create_environment_hook('pump_track_2', 'pythonpath')
[5.689s] INFO:colcon.colcon_core.shell:Creating environment hook '/home/choi/angchicken_ros2_ws/install/pump_track_2/share/pump_track_2/hook/pythonpath.ps1'
[5.690s] INFO:colcon.colcon_core.shell:Creating environment descriptor '/home/choi/angchicken_ros2_ws/install/pump_track_2/share/pump_track_2/hook/pythonpath.dsv'
[5.690s] INFO:colcon.colcon_core.shell:Creating environment hook '/home/choi/angchicken_ros2_ws/install/pump_track_2/share/pump_track_2/hook/pythonpath.sh'
[5.690s] Level 1:colcon.colcon_core.environment:checking '/home/choi/angchicken_ros2_ws/install/pump_track_2/bin'
[5.691s] Level 1:colcon.colcon_core.environment:create_environment_scripts_only(pump_track_2)
[5.694s] INFO:colcon.colcon_core.shell:Creating package script '/home/choi/angchicken_ros2_ws/install/pump_track_2/share/pump_track_2/package.ps1'
[5.694s] INFO:colcon.colcon_core.shell:Creating package descriptor '/home/choi/angchicken_ros2_ws/install/pump_track_2/share/pump_track_2/package.dsv'
[5.695s] INFO:colcon.colcon_core.shell:Creating package script '/home/choi/angchicken_ros2_ws/install/pump_track_2/share/pump_track_2/package.sh'
[5.695s] INFO:colcon.colcon_core.shell:Creating package script '/home/choi/angchicken_ros2_ws/install/pump_track_2/share/pump_track_2/package.bash'
[5.696s] INFO:colcon.colcon_core.shell:Creating package script '/home/choi/angchicken_ros2_ws/install/pump_track_2/share/pump_track_2/package.zsh'
[5.696s] Level 1:colcon.colcon_core.environment:create_file_with_runtime_dependencies(/home/choi/angchicken_ros2_ws/install/pump_track_2/share/colcon-core/packages/pump_track_2)
[5.697s] DEBUG:colcon.colcon_parallel_executor.executor.parallel:closing loop
[5.697s] DEBUG:colcon.colcon_parallel_executor.executor.parallel:loop closed
[5.697s] DEBUG:colcon.colcon_parallel_executor.executor.parallel:run_until_complete finished with '0'
[5.697s] DEBUG:colcon.colcon_core.event_reactor:joining thread
[5.704s] INFO:colcon.colcon_core.plugin_system:Skipping extension 'colcon_notification.desktop_notification.terminal_notifier': Not used on non-Darwin systems
[5.704s] INFO:colcon.colcon_core.plugin_system:Skipping extension 'colcon_notification.desktop_notification.win32': Not used on non-Windows systems
[5.704s] INFO:colcon.colcon_notification.desktop_notification:Sending desktop notification using 'notify2'
[5.717s] DEBUG:colcon.colcon_core.event_reactor:joined thread
[5.720s] INFO:colcon.colcon_core.shell:Creating prefix script '/home/choi/angchicken_ros2_ws/install/local_setup.ps1'
[5.721s] INFO:colcon.colcon_core.shell:Creating prefix util module '/home/choi/angchicken_ros2_ws/install/_local_setup_util_ps1.py'
[5.722s] INFO:colcon.colcon_core.shell:Creating prefix chain script '/home/choi/angchicken_ros2_ws/install/setup.ps1'
[5.725s] INFO:colcon.colcon_core.shell:Creating prefix script '/home/choi/angchicken_ros2_ws/install/local_setup.sh'
[5.726s] INFO:colcon.colcon_core.shell:Creating prefix util module '/home/choi/angchicken_ros2_ws/install/_local_setup_util_sh.py'
[5.727s] INFO:colcon.colcon_core.shell:Creating prefix chain script '/home/choi/angchicken_ros2_ws/install/setup.sh'
[5.730s] INFO:colcon.colcon_core.shell:Creating prefix script '/home/choi/angchicken_ros2_ws/install/local_setup.bash'
[5.730s] INFO:colcon.colcon_core.shell:Creating prefix chain script '/home/choi/angchicken_ros2_ws/install/setup.bash'
[5.733s] INFO:colcon.colcon_core.shell:Creating prefix script '/home/choi/angchicken_ros2_ws/install/local_setup.zsh'
[5.734s] INFO:colcon.colcon_core.shell:Creating prefix chain script '/home/choi/angchicken_ros2_ws/install/setup.zsh'
