[1.799s] Invoking command in '/home/choi/angchicken_ros2_ws/build/move_py': PYTHONPATH=/home/choi/angchicken_ros2_ws/build/move_py/prefix_override:/home/choi/angchicken_ros2_ws/install/move_py/lib/python3.8/site-packages:${PYTHONPATH} /usr/bin/python3 setup.py develop --uninstall --editable --build-directory /home/choi/angchicken_ros2_ws/build/move_py/build
[2.134s] running develop
[2.373s] Invoked command in '/home/choi/angchicken_ros2_ws/build/move_py' returned '0': PYTHONPATH=/home/choi/angchicken_ros2_ws/build/move_py/prefix_override:/home/choi/angchicken_ros2_ws/install/move_py/lib/python3.8/site-packages:${PYTHONPATH} /usr/bin/python3 setup.py develop --uninstall --editable --build-directory /home/choi/angchicken_ros2_ws/build/move_py/build
[2.375s] Invoking command in '/home/choi/angchicken_ros2_ws/src/move_py': PYTHONPATH=/home/choi/angchicken_ros2_ws/build/move_py/prefix_override:/home/choi/angchicken_ros2_ws/install/move_py/lib/python3.8/site-packages:${PYTHONPATH} /usr/bin/python3 setup.py egg_info --egg-base ../../build/move_py build --build-base /home/choi/angchicken_ros2_ws/build/move_py/build install --record /home/choi/angchicken_ros2_ws/build/move_py/install.log --install-scripts $base/lib/move_py --single-version-externally-managed
[2.681s] running egg_info
[2.681s] writing ../../build/move_py/move_py.egg-info/PKG-INFO
[2.681s] writing dependency_links to ../../build/move_py/move_py.egg-info/dependency_links.txt
[2.681s] writing entry points to ../../build/move_py/move_py.egg-info/entry_points.txt
[2.681s] writing requirements to ../../build/move_py/move_py.egg-info/requires.txt
[2.681s] writing top-level names to ../../build/move_py/move_py.egg-info/top_level.txt
[2.711s] reading manifest file '../../build/move_py/move_py.egg-info/SOURCES.txt'
[2.711s] writing manifest file '../../build/move_py/move_py.egg-info/SOURCES.txt'
[2.711s] running build
[2.711s] running build_py
[2.711s] running install
[2.711s] running install_lib
[2.712s] running install_data
[2.712s] running install_egg_info
[2.715s] removing '/home/choi/angchicken_ros2_ws/install/move_py/lib/python3.8/site-packages/move_py-0.0.0-py3.8.egg-info' (and everything under it)
[2.716s] Copying ../../build/move_py/move_py.egg-info to /home/choi/angchicken_ros2_ws/install/move_py/lib/python3.8/site-packages/move_py-0.0.0-py3.8.egg-info
[2.717s] running install_scripts
[2.747s] Installing robot_motion_node script to /home/choi/angchicken_ros2_ws/install/move_py/lib/move_py
[2.747s] writing list of installed files to '/home/choi/angchicken_ros2_ws/build/move_py/install.log'
[2.792s] Invoked command in '/home/choi/angchicken_ros2_ws/src/move_py' returned '0': PYTHONPATH=/home/choi/angchicken_ros2_ws/build/move_py/prefix_override:/home/choi/angchicken_ros2_ws/install/move_py/lib/python3.8/site-packages:${PYTHONPATH} /usr/bin/python3 setup.py egg_info --egg-base ../../build/move_py build --build-base /home/choi/angchicken_ros2_ws/build/move_py/build install --record /home/choi/angchicken_ros2_ws/build/move_py/install.log --install-scripts $base/lib/move_py --single-version-externally-managed
