[33mCMake Warning (dev) at /opt/ros/foxy/share/ament_cmake_core/cmake/core/python.cmake:22 (find_package):
  Policy CMP0148 is not set: The FindPythonInterp and FindPythonLibs modules
  are removed.  Run "cmake --help-policy CMP0148" for policy details.  Use
  the cmake_policy command to set the policy and suppress this warning.

Call Stack (most recent call first):
  /opt/ros/foxy/share/ament_cmake_core/cmake/core/all.cmake:53 (include)
  /opt/ros/foxy/share/ament_cmake_core/cmake/ament_cmake_core-extras.cmake:17 (include)
  /opt/ros/foxy/share/ament_cmake_core/cmake/ament_cmake_coreConfig.cmake:41 (include)
  /opt/ros/foxy/share/ament_cmake/cmake/ament_cmake_export_dependencies-extras.cmake:15 (find_package)
  /opt/ros/foxy/share/ament_cmake/cmake/ament_cmakeConfig.cmake:41 (include)
  CMakeLists.txt:13 (find_package)
This warning is for project developers.  Use -Wno-dev to suppress it.
[0m
-- Found ament_cmake: 0.9.12 (/opt/ros/foxy/share/ament_cmake/cmake)
-- Found PythonInterp: /usr/bin/python3 (found suitable version "3.8.10", minimum required is "3") 
-- Using PYTHON_EXECUTABLE: /usr/bin/python3
-- Override CMake install command with custom implementation using symlinks instead of copying resources
-- Found cv_bridge: 3.0.7 (/opt/ros/foxy/share/cv_bridge/cmake)
-- Using all available rosidl_typesupport_c: rosidl_typesupport_fastrtps_c;rosidl_typesupport_introspection_c
-- Found rosidl_adapter: 1.3.1 (/opt/ros/foxy/share/rosidl_adapter/cmake)
-- Using all available rosidl_typesupport_cpp: rosidl_typesupport_fastrtps_cpp;rosidl_typesupport_introspection_cpp
-- Found image_transport: 2.4.0 (/opt/ros/foxy/share/image_transport/cmake)
-- Found rmw_implementation_cmake: 1.0.4 (/opt/ros/foxy/share/rmw_implementation_cmake/cmake)
-- Using RMW implementation 'rmw_fastrtps_cpp' as default
-- Found rosidl_default_generators: 1.0.1 (/opt/ros/foxy/share/rosidl_default_generators/cmake)
[33mCMake Warning (dev) at /opt/ros/foxy/share/rosidl_adapter/cmake/rosidl_adapt_interfaces.cmake:40 (find_package):
  Policy CMP0148 is not set: The FindPythonInterp and FindPythonLibs modules
  are removed.  Run "cmake --help-policy CMP0148" for policy details.  Use
  the cmake_policy command to set the policy and suppress this warning.

Call Stack (most recent call first):
  /opt/ros/foxy/share/rosidl_cmake/cmake/rosidl_generate_interfaces.cmake:130 (rosidl_adapt_interfaces)
  CMakeLists.txt:28 (rosidl_generate_interfaces)
This warning is for project developers.  Use -Wno-dev to suppress it.
[0m
-- Found PythonInterp: /usr/bin/python3 (found version "3.8.10") 
-- Found ament_cmake_ros: 0.9.2 (/opt/ros/foxy/share/ament_cmake_ros/cmake)
-- Using all available rosidl_typesupport_c: rosidl_typesupport_fastrtps_c;rosidl_typesupport_introspection_c
-- Using all available rosidl_typesupport_cpp: rosidl_typesupport_fastrtps_cpp;rosidl_typesupport_introspection_cpp
[33mCMake Warning (dev) at /opt/ros/foxy/share/rosidl_generator_py/cmake/rosidl_generator_py_generate_interfaces.cmake:20 (find_package):
  Policy CMP0148 is not set: The FindPythonInterp and FindPythonLibs modules
  are removed.  Run "cmake --help-policy CMP0148" for policy details.  Use
  the cmake_policy command to set the policy and suppress this warning.

Call Stack (most recent call first):
  /opt/ros/foxy/share/ament_cmake_core/cmake/core/ament_execute_extensions.cmake:48 (include)
  /opt/ros/foxy/share/rosidl_cmake/cmake/rosidl_generate_interfaces.cmake:286 (ament_execute_extensions)
  CMakeLists.txt:28 (rosidl_generate_interfaces)
This warning is for project developers.  Use -Wno-dev to suppress it.
[0m
-- Found PythonInterp: /usr/bin/python3 (found suitable version "3.8.10", minimum required is "3.5") 
-- Found python_cmake_module: 0.8.1 (/opt/ros/foxy/share/python_cmake_module/cmake)
[33mCMake Warning (dev) at /opt/ros/foxy/share/python_cmake_module/cmake/Modules/FindPythonExtra.cmake:45 (find_package):
  Policy CMP0148 is not set: The FindPythonInterp and FindPythonLibs modules
  are removed.  Run "cmake --help-policy CMP0148" for policy details.  Use
  the cmake_policy command to set the policy and suppress this warning.

Call Stack (most recent call first):
  /opt/ros/foxy/share/rosidl_generator_py/cmake/rosidl_generator_py_generate_interfaces.cmake:23 (find_package)
  /opt/ros/foxy/share/ament_cmake_core/cmake/core/ament_execute_extensions.cmake:48 (include)
  /opt/ros/foxy/share/rosidl_cmake/cmake/rosidl_generate_interfaces.cmake:286 (ament_execute_extensions)
  CMakeLists.txt:28 (rosidl_generate_interfaces)
This warning is for project developers.  Use -Wno-dev to suppress it.
[0m
[33mCMake Warning (dev) at /opt/ros/foxy/share/python_cmake_module/cmake/Modules/FindPythonExtra.cmake:133 (find_package):
  Policy CMP0148 is not set: The FindPythonInterp and FindPythonLibs modules
  are removed.  Run "cmake --help-policy CMP0148" for policy details.  Use
  the cmake_policy command to set the policy and suppress this warning.

Call Stack (most recent call first):
  /opt/ros/foxy/share/rosidl_generator_py/cmake/rosidl_generator_py_generate_interfaces.cmake:23 (find_package)
  /opt/ros/foxy/share/ament_cmake_core/cmake/core/ament_execute_extensions.cmake:48 (include)
  /opt/ros/foxy/share/rosidl_cmake/cmake/rosidl_generate_interfaces.cmake:286 (ament_execute_extensions)
  CMakeLists.txt:28 (rosidl_generate_interfaces)
This warning is for project developers.  Use -Wno-dev to suppress it.
[0m
-- Using PYTHON_EXECUTABLE: /usr/bin/python3
-- Using PYTHON_INCLUDE_DIRS: /usr/include/python3.8
-- Using PYTHON_LIBRARIES: /usr/lib/x86_64-linux-gnu/libpython3.8.so
-- Found ament_lint_auto: 0.9.8 (/opt/ros/foxy/share/ament_lint_auto/cmake)
-- Added test 'copyright' to check source files copyright and LICENSE
-- Added test 'cppcheck' to perform static code analysis on C / C++ code
-- Configured cppcheck include dirs: /home/choi/angchicken_ros2_ws/src/image_transport_tutorials/include
-- Configured cppcheck exclude dirs and/or files: 
-- Added test 'cpplint' to check C / C++ code against the Google style
-- Configured cpplint exclude dirs and/or files: 
-- Added test 'lint_cmake' to check CMake code style
-- Added test 'uncrustify' to check C / C++ code style
-- Configured uncrustify additional arguments: 
-- Added test 'xmllint' to check XML markup files
-- Configuring done (2.8s)
-- Generating done (0.1s)
-- Build files have been written to: /home/choi/angchicken_ros2_ws/build/image_transport_tutorials
[  2%] Built target image_transport_tutorials__cpp
[  9%] Built target image_transport_tutorials__rosidl_generator_c
[ 14%] Built target publisher_from_video
[ 19%] Built target my_publisher
[ 24%] Built target my_subscriber
[ 31%] Built target image_transport_tutorials__rosidl_typesupport_fastrtps_cpp
[ 39%] Built target image_transport_tutorials__rosidl_typesupport_cpp
[ 46%] Built target image_transport_tutorials__rosidl_typesupport_introspection_c
[ 53%] Built target image_transport_tutorials__rosidl_typesupport_c
[ 60%] Built target image_transport_tutorials__rosidl_typesupport_fastrtps_c
[ 68%] Built target image_transport_tutorials__rosidl_typesupport_introspection_cpp
[ 68%] Built target image_transport_tutorials
[ 70%] Built target image_transport_tutorials__py
[ 80%] Built target resized_plugins
[ 85%] Built target image_transport_tutorials__python
[ 90%] Built target image_transport_tutorials__rosidl_typesupport_fastrtps_c__pyext
[ 95%] Built target image_transport_tutorials__rosidl_typesupport_introspection_c__pyext
[100%] Built target image_transport_tutorials__rosidl_typesupport_c__pyext
-- Install configuration: ""
-- Execute custom install script
-- Up-to-date symlink: /home/choi/angchicken_ros2_ws/install/image_transport_tutorials/share/ament_index/resource_index/rosidl_interfaces/image_transport_tutorials
-- Up-to-date symlink: /home/choi/angchicken_ros2_ws/install/image_transport_tutorials/include/image_transport_tutorials/msg/detail/resized_image__functions.h
-- Up-to-date symlink: /home/choi/angchicken_ros2_ws/install/image_transport_tutorials/include/image_transport_tutorials/msg/detail/resized_image__struct.h
-- Up-to-date symlink: /home/choi/angchicken_ros2_ws/install/image_transport_tutorials/include/image_transport_tutorials/msg/detail/resized_image__type_support.h
-- Up-to-date symlink: /home/choi/angchicken_ros2_ws/install/image_transport_tutorials/include/image_transport_tutorials/msg/resized_image.h
-- Up-to-date symlink: /home/choi/angchicken_ros2_ws/install/image_transport_tutorials/include/image_transport_tutorials/msg/rosidl_generator_c__visibility_control.h
-- Up-to-date symlink: /home/choi/angchicken_ros2_ws/install/image_transport_tutorials/share/image_transport_tutorials/environment/library_path.sh
-- Up-to-date symlink: /home/choi/angchicken_ros2_ws/install/image_transport_tutorials/share/image_transport_tutorials/environment/library_path.dsv
-- Up-to-date symlink: /home/choi/angchicken_ros2_ws/install/image_transport_tutorials/include/image_transport_tutorials/msg/detail/resized_image__rosidl_typesupport_fastrtps_c.h
-- Up-to-date symlink: /home/choi/angchicken_ros2_ws/install/image_transport_tutorials/include/image_transport_tutorials/msg/rosidl_typesupport_fastrtps_c__visibility_control.h
-- Up-to-date symlink: /home/choi/angchicken_ros2_ws/install/image_transport_tutorials/lib/libimage_transport_tutorials__rosidl_typesupport_fastrtps_c.so
-- Up-to-date symlink: /home/choi/angchicken_ros2_ws/install/image_transport_tutorials/include/image_transport_tutorials/msg/detail/resized_image__rosidl_typesupport_fastrtps_cpp.hpp
-- Up-to-date symlink: /home/choi/angchicken_ros2_ws/install/image_transport_tutorials/include/image_transport_tutorials/msg/rosidl_typesupport_fastrtps_cpp__visibility_control.h
-- Up-to-date symlink: /home/choi/angchicken_ros2_ws/install/image_transport_tutorials/lib/libimage_transport_tutorials__rosidl_typesupport_fastrtps_cpp.so
-- Up-to-date symlink: /home/choi/angchicken_ros2_ws/install/image_transport_tutorials/include/image_transport_tutorials/msg/detail/resized_image__rosidl_typesupport_introspection_c.h
-- Up-to-date symlink: /home/choi/angchicken_ros2_ws/install/image_transport_tutorials/include/image_transport_tutorials/msg/rosidl_typesupport_introspection_c__visibility_control.h
-- Up-to-date symlink: /home/choi/angchicken_ros2_ws/install/image_transport_tutorials/include/image_transport_tutorials/msg/detail/resized_image__builder.hpp
-- Up-to-date symlink: /home/choi/angchicken_ros2_ws/install/image_transport_tutorials/include/image_transport_tutorials/msg/detail/resized_image__struct.hpp
-- Up-to-date symlink: /home/choi/angchicken_ros2_ws/install/image_transport_tutorials/include/image_transport_tutorials/msg/detail/resized_image__traits.hpp
-- Up-to-date symlink: /home/choi/angchicken_ros2_ws/install/image_transport_tutorials/include/image_transport_tutorials/msg/detail/resized_image__type_support.hpp
-- Up-to-date symlink: /home/choi/angchicken_ros2_ws/install/image_transport_tutorials/include/image_transport_tutorials/msg/resized_image.hpp
-- Up-to-date symlink: /home/choi/angchicken_ros2_ws/install/image_transport_tutorials/include/image_transport_tutorials/msg/rosidl_generator_cpp__visibility_control.hpp
-- Up-to-date symlink: /home/choi/angchicken_ros2_ws/install/image_transport_tutorials/include/image_transport_tutorials/msg/detail/resized_image__rosidl_typesupport_introspection_cpp.hpp
-- Up-to-date symlink: /home/choi/angchicken_ros2_ws/install/image_transport_tutorials/share/image_transport_tutorials/environment/pythonpath.sh
-- Up-to-date symlink: /home/choi/angchicken_ros2_ws/install/image_transport_tutorials/share/image_transport_tutorials/environment/pythonpath.dsv
-- Up-to-date symlink: /home/choi/angchicken_ros2_ws/install/image_transport_tutorials/lib/python3.8/site-packages/image_transport_tutorials/__init__.py
-- Up-to-date symlink: /home/choi/angchicken_ros2_ws/install/image_transport_tutorials/lib/python3.8/site-packages/image_transport_tutorials/msg/__init__.py
-- Up-to-date symlink: /home/choi/angchicken_ros2_ws/install/image_transport_tutorials/lib/python3.8/site-packages/image_transport_tutorials/msg/_resized_image.py
-- Up-to-date symlink: /home/choi/angchicken_ros2_ws/install/image_transport_tutorials/lib/python3.8/site-packages/image_transport_tutorials/image_transport_tutorials_s__rosidl_typesupport_fastrtps_c.cpython-38-x86_64-linux-gnu.so
-- Up-to-date symlink: /home/choi/angchicken_ros2_ws/install/image_transport_tutorials/lib/python3.8/site-packages/image_transport_tutorials/image_transport_tutorials_s__rosidl_typesupport_introspection_c.cpython-38-x86_64-linux-gnu.so
-- Up-to-date symlink: /home/choi/angchicken_ros2_ws/install/image_transport_tutorials/lib/python3.8/site-packages/image_transport_tutorials/image_transport_tutorials_s__rosidl_typesupport_c.cpython-38-x86_64-linux-gnu.so
-- Up-to-date symlink: /home/choi/angchicken_ros2_ws/install/image_transport_tutorials/lib/libimage_transport_tutorials__python.so
-- Up-to-date symlink: /home/choi/angchicken_ros2_ws/install/image_transport_tutorials/share/image_transport_tutorials/msg/ResizedImage.idl
-- Up-to-date symlink: /home/choi/angchicken_ros2_ws/install/image_transport_tutorials/share/image_transport_tutorials/msg/ResizedImage.msg
-- Up-to-date symlink: /home/choi/angchicken_ros2_ws/install/image_transport_tutorials/share/image_transport_tutorials//resized_plugins.xml
-- Up-to-date symlink: /home/choi/angchicken_ros2_ws/install/image_transport_tutorials/lib/image_transport_tutorials/my_publisher
-- Up-to-date symlink: /home/choi/angchicken_ros2_ws/install/image_transport_tutorials/lib/image_transport_tutorials/my_subscriber
-- Up-to-date symlink: /home/choi/angchicken_ros2_ws/install/image_transport_tutorials//libresized_plugins.so
-- Up-to-date symlink: /home/choi/angchicken_ros2_ws/install/image_transport_tutorials/lib/image_transport_tutorials/publisher_from_video
-- Up-to-date symlink: /home/choi/angchicken_ros2_ws/install/image_transport_tutorials/include/image_transport_tutorials/resized_publisher.hpp
-- Up-to-date symlink: /home/choi/angchicken_ros2_ws/install/image_transport_tutorials/include/image_transport_tutorials/resized_subscriber.hpp
-- Up-to-date symlink: /home/choi/angchicken_ros2_ws/install/image_transport_tutorials/share/ament_index/resource_index/package_run_dependencies/image_transport_tutorials
-- Up-to-date symlink: /home/choi/angchicken_ros2_ws/install/image_transport_tutorials/share/ament_index/resource_index/parent_prefix_path/image_transport_tutorials
-- Up-to-date symlink: /home/choi/angchicken_ros2_ws/install/image_transport_tutorials/share/image_transport_tutorials/environment/ament_prefix_path.sh
-- Up-to-date symlink: /home/choi/angchicken_ros2_ws/install/image_transport_tutorials/share/image_transport_tutorials/environment/ament_prefix_path.dsv
-- Up-to-date symlink: /home/choi/angchicken_ros2_ws/install/image_transport_tutorials/share/image_transport_tutorials/environment/path.sh
-- Up-to-date symlink: /home/choi/angchicken_ros2_ws/install/image_transport_tutorials/share/image_transport_tutorials/environment/path.dsv
-- Up-to-date symlink: /home/choi/angchicken_ros2_ws/install/image_transport_tutorials/share/image_transport_tutorials/local_setup.bash
-- Up-to-date symlink: /home/choi/angchicken_ros2_ws/install/image_transport_tutorials/share/image_transport_tutorials/local_setup.sh
-- Up-to-date symlink: /home/choi/angchicken_ros2_ws/install/image_transport_tutorials/share/image_transport_tutorials/local_setup.zsh
-- Up-to-date symlink: /home/choi/angchicken_ros2_ws/install/image_transport_tutorials/share/image_transport_tutorials/local_setup.dsv
-- Symlinking: /home/choi/angchicken_ros2_ws/install/image_transport_tutorials/share/image_transport_tutorials/package.dsv
-- Up-to-date symlink: /home/choi/angchicken_ros2_ws/install/image_transport_tutorials/share/ament_index/resource_index/packages/image_transport_tutorials
-- Up-to-date symlink: /home/choi/angchicken_ros2_ws/install/image_transport_tutorials/share/ament_index/resource_index/image_transport_tutorials__pluginlib__plugin/image_transport_tutorials
-- Up-to-date symlink: /home/choi/angchicken_ros2_ws/install/image_transport_tutorials/share/image_transport_tutorials/cmake/rosidl_cmake-extras.cmake
-- Up-to-date symlink: /home/choi/angchicken_ros2_ws/install/image_transport_tutorials/share/image_transport_tutorials/cmake/ament_cmake_export_dependencies-extras.cmake
-- Up-to-date symlink: /home/choi/angchicken_ros2_ws/install/image_transport_tutorials/share/image_transport_tutorials/cmake/ament_cmake_export_libraries-extras.cmake
-- Up-to-date symlink: /home/choi/angchicken_ros2_ws/install/image_transport_tutorials/share/image_transport_tutorials/cmake/ament_cmake_export_targets-extras.cmake
-- Up-to-date symlink: /home/choi/angchicken_ros2_ws/install/image_transport_tutorials/share/image_transport_tutorials/cmake/ament_cmake_export_include_directories-extras.cmake
-- Up-to-date symlink: /home/choi/angchicken_ros2_ws/install/image_transport_tutorials/share/image_transport_tutorials/cmake/rosidl_cmake_export_typesupport_libraries-extras.cmake
-- Up-to-date symlink: /home/choi/angchicken_ros2_ws/install/image_transport_tutorials/share/image_transport_tutorials/cmake/rosidl_cmake_export_typesupport_targets-extras.cmake
-- Up-to-date symlink: /home/choi/angchicken_ros2_ws/install/image_transport_tutorials/share/image_transport_tutorials/cmake/image_transport_tutorialsConfig.cmake
-- Up-to-date symlink: /home/choi/angchicken_ros2_ws/install/image_transport_tutorials/share/image_transport_tutorials/cmake/image_transport_tutorialsConfig-version.cmake
-- Up-to-date symlink: /home/choi/angchicken_ros2_ws/install/image_transport_tutorials/share/image_transport_tutorials/package.xml
-- Up-to-date: /home/choi/angchicken_ros2_ws/install/image_transport_tutorials/lib/libimage_transport_tutorials__rosidl_generator_c.so
-- Up-to-date: /home/choi/angchicken_ros2_ws/install/image_transport_tutorials/lib/libimage_transport_tutorials__rosidl_typesupport_introspection_c.so
-- Up-to-date: /home/choi/angchicken_ros2_ws/install/image_transport_tutorials/lib/libimage_transport_tutorials__rosidl_typesupport_c.so
-- Up-to-date: /home/choi/angchicken_ros2_ws/install/image_transport_tutorials/lib/libimage_transport_tutorials__rosidl_typesupport_introspection_cpp.so
-- Up-to-date: /home/choi/angchicken_ros2_ws/install/image_transport_tutorials/lib/libimage_transport_tutorials__rosidl_typesupport_cpp.so
Compiling '/home/choi/angchicken_ros2_ws/install/image_transport_tutorials/lib/python3.8/site-packages/image_transport_tutorials/__init__.py'...
-- Up-to-date: /home/choi/angchicken_ros2_ws/install/image_transport_tutorials/share/image_transport_tutorials/cmake/image_transport_tutorials__rosidl_generator_cExport.cmake
-- Up-to-date: /home/choi/angchicken_ros2_ws/install/image_transport_tutorials/share/image_transport_tutorials/cmake/image_transport_tutorials__rosidl_generator_cExport-noconfig.cmake
-- Up-to-date: /home/choi/angchicken_ros2_ws/install/image_transport_tutorials/share/image_transport_tutorials/cmake/image_transport_tutorials__rosidl_typesupport_introspection_cExport.cmake
-- Up-to-date: /home/choi/angchicken_ros2_ws/install/image_transport_tutorials/share/image_transport_tutorials/cmake/image_transport_tutorials__rosidl_typesupport_introspection_cExport-noconfig.cmake
-- Up-to-date: /home/choi/angchicken_ros2_ws/install/image_transport_tutorials/share/image_transport_tutorials/cmake/image_transport_tutorials__rosidl_typesupport_cExport.cmake
-- Up-to-date: /home/choi/angchicken_ros2_ws/install/image_transport_tutorials/share/image_transport_tutorials/cmake/image_transport_tutorials__rosidl_typesupport_cExport-noconfig.cmake
-- Up-to-date: /home/choi/angchicken_ros2_ws/install/image_transport_tutorials/share/image_transport_tutorials/cmake/image_transport_tutorials__rosidl_generator_cppExport.cmake
-- Up-to-date: /home/choi/angchicken_ros2_ws/install/image_transport_tutorials/share/image_transport_tutorials/cmake/image_transport_tutorials__rosidl_typesupport_introspection_cppExport.cmake
-- Up-to-date: /home/choi/angchicken_ros2_ws/install/image_transport_tutorials/share/image_transport_tutorials/cmake/image_transport_tutorials__rosidl_typesupport_introspection_cppExport-noconfig.cmake
-- Up-to-date: /home/choi/angchicken_ros2_ws/install/image_transport_tutorials/share/image_transport_tutorials/cmake/image_transport_tutorials__rosidl_typesupport_cppExport.cmake
-- Up-to-date: /home/choi/angchicken_ros2_ws/install/image_transport_tutorials/share/image_transport_tutorials/cmake/image_transport_tutorials__rosidl_typesupport_cppExport-noconfig.cmake
