running develop
running egg_info
creating move_py.egg-info
writing move_py.egg-info/PKG-INFO
writing dependency_links to move_py.egg-info/dependency_links.txt
writing entry points to move_py.egg-info/entry_points.txt
writing requirements to move_py.egg-info/requires.txt
writing top-level names to move_py.egg-info/top_level.txt
writing manifest file 'move_py.egg-info/SOURCES.txt'
reading manifest file 'move_py.egg-info/SOURCES.txt'
writing manifest file 'move_py.egg-info/SOURCES.txt'
running build_ext
Creating /home/choi/angchicken_ros2_ws/install/move_py/lib/python3.8/site-packages/site.py
Creating /home/choi/angchicken_ros2_ws/install/move_py/lib/python3.8/site-packages/move-py.egg-link (link to .)
Installing robot_motion_node script to /home/choi/angchicken_ros2_ws/install/move_py/lib/move_py

Installed /home/choi/angchicken_ros2_ws/build/move_py
running install_data
creating /home/choi/angchicken_ros2_ws/install/move_py/share/ament_index
creating /home/choi/angchicken_ros2_ws/install/move_py/share/ament_index/resource_index
creating /home/choi/angchicken_ros2_ws/install/move_py/share/ament_index/resource_index/packages
copying resource/move_py -> /home/choi/angchicken_ros2_ws/install/move_py/share/ament_index/resource_index/packages
copying package.xml -> /home/choi/angchicken_ros2_ws/install/move_py/share/move_py
