[0.350s] Invoking command in '/home/choi/angchicken_ros2_ws/build/image_transport_tutorials': CMAKE_PREFIX_PATH=${CMAKE_PREFIX_PATH}:/home/choi/my_bot_ws/install/two_wheel_demo:/home/choi/my_bot_ws/install/ros2_control_test_nodes:/home/choi/my_bot_ws/install/py_pubsub:/home/choi/my_bot_ws/install/pump_track:/home/choi/my_bot_ws/install/odrive_driver:/home/choi/my_bot_ws/install/joy_tester:/home/choi/my_bot_ws/install/diffbot_control_node:/home/choi/my_bot_ws/install/cv_basics:/opt/ros/foxy /home/choi/.local/bin/cmake /home/choi/angchicken_ros2_ws/src/image_transport_tutorials -DCMAKE_INSTALL_PREFIX=/home/choi/angchicken_ros2_ws/install/image_transport_tutorials
[0.990s] -- The C compiler identification is GNU 9.4.0
[0.990s] -- The CXX compiler identification is GNU 9.4.0
[0.990s] -- Detecting C compiler ABI info
[0.991s] -- Detecting C compiler ABI info - done
[0.991s] -- Check for working C compiler: /usr/bin/cc - skipped
[0.991s] -- Detecting C compile features
[0.991s] -- Detecting C compile features - done
[0.991s] -- Detecting CXX compiler ABI info
[0.991s] -- Detecting CXX compiler ABI info - done
[0.991s] -- Check for working CXX compiler: /usr/bin/c++ - skipped
[0.991s] -- Detecting CXX compile features
[0.991s] -- Detecting CXX compile features - done
[0.991s] -- Found ament_cmake: 0.9.12 (/opt/ros/foxy/share/ament_cmake/cmake)
[0.991s] -- Found PythonInterp: /usr/bin/python3 (found suitable version "3.8.10", minimum required is "3") 
[0.991s] -- Using PYTHON_EXECUTABLE: /usr/bin/python3
[0.991s] [33mCMake Warning (dev) at /opt/ros/foxy/share/ament_cmake_core/cmake/core/python.cmake:22 (find_package):
[0.991s]   Policy CMP0148 is not set: The FindPythonInterp and FindPythonLibs modules
[0.991s]   are removed.  Run "cmake --help-policy CMP0148" for policy details.  Use
[0.991s]   the cmake_policy command to set the policy and suppress this warning.
[0.992s] 
[0.992s] Call Stack (most recent call first):
[0.992s]   /opt/ros/foxy/share/ament_cmake_core/cmake/core/all.cmake:53 (include)
[0.992s]   /opt/ros/foxy/share/ament_cmake_core/cmake/ament_cmake_core-extras.cmake:17 (include)
[0.992s]   /opt/ros/foxy/share/ament_cmake_core/cmake/ament_cmake_coreConfig.cmake:41 (include)
[0.992s]   /opt/ros/foxy/share/ament_cmake/cmake/ament_cmake_export_dependencies-extras.cmake:15 (find_package)
[0.992s]   /opt/ros/foxy/share/ament_cmake/cmake/ament_cmakeConfig.cmake:41 (include)
[0.992s]   CMakeLists.txt:13 (find_package)
[0.992s] This warning is for project developers.  Use -Wno-dev to suppress it.
[0.992s] [0m
[1.224s] -- Found cv_bridge: 3.0.7 (/opt/ros/foxy/share/cv_bridge/cmake)
[1.305s] -- Using all available rosidl_typesupport_c: rosidl_typesupport_fastrtps_c;rosidl_typesupport_introspection_c
[1.322s] -- Found rosidl_adapter: 1.3.1 (/opt/ros/foxy/share/rosidl_adapter/cmake)
[1.486s] -- Found OpenSSL: /usr/lib/x86_64-linux-gnu/libcrypto.so (found version "1.1.1f")  
[1.535s] -- Found FastRTPS: /opt/ros/foxy/include  
[1.647s] -- Using all available rosidl_typesupport_cpp: rosidl_typesupport_fastrtps_cpp;rosidl_typesupport_introspection_cpp
[1.964s] -- Found image_transport: 2.4.0 (/opt/ros/foxy/share/image_transport/cmake)
[2.052s] -- Found rmw_implementation_cmake: 1.0.4 (/opt/ros/foxy/share/rmw_implementation_cmake/cmake)
[2.055s] -- Using RMW implementation 'rmw_fastrtps_cpp' as default
[2.056s] -- Performing Test CMAKE_HAVE_LIBC_PTHREAD
[2.183s] -- Performing Test CMAKE_HAVE_LIBC_PTHREAD - Failed
[2.184s] -- Looking for pthread_create in pthreads
[2.247s] -- Looking for pthread_create in pthreads - not found
[2.247s] -- Looking for pthread_create in pthread
[2.361s] -- Looking for pthread_create in pthread - found
[2.362s] -- Found Threads: TRUE  
[2.646s] -- Found OpenCV: /usr/local (found version "4.8.0") 
[2.651s] -- Found rosidl_default_generators: 1.0.1 (/opt/ros/foxy/share/rosidl_default_generators/cmake)
[2.673s] [33mCMake Warning (dev) at /opt/ros/foxy/share/rosidl_adapter/cmake/rosidl_adapt_interfaces.cmake:40 (find_package):
[2.673s]   Policy CMP0148 is not set: The FindPythonInterp and FindPythonLibs modules
[2.673s]   are removed.  Run "cmake --help-policy CMP0148" for policy details.  Use
[2.673s]   the cmake_policy command to set the policy and suppress this warning.
[2.673s] 
[2.673s] Call Stack (most recent call first):
[2.673s]   /opt/ros/foxy/share/rosidl_cmake/cmake/rosidl_generate_interfaces.cmake:130 (rosidl_adapt_interfaces)
[2.673s]   CMakeLists.txt:28 (rosidl_generate_interfaces)
[2.673s] This warning is for project developers.  Use -Wno-dev to suppress it.
[2.673s] [0m
[2.706s] -- Found PythonInterp: /usr/bin/python3 (found version "3.8.10") 
[2.943s] -- Found ament_cmake_ros: 0.9.2 (/opt/ros/foxy/share/ament_cmake_ros/cmake)
[3.329s] -- Using all available rosidl_typesupport_c: rosidl_typesupport_fastrtps_c;rosidl_typesupport_introspection_c
[3.510s] -- Using all available rosidl_typesupport_cpp: rosidl_typesupport_fastrtps_cpp;rosidl_typesupport_introspection_cpp
[3.519s] [33mCMake Warning (dev) at /opt/ros/foxy/share/rosidl_generator_py/cmake/rosidl_generator_py_generate_interfaces.cmake:20 (find_package):
[3.519s]   Policy CMP0148 is not set: The FindPythonInterp and FindPythonLibs modules
[3.519s]   are removed.  Run "cmake --help-policy CMP0148" for policy details.  Use
[3.519s]   the cmake_policy command to set the policy and suppress this warning.
[3.519s] 
[3.519s] Call Stack (most recent call first):
[3.519s]   /opt/ros/foxy/share/ament_cmake_core/cmake/core/ament_execute_extensions.cmake:48 (include)
[3.519s]   /opt/ros/foxy/share/rosidl_cmake/cmake/rosidl_generate_interfaces.cmake:286 (ament_execute_extensions)
[3.519s]   CMakeLists.txt:28 (rosidl_generate_interfaces)
[3.519s] This warning is for project developers.  Use -Wno-dev to suppress it.
[3.520s] [0m
[3.553s] -- Found PythonInterp: /usr/bin/python3 (found suitable version "3.8.10", minimum required is "3.5") 
[3.558s] -- Found python_cmake_module: 0.8.1 (/opt/ros/foxy/share/python_cmake_module/cmake)
[3.559s] [33mCMake Warning (dev) at /opt/ros/foxy/share/python_cmake_module/cmake/Modules/FindPythonExtra.cmake:45 (find_package):
[3.559s]   Policy CMP0148 is not set: The FindPythonInterp and FindPythonLibs modules
[3.559s]   are removed.  Run "cmake --help-policy CMP0148" for policy details.  Use
[3.559s]   the cmake_policy command to set the policy and suppress this warning.
[3.559s] 
[3.559s] Call Stack (most recent call first):
[3.559s]   /opt/ros/foxy/share/rosidl_generator_py/cmake/rosidl_generator_py_generate_interfaces.cmake:23 (find_package)
[3.559s]   /opt/ros/foxy/share/ament_cmake_core/cmake/core/ament_execute_extensions.cmake:48 (include)
[3.560s]   /opt/ros/foxy/share/rosidl_cmake/cmake/rosidl_generate_interfaces.cmake:286 (ament_execute_extensions)
[3.560s]   CMakeLists.txt:28 (rosidl_generate_interfaces)
[3.560s] This warning is for project developers.  Use -Wno-dev to suppress it.
[3.560s] [0m
[3.597s] [33mCMake Warning (dev) at /opt/ros/foxy/share/python_cmake_module/cmake/Modules/FindPythonExtra.cmake:133 (find_package):
[3.597s]   Policy CMP0148 is not set: The FindPythonInterp and FindPythonLibs modules
[3.597s]   are removed.  Run "cmake --help-policy CMP0148" for policy details.  Use
[3.598s]   the cmake_policy command to set the policy and suppress this warning.
[3.598s] 
[3.598s] Call Stack (most recent call first):
[3.598s]   /opt/ros/foxy/share/rosidl_generator_py/cmake/rosidl_generator_py_generate_interfaces.cmake:23 (find_package)
[3.598s]   /opt/ros/foxy/share/ament_cmake_core/cmake/core/ament_execute_extensions.cmake:48 (include)
[3.598s]   /opt/ros/foxy/share/rosidl_cmake/cmake/rosidl_generate_interfaces.cmake:286 (ament_execute_extensions)
[3.598s]   CMakeLists.txt:28 (rosidl_generate_interfaces)
[3.598s] This warning is for project developers.  Use -Wno-dev to suppress it.
[3.602s] [0m
[3.611s] -- Found PythonLibs: /usr/lib/x86_64-linux-gnu/libpython3.8.so (found suitable version "3.8.10", minimum required is "3.5") 
[3.611s] -- Using PYTHON_EXECUTABLE: /usr/bin/python3
[3.611s] -- Using PYTHON_INCLUDE_DIRS: /usr/include/python3.8
[3.611s] -- Using PYTHON_LIBRARIES: /usr/lib/x86_64-linux-gnu/libpython3.8.so
[3.648s] -- Found PythonExtra: .so  
[3.984s] -- Found ament_lint_auto: 0.9.8 (/opt/ros/foxy/share/ament_lint_auto/cmake)
[4.047s] -- Added test 'copyright' to check source files copyright and LICENSE
[4.058s] -- Added test 'cppcheck' to perform static code analysis on C / C++ code
[4.060s] -- Configured cppcheck include dirs: /home/choi/angchicken_ros2_ws/src/image_transport_tutorials/include
[4.060s] -- Configured cppcheck exclude dirs and/or files: 
[4.070s] -- Added test 'cpplint' to check C / C++ code against the Google style
[4.070s] -- Configured cpplint exclude dirs and/or files: 
[4.075s] -- Added test 'lint_cmake' to check CMake code style
[4.088s] -- Added test 'uncrustify' to check C / C++ code style
[4.089s] -- Configured uncrustify additional arguments: 
[4.102s] -- Added test 'xmllint' to check XML markup files
[4.102s] -- Configuring done (3.7s)
[4.344s] -- Generating done (0.2s)
[4.348s] -- Build files have been written to: /home/choi/angchicken_ros2_ws/build/image_transport_tutorials
[4.385s] Invoked command in '/home/choi/angchicken_ros2_ws/build/image_transport_tutorials' returned '0': CMAKE_PREFIX_PATH=${CMAKE_PREFIX_PATH}:/home/choi/my_bot_ws/install/two_wheel_demo:/home/choi/my_bot_ws/install/ros2_control_test_nodes:/home/choi/my_bot_ws/install/py_pubsub:/home/choi/my_bot_ws/install/pump_track:/home/choi/my_bot_ws/install/odrive_driver:/home/choi/my_bot_ws/install/joy_tester:/home/choi/my_bot_ws/install/diffbot_control_node:/home/choi/my_bot_ws/install/cv_basics:/opt/ros/foxy /home/choi/.local/bin/cmake /home/choi/angchicken_ros2_ws/src/image_transport_tutorials -DCMAKE_INSTALL_PREFIX=/home/choi/angchicken_ros2_ws/install/image_transport_tutorials
[4.387s] Invoking command in '/home/choi/angchicken_ros2_ws/build/image_transport_tutorials': CMAKE_PREFIX_PATH=${CMAKE_PREFIX_PATH}:/home/choi/my_bot_ws/install/two_wheel_demo:/home/choi/my_bot_ws/install/ros2_control_test_nodes:/home/choi/my_bot_ws/install/py_pubsub:/home/choi/my_bot_ws/install/pump_track:/home/choi/my_bot_ws/install/odrive_driver:/home/choi/my_bot_ws/install/joy_tester:/home/choi/my_bot_ws/install/diffbot_control_node:/home/choi/my_bot_ws/install/cv_basics:/opt/ros/foxy /home/choi/.local/bin/cmake --build /home/choi/angchicken_ros2_ws/build/image_transport_tutorials -- -j4 -l4
[4.558s] [  2%] [34m[1mGenerating C code for ROS interfaces[0m
[4.600s] [  4%] [32mBuilding CXX object CMakeFiles/my_publisher.dir/src/my_publisher.cpp.o[0m
[4.629s] [  9%] [34m[1mGenerating C++ code for ROS interfaces[0m
[4.630s] [  9%] [32mBuilding CXX object CMakeFiles/my_subscriber.dir/src/my_subscriber.cpp.o[0m
[5.362s] [  9%] Built target image_transport_tutorials__cpp
[5.438s] [ 12%] [32mBuilding CXX object CMakeFiles/publisher_from_video.dir/src/publisher_from_video.cpp.o[0m
[5.440s] [ 14%] [32mBuilding C object CMakeFiles/image_transport_tutorials__rosidl_generator_c.dir/rosidl_generator_c/image_transport_tutorials/msg/detail/resized_image__functions.c.o[0m
[5.694s] [ 17%] [32m[1mLinking C shared library libimage_transport_tutorials__rosidl_generator_c.so[0m
[5.836s] [ 17%] Built target image_transport_tutorials__rosidl_generator_c
[5.888s] [ 19%] [34m[1mGenerating C++ type support dispatch for ROS interfaces[0m
[6.511s] [ 21%] [32mBuilding CXX object CMakeFiles/image_transport_tutorials__rosidl_typesupport_cpp.dir/rosidl_typesupport_cpp/image_transport_tutorials/msg/resized_image__type_support.cpp.o[0m
[7.202s] [ 24%] [32m[1mLinking CXX shared library libimage_transport_tutorials__rosidl_typesupport_cpp.so[0m
[7.346s] [ 24%] Built target image_transport_tutorials__rosidl_typesupport_cpp
[7.382s] [ 26%] [34m[1mGenerating C++ type support for eProsima Fast-RTPS[0m
[7.920s] [ 29%] [32mBuilding CXX object CMakeFiles/image_transport_tutorials__rosidl_typesupport_fastrtps_cpp.dir/rosidl_typesupport_fastrtps_cpp/image_transport_tutorials/msg/detail/dds_fastrtps/resized_image__type_support.cpp.o[0m
[8.831s] [ 31%] [32m[1mLinking CXX shared library libimage_transport_tutorials__rosidl_typesupport_fastrtps_cpp.so[0m
[9.095s] [ 31%] Built target image_transport_tutorials__rosidl_typesupport_fastrtps_cpp
[9.141s] [ 34%] [34m[1mGenerating C introspection for ROS interfaces[0m
[9.764s] [ 36%] [32mBuilding C object CMakeFiles/image_transport_tutorials__rosidl_typesupport_introspection_c.dir/rosidl_typesupport_introspection_c/image_transport_tutorials/msg/detail/resized_image__type_support.c.o[0m
[9.873s] [ 39%] [32m[1mLinking C shared library libimage_transport_tutorials__rosidl_typesupport_introspection_c.so[0m
[9.916s] [ 41%] [32m[1mLinking CXX executable my_subscriber[0m
[9.944s] [ 41%] Built target image_transport_tutorials__rosidl_typesupport_introspection_c
[9.963s] [ 43%] [34m[1mGenerating C type support dispatch for ROS interfaces[0m
[9.988s] [ 46%] [32m[1mLinking CXX executable my_publisher[0m
[10.112s] [ 48%] [32m[1mLinking CXX executable publisher_from_video[0m
[10.297s] [ 51%] [32mBuilding CXX object CMakeFiles/image_transport_tutorials__rosidl_typesupport_c.dir/rosidl_typesupport_c/image_transport_tutorials/msg/resized_image__type_support.cpp.o[0m
[10.408s] [ 53%] [32m[1mLinking CXX shared library libimage_transport_tutorials__rosidl_typesupport_c.so[0m
[10.465s] [ 53%] Built target image_transport_tutorials__rosidl_typesupport_c
[10.490s] [ 56%] [34m[1mGenerating C++ introspection for ROS interfaces[0m
[10.641s] /usr/bin/ld: warning: libopencv_imgcodecs.so.4.2, needed by /opt/ros/foxy/lib/libcv_bridge.so, may conflict with libopencv_imgcodecs.so.408
[10.641s] /usr/bin/ld: warning: libopencv_core.so.4.2, needed by /opt/ros/foxy/lib/libcv_bridge.so, may conflict with libopencv_core.so.408
[10.678s] [ 56%] Built target my_publisher
[10.716s] [ 58%] [34m[1mGenerating C type support for eProsima Fast-RTPS[0m
[10.790s] [ 58%] Built target my_subscriber
[10.825s] [ 60%] [32mBuilding CXX object CMakeFiles/image_transport_tutorials__rosidl_typesupport_introspection_cpp.dir/rosidl_typesupport_introspection_cpp/image_transport_tutorials/msg/detail/resized_image__type_support.cpp.o[0m
[10.862s] /usr/bin/ld: warning: libopencv_core.so.4.2, needed by /opt/ros/foxy/lib/libcv_bridge.so, may conflict with libopencv_core.so.408
[10.867s] [ 60%] Built target publisher_from_video
[10.981s] [ 63%] [32mBuilding CXX object CMakeFiles/image_transport_tutorials__rosidl_typesupport_fastrtps_c.dir/rosidl_typesupport_fastrtps_c/image_transport_tutorials/msg/detail/resized_image__type_support_c.cpp.o[0m
[11.114s] [ 65%] [32m[1mLinking CXX shared library libimage_transport_tutorials__rosidl_typesupport_introspection_cpp.so[0m
[11.188s] [ 65%] Built target image_transport_tutorials__rosidl_typesupport_introspection_cpp
[11.326s] [ 68%] [32m[1mLinking CXX shared library libimage_transport_tutorials__rosidl_typesupport_fastrtps_c.so[0m
[11.422s] [ 68%] Built target image_transport_tutorials__rosidl_typesupport_fastrtps_c
[11.432s] [ 68%] Built target image_transport_tutorials
[11.444s] [ 73%] [32mBuilding CXX object CMakeFiles/resized_plugins.dir/src/manifest.cpp.o[0m
[11.444s] [ 75%] [32mBuilding CXX object CMakeFiles/resized_plugins.dir/src/resized_subscriber.cpp.o[0m
[11.445s] [ 75%] [32mBuilding CXX object CMakeFiles/resized_plugins.dir/src/resized_publisher.cpp.o[0m
[11.446s] [ 78%] [34m[1mGenerating Python code for ROS interfaces[0m
[12.116s] [ 78%] Built target image_transport_tutorials__py
[12.197s] [ 80%] [32mBuilding C object CMakeFiles/image_transport_tutorials__python.dir/rosidl_generator_py/image_transport_tutorials/msg/_resized_image_s.c.o[0m
[12.468s] [ 82%] [32m[1mLinking C shared library rosidl_generator_py/image_transport_tutorials/libimage_transport_tutorials__python.so[0m
[12.606s] [ 82%] Built target image_transport_tutorials__python
[12.680s] [ 85%] [32mBuilding C object CMakeFiles/image_transport_tutorials__rosidl_typesupport_fastrtps_c__pyext.dir/rosidl_generator_py/image_transport_tutorials/_image_transport_tutorials_s.ep.rosidl_typesupport_fastrtps_c.c.o[0m
[12.860s] [ 87%] [32m[1mLinking CXX shared library rosidl_generator_py/image_transport_tutorials/image_transport_tutorials_s__rosidl_typesupport_fastrtps_c.cpython-38-x86_64-linux-gnu.so[0m
[12.980s] [ 87%] Built target image_transport_tutorials__rosidl_typesupport_fastrtps_c__pyext
[13.031s] [ 90%] [32mBuilding C object CMakeFiles/image_transport_tutorials__rosidl_typesupport_introspection_c__pyext.dir/rosidl_generator_py/image_transport_tutorials/_image_transport_tutorials_s.ep.rosidl_typesupport_introspection_c.c.o[0m
[13.143s] [ 92%] [32m[1mLinking C shared library rosidl_generator_py/image_transport_tutorials/image_transport_tutorials_s__rosidl_typesupport_introspection_c.cpython-38-x86_64-linux-gnu.so[0m
[13.272s] [ 92%] Built target image_transport_tutorials__rosidl_typesupport_introspection_c__pyext
[13.345s] [ 95%] [32mBuilding C object CMakeFiles/image_transport_tutorials__rosidl_typesupport_c__pyext.dir/rosidl_generator_py/image_transport_tutorials/_image_transport_tutorials_s.ep.rosidl_typesupport_c.c.o[0m
[13.566s] [ 97%] [32m[1mLinking C shared library rosidl_generator_py/image_transport_tutorials/image_transport_tutorials_s__rosidl_typesupport_c.cpython-38-x86_64-linux-gnu.so[0m
[13.684s] [ 97%] Built target image_transport_tutorials__rosidl_typesupport_c__pyext
[16.785s] [100%] [32m[1mLinking CXX shared library libresized_plugins.so[0m
[17.313s] [100%] Built target resized_plugins
[17.322s] Invoked command in '/home/choi/angchicken_ros2_ws/build/image_transport_tutorials' returned '0': CMAKE_PREFIX_PATH=${CMAKE_PREFIX_PATH}:/home/choi/my_bot_ws/install/two_wheel_demo:/home/choi/my_bot_ws/install/ros2_control_test_nodes:/home/choi/my_bot_ws/install/py_pubsub:/home/choi/my_bot_ws/install/pump_track:/home/choi/my_bot_ws/install/odrive_driver:/home/choi/my_bot_ws/install/joy_tester:/home/choi/my_bot_ws/install/diffbot_control_node:/home/choi/my_bot_ws/install/cv_basics:/opt/ros/foxy /home/choi/.local/bin/cmake --build /home/choi/angchicken_ros2_ws/build/image_transport_tutorials -- -j4 -l4
[17.478s] Invoking command in '/home/choi/angchicken_ros2_ws/build/image_transport_tutorials': CMAKE_PREFIX_PATH=${CMAKE_PREFIX_PATH}:/home/choi/my_bot_ws/install/two_wheel_demo:/home/choi/my_bot_ws/install/ros2_control_test_nodes:/home/choi/my_bot_ws/install/py_pubsub:/home/choi/my_bot_ws/install/pump_track:/home/choi/my_bot_ws/install/odrive_driver:/home/choi/my_bot_ws/install/joy_tester:/home/choi/my_bot_ws/install/diffbot_control_node:/home/choi/my_bot_ws/install/cv_basics:/opt/ros/foxy /home/choi/.local/bin/cmake --install /home/choi/angchicken_ros2_ws/build/image_transport_tutorials
[17.517s] -- Install configuration: ""
[17.518s] -- Installing: /home/choi/angchicken_ros2_ws/install/image_transport_tutorials/share/ament_index/resource_index/rosidl_interfaces/image_transport_tutorials
[17.520s] -- Installing: /home/choi/angchicken_ros2_ws/install/image_transport_tutorials/include/image_transport_tutorials
[17.520s] -- Installing: /home/choi/angchicken_ros2_ws/install/image_transport_tutorials/include/image_transport_tutorials/msg
[17.521s] -- Installing: /home/choi/angchicken_ros2_ws/install/image_transport_tutorials/include/image_transport_tutorials/msg/detail
[17.522s] -- Installing: /home/choi/angchicken_ros2_ws/install/image_transport_tutorials/include/image_transport_tutorials/msg/detail/resized_image__type_support.h
[17.522s] -- Installing: /home/choi/angchicken_ros2_ws/install/image_transport_tutorials/include/image_transport_tutorials/msg/detail/resized_image__struct.h
[17.523s] -- Installing: /home/choi/angchicken_ros2_ws/install/image_transport_tutorials/include/image_transport_tutorials/msg/detail/resized_image__functions.h
[17.523s] -- Installing: /home/choi/angchicken_ros2_ws/install/image_transport_tutorials/include/image_transport_tutorials/msg/detail/resized_image__functions.c
[17.524s] -- Installing: /home/choi/angchicken_ros2_ws/install/image_transport_tutorials/include/image_transport_tutorials/msg/resized_image.h
[17.524s] -- Installing: /home/choi/angchicken_ros2_ws/install/image_transport_tutorials/include/image_transport_tutorials/msg/rosidl_generator_c__visibility_control.h
[17.525s] -- Installing: /home/choi/angchicken_ros2_ws/install/image_transport_tutorials/share/image_transport_tutorials/environment/library_path.sh
[17.526s] -- Installing: /home/choi/angchicken_ros2_ws/install/image_transport_tutorials/share/image_transport_tutorials/environment/library_path.dsv
[17.526s] -- Installing: /home/choi/angchicken_ros2_ws/install/image_transport_tutorials/lib/libimage_transport_tutorials__rosidl_generator_c.so
[17.528s] -- Set runtime path of "/home/choi/angchicken_ros2_ws/install/image_transport_tutorials/lib/libimage_transport_tutorials__rosidl_generator_c.so" to ""
[17.528s] -- Up-to-date: /home/choi/angchicken_ros2_ws/install/image_transport_tutorials/include/image_transport_tutorials
[17.528s] -- Up-to-date: /home/choi/angchicken_ros2_ws/install/image_transport_tutorials/include/image_transport_tutorials/msg
[17.529s] -- Up-to-date: /home/choi/angchicken_ros2_ws/install/image_transport_tutorials/include/image_transport_tutorials/msg/detail
[17.530s] -- Installing: /home/choi/angchicken_ros2_ws/install/image_transport_tutorials/include/image_transport_tutorials/msg/detail/resized_image__rosidl_typesupport_fastrtps_c.h
[17.530s] -- Installing: /home/choi/angchicken_ros2_ws/install/image_transport_tutorials/include/image_transport_tutorials/msg/rosidl_typesupport_fastrtps_c__visibility_control.h
[17.530s] -- Installing: /home/choi/angchicken_ros2_ws/install/image_transport_tutorials/lib/libimage_transport_tutorials__rosidl_typesupport_fastrtps_c.so
[17.531s] -- Set runtime path of "/home/choi/angchicken_ros2_ws/install/image_transport_tutorials/lib/libimage_transport_tutorials__rosidl_typesupport_fastrtps_c.so" to ""
[17.533s] -- Up-to-date: /home/choi/angchicken_ros2_ws/install/image_transport_tutorials/include/image_transport_tutorials
[17.533s] -- Up-to-date: /home/choi/angchicken_ros2_ws/install/image_transport_tutorials/include/image_transport_tutorials/msg
[17.533s] -- Up-to-date: /home/choi/angchicken_ros2_ws/install/image_transport_tutorials/include/image_transport_tutorials/msg/detail
[17.533s] -- Installing: /home/choi/angchicken_ros2_ws/install/image_transport_tutorials/include/image_transport_tutorials/msg/detail/dds_fastrtps
[17.534s] -- Installing: /home/choi/angchicken_ros2_ws/install/image_transport_tutorials/include/image_transport_tutorials/msg/detail/resized_image__rosidl_typesupport_fastrtps_cpp.hpp
[17.534s] -- Installing: /home/choi/angchicken_ros2_ws/install/image_transport_tutorials/include/image_transport_tutorials/msg/rosidl_typesupport_fastrtps_cpp__visibility_control.h
[17.534s] -- Installing: /home/choi/angchicken_ros2_ws/install/image_transport_tutorials/lib/libimage_transport_tutorials__rosidl_typesupport_fastrtps_cpp.so
[17.534s] -- Set runtime path of "/home/choi/angchicken_ros2_ws/install/image_transport_tutorials/lib/libimage_transport_tutorials__rosidl_typesupport_fastrtps_cpp.so" to ""
[17.534s] -- Up-to-date: /home/choi/angchicken_ros2_ws/install/image_transport_tutorials/include/image_transport_tutorials
[17.534s] -- Up-to-date: /home/choi/angchicken_ros2_ws/install/image_transport_tutorials/include/image_transport_tutorials/msg
[17.535s] -- Up-to-date: /home/choi/angchicken_ros2_ws/install/image_transport_tutorials/include/image_transport_tutorials/msg/detail
[17.535s] -- Installing: /home/choi/angchicken_ros2_ws/install/image_transport_tutorials/include/image_transport_tutorials/msg/detail/resized_image__rosidl_typesupport_introspection_c.h
[17.535s] -- Installing: /home/choi/angchicken_ros2_ws/install/image_transport_tutorials/include/image_transport_tutorials/msg/detail/resized_image__type_support.c
[17.535s] -- Installing: /home/choi/angchicken_ros2_ws/install/image_transport_tutorials/include/image_transport_tutorials/msg/rosidl_typesupport_introspection_c__visibility_control.h
[17.535s] -- Installing: /home/choi/angchicken_ros2_ws/install/image_transport_tutorials/lib/libimage_transport_tutorials__rosidl_typesupport_introspection_c.so
[17.535s] -- Set runtime path of "/home/choi/angchicken_ros2_ws/install/image_transport_tutorials/lib/libimage_transport_tutorials__rosidl_typesupport_introspection_c.so" to ""
[17.535s] -- Installing: /home/choi/angchicken_ros2_ws/install/image_transport_tutorials/lib/libimage_transport_tutorials__rosidl_typesupport_c.so
[17.536s] -- Set runtime path of "/home/choi/angchicken_ros2_ws/install/image_transport_tutorials/lib/libimage_transport_tutorials__rosidl_typesupport_c.so" to ""
[17.536s] -- Up-to-date: /home/choi/angchicken_ros2_ws/install/image_transport_tutorials/include/image_transport_tutorials
[17.536s] -- Up-to-date: /home/choi/angchicken_ros2_ws/install/image_transport_tutorials/include/image_transport_tutorials/msg
[17.536s] -- Up-to-date: /home/choi/angchicken_ros2_ws/install/image_transport_tutorials/include/image_transport_tutorials/msg/detail
[17.536s] -- Installing: /home/choi/angchicken_ros2_ws/install/image_transport_tutorials/include/image_transport_tutorials/msg/detail/resized_image__type_support.hpp
[17.542s] -- Installing: /home/choi/angchicken_ros2_ws/install/image_transport_tutorials/include/image_transport_tutorials/msg/detail/resized_image__builder.hpp
[17.542s] -- Installing: /home/choi/angchicken_ros2_ws/install/image_transport_tutorials/include/image_transport_tutorials/msg/detail/resized_image__traits.hpp
[17.542s] -- Installing: /home/choi/angchicken_ros2_ws/install/image_transport_tutorials/include/image_transport_tutorials/msg/detail/resized_image__struct.hpp
[17.542s] -- Installing: /home/choi/angchicken_ros2_ws/install/image_transport_tutorials/include/image_transport_tutorials/msg/resized_image.hpp
[17.542s] -- Installing: /home/choi/angchicken_ros2_ws/install/image_transport_tutorials/include/image_transport_tutorials/msg/rosidl_generator_cpp__visibility_control.hpp
[17.542s] -- Up-to-date: /home/choi/angchicken_ros2_ws/install/image_transport_tutorials/include/image_transport_tutorials
[17.542s] -- Up-to-date: /home/choi/angchicken_ros2_ws/install/image_transport_tutorials/include/image_transport_tutorials/msg
[17.542s] -- Up-to-date: /home/choi/angchicken_ros2_ws/install/image_transport_tutorials/include/image_transport_tutorials/msg/detail
[17.543s] -- Installing: /home/choi/angchicken_ros2_ws/install/image_transport_tutorials/include/image_transport_tutorials/msg/detail/resized_image__rosidl_typesupport_introspection_cpp.hpp
[17.543s] -- Installing: /home/choi/angchicken_ros2_ws/install/image_transport_tutorials/include/image_transport_tutorials/msg/detail/resized_image__type_support.cpp
[17.543s] -- Installing: /home/choi/angchicken_ros2_ws/install/image_transport_tutorials/lib/libimage_transport_tutorials__rosidl_typesupport_introspection_cpp.so
[17.543s] -- Set runtime path of "/home/choi/angchicken_ros2_ws/install/image_transport_tutorials/lib/libimage_transport_tutorials__rosidl_typesupport_introspection_cpp.so" to ""
[17.543s] -- Installing: /home/choi/angchicken_ros2_ws/install/image_transport_tutorials/lib/libimage_transport_tutorials__rosidl_typesupport_cpp.so
[17.544s] -- Set runtime path of "/home/choi/angchicken_ros2_ws/install/image_transport_tutorials/lib/libimage_transport_tutorials__rosidl_typesupport_cpp.so" to ""
[17.544s] -- Installing: /home/choi/angchicken_ros2_ws/install/image_transport_tutorials/share/image_transport_tutorials/environment/pythonpath.sh
[17.544s] -- Installing: /home/choi/angchicken_ros2_ws/install/image_transport_tutorials/share/image_transport_tutorials/environment/pythonpath.dsv
[17.544s] -- Installing: /home/choi/angchicken_ros2_ws/install/image_transport_tutorials/lib/python3.8/site-packages/image_transport_tutorials/__init__.py
[17.588s] Compiling '/home/choi/angchicken_ros2_ws/install/image_transport_tutorials/lib/python3.8/site-packages/image_transport_tutorials/__init__.py'...
[17.592s] -- Installing: /home/choi/angchicken_ros2_ws/install/image_transport_tutorials/lib/python3.8/site-packages/image_transport_tutorials/msg
[17.592s] -- Installing: /home/choi/angchicken_ros2_ws/install/image_transport_tutorials/lib/python3.8/site-packages/image_transport_tutorials/msg/_resized_image_s.c
[17.592s] -- Installing: /home/choi/angchicken_ros2_ws/install/image_transport_tutorials/lib/python3.8/site-packages/image_transport_tutorials/msg/__init__.py
[17.592s] -- Installing: /home/choi/angchicken_ros2_ws/install/image_transport_tutorials/lib/python3.8/site-packages/image_transport_tutorials/msg/_resized_image.py
[17.593s] -- Installing: /home/choi/angchicken_ros2_ws/install/image_transport_tutorials/lib/python3.8/site-packages/image_transport_tutorials/image_transport_tutorials_s__rosidl_typesupport_fastrtps_c.cpython-38-x86_64-linux-gnu.so
[17.593s] -- Set runtime path of "/home/choi/angchicken_ros2_ws/install/image_transport_tutorials/lib/python3.8/site-packages/image_transport_tutorials/image_transport_tutorials_s__rosidl_typesupport_fastrtps_c.cpython-38-x86_64-linux-gnu.so" to ""
[17.593s] -- Installing: /home/choi/angchicken_ros2_ws/install/image_transport_tutorials/lib/python3.8/site-packages/image_transport_tutorials/image_transport_tutorials_s__rosidl_typesupport_introspection_c.cpython-38-x86_64-linux-gnu.so
[17.594s] -- Set runtime path of "/home/choi/angchicken_ros2_ws/install/image_transport_tutorials/lib/python3.8/site-packages/image_transport_tutorials/image_transport_tutorials_s__rosidl_typesupport_introspection_c.cpython-38-x86_64-linux-gnu.so" to ""
[17.594s] -- Installing: /home/choi/angchicken_ros2_ws/install/image_transport_tutorials/lib/python3.8/site-packages/image_transport_tutorials/image_transport_tutorials_s__rosidl_typesupport_c.cpython-38-x86_64-linux-gnu.so
[17.594s] -- Set runtime path of "/home/choi/angchicken_ros2_ws/install/image_transport_tutorials/lib/python3.8/site-packages/image_transport_tutorials/image_transport_tutorials_s__rosidl_typesupport_c.cpython-38-x86_64-linux-gnu.so" to ""
[17.595s] -- Installing: /home/choi/angchicken_ros2_ws/install/image_transport_tutorials/lib/libimage_transport_tutorials__python.so
[17.595s] -- Set runtime path of "/home/choi/angchicken_ros2_ws/install/image_transport_tutorials/lib/libimage_transport_tutorials__python.so" to ""
[17.595s] -- Installing: /home/choi/angchicken_ros2_ws/install/image_transport_tutorials/share/image_transport_tutorials/msg/ResizedImage.idl
[17.595s] -- Installing: /home/choi/angchicken_ros2_ws/install/image_transport_tutorials/share/image_transport_tutorials/msg/ResizedImage.msg
[17.596s] -- Installing: /home/choi/angchicken_ros2_ws/install/image_transport_tutorials/share/image_transport_tutorials/resized_plugins.xml
[17.596s] -- Installing: /home/choi/angchicken_ros2_ws/install/image_transport_tutorials/lib/image_transport_tutorials/my_publisher
[17.596s] -- Set runtime path of "/home/choi/angchicken_ros2_ws/install/image_transport_tutorials/lib/image_transport_tutorials/my_publisher" to ""
[17.597s] -- Installing: /home/choi/angchicken_ros2_ws/install/image_transport_tutorials/lib/image_transport_tutorials/my_subscriber
[17.597s] -- Set runtime path of "/home/choi/angchicken_ros2_ws/install/image_transport_tutorials/lib/image_transport_tutorials/my_subscriber" to ""
[17.597s] -- Installing: /home/choi/angchicken_ros2_ws/install/image_transport_tutorials/lib/libresized_plugins.so
[17.602s] -- Set runtime path of "/home/choi/angchicken_ros2_ws/install/image_transport_tutorials/lib/libresized_plugins.so" to ""
[17.602s] -- Installing: /home/choi/angchicken_ros2_ws/install/image_transport_tutorials/lib/image_transport_tutorials/publisher_from_video
[17.603s] -- Set runtime path of "/home/choi/angchicken_ros2_ws/install/image_transport_tutorials/lib/image_transport_tutorials/publisher_from_video" to ""
[17.603s] -- Up-to-date: /home/choi/angchicken_ros2_ws/install/image_transport_tutorials/include
[17.603s] -- Up-to-date: /home/choi/angchicken_ros2_ws/install/image_transport_tutorials/include/image_transport_tutorials
[17.603s] -- Installing: /home/choi/angchicken_ros2_ws/install/image_transport_tutorials/include/image_transport_tutorials/resized_publisher.hpp
[17.603s] -- Installing: /home/choi/angchicken_ros2_ws/install/image_transport_tutorials/include/image_transport_tutorials/resized_subscriber.hpp
[17.603s] -- Installing: /home/choi/angchicken_ros2_ws/install/image_transport_tutorials/share/ament_index/resource_index/package_run_dependencies/image_transport_tutorials
[17.603s] -- Installing: /home/choi/angchicken_ros2_ws/install/image_transport_tutorials/share/ament_index/resource_index/parent_prefix_path/image_transport_tutorials
[17.603s] -- Installing: /home/choi/angchicken_ros2_ws/install/image_transport_tutorials/share/image_transport_tutorials/environment/ament_prefix_path.sh
[17.604s] -- Installing: /home/choi/angchicken_ros2_ws/install/image_transport_tutorials/share/image_transport_tutorials/environment/ament_prefix_path.dsv
[17.604s] -- Installing: /home/choi/angchicken_ros2_ws/install/image_transport_tutorials/share/image_transport_tutorials/environment/path.sh
[17.604s] -- Installing: /home/choi/angchicken_ros2_ws/install/image_transport_tutorials/share/image_transport_tutorials/environment/path.dsv
[17.604s] -- Installing: /home/choi/angchicken_ros2_ws/install/image_transport_tutorials/share/image_transport_tutorials/local_setup.bash
[17.604s] -- Installing: /home/choi/angchicken_ros2_ws/install/image_transport_tutorials/share/image_transport_tutorials/local_setup.sh
[17.604s] -- Installing: /home/choi/angchicken_ros2_ws/install/image_transport_tutorials/share/image_transport_tutorials/local_setup.zsh
[17.604s] -- Installing: /home/choi/angchicken_ros2_ws/install/image_transport_tutorials/share/image_transport_tutorials/local_setup.dsv
[17.605s] -- Installing: /home/choi/angchicken_ros2_ws/install/image_transport_tutorials/share/image_transport_tutorials/package.dsv
[17.605s] -- Installing: /home/choi/angchicken_ros2_ws/install/image_transport_tutorials/share/ament_index/resource_index/packages/image_transport_tutorials
[17.605s] -- Installing: /home/choi/angchicken_ros2_ws/install/image_transport_tutorials/share/ament_index/resource_index/image_transport_tutorials__pluginlib__plugin/image_transport_tutorials
[17.605s] -- Installing: /home/choi/angchicken_ros2_ws/install/image_transport_tutorials/share/image_transport_tutorials/cmake/image_transport_tutorials__rosidl_generator_cExport.cmake
[17.605s] -- Installing: /home/choi/angchicken_ros2_ws/install/image_transport_tutorials/share/image_transport_tutorials/cmake/image_transport_tutorials__rosidl_generator_cExport-noconfig.cmake
[17.606s] -- Installing: /home/choi/angchicken_ros2_ws/install/image_transport_tutorials/share/image_transport_tutorials/cmake/image_transport_tutorials__rosidl_typesupport_introspection_cExport.cmake
[17.606s] -- Installing: /home/choi/angchicken_ros2_ws/install/image_transport_tutorials/share/image_transport_tutorials/cmake/image_transport_tutorials__rosidl_typesupport_introspection_cExport-noconfig.cmake
[17.606s] -- Installing: /home/choi/angchicken_ros2_ws/install/image_transport_tutorials/share/image_transport_tutorials/cmake/image_transport_tutorials__rosidl_typesupport_cExport.cmake
[17.606s] -- Installing: /home/choi/angchicken_ros2_ws/install/image_transport_tutorials/share/image_transport_tutorials/cmake/image_transport_tutorials__rosidl_typesupport_cExport-noconfig.cmake
[17.609s] -- Installing: /home/choi/angchicken_ros2_ws/install/image_transport_tutorials/share/image_transport_tutorials/cmake/image_transport_tutorials__rosidl_generator_cppExport.cmake
[17.610s] -- Installing: /home/choi/angchicken_ros2_ws/install/image_transport_tutorials/share/image_transport_tutorials/cmake/image_transport_tutorials__rosidl_typesupport_introspection_cppExport.cmake
[17.610s] -- Installing: /home/choi/angchicken_ros2_ws/install/image_transport_tutorials/share/image_transport_tutorials/cmake/image_transport_tutorials__rosidl_typesupport_introspection_cppExport-noconfig.cmake
[17.610s] -- Installing: /home/choi/angchicken_ros2_ws/install/image_transport_tutorials/share/image_transport_tutorials/cmake/image_transport_tutorials__rosidl_typesupport_cppExport.cmake
[17.610s] -- Installing: /home/choi/angchicken_ros2_ws/install/image_transport_tutorials/share/image_transport_tutorials/cmake/image_transport_tutorials__rosidl_typesupport_cppExport-noconfig.cmake
[17.610s] -- Installing: /home/choi/angchicken_ros2_ws/install/image_transport_tutorials/share/image_transport_tutorials/cmake/rosidl_cmake-extras.cmake
[17.610s] -- Installing: /home/choi/angchicken_ros2_ws/install/image_transport_tutorials/share/image_transport_tutorials/cmake/ament_cmake_export_dependencies-extras.cmake
[17.610s] -- Installing: /home/choi/angchicken_ros2_ws/install/image_transport_tutorials/share/image_transport_tutorials/cmake/ament_cmake_export_libraries-extras.cmake
[17.610s] -- Installing: /home/choi/angchicken_ros2_ws/install/image_transport_tutorials/share/image_transport_tutorials/cmake/ament_cmake_export_targets-extras.cmake
[17.610s] -- Installing: /home/choi/angchicken_ros2_ws/install/image_transport_tutorials/share/image_transport_tutorials/cmake/ament_cmake_export_include_directories-extras.cmake
[17.610s] -- Installing: /home/choi/angchicken_ros2_ws/install/image_transport_tutorials/share/image_transport_tutorials/cmake/rosidl_cmake_export_typesupport_libraries-extras.cmake
[17.610s] -- Installing: /home/choi/angchicken_ros2_ws/install/image_transport_tutorials/share/image_transport_tutorials/cmake/rosidl_cmake_export_typesupport_targets-extras.cmake
[17.610s] -- Installing: /home/choi/angchicken_ros2_ws/install/image_transport_tutorials/share/image_transport_tutorials/cmake/image_transport_tutorialsConfig.cmake
[17.610s] -- Installing: /home/choi/angchicken_ros2_ws/install/image_transport_tutorials/share/image_transport_tutorials/cmake/image_transport_tutorialsConfig-version.cmake
[17.610s] -- Installing: /home/choi/angchicken_ros2_ws/install/image_transport_tutorials/share/image_transport_tutorials/package.xml
[17.626s] Invoked command in '/home/choi/angchicken_ros2_ws/build/image_transport_tutorials' returned '0': CMAKE_PREFIX_PATH=${CMAKE_PREFIX_PATH}:/home/choi/my_bot_ws/install/two_wheel_demo:/home/choi/my_bot_ws/install/ros2_control_test_nodes:/home/choi/my_bot_ws/install/py_pubsub:/home/choi/my_bot_ws/install/pump_track:/home/choi/my_bot_ws/install/odrive_driver:/home/choi/my_bot_ws/install/joy_tester:/home/choi/my_bot_ws/install/diffbot_control_node:/home/choi/my_bot_ws/install/cv_basics:/opt/ros/foxy /home/choi/.local/bin/cmake --install /home/choi/angchicken_ros2_ws/build/image_transport_tutorials
