[1.088s] Invoking command in '/home/choi/angchicken_ros2_ws/build/text_detection': PYTHONPATH=/home/choi/angchicken_ros2_ws/build/text_detection/prefix_override:/home/choi/angchicken_ros2_ws/install/text_detection/lib/python3.8/site-packages:${PYTHONPATH} /usr/bin/python3 setup.py develop --uninstall --editable --build-directory /home/choi/angchicken_ros2_ws/build/text_detection/build
[1.481s] running develop
[1.746s] Removing /home/choi/angchicken_ros2_ws/install/text_detection/lib/python3.8/site-packages/text-detection.egg-link (link to .)
[1.784s] Invoked command in '/home/choi/angchicken_ros2_ws/build/text_detection' returned '0': PYTHONPATH=/home/choi/angchicken_ros2_ws/build/text_detection/prefix_override:/home/choi/angchicken_ros2_ws/install/text_detection/lib/python3.8/site-packages:${PYTHONPATH} /usr/bin/python3 setup.py develop --uninstall --editable --build-directory /home/choi/angchicken_ros2_ws/build/text_detection/build
[1.785s] Invoking command in '/home/choi/angchicken_ros2_ws/src/text_detection': PYTHONPATH=/home/choi/angchicken_ros2_ws/build/text_detection/prefix_override:/home/choi/angchicken_ros2_ws/install/text_detection/lib/python3.8/site-packages:${PYTHONPATH} /usr/bin/python3 setup.py egg_info --egg-base ../../build/text_detection build --build-base /home/choi/angchicken_ros2_ws/build/text_detection/build install --record /home/choi/angchicken_ros2_ws/build/text_detection/install.log --install-scripts $base/lib/text_detection --single-version-externally-managed
[2.104s] running egg_info
[2.104s] writing ../../build/text_detection/text_detection.egg-info/PKG-INFO
[2.105s] writing dependency_links to ../../build/text_detection/text_detection.egg-info/dependency_links.txt
[2.105s] writing entry points to ../../build/text_detection/text_detection.egg-info/entry_points.txt
[2.106s] writing requirements to ../../build/text_detection/text_detection.egg-info/requires.txt
[2.106s] writing top-level names to ../../build/text_detection/text_detection.egg-info/top_level.txt
[2.142s] reading manifest file '../../build/text_detection/text_detection.egg-info/SOURCES.txt'
[2.144s] writing manifest file '../../build/text_detection/text_detection.egg-info/SOURCES.txt'
[2.144s] running build
[2.145s] running build_py
[2.145s] running install
[2.148s] running install_lib
[2.148s] creating /home/choi/angchicken_ros2_ws/install/text_detection/lib/python3.8/site-packages/text_detection
[2.148s] copying /home/choi/angchicken_ros2_ws/build/text_detection/build/lib/text_detection/cnn_text_detection_training.py -> /home/choi/angchicken_ros2_ws/install/text_detection/lib/python3.8/site-packages/text_detection
[2.148s] copying /home/choi/angchicken_ros2_ws/build/text_detection/build/lib/text_detection/text_detection.py -> /home/choi/angchicken_ros2_ws/install/text_detection/lib/python3.8/site-packages/text_detection
[2.148s] copying /home/choi/angchicken_ros2_ws/build/text_detection/build/lib/text_detection/__init__.py -> /home/choi/angchicken_ros2_ws/install/text_detection/lib/python3.8/site-packages/text_detection
[2.148s] copying /home/choi/angchicken_ros2_ws/build/text_detection/build/lib/text_detection/text_detection_training.py -> /home/choi/angchicken_ros2_ws/install/text_detection/lib/python3.8/site-packages/text_detection
[2.148s] byte-compiling /home/choi/angchicken_ros2_ws/install/text_detection/lib/python3.8/site-packages/text_detection/cnn_text_detection_training.py to cnn_text_detection_training.cpython-38.pyc
[2.159s] byte-compiling /home/choi/angchicken_ros2_ws/install/text_detection/lib/python3.8/site-packages/text_detection/text_detection.py to text_detection.cpython-38.pyc
[2.159s] byte-compiling /home/choi/angchicken_ros2_ws/install/text_detection/lib/python3.8/site-packages/text_detection/__init__.py to __init__.cpython-38.pyc
[2.160s] byte-compiling /home/choi/angchicken_ros2_ws/install/text_detection/lib/python3.8/site-packages/text_detection/text_detection_training.py to text_detection_training.cpython-38.pyc
[2.160s] running install_data
[2.160s] running install_egg_info
[2.160s] Copying ../../build/text_detection/text_detection.egg-info to /home/choi/angchicken_ros2_ws/install/text_detection/lib/python3.8/site-packages/text_detection-0.0.0-py3.8.egg-info
[2.166s] running install_scripts
[2.183s] writing list of installed files to '/home/choi/angchicken_ros2_ws/build/text_detection/install.log'
[2.230s] Invoked command in '/home/choi/angchicken_ros2_ws/src/text_detection' returned '0': PYTHONPATH=/home/choi/angchicken_ros2_ws/build/text_detection/prefix_override:/home/choi/angchicken_ros2_ws/install/text_detection/lib/python3.8/site-packages:${PYTHONPATH} /usr/bin/python3 setup.py egg_info --egg-base ../../build/text_detection build --build-base /home/choi/angchicken_ros2_ws/build/text_detection/build install --record /home/choi/angchicken_ros2_ws/build/text_detection/install.log --install-scripts $base/lib/text_detection --single-version-externally-managed
