[1.558s] Invoking command in '/home/choi/angchicken_ros2_ws/build/pump_track_2': PYTHONPATH=/home/choi/angchicken_ros2_ws/build/pump_track_2/prefix_override:/home/choi/angchicken_ros2_ws/install/pump_track_2/lib/python3.8/site-packages:${PYTHONPATH} /usr/bin/python3 setup.py develop --uninstall --editable --build-directory /home/choi/angchicken_ros2_ws/build/pump_track_2/build
[1.865s] running develop
[2.115s] Invoked command in '/home/choi/angchicken_ros2_ws/build/pump_track_2' returned '0': PYTHONPATH=/home/choi/angchicken_ros2_ws/build/pump_track_2/prefix_override:/home/choi/angchicken_ros2_ws/install/pump_track_2/lib/python3.8/site-packages:${PYTHONPATH} /usr/bin/python3 setup.py develop --uninstall --editable --build-directory /home/choi/angchicken_ros2_ws/build/pump_track_2/build
[2.116s] Invoking command in '/home/choi/angchicken_ros2_ws/src/pump_track_2': PYTHONPATH=/home/choi/angchicken_ros2_ws/build/pump_track_2/prefix_override:/home/choi/angchicken_ros2_ws/install/pump_track_2/lib/python3.8/site-packages:${PYTHONPATH} /usr/bin/python3 setup.py egg_info --egg-base ../../build/pump_track_2 build --build-base /home/choi/angchicken_ros2_ws/build/pump_track_2/build install --record /home/choi/angchicken_ros2_ws/build/pump_track_2/install.log --install-scripts $base/lib/pump_track_2 --single-version-externally-managed
[2.415s] running egg_info
[2.416s] writing ../../build/pump_track_2/pump_track_2.egg-info/PKG-INFO
[2.421s] writing dependency_links to ../../build/pump_track_2/pump_track_2.egg-info/dependency_links.txt
[2.421s] writing entry points to ../../build/pump_track_2/pump_track_2.egg-info/entry_points.txt
[2.421s] writing requirements to ../../build/pump_track_2/pump_track_2.egg-info/requires.txt
[2.421s] writing top-level names to ../../build/pump_track_2/pump_track_2.egg-info/top_level.txt
[2.452s] reading manifest file '../../build/pump_track_2/pump_track_2.egg-info/SOURCES.txt'
[2.453s] writing manifest file '../../build/pump_track_2/pump_track_2.egg-info/SOURCES.txt'
[2.453s] running build
[2.453s] running build_py
[2.458s] copying pump_track_2/marker_detection.py -> /home/choi/angchicken_ros2_ws/build/pump_track_2/build/lib/pump_track_2
[2.458s] running install
[2.458s] running install_lib
[2.458s] copying /home/choi/angchicken_ros2_ws/build/pump_track_2/build/lib/pump_track_2/marker_detection.py -> /home/choi/angchicken_ros2_ws/install/pump_track_2/lib/python3.8/site-packages/pump_track_2
[2.458s] byte-compiling /home/choi/angchicken_ros2_ws/install/pump_track_2/lib/python3.8/site-packages/pump_track_2/marker_detection.py to marker_detection.cpython-38.pyc
[2.470s] running install_data
[2.471s] running install_egg_info
[2.471s] removing '/home/choi/angchicken_ros2_ws/install/pump_track_2/lib/python3.8/site-packages/pump_track_2-0.0.0-py3.8.egg-info' (and everything under it)
[2.471s] Copying ../../build/pump_track_2/pump_track_2.egg-info to /home/choi/angchicken_ros2_ws/install/pump_track_2/lib/python3.8/site-packages/pump_track_2-0.0.0-py3.8.egg-info
[2.471s] running install_scripts
[2.484s] Installing marker_detect script to /home/choi/angchicken_ros2_ws/install/pump_track_2/lib/pump_track_2
[2.484s] Installing usb_cam script to /home/choi/angchicken_ros2_ws/install/pump_track_2/lib/pump_track_2
[2.485s] writing list of installed files to '/home/choi/angchicken_ros2_ws/build/pump_track_2/install.log'
[2.525s] Invoked command in '/home/choi/angchicken_ros2_ws/src/pump_track_2' returned '0': PYTHONPATH=/home/choi/angchicken_ros2_ws/build/pump_track_2/prefix_override:/home/choi/angchicken_ros2_ws/install/pump_track_2/lib/python3.8/site-packages:${PYTHONPATH} /usr/bin/python3 setup.py egg_info --egg-base ../../build/pump_track_2 build --build-base /home/choi/angchicken_ros2_ws/build/pump_track_2/build install --record /home/choi/angchicken_ros2_ws/build/pump_track_2/install.log --install-scripts $base/lib/pump_track_2 --single-version-externally-managed
