[1.317s] Invoking command in '/home/choi/angchicken_ros2_ws/build/pump_track_2': PYTHONPATH=/home/choi/angchicken_ros2_ws/build/pump_track_2/prefix_override:/home/choi/angchicken_ros2_ws/install/pump_track_2/lib/python3.8/site-packages:${PYTHONPATH} /usr/bin/python3 setup.py develop --uninstall --editable --build-directory /home/choi/angchicken_ros2_ws/build/pump_track_2/build
[1.754s] running develop
[1.987s] Removing /home/choi/angchicken_ros2_ws/install/pump_track_2/lib/python3.8/site-packages/pump-track-2.egg-link (link to .)
[2.039s] Invoked command in '/home/choi/angchicken_ros2_ws/build/pump_track_2' returned '0': PYTHONPATH=/home/choi/angchicken_ros2_ws/build/pump_track_2/prefix_override:/home/choi/angchicken_ros2_ws/install/pump_track_2/lib/python3.8/site-packages:${PYTHONPATH} /usr/bin/python3 setup.py develop --uninstall --editable --build-directory /home/choi/angchicken_ros2_ws/build/pump_track_2/build
[2.041s] Invoking command in '/home/choi/angchicken_ros2_ws/src/pump_track_2': PYTHONPATH=/home/choi/angchicken_ros2_ws/build/pump_track_2/prefix_override:/home/choi/angchicken_ros2_ws/install/pump_track_2/lib/python3.8/site-packages:${PYTHONPATH} /usr/bin/python3 setup.py egg_info --egg-base ../../build/pump_track_2 build --build-base /home/choi/angchicken_ros2_ws/build/pump_track_2/build install --record /home/choi/angchicken_ros2_ws/build/pump_track_2/install.log --install-scripts $base/lib/pump_track_2 --single-version-externally-managed
[2.351s] running egg_info
[2.353s] writing ../../build/pump_track_2/pump_track_2.egg-info/PKG-INFO
[2.353s] writing dependency_links to ../../build/pump_track_2/pump_track_2.egg-info/dependency_links.txt
[2.353s] writing entry points to ../../build/pump_track_2/pump_track_2.egg-info/entry_points.txt
[2.353s] writing requirements to ../../build/pump_track_2/pump_track_2.egg-info/requires.txt
[2.353s] writing top-level names to ../../build/pump_track_2/pump_track_2.egg-info/top_level.txt
[2.388s] reading manifest file '../../build/pump_track_2/pump_track_2.egg-info/SOURCES.txt'
[2.389s] writing manifest file '../../build/pump_track_2/pump_track_2.egg-info/SOURCES.txt'
[2.389s] running build
[2.389s] running build_py
[2.389s] copying pump_track_2/marker_detection.py -> /home/choi/angchicken_ros2_ws/build/pump_track_2/build/lib/pump_track_2
[2.390s] running install
[2.391s] running install_lib
[2.392s] creating /home/choi/angchicken_ros2_ws/install/pump_track_2/lib/python3.8/site-packages/pump_track_2
[2.392s] copying /home/choi/angchicken_ros2_ws/build/pump_track_2/build/lib/pump_track_2/__init__.py -> /home/choi/angchicken_ros2_ws/install/pump_track_2/lib/python3.8/site-packages/pump_track_2
[2.392s] copying /home/choi/angchicken_ros2_ws/build/pump_track_2/build/lib/pump_track_2/marker_detection.py -> /home/choi/angchicken_ros2_ws/install/pump_track_2/lib/python3.8/site-packages/pump_track_2
[2.392s] copying /home/choi/angchicken_ros2_ws/build/pump_track_2/build/lib/pump_track_2/usb_camera_node.py -> /home/choi/angchicken_ros2_ws/install/pump_track_2/lib/python3.8/site-packages/pump_track_2
[2.393s] byte-compiling /home/choi/angchicken_ros2_ws/install/pump_track_2/lib/python3.8/site-packages/pump_track_2/__init__.py to __init__.cpython-38.pyc
[2.395s] byte-compiling /home/choi/angchicken_ros2_ws/install/pump_track_2/lib/python3.8/site-packages/pump_track_2/marker_detection.py to marker_detection.cpython-38.pyc
[2.397s] byte-compiling /home/choi/angchicken_ros2_ws/install/pump_track_2/lib/python3.8/site-packages/pump_track_2/usb_camera_node.py to usb_camera_node.cpython-38.pyc
[2.397s] running install_data
[2.397s] running install_egg_info
[2.399s] Copying ../../build/pump_track_2/pump_track_2.egg-info to /home/choi/angchicken_ros2_ws/install/pump_track_2/lib/python3.8/site-packages/pump_track_2-0.0.0-py3.8.egg-info
[2.400s] running install_scripts
[2.418s] Installing marker_detect script to /home/choi/angchicken_ros2_ws/install/pump_track_2/lib/pump_track_2
[2.418s] Installing usb_cam script to /home/choi/angchicken_ros2_ws/install/pump_track_2/lib/pump_track_2
[2.418s] writing list of installed files to '/home/choi/angchicken_ros2_ws/build/pump_track_2/install.log'
[2.467s] Invoked command in '/home/choi/angchicken_ros2_ws/src/pump_track_2' returned '0': PYTHONPATH=/home/choi/angchicken_ros2_ws/build/pump_track_2/prefix_override:/home/choi/angchicken_ros2_ws/install/pump_track_2/lib/python3.8/site-packages:${PYTHONPATH} /usr/bin/python3 setup.py egg_info --egg-base ../../build/pump_track_2 build --build-base /home/choi/angchicken_ros2_ws/build/pump_track_2/build install --record /home/choi/angchicken_ros2_ws/build/pump_track_2/install.log --install-scripts $base/lib/pump_track_2 --single-version-externally-managed
