running develop
running egg_info
writing ../../build/move_py/move_py.egg-info/PKG-INFO
writing dependency_links to ../../build/move_py/move_py.egg-info/dependency_links.txt
writing entry points to ../../build/move_py/move_py.egg-info/entry_points.txt
writing requirements to ../../build/move_py/move_py.egg-info/requires.txt
writing top-level names to ../../build/move_py/move_py.egg-info/top_level.txt
reading manifest file '../../build/move_py/move_py.egg-info/SOURCES.txt'
writing manifest file '../../build/move_py/move_py.egg-info/SOURCES.txt'
running build
running build_py
running install
running install_lib
running install_data
running install_egg_info
removing '/home/choi/angchicken_ros2_ws/install/move_py/lib/python3.8/site-packages/move_py-0.0.0-py3.8.egg-info' (and everything under it)
Copying ../../build/move_py/move_py.egg-info to /home/choi/angchicken_ros2_ws/install/move_py/lib/python3.8/site-packages/move_py-0.0.0-py3.8.egg-info
running install_scripts
Installing robot_motion_node script to /home/choi/angchicken_ros2_ws/install/move_py/lib/move_py
writing list of installed files to '/home/choi/angchicken_ros2_ws/build/move_py/install.log'
