running develop
Removing /home/choi/angchicken_ros2_ws/install/pump_track/lib/python3.8/site-packages/pump-track.egg-link (link to .)
running egg_info
writing ../../build/pump_track/pump_track.egg-info/PKG-INFO
writing dependency_links to ../../build/pump_track/pump_track.egg-info/dependency_links.txt
writing entry points to ../../build/pump_track/pump_track.egg-info/entry_points.txt
writing requirements to ../../build/pump_track/pump_track.egg-info/requires.txt
writing top-level names to ../../build/pump_track/pump_track.egg-info/top_level.txt
reading manifest file '../../build/pump_track/pump_track.egg-info/SOURCES.txt'
writing manifest file '../../build/pump_track/pump_track.egg-info/SOURCES.txt'
running build
running build_py
copying pump_track/diffbot_control.py -> /home/choi/angchicken_ros2_ws/build/pump_track/build/lib/pump_track
copying pump_track/army_detection.py -> /home/choi/angchicken_ros2_ws/build/pump_track/build/lib/pump_track
copying pump_track/pump_publisher.py -> /home/choi/angchicken_ros2_ws/build/pump_track/build/lib/pump_track
copying pump_track/usb_camera_node.py -> /home/choi/angchicken_ros2_ws/build/pump_track/build/lib/pump_track
running install
running install_lib
copying /home/choi/angchicken_ros2_ws/build/pump_track/build/lib/pump_track/diffbot_control.py -> /home/choi/angchicken_ros2_ws/install/pump_track/lib/python3.8/site-packages/pump_track
copying /home/choi/angchicken_ros2_ws/build/pump_track/build/lib/pump_track/army_detection.py -> /home/choi/angchicken_ros2_ws/install/pump_track/lib/python3.8/site-packages/pump_track
copying /home/choi/angchicken_ros2_ws/build/pump_track/build/lib/pump_track/pump_publisher.py -> /home/choi/angchicken_ros2_ws/install/pump_track/lib/python3.8/site-packages/pump_track
copying /home/choi/angchicken_ros2_ws/build/pump_track/build/lib/pump_track/__init__.py -> /home/choi/angchicken_ros2_ws/install/pump_track/lib/python3.8/site-packages/pump_track
copying /home/choi/angchicken_ros2_ws/build/pump_track/build/lib/pump_track/usb_camera_node.py -> /home/choi/angchicken_ros2_ws/install/pump_track/lib/python3.8/site-packages/pump_track
byte-compiling /home/choi/angchicken_ros2_ws/install/pump_track/lib/python3.8/site-packages/pump_track/diffbot_control.py to diffbot_control.cpython-38.pyc
byte-compiling /home/choi/angchicken_ros2_ws/install/pump_track/lib/python3.8/site-packages/pump_track/army_detection.py to army_detection.cpython-38.pyc
byte-compiling /home/choi/angchicken_ros2_ws/install/pump_track/lib/python3.8/site-packages/pump_track/pump_publisher.py to pump_publisher.cpython-38.pyc
byte-compiling /home/choi/angchicken_ros2_ws/install/pump_track/lib/python3.8/site-packages/pump_track/__init__.py to __init__.cpython-38.pyc
byte-compiling /home/choi/angchicken_ros2_ws/install/pump_track/lib/python3.8/site-packages/pump_track/usb_camera_node.py to usb_camera_node.cpython-38.pyc
running install_data
running install_egg_info
Copying ../../build/pump_track/pump_track.egg-info to /home/choi/angchicken_ros2_ws/install/pump_track/lib/python3.8/site-packages/pump_track-0.0.0-py3.8.egg-info
running install_scripts
Installing army_detect script to /home/choi/angchicken_ros2_ws/install/pump_track/lib/pump_track
Installing diffbot_cont script to /home/choi/angchicken_ros2_ws/install/pump_track/lib/pump_track
Installing pump_pub script to /home/choi/angchicken_ros2_ws/install/pump_track/lib/pump_track
Installing usb_cam script to /home/choi/angchicken_ros2_ws/install/pump_track/lib/pump_track
writing list of installed files to '/home/choi/angchicken_ros2_ws/build/pump_track/install.log'
