[1.313s] Invoking command in '/home/choi/angchicken_ros2_ws/build/pump_track': PYTHONPATH=/home/choi/angchicken_ros2_ws/build/pump_track/prefix_override:/home/choi/angchicken_ros2_ws/install/pump_track/lib/python3.8/site-packages:${PYTHONPATH} /usr/bin/python3 setup.py develop --editable --build-directory /home/choi/angchicken_ros2_ws/build/pump_track/build --no-deps install_data
[1.615s] running develop
[1.817s] running egg_info
[1.817s] writing pump_track.egg-info/PKG-INFO
[1.818s] writing dependency_links to pump_track.egg-info/dependency_links.txt
[1.818s] writing entry points to pump_track.egg-info/entry_points.txt
[1.819s] writing requirements to pump_track.egg-info/requires.txt
[1.819s] writing top-level names to pump_track.egg-info/top_level.txt
[1.850s] reading manifest file 'pump_track.egg-info/SOURCES.txt'
[1.851s] writing manifest file 'pump_track.egg-info/SOURCES.txt'
[1.887s] running build_ext
[1.887s] Creating /home/choi/angchicken_ros2_ws/install/pump_track/lib/python3.8/site-packages/pump-track.egg-link (link to .)
[1.889s] Installing army_detect script to /home/choi/angchicken_ros2_ws/install/pump_track/lib/pump_track
[1.889s] Installing diffbot_cont script to /home/choi/angchicken_ros2_ws/install/pump_track/lib/pump_track
[1.890s] Installing pump_pub script to /home/choi/angchicken_ros2_ws/install/pump_track/lib/pump_track
[1.890s] Installing usb_cam script to /home/choi/angchicken_ros2_ws/install/pump_track/lib/pump_track
[1.891s] 
[1.891s] Installed /home/choi/angchicken_ros2_ws/build/pump_track
[1.891s] running install_data
[1.927s] Invoked command in '/home/choi/angchicken_ros2_ws/build/pump_track' returned '0': PYTHONPATH=/home/choi/angchicken_ros2_ws/build/pump_track/prefix_override:/home/choi/angchicken_ros2_ws/install/pump_track/lib/python3.8/site-packages:${PYTHONPATH} /usr/bin/python3 setup.py develop --editable --build-directory /home/choi/angchicken_ros2_ws/build/pump_track/build --no-deps install_data
