running develop
running egg_info
writing ../../build/color_detection/color_detection.egg-info/PKG-INFO
writing dependency_links to ../../build/color_detection/color_detection.egg-info/dependency_links.txt
writing entry points to ../../build/color_detection/color_detection.egg-info/entry_points.txt
writing requirements to ../../build/color_detection/color_detection.egg-info/requires.txt
writing top-level names to ../../build/color_detection/color_detection.egg-info/top_level.txt
reading manifest file '../../build/color_detection/color_detection.egg-info/SOURCES.txt'
writing manifest file '../../build/color_detection/color_detection.egg-info/SOURCES.txt'
running build
running build_py
running install
running install_lib
running install_data
running install_egg_info
removing '/home/choi/angchicken_ros2_ws/install/color_detection/lib/python3.8/site-packages/color_detection-0.0.0-py3.8.egg-info' (and everything under it)
Copying ../../build/color_detection/color_detection.egg-info to /home/choi/angchicken_ros2_ws/install/color_detection/lib/python3.8/site-packages/color_detection-0.0.0-py3.8.egg-info
running install_scripts
Installing color_detection_node script to /home/choi/angchicken_ros2_ws/install/color_detection/lib/color_detection
writing list of installed files to '/home/choi/angchicken_ros2_ws/build/color_detection/install.log'
