[1.158s] Invoking command in '/home/choi/angchicken_ros2_ws/build/pump_track': PYTHONPATH=/home/choi/angchicken_ros2_ws/build/pump_track/prefix_override:/home/choi/angchicken_ros2_ws/install/pump_track/lib/python3.8/site-packages:${PYTHONPATH} /usr/bin/python3 setup.py develop --editable --build-directory /home/choi/angchicken_ros2_ws/build/pump_track/build --no-deps install_data
[1.477s] running develop
[1.688s] running egg_info
[1.688s] writing pump_track.egg-info/PKG-INFO
[1.689s] writing dependency_links to pump_track.egg-info/dependency_links.txt
[1.689s] writing entry points to pump_track.egg-info/entry_points.txt
[1.689s] writing requirements to pump_track.egg-info/requires.txt
[1.689s] writing top-level names to pump_track.egg-info/top_level.txt
[1.720s] reading manifest file 'pump_track.egg-info/SOURCES.txt'
[1.720s] writing manifest file 'pump_track.egg-info/SOURCES.txt'
[1.757s] running build_ext
[1.758s] Creating /home/choi/angchicken_ros2_ws/install/pump_track/lib/python3.8/site-packages/pump-track.egg-link (link to .)
[1.758s] Installing army_detect script to /home/choi/angchicken_ros2_ws/install/pump_track/lib/pump_track
[1.759s] error: could not create '/home/choi/angchicken_ros2_ws/install/pump_track/share/pump_track/package.xml': No such file or directory
[1.759s] Installing diffbot_cont script to /home/choi/angchicken_ros2_ws/install/pump_track/lib/pump_track
[1.760s] Installing pump_pub script to /home/choi/angchicken_ros2_ws/install/pump_track/lib/pump_track
[1.760s] Installing usb_cam script to /home/choi/angchicken_ros2_ws/install/pump_track/lib/pump_track
[1.760s] 
[1.761s] Installed /home/choi/angchicken_ros2_ws/build/pump_track
[1.761s] running install_data
[1.762s] copying package.xml -> /home/choi/angchicken_ros2_ws/install/pump_track/share/pump_track
[1.789s] Invoked command in '/home/choi/angchicken_ros2_ws/build/pump_track' returned '1': PYTHONPATH=/home/choi/angchicken_ros2_ws/build/pump_track/prefix_override:/home/choi/angchicken_ros2_ws/install/pump_track/lib/python3.8/site-packages:${PYTHONPATH} /usr/bin/python3 setup.py develop --editable --build-directory /home/choi/angchicken_ros2_ws/build/pump_track/build --no-deps install_data
