[1.647s] Invoking command in '/home/choi/angchicken_ros2_ws/build/lane_detection_py': PYTHONPATH=/home/choi/angchicken_ros2_ws/build/lane_detection_py/prefix_override:/home/choi/angchicken_ros2_ws/install/lane_detection_py/lib/python3.8/site-packages:${PYTHONPATH} /usr/bin/python3 setup.py develop --uninstall --editable --build-directory /home/choi/angchicken_ros2_ws/build/lane_detection_py/build
[2.068s] running develop
[2.426s] Invoked command in '/home/choi/angchicken_ros2_ws/build/lane_detection_py' returned '0': PYTHONPATH=/home/choi/angchicken_ros2_ws/build/lane_detection_py/prefix_override:/home/choi/angchicken_ros2_ws/install/lane_detection_py/lib/python3.8/site-packages:${PYTHONPATH} /usr/bin/python3 setup.py develop --uninstall --editable --build-directory /home/choi/angchicken_ros2_ws/build/lane_detection_py/build
[2.427s] Invoking command in '/home/choi/angchicken_ros2_ws/src/lane_detection_py': PYTHONPATH=/home/choi/angchicken_ros2_ws/build/lane_detection_py/prefix_override:/home/choi/angchicken_ros2_ws/install/lane_detection_py/lib/python3.8/site-packages:${PYTHONPATH} /usr/bin/python3 setup.py egg_info --egg-base ../../build/lane_detection_py build --build-base /home/choi/angchicken_ros2_ws/build/lane_detection_py/build install --record /home/choi/angchicken_ros2_ws/build/lane_detection_py/install.log --install-scripts $base/lib/lane_detection_py --single-version-externally-managed
[2.836s] running egg_info
[2.837s] writing ../../build/lane_detection_py/lane_detection_py.egg-info/PKG-INFO
[2.837s] writing dependency_links to ../../build/lane_detection_py/lane_detection_py.egg-info/dependency_links.txt
[2.837s] writing entry points to ../../build/lane_detection_py/lane_detection_py.egg-info/entry_points.txt
[2.839s] writing requirements to ../../build/lane_detection_py/lane_detection_py.egg-info/requires.txt
[2.839s] writing top-level names to ../../build/lane_detection_py/lane_detection_py.egg-info/top_level.txt
[2.884s] reading manifest file '../../build/lane_detection_py/lane_detection_py.egg-info/SOURCES.txt'
[2.887s] writing manifest file '../../build/lane_detection_py/lane_detection_py.egg-info/SOURCES.txt'
[2.887s] running build
[2.887s] running build_py
[2.887s] running install
[2.887s] running install_lib
[2.889s] running install_data
[2.889s] running install_egg_info
[2.897s] removing '/home/choi/angchicken_ros2_ws/install/lane_detection_py/lib/python3.8/site-packages/lane_detection_py-0.0.0-py3.8.egg-info' (and everything under it)
[2.897s] Copying ../../build/lane_detection_py/lane_detection_py.egg-info to /home/choi/angchicken_ros2_ws/install/lane_detection_py/lib/python3.8/site-packages/lane_detection_py-0.0.0-py3.8.egg-info
[2.898s] running install_scripts
[2.934s] Installing lane_detection_node script to /home/choi/angchicken_ros2_ws/install/lane_detection_py/lib/lane_detection_py
[2.934s] writing list of installed files to '/home/choi/angchicken_ros2_ws/build/lane_detection_py/install.log'
[3.212s] Invoked command in '/home/choi/angchicken_ros2_ws/src/lane_detection_py' returned '0': PYTHONPATH=/home/choi/angchicken_ros2_ws/build/lane_detection_py/prefix_override:/home/choi/angchicken_ros2_ws/install/lane_detection_py/lib/python3.8/site-packages:${PYTHONPATH} /usr/bin/python3 setup.py egg_info --egg-base ../../build/lane_detection_py build --build-base /home/choi/angchicken_ros2_ws/build/lane_detection_py/build install --record /home/choi/angchicken_ros2_ws/build/lane_detection_py/install.log --install-scripts $base/lib/lane_detection_py --single-version-externally-managed
