[0.620s] Invoking command in '/home/choi/angchicken_ros2_ws/build/lidar_pkg': CMAKE_PREFIX_PATH=${CMAKE_PREFIX_PATH}:/home/choi/my_bot_ws/install/two_wheel_demo:/home/choi/my_bot_ws/install/ros2_control_test_nodes:/home/choi/my_bot_ws/install/py_pubsub:/home/choi/my_bot_ws/install/odrive_driver:/home/choi/my_bot_ws/install/joy_tester:/home/choi/my_bot_ws/install/diffbot_control_node:/home/choi/my_bot_ws/install/cv_basics:/opt/ros/foxy /usr/bin/cmake /home/choi/angchicken_ros2_ws/src/lidar_pkg -DAMENT_CMAKE_SYMLINK_INSTALL=1 -DCMAKE_INSTALL_PREFIX=/home/choi/angchicken_ros2_ws/install/lidar_pkg
[0.920s] -- Found ament_cmake: 0.9.12 (/opt/ros/foxy/share/ament_cmake/cmake)
[0.920s] -- Using PYTHON_EXECUTABLE: /usr/bin/python3
[0.920s] -- Override CMake install command with custom implementation using symlinks instead of copying resources
[0.921s] -- Found rclcpp: 2.4.3 (/opt/ros/foxy/share/rclcpp/cmake)
[0.938s] -- Using all available rosidl_typesupport_c: rosidl_typesupport_fastrtps_c;rosidl_typesupport_introspection_c
[0.942s] -- Found rosidl_adapter: 1.3.1 (/opt/ros/foxy/share/rosidl_adapter/cmake)
[1.094s] -- Using all available rosidl_typesupport_cpp: rosidl_typesupport_fastrtps_cpp;rosidl_typesupport_introspection_cpp
[1.165s] -- Found rmw_implementation_cmake: 1.0.4 (/opt/ros/foxy/share/rmw_implementation_cmake/cmake)
[1.168s] -- Using RMW implementation 'rmw_fastrtps_cpp' as default
[1.328s] -- Found sensor_msgs: 2.0.5 (/opt/ros/foxy/share/sensor_msgs/cmake)
[1.465s] -- Found ament_lint_auto: 0.9.8 (/opt/ros/foxy/share/ament_lint_auto/cmake)
[1.547s] -- Added test 'copyright' to check source files copyright and LICENSE
[1.548s] -- Added test 'cppcheck' to perform static code analysis on C / C++ code
[1.548s] -- Configured cppcheck include dirs: 
[1.548s] -- Configured cppcheck exclude dirs and/or files: 
[1.549s] -- Added test 'cpplint' to check C / C++ code against the Google style
[1.549s] -- Configured cpplint exclude dirs and/or files: 
[1.549s] -- Added test 'flake8' to check Python code syntax and style conventions
[1.550s] -- Added test 'lint_cmake' to check CMake code style
[1.550s] -- Added test 'pep257' to check Python code against some of the style conventions in PEP 257
[1.551s] -- Added test 'uncrustify' to check C / C++ code style
[1.552s] -- Configured uncrustify additional arguments: 
[1.552s] -- Added test 'xmllint' to check XML markup files
[1.554s] -- Configuring done
[1.563s] -- Generating done
[1.564s] -- Build files have been written to: /home/choi/angchicken_ros2_ws/build/lidar_pkg
[1.576s] Invoked command in '/home/choi/angchicken_ros2_ws/build/lidar_pkg' returned '0': CMAKE_PREFIX_PATH=${CMAKE_PREFIX_PATH}:/home/choi/my_bot_ws/install/two_wheel_demo:/home/choi/my_bot_ws/install/ros2_control_test_nodes:/home/choi/my_bot_ws/install/py_pubsub:/home/choi/my_bot_ws/install/odrive_driver:/home/choi/my_bot_ws/install/joy_tester:/home/choi/my_bot_ws/install/diffbot_control_node:/home/choi/my_bot_ws/install/cv_basics:/opt/ros/foxy /usr/bin/cmake /home/choi/angchicken_ros2_ws/src/lidar_pkg -DAMENT_CMAKE_SYMLINK_INSTALL=1 -DCMAKE_INSTALL_PREFIX=/home/choi/angchicken_ros2_ws/install/lidar_pkg
[1.577s] Invoking command in '/home/choi/angchicken_ros2_ws/build/lidar_pkg': CMAKE_PREFIX_PATH=${CMAKE_PREFIX_PATH}:/home/choi/my_bot_ws/install/two_wheel_demo:/home/choi/my_bot_ws/install/ros2_control_test_nodes:/home/choi/my_bot_ws/install/py_pubsub:/home/choi/my_bot_ws/install/odrive_driver:/home/choi/my_bot_ws/install/joy_tester:/home/choi/my_bot_ws/install/diffbot_control_node:/home/choi/my_bot_ws/install/cv_basics:/opt/ros/foxy /usr/bin/cmake --build /home/choi/angchicken_ros2_ws/build/lidar_pkg -- -j4 -l4
[1.745s] [100%] Built target lidar_code
[1.761s] Invoked command in '/home/choi/angchicken_ros2_ws/build/lidar_pkg' returned '0': CMAKE_PREFIX_PATH=${CMAKE_PREFIX_PATH}:/home/choi/my_bot_ws/install/two_wheel_demo:/home/choi/my_bot_ws/install/ros2_control_test_nodes:/home/choi/my_bot_ws/install/py_pubsub:/home/choi/my_bot_ws/install/odrive_driver:/home/choi/my_bot_ws/install/joy_tester:/home/choi/my_bot_ws/install/diffbot_control_node:/home/choi/my_bot_ws/install/cv_basics:/opt/ros/foxy /usr/bin/cmake --build /home/choi/angchicken_ros2_ws/build/lidar_pkg -- -j4 -l4
[1.813s] Invoking command in '/home/choi/angchicken_ros2_ws/build/lidar_pkg': CMAKE_PREFIX_PATH=${CMAKE_PREFIX_PATH}:/home/choi/my_bot_ws/install/two_wheel_demo:/home/choi/my_bot_ws/install/ros2_control_test_nodes:/home/choi/my_bot_ws/install/py_pubsub:/home/choi/my_bot_ws/install/odrive_driver:/home/choi/my_bot_ws/install/joy_tester:/home/choi/my_bot_ws/install/diffbot_control_node:/home/choi/my_bot_ws/install/cv_basics:/opt/ros/foxy /usr/bin/cmake --install /home/choi/angchicken_ros2_ws/build/lidar_pkg
[1.826s] -- Install configuration: ""
[1.827s] -- Execute custom install script
[1.828s] -- Up-to-date symlink: /home/choi/angchicken_ros2_ws/install/lidar_pkg/share/lidar_pkg/launch/lidar_code.launch.py
[1.829s] -- Up-to-date symlink: /home/choi/angchicken_ros2_ws/install/lidar_pkg/lib/lidar_pkg/lidar_code
[1.830s] -- Up-to-date symlink: /home/choi/angchicken_ros2_ws/install/lidar_pkg/share/ament_index/resource_index/package_run_dependencies/lidar_pkg
[1.831s] -- Up-to-date symlink: /home/choi/angchicken_ros2_ws/install/lidar_pkg/share/ament_index/resource_index/parent_prefix_path/lidar_pkg
[1.831s] -- Up-to-date symlink: /home/choi/angchicken_ros2_ws/install/lidar_pkg/share/lidar_pkg/environment/ament_prefix_path.sh
[1.832s] -- Up-to-date symlink: /home/choi/angchicken_ros2_ws/install/lidar_pkg/share/lidar_pkg/environment/ament_prefix_path.dsv
[1.833s] -- Up-to-date symlink: /home/choi/angchicken_ros2_ws/install/lidar_pkg/share/lidar_pkg/environment/path.sh
[1.834s] -- Up-to-date symlink: /home/choi/angchicken_ros2_ws/install/lidar_pkg/share/lidar_pkg/environment/path.dsv
[1.835s] -- Up-to-date symlink: /home/choi/angchicken_ros2_ws/install/lidar_pkg/share/lidar_pkg/local_setup.bash
[1.836s] -- Up-to-date symlink: /home/choi/angchicken_ros2_ws/install/lidar_pkg/share/lidar_pkg/local_setup.sh
[1.836s] -- Up-to-date symlink: /home/choi/angchicken_ros2_ws/install/lidar_pkg/share/lidar_pkg/local_setup.zsh
[1.837s] -- Up-to-date symlink: /home/choi/angchicken_ros2_ws/install/lidar_pkg/share/lidar_pkg/local_setup.dsv
[1.838s] -- Symlinking: /home/choi/angchicken_ros2_ws/install/lidar_pkg/share/lidar_pkg/package.dsv
[1.850s] -- Up-to-date symlink: /home/choi/angchicken_ros2_ws/install/lidar_pkg/share/ament_index/resource_index/packages/lidar_pkg
[1.851s] -- Up-to-date symlink: /home/choi/angchicken_ros2_ws/install/lidar_pkg/share/lidar_pkg/cmake/lidar_pkgConfig.cmake
[1.852s] -- Up-to-date symlink: /home/choi/angchicken_ros2_ws/install/lidar_pkg/share/lidar_pkg/cmake/lidar_pkgConfig-version.cmake
[1.853s] -- Up-to-date symlink: /home/choi/angchicken_ros2_ws/install/lidar_pkg/share/lidar_pkg/package.xml
[1.864s] Invoked command in '/home/choi/angchicken_ros2_ws/build/lidar_pkg' returned '0': CMAKE_PREFIX_PATH=${CMAKE_PREFIX_PATH}:/home/choi/my_bot_ws/install/two_wheel_demo:/home/choi/my_bot_ws/install/ros2_control_test_nodes:/home/choi/my_bot_ws/install/py_pubsub:/home/choi/my_bot_ws/install/odrive_driver:/home/choi/my_bot_ws/install/joy_tester:/home/choi/my_bot_ws/install/diffbot_control_node:/home/choi/my_bot_ws/install/cv_basics:/opt/ros/foxy /usr/bin/cmake --install /home/choi/angchicken_ros2_ws/build/lidar_pkg
