running develop
running egg_info
writing ../../build/pump_track/pump_track.egg-info/PKG-INFO
writing dependency_links to ../../build/pump_track/pump_track.egg-info/dependency_links.txt
writing entry points to ../../build/pump_track/pump_track.egg-info/entry_points.txt
writing requirements to ../../build/pump_track/pump_track.egg-info/requires.txt
writing top-level names to ../../build/pump_track/pump_track.egg-info/top_level.txt
reading manifest file '../../build/pump_track/pump_track.egg-info/SOURCES.txt'
writing manifest file '../../build/pump_track/pump_track.egg-info/SOURCES.txt'
running build
running build_py
running install
running install_lib
running install_data
running install_egg_info
removing '/home/choi/angchicken_ros2_ws/install/pump_track/lib/python3.8/site-packages/pump_track-0.0.0-py3.8.egg-info' (and everything under it)
Copying ../../build/pump_track/pump_track.egg-info to /home/choi/angchicken_ros2_ws/install/pump_track/lib/python3.8/site-packages/pump_track-0.0.0-py3.8.egg-info
running install_scripts
Installing army_detect script to /home/choi/angchicken_ros2_ws/install/pump_track/lib/pump_track
Installing diffbot_cont script to /home/choi/angchicken_ros2_ws/install/pump_track/lib/pump_track
Installing pump_pub script to /home/choi/angchicken_ros2_ws/install/pump_track/lib/pump_track
Installing usb_cam script to /home/choi/angchicken_ros2_ws/install/pump_track/lib/pump_track
writing list of installed files to '/home/choi/angchicken_ros2_ws/build/pump_track/install.log'
